#
# There is insufficient memory for the Java Runtime Environment to continue.
# Native memory allocation (malloc) failed to allocate 1148336 bytes for Chunk::new
# Possible reasons:
#   The system is out of physical RAM or swap space
#   In 32 bit mode, the process size limit was hit
# Possible solutions:
#   Reduce memory load on the system
#   Increase physical memory or swap space
#   Check if swap backing store is full
#   Use 64 bit Java on a 64 bit OS
#   Decrease Java heap size (-Xmx/-Xms)
#   Decrease number of Java threads
#   Decrease Java thread stack sizes (-Xss)
#   Set larger code cache with -XX:ReservedCodeCacheSize=
# This output file may be truncated or incomplete.
#
#  Out of Memory Error (allocation.cpp:390), pid=7192, tid=0x00000000000020b8
#
# JRE version: Java(TM) SE Runtime Environment (8.0_181-b13) (build 1.8.0_181-b13)
# Java VM: Java HotSpot(TM) 64-Bit Server VM (25.181-b13 mixed mode windows-amd64 compressed oops)
# Failed to write core dump. Minidumps are not enabled by default on client versions of Windows
#

---------------  T H R E A D  ---------------

Current thread (0x0000000015469000):  JavaThread "C2 CompilerThread0" daemon [_thread_in_native, id=8376, stack(0x0000000016ae0000,0x0000000016be0000)]

Stack: [0x0000000016ae0000,0x0000000016be0000]
[error occurred during error reporting (printing stack bounds), id 0xc0000005]

Native frames: (J=compiled Java code, j=interpreted, Vv=VM code, C=native code)


Current CompileTask:
C2:   3364 1546       4       java.io.WinNTFileSystem::normalize (143 bytes)


---------------  P R O C E S S  ---------------

Java Threads: ( => current thread )
  0x00000000187dc000 JavaThread "Image Fetcher 2" daemon [_thread_blocked, id=8008, stack(0x000000001d980000,0x000000001da80000)]
  0x00000000187dd800 JavaThread "Image Fetcher 1" daemon [_thread_blocked, id=6304, stack(0x000000001c540000,0x000000001c640000)]
  0x00000000187de000 JavaThread "Image Fetcher 0" daemon [_thread_blocked, id=10536, stack(0x000000001c440000,0x000000001c540000)]
  0x00000000187d6000 JavaThread "AWT-EventQueue-0" [_thread_blocked, id=7336, stack(0x000000001ab30000,0x000000001ac30000)]
  0x00000000187db000 JavaThread "DestroyJavaVM" [_thread_blocked, id=6924, stack(0x0000000002c60000,0x0000000002d60000)]
  0x00000000187d9000 JavaThread "monitor-Main-Container" [_thread_blocked, id=9144, stack(0x000000001aa30000,0x000000001ab30000)]
  0x00000000187dc800 JavaThread "ReconhecedorVoz" [_thread_in_native, id=6732, stack(0x000000001a930000,0x000000001aa30000)]
  0x00000000187d9800 JavaThread "Semantizador" [_thread_blocked, id=8336, stack(0x000000001a830000,0x000000001a930000)]
  0x0000000017d52000 JavaThread "rma" [_thread_in_native, id=11120, stack(0x000000001a730000,0x000000001a830000)]
  0x0000000017d51000 JavaThread "Gerenciador" [_thread_in_vm, id=2548, stack(0x000000001a630000,0x000000001a730000)]
  0x0000000017d4e800 JavaThread "GeradorLN" [_thread_blocked, id=3392, stack(0x000000001a530000,0x000000001a630000)]
  0x0000000017d4e000 JavaThread "GeradorVoz" [_thread_blocked, id=10084, stack(0x000000001a430000,0x000000001a530000)]
  0x0000000017d4f800 JavaThread "SimuladorCasa" [_thread_blocked, id=10128, stack(0x000000001a330000,0x000000001a430000)]
  0x0000000017d4d000 JavaThread "df" [_thread_blocked, id=3380, stack(0x000000001a230000,0x000000001a330000)]
  0x0000000017d4c800 JavaThread "ams" [_thread_blocked, id=5288, stack(0x000000001a130000,0x000000001a230000)]
  0x0000000017d52800 JavaThread "Thread-11" [_thread_in_native, id=6392, stack(0x000000001a030000,0x000000001a130000)]
  0x0000000017d50800 JavaThread "Deliverer-04" [_thread_blocked, id=9396, stack(0x00000000198f0000,0x00000000199f0000)]
  0x0000000017d53800 JavaThread "Deliverer-03" [_thread_blocked, id=7844, stack(0x00000000197f0000,0x00000000198f0000)]
  0x0000000017e1e000 JavaThread "Deliverer-02" [_thread_blocked, id=10328, stack(0x00000000196f0000,0x00000000197f0000)]
  0x0000000017cbb800 JavaThread "Deliverer-01" [_thread_blocked, id=7656, stack(0x00000000195f0000,0x00000000196f0000)]
  0x0000000017c81800 JavaThread "Deliverer-00" [_thread_blocked, id=1472, stack(0x00000000194f0000,0x00000000195f0000)]
  0x0000000017adf800 JavaThread "AWT-Windows" daemon [_thread_in_native, id=2408, stack(0x0000000018420000,0x0000000018520000)]
  0x0000000017adc800 JavaThread "AWT-Shutdown" [_thread_blocked, id=5452, stack(0x0000000018320000,0x0000000018420000)]
  0x0000000017bc7800 JavaThread "Java2D Disposer" daemon [_thread_blocked, id=5468, stack(0x0000000018220000,0x0000000018320000)]
  0x0000000017908000 JavaThread "Thread-4" [_thread_in_native, id=9852, stack(0x0000000018030000,0x0000000018130000)]
  0x0000000017905000 JavaThread "Thread-3" [_thread_blocked, id=2500, stack(0x0000000017f30000,0x0000000018030000)]
  0x0000000017904800 JavaThread "JICPServer-1099" daemon [_thread_in_native, id=11108, stack(0x0000000017e30000,0x0000000017f30000)]
  0x000000001706f800 JavaThread "JADE Timer dispatcher" [_thread_blocked, id=10804, stack(0x0000000017530000,0x0000000017630000)]
  0x0000000016e14000 JavaThread "Service Thread" daemon [_thread_blocked, id=10260, stack(0x00000000171e0000,0x00000000172e0000)]
  0x0000000015473000 JavaThread "C1 CompilerThread2" daemon [_thread_blocked, id=3240, stack(0x0000000016ce0000,0x0000000016de0000)]
  0x000000001546c000 JavaThread "C2 CompilerThread1" daemon [_thread_in_native, id=10064, stack(0x0000000016be0000,0x0000000016ce0000)]
=>0x0000000015469000 JavaThread "C2 CompilerThread0" daemon [_thread_in_native, id=8376, stack(0x0000000016ae0000,0x0000000016be0000)]
  0x0000000015465800 JavaThread "Attach Listener" daemon [_thread_blocked, id=10628, stack(0x00000000169e0000,0x0000000016ae0000)]
  0x0000000015464000 JavaThread "Signal Dispatcher" daemon [_thread_blocked, id=5304, stack(0x00000000168e0000,0x00000000169e0000)]
  0x0000000015450800 JavaThread "Finalizer" daemon [_thread_blocked, id=7644, stack(0x00000000166d0000,0x00000000167d0000)]
  0x0000000002e95800 JavaThread "Reference Handler" daemon [_thread_blocked, id=1216, stack(0x00000000165d0000,0x00000000166d0000)]

Other Threads:
  0x0000000015428000 VMThread [stack: 0x00000000164d0000,0x00000000165d0000] [id=7244]
  0x0000000016e2f000 WatcherThread [stack: 0x0000000017430000,0x0000000017530000] [id=9428]

VM state:not at safepoint (normal execution)

VM Mutex/Monitor currently owned by a thread: None

Heap:
 PSYoungGen      total 18944K, used 5108K [0x00000000eb500000, 0x00000000eca00000, 0x0000000100000000)
  eden space 16384K, 15% used [0x00000000eb500000,0x00000000eb782d88,0x00000000ec500000)
  from space 2560K, 99% used [0x00000000ec780000,0x00000000ec9fa5b8,0x00000000eca00000)
  to   space 2560K, 0% used [0x00000000ec500000,0x00000000ec500000,0x00000000ec780000)
 ParOldGen       total 31744K, used 6125K [0x00000000c1e00000, 0x00000000c3d00000, 0x00000000eb500000)
  object space 31744K, 19% used [0x00000000c1e00000,0x00000000c23fb6d8,0x00000000c3d00000)
 Metaspace       used 26046K, capacity 26402K, committed 26880K, reserved 1073152K
  class space    used 3392K, capacity 3504K, committed 3584K, reserved 1048576K

Card table byte_map: [0x0000000012260000,0x0000000012460000] byte_map_base: 0x0000000011c51000

Marking Bits: (ParMarkBitMap*) 0x0000000073bc2d00
 Begin Bits: [0x00000000129b0000, 0x0000000013938000)
 End Bits:   [0x0000000013938000, 0x00000000148c0000)

Polling page: 0x00000000010e0000

CodeCache: size=245760Kb used=5694Kb max_used=5705Kb free=240066Kb
 bounds [0x0000000002ea0000, 0x0000000003440000, 0x0000000011ea0000]
 total_blobs=2225 nmethods=1669 adapters=468
 compilation: enabled

Compilation events (10 events):
Event: 3.346 Thread 0x0000000015473000 nmethod 1667 0x000000000342fcd0 code [0x000000000342fe20, 0x000000000342ff90]
Event: 3.350 Thread 0x0000000015473000 1668       3       java.util.regex.Matcher::match (109 bytes)
Event: 3.350 Thread 0x0000000015473000 nmethod 1668 0x0000000003430090 code [0x0000000003430220, 0x0000000003430628]
Event: 3.351 Thread 0x0000000015473000 1669       3       java.util.regex.Matcher::start (65 bytes)
Event: 3.351 Thread 0x000000001546c000 1670       4       java.util.HashMap::put (13 bytes)
Event: 3.351 Thread 0x0000000015473000 nmethod 1669 0x0000000003430790 code [0x00000000034309a0, 0x0000000003431408]
Event: 3.352 Thread 0x0000000015473000 1671       3       org.apache.jena.iri.impl.IRIFactoryImpl$WithScheme::<init> (99 bytes)
Event: 3.352 Thread 0x0000000015473000 nmethod 1671 0x00000000034318d0 code [0x0000000003431a80, 0x00000000034320f0]
Event: 3.353 Thread 0x000000001546c000 nmethod 1670 0x0000000003435350 code [0x00000000034354a0, 0x00000000034355a8]
Event: 3.354 Thread 0x000000001546c000 1672   !   4       sun.misc.URLClassPath$JarLoader::getResource (85 bytes)

GC Heap History (10 events):
Event: 2.260 GC heap before
{Heap before GC invocations=3 (full 0):
 PSYoungGen      total 18944K, used 18918K [0x00000000eb500000, 0x00000000eca00000, 0x0000000100000000)
  eden space 16384K, 100% used [0x00000000eb500000,0x00000000ec500000,0x00000000ec500000)
  from space 2560K, 99% used [0x00000000ec780000,0x00000000ec9f9b90,0x00000000eca00000)
  to   space 2560K, 0% used [0x00000000ec500000,0x00000000ec500000,0x00000000ec780000)
 ParOldGen       total 44032K, used 5541K [0x00000000c1e00000, 0x00000000c4900000, 0x00000000eb500000)
  object space 44032K, 12% used [0x00000000c1e00000,0x00000000c23694d0,0x00000000c4900000)
 Metaspace       used 15738K, capacity 16056K, committed 16256K, reserved 1062912K
  class space    used 2012K, capacity 2107K, committed 2176K, reserved 1048576K
Event: 2.269 GC heap after
Heap after GC invocations=3 (full 0):
 PSYoungGen      total 18944K, used 2550K [0x00000000eb500000, 0x00000000eca00000, 0x0000000100000000)
  eden space 16384K, 0% used [0x00000000eb500000,0x00000000eb500000,0x00000000ec500000)
  from space 2560K, 99% used [0x00000000ec500000,0x00000000ec77db90,0x00000000ec780000)
  to   space 2560K, 0% used [0x00000000ec780000,0x00000000ec780000,0x00000000eca00000)
 ParOldGen       total 44032K, used 8365K [0x00000000c1e00000, 0x00000000c4900000, 0x00000000eb500000)
  object space 44032K, 18% used [0x00000000c1e00000,0x00000000c262b470,0x00000000c4900000)
 Metaspace       used 15738K, capacity 16056K, committed 16256K, reserved 1062912K
  class space    used 2012K, capacity 2107K, committed 2176K, reserved 1048576K
}
Event: 2.521 GC heap before
{Heap before GC invocations=4 (full 0):
 PSYoungGen      total 18944K, used 15097K [0x00000000eb500000, 0x00000000eca00000, 0x0000000100000000)
  eden space 16384K, 76% used [0x00000000eb500000,0x00000000ec1408a8,0x00000000ec500000)
  from space 2560K, 99% used [0x00000000ec500000,0x00000000ec77db90,0x00000000ec780000)
  to   space 2560K, 0% used [0x00000000ec780000,0x00000000ec780000,0x00000000eca00000)
 ParOldGen       total 44032K, used 8365K [0x00000000c1e00000, 0x00000000c4900000, 0x00000000eb500000)
  object space 44032K, 18% used [0x00000000c1e00000,0x00000000c262b470,0x00000000c4900000)
 Metaspace       used 20842K, capacity 21094K, committed 21248K, reserved 1067008K
  class space    used 2685K, capacity 2812K, committed 2816K, reserved 1048576K
Event: 2.532 GC heap after
Heap after GC invocations=4 (full 0):
 PSYoungGen      total 18944K, used 2528K [0x00000000eb500000, 0x00000000eca00000, 0x0000000100000000)
  eden space 16384K, 0% used [0x00000000eb500000,0x00000000eb500000,0x00000000ec500000)
  from space 2560K, 98% used [0x00000000ec780000,0x00000000ec9f8090,0x00000000eca00000)
  to   space 2560K, 0% used [0x00000000ec500000,0x00000000ec500000,0x00000000ec780000)
 ParOldGen       total 44032K, used 9914K [0x00000000c1e00000, 0x00000000c4900000, 0x00000000eb500000)
  object space 44032K, 22% used [0x00000000c1e00000,0x00000000c27ae868,0x00000000c4900000)
 Metaspace       used 20842K, capacity 21094K, committed 21248K, reserved 1067008K
  class space    used 2685K, capacity 2812K, committed 2816K, reserved 1048576K
}
Event: 2.532 GC heap before
{Heap before GC invocations=5 (full 1):
 PSYoungGen      total 18944K, used 2528K [0x00000000eb500000, 0x00000000eca00000, 0x0000000100000000)
  eden space 16384K, 0% used [0x00000000eb500000,0x00000000eb500000,0x00000000ec500000)
  from space 2560K, 98% used [0x00000000ec780000,0x00000000ec9f8090,0x00000000eca00000)
  to   space 2560K, 0% used [0x00000000ec500000,0x00000000ec500000,0x00000000ec780000)
 ParOldGen       total 44032K, used 9914K [0x00000000c1e00000, 0x00000000c4900000, 0x00000000eb500000)
  object space 44032K, 22% used [0x00000000c1e00000,0x00000000c27ae868,0x00000000c4900000)
 Metaspace       used 20842K, capacity 21094K, committed 21248K, reserved 1067008K
  class space    used 2685K, capacity 2812K, committed 2816K, reserved 1048576K
Event: 2.571 GC heap after
Heap after GC invocations=5 (full 1):
 PSYoungGen      total 18944K, used 0K [0x00000000eb500000, 0x00000000eca00000, 0x0000000100000000)
  eden space 16384K, 0% used [0x00000000eb500000,0x00000000eb500000,0x00000000ec500000)
  from space 2560K, 0% used [0x00000000ec780000,0x00000000ec780000,0x00000000eca00000)
  to   space 2560K, 0% used [0x00000000ec500000,0x00000000ec500000,0x00000000ec780000)
 ParOldGen       total 31744K, used 4975K [0x00000000c1e00000, 0x00000000c3d00000, 0x00000000eb500000)
  object space 31744K, 15% used [0x00000000c1e00000,0x00000000c22dbd68,0x00000000c3d00000)
 Metaspace       used 20842K, capacity 21094K, committed 21248K, reserved 1067008K
  class space    used 2685K, capacity 2812K, committed 2816K, reserved 1048576K
}
Event: 2.940 GC heap before
{Heap before GC invocations=6 (full 1):
 PSYoungGen      total 18944K, used 16384K [0x00000000eb500000, 0x00000000eca00000, 0x0000000100000000)
  eden space 16384K, 100% used [0x00000000eb500000,0x00000000ec500000,0x00000000ec500000)
  from space 2560K, 0% used [0x00000000ec780000,0x00000000ec780000,0x00000000eca00000)
  to   space 2560K, 0% used [0x00000000ec500000,0x00000000ec500000,0x00000000ec780000)
 ParOldGen       total 31744K, used 4975K [0x00000000c1e00000, 0x00000000c3d00000, 0x00000000eb500000)
  object space 31744K, 15% used [0x00000000c1e00000,0x00000000c22dbd68,0x00000000c3d00000)
 Metaspace       used 24166K, capacity 24522K, committed 24832K, reserved 1071104K
  class space    used 3181K, capacity 3308K, committed 3328K, reserved 1048576K
Event: 2.945 GC heap after
Heap after GC invocations=6 (full 1):
 PSYoungGen      total 18944K, used 2123K [0x00000000eb500000, 0x00000000eca00000, 0x0000000100000000)
  eden space 16384K, 0% used [0x00000000eb500000,0x00000000eb500000,0x00000000ec500000)
  from space 2560K, 82% used [0x00000000ec500000,0x00000000ec712c78,0x00000000ec780000)
  to   space 2560K, 0% used [0x00000000ec780000,0x00000000ec780000,0x00000000eca00000)
 ParOldGen       total 31744K, used 4983K [0x00000000c1e00000, 0x00000000c3d00000, 0x00000000eb500000)
  object space 31744K, 15% used [0x00000000c1e00000,0x00000000c22ddd68,0x00000000c3d00000)
 Metaspace       used 24166K, capacity 24522K, committed 24832K, reserved 1071104K
  class space    used 3181K, capacity 3308K, committed 3328K, reserved 1048576K
}
Event: 3.267 GC heap before
{Heap before GC invocations=7 (full 1):
 PSYoungGen      total 18944K, used 18507K [0x00000000eb500000, 0x00000000eca00000, 0x0000000100000000)
  eden space 16384K, 100% used [0x00000000eb500000,0x00000000ec500000,0x00000000ec500000)
  from space 2560K, 82% used [0x00000000ec500000,0x00000000ec712c78,0x00000000ec780000)
  to   space 2560K, 0% used [0x00000000ec780000,0x00000000ec780000,0x00000000eca00000)
 ParOldGen       total 31744K, used 4983K [0x00000000c1e00000, 0x00000000c3d00000, 0x00000000eb500000)
  object space 31744K, 15% used [0x00000000c1e00000,0x00000000c22ddd68,0x00000000c3d00000)
 Metaspace       used 25878K, capacity 26274K, committed 26624K, reserved 1073152K
  class space    used 3371K, capacity 3504K, committed 3584K, reserved 1048576K
Event: 3.286 GC heap after
Heap after GC invocations=7 (full 1):
 PSYoungGen      total 18944K, used 2537K [0x00000000eb500000, 0x00000000eca00000, 0x0000000100000000)
  eden space 16384K, 0% used [0x00000000eb500000,0x00000000eb500000,0x00000000ec500000)
  from space 2560K, 99% used [0x00000000ec780000,0x00000000ec9fa5b8,0x00000000eca00000)
  to   space 2560K, 0% used [0x00000000ec500000,0x00000000ec500000,0x00000000ec780000)
 ParOldGen       total 31744K, used 6125K [0x00000000c1e00000, 0x00000000c3d00000, 0x00000000eb500000)
  object space 31744K, 19% used [0x00000000c1e00000,0x00000000c23fb6d8,0x00000000c3d00000)
 Metaspace       used 25878K, capacity 26274K, committed 26624K, reserved 1073152K
  class space    used 3371K, capacity 3504K, committed 3584K, reserved 1048576K
}

Deoptimization events (10 events):
Event: 2.482 Thread 0x0000000017d52000 Uncommon trap: reason=class_check action=maybe_recompile pc=0x00000000030e3560 method=java.lang.String.equals(Ljava/lang/Object;)Z @ 8
Event: 2.482 Thread 0x0000000017d52000 Uncommon trap: reason=class_check action=maybe_recompile pc=0x00000000030e3560 method=java.lang.String.equals(Ljava/lang/Object;)Z @ 8
Event: 2.483 Thread 0x0000000017d52000 Uncommon trap: reason=class_check action=maybe_recompile pc=0x00000000030e3560 method=java.lang.String.equals(Ljava/lang/Object;)Z @ 8
Event: 2.588 Thread 0x00000000187dc800 Uncommon trap: reason=class_check action=maybe_recompile pc=0x00000000031b43bc method=java.util.HashSet.add(Ljava/lang/Object;)Z @ 8
Event: 2.593 Thread 0x00000000187dc800 Uncommon trap: reason=class_check action=maybe_recompile pc=0x00000000031b43bc method=java.util.HashSet.add(Ljava/lang/Object;)Z @ 8
Event: 2.600 Thread 0x00000000187dc800 Uncommon trap: reason=class_check action=maybe_recompile pc=0x00000000031b43bc method=java.util.HashSet.add(Ljava/lang/Object;)Z @ 8
Event: 2.712 Thread 0x00000000187dc800 Uncommon trap: reason=unstable_if action=reinterpret pc=0x00000000032db650 method=java.io.ByteArrayInputStream.read()I @ 8
Event: 2.713 Thread 0x00000000187dc800 Uncommon trap: reason=unstable_if action=reinterpret pc=0x00000000032a145c method=java.util.regex.Pattern$BmpCharProperty.match(Ljava/util/regex/Matcher;ILjava/lang/CharSequence;)Z @ 5
Event: 3.026 Thread 0x00000000187dc800 Uncommon trap: reason=unstable_if action=reinterpret pc=0x000000000335e2ec method=java.io.WinNTFileSystem.normalize(Ljava/lang/String;)Ljava/lang/String; @ 128
Event: 3.333 Thread 0x0000000017d51000 Uncommon trap: reason=unstable_if action=reinterpret pc=0x0000000003396fa8 method=java.util.regex.Pattern$BmpCharProperty.match(Ljava/util/regex/Matcher;ILjava/lang/CharSequence;)Z @ 34

Classes redefined (0 events):
No events

Internal exceptions (10 events):
Event: 1.404 Thread 0x0000000002da6800 Exception <a 'java/io/FileNotFoundException'> (0x00000000ebfcb698) thrown at [C:\re\workspace\8-2-build-windows-amd64-cygwin\jdk8u181\11358\hotspot\src\share\vm\prims\jni.cpp, line 709]
Event: 1.460 Thread 0x0000000002da6800 Exception <a 'java/lang/NoSuchFieldError': method resolution failed> (0x00000000ec09d670) thrown at [C:\re\workspace\8-2-build-windows-amd64-cygwin\jdk8u181\11358\hotspot\src\share\vm\prims\methodHandles.cpp, line 1167]
Event: 1.463 Thread 0x0000000002da6800 Exception <a 'java/lang/NoSuchFieldError': method resolution failed> (0x00000000ec0aab48) thrown at [C:\re\workspace\8-2-build-windows-amd64-cygwin\jdk8u181\11358\hotspot\src\share\vm\prims\methodHandles.cpp, line 1167]
Event: 1.520 Thread 0x0000000002da6800 Exception <a 'java/io/FileNotFoundException'> (0x00000000ec1566b0) thrown at [C:\re\workspace\8-2-build-windows-amd64-cygwin\jdk8u181\11358\hotspot\src\share\vm\prims\jni.cpp, line 709]
Event: 1.713 Thread 0x0000000002da6800 Exception <a 'java/net/UnknownHostException': LAPTOP-RC91CCDL.poli.usp.br> (0x00000000eb5ea718) thrown at [C:\re\workspace\8-2-build-windows-amd64-cygwin\jdk8u181\11358\hotspot\src\share\vm\prims\jni.cpp, line 735]
Event: 1.888 Thread 0x0000000017d4c800 Exception <a 'java/lang/NullPointerException'> (0x00000000ebaab3d0) thrown at [C:\re\workspace\8-2-build-windows-amd64-cygwin\jdk8u181\11358\hotspot\src\share\vm\interpreter\linkResolver.cpp, line 1185]
Event: 2.057 Thread 0x0000000017d52000 Implicit null exception at 0x00000000030b6514 to 0x00000000030b68bd
Event: 2.078 Thread 0x0000000017d52000 Implicit null exception at 0x0000000003094f96 to 0x0000000003095329
Event: 2.084 Thread 0x00000000187dc800 Exception <a 'java/io/FileNotFoundException'> (0x00000000eb669488) thrown at [C:\re\workspace\8-2-build-windows-amd64-cygwin\jdk8u181\11358\hotspot\src\share\vm\prims\jni.cpp, line 709]
Event: 2.095 Thread 0x0000000017d52000 Implicit null exception at 0x00000000031b0d1b to 0x00000000031b0e09

Events (10 events):
Event: 3.354 loading class org/apache/jena/base/Sys
Event: 3.354 loading class org/apache/jena/base/Sys done
Event: 3.355 loading class org/apache/jena/atlas/lib/StrUtils
Event: 3.355 loading class org/apache/jena/atlas/lib/StrUtils done
Event: 3.356 loading class org/apache/jena/atlas/lib/Chars
Event: 3.356 loading class org/apache/jena/atlas/lib/Chars done
Event: 3.357 loading class org/apache/jena/atlas/lib/Chars$1
Event: 3.357 loading class org/apache/jena/atlas/lib/Chars$1 done
Event: 3.358 loading class org/apache/jena/atlas/lib/Chars$2
Event: 3.358 loading class org/apache/jena/atlas/lib/Chars$2 done


Dynamic libraries:
0x00007ff66e0e0000 - 0x00007ff66e117000 	C:\Program Files\Java\jdk1.8.0_181\bin\java.exe
0x00007ffc99d10000 - 0x00007ffc99ef1000 	C:\WINDOWS\SYSTEM32\ntdll.dll
0x00007ffc7b590000 - 0x00007ffc7b5a4000 	C:\Program Files\AVAST Software\Avast\x64\aswhooka.dll
0x00007ffc97b00000 - 0x00007ffc97bb2000 	C:\WINDOWS\System32\KERNEL32.DLL
0x00007ffc96130000 - 0x00007ffc963a3000 	C:\WINDOWS\System32\KERNELBASE.dll
0x00007ffc97650000 - 0x00007ffc976f1000 	C:\WINDOWS\System32\ADVAPI32.dll
0x00007ffc98310000 - 0x00007ffc983ae000 	C:\WINDOWS\System32\msvcrt.dll
0x00007ffc971a0000 - 0x00007ffc971fb000 	C:\WINDOWS\System32\sechost.dll
0x00007ffc97700000 - 0x00007ffc97824000 	C:\WINDOWS\System32\RPCRT4.dll
0x00007ffc99880000 - 0x00007ffc99a10000 	C:\WINDOWS\System32\USER32.dll
0x00007ffc964b0000 - 0x00007ffc964d0000 	C:\WINDOWS\System32\win32u.dll
0x00007ffc98070000 - 0x00007ffc98098000 	C:\WINDOWS\System32\GDI32.dll
0x00007ffc96f00000 - 0x00007ffc97092000 	C:\WINDOWS\System32\gdi32full.dll
0x00007ffc97100000 - 0x00007ffc9719f000 	C:\WINDOWS\System32\msvcp_win.dll
0x00007ffc963b0000 - 0x00007ffc964aa000 	C:\WINDOWS\System32\ucrtbase.dll
0x00007ffc7db60000 - 0x00007ffc7ddc9000 	C:\WINDOWS\WinSxS\amd64_microsoft.windows.common-controls_6595b64144ccf1df_6.0.17134.345_none_fb429a5930656358\COMCTL32.dll
0x00007ffc97d40000 - 0x00007ffc98063000 	C:\WINDOWS\System32\combase.dll
0x00007ffc96770000 - 0x00007ffc967ea000 	C:\WINDOWS\System32\bcryptPrimitives.dll
0x00007ffc98410000 - 0x00007ffc9843d000 	C:\WINDOWS\System32\IMM32.DLL
0x00000000741b0000 - 0x0000000074282000 	C:\Program Files\Java\jdk1.8.0_181\jre\bin\msvcr100.dll
0x00000000733a0000 - 0x0000000073c42000 	C:\Program Files\Java\jdk1.8.0_181\jre\bin\server\jvm.dll
0x00007ffc99b00000 - 0x00007ffc99b08000 	C:\WINDOWS\System32\PSAPI.DLL
0x00007ffc82760000 - 0x00007ffc82769000 	C:\WINDOWS\SYSTEM32\WSOCK32.dll
0x00007ffc99c70000 - 0x00007ffc99cdc000 	C:\WINDOWS\System32\WS2_32.dll
0x00007ffc93ea0000 - 0x00007ffc93ec3000 	C:\WINDOWS\SYSTEM32\WINMM.dll
0x00007ffc82af0000 - 0x00007ffc82afa000 	C:\WINDOWS\SYSTEM32\VERSION.dll
0x00007ffc93e40000 - 0x00007ffc93e6a000 	C:\WINDOWS\SYSTEM32\WINMMBASE.dll
0x00007ffc960e0000 - 0x00007ffc96129000 	C:\WINDOWS\System32\cfgmgr32.dll
0x0000000074160000 - 0x000000007416f000 	C:\Program Files\Java\jdk1.8.0_181\jre\bin\verify.dll
0x0000000074130000 - 0x0000000074159000 	C:\Program Files\Java\jdk1.8.0_181\jre\bin\java.dll
0x0000000074110000 - 0x0000000074126000 	C:\Program Files\Java\jdk1.8.0_181\jre\bin\zip.dll
0x00007ffc98440000 - 0x00007ffc9987f000 	C:\WINDOWS\System32\SHELL32.dll
0x00007ffc97bc0000 - 0x00007ffc97c69000 	C:\WINDOWS\System32\shcore.dll
0x00007ffc967f0000 - 0x00007ffc96efd000 	C:\WINDOWS\System32\windows.storage.dll
0x00007ffc982b0000 - 0x00007ffc98301000 	C:\WINDOWS\System32\shlwapi.dll
0x00007ffc960a0000 - 0x00007ffc960b1000 	C:\WINDOWS\System32\kernel.appcore.dll
0x00007ffc960c0000 - 0x00007ffc960df000 	C:\WINDOWS\System32\profapi.dll
0x00007ffc96050000 - 0x00007ffc9609c000 	C:\WINDOWS\System32\powrprof.dll
0x00007ffc96020000 - 0x00007ffc9602a000 	C:\WINDOWS\System32\FLTLIB.DLL
0x00000000740f0000 - 0x000000007410a000 	C:\Program Files\Java\jdk1.8.0_181\jre\bin\net.dll
0x00007ffc958a0000 - 0x00007ffc95906000 	C:\WINDOWS\system32\mswsock.dll
0x00007ffc95620000 - 0x00007ffc95658000 	C:\WINDOWS\SYSTEM32\IPHLPAPI.DLL
0x00007ffc98240000 - 0x00007ffc98248000 	C:\WINDOWS\System32\NSI.dll
0x00007ffc8bda0000 - 0x00007ffc8bdb6000 	C:\WINDOWS\SYSTEM32\dhcpcsvc6.DLL
0x00007ffc8c300000 - 0x00007ffc8c31a000 	C:\WINDOWS\SYSTEM32\dhcpcsvc.DLL
0x0000000073200000 - 0x0000000073399000 	C:\Program Files\Java\jdk1.8.0_181\jre\bin\awt.dll
0x00007ffc97c70000 - 0x00007ffc97d32000 	C:\WINDOWS\System32\OLEAUT32.dll
0x00007ffc93f90000 - 0x00007ffc9401b000 	C:\WINDOWS\SYSTEM32\apphelp.dll
0x00007ffc94450000 - 0x00007ffc94479000 	C:\WINDOWS\system32\DWMAPI.DLL
0x00007ffc94140000 - 0x00007ffc941d8000 	C:\WINDOWS\system32\uxtheme.dll
0x00007ffc711f0000 - 0x00007ffc71310000 	C:\WINDOWS\system32\opengl32.dll
0x00007ffc88e70000 - 0x00007ffc88e9c000 	C:\WINDOWS\SYSTEM32\GLU32.dll
0x00007ffc97980000 - 0x00007ffc97af4000 	C:\WINDOWS\System32\MSCTF.dll
0x00007ffc99b10000 - 0x00007ffc99c61000 	C:\WINDOWS\System32\ole32.dll
0x00007ffc669f0000 - 0x00007ffc66a06000 	C:\WINDOWS\system32\napinsp.dll
0x00007ffc669d0000 - 0x00007ffc669ea000 	C:\WINDOWS\system32\pnrpnsp.dll
0x00007ffc92520000 - 0x00007ffc92539000 	C:\WINDOWS\system32\NLAapi.dll
0x00007ffc95670000 - 0x00007ffc9572e000 	C:\WINDOWS\SYSTEM32\DNSAPI.dll
0x00007ffc7ab80000 - 0x00007ffc7ab8e000 	C:\WINDOWS\System32\winrnr.dll
0x00007ffc8c540000 - 0x00007ffc8c555000 	C:\WINDOWS\System32\wshbth.dll
0x00007ffc86370000 - 0x00007ffc8637a000 	C:\Windows\System32\rasadhlp.dll
0x00007ffc86cd0000 - 0x00007ffc86d42000 	C:\WINDOWS\System32\fwpuclnt.dll
0x00007ffc95b80000 - 0x00007ffc95ba5000 	C:\WINDOWS\SYSTEM32\bcrypt.dll
0x0000000074080000 - 0x00000000740c7000 	C:\Program Files\Java\jdk1.8.0_181\jre\bin\fontmanager.dll
0x00007ffc97830000 - 0x00007ffc978d0000 	C:\WINDOWS\System32\clbcatq.dll
0x00007ffc91c60000 - 0x00007ffc91e0e000 	C:\WINDOWS\SYSTEM32\WindowsCodecs.dll
0x00007ffc77710000 - 0x00007ffc77768000 	C:\WINDOWS\system32\dataexchange.dll
0x00007ffc92d00000 - 0x00007ffc9300b000 	C:\WINDOWS\system32\d3d11.dll
0x00007ffc93630000 - 0x00007ffc937cc000 	C:\WINDOWS\system32\dcomp.dll
0x00007ffc94de0000 - 0x00007ffc94e9b000 	C:\WINDOWS\system32\dxgi.dll
0x00007ffc94480000 - 0x00007ffc94638000 	C:\WINDOWS\system32\twinapi.appcore.dll
0x00007ffc943a0000 - 0x00007ffc943c1000 	C:\WINDOWS\system32\RMCLIENT.dll
0x00000000731d0000 - 0x00000000731f4000 	C:\Program Files\Java\jdk1.8.0_181\jre\bin\sunec.dll
0x00000000740d0000 - 0x00000000740e1000 	C:\Program Files\Java\jdk1.8.0_181\jre\bin\nio.dll
0x0000000074030000 - 0x0000000074072000 	C:\Program Files\Java\jdk1.8.0_181\jre\bin\t2k.dll
0x00007ffc95a50000 - 0x00007ffc95a67000 	C:\WINDOWS\SYSTEM32\CRYPTSP.dll
0x00007ffc95480000 - 0x00007ffc954b3000 	C:\WINDOWS\system32\rsaenh.dll
0x00007ffc95f20000 - 0x00007ffc95f48000 	C:\WINDOWS\SYSTEM32\USERENV.dll
0x00007ffc95a70000 - 0x00007ffc95a7b000 	C:\WINDOWS\SYSTEM32\CRYPTBASE.dll

VM Arguments:
java_command: jade.Boot -gui -agents GeradorVoz:Agentes.GeradorVoz;GeradorLN:Agentes.GeradorLN;Gerenciador:Agentes.Gerenciador;Semantizador:Agentes.Semantizador;ReconhecedorVoz:Agentes.ReconhecedorVoz;SimuladorCasa:Agentes.SimuladorCasa;
java_class_path (initial): C:\Users\Lidera Consultoria\Documents\NetBeansProjects\TCC\target\classes;C:\Users\Lidera Consultoria\.m2\repository\org\cogroo\lang\pt_br\cogroo-gc-pt_br\4.2.0\cogroo-gc-pt_br-4.2.0.jar;C:\Users\Lidera Consultoria\.m2\repository\org\cogroo\cogroo-gc\4.2.0\cogroo-gc-4.2.0.jar;C:\Users\Lidera Consultoria\.m2\repository\org\cogroo\lang\pt_br\cogroo-ann-pt_br\4.2.0\cogroo-ann-pt_br-4.2.0.jar;C:\Users\Lidera Consultoria\.m2\repository\org\cogroo\cogroo-ann\4.2.0\cogroo-ann-4.2.0.jar;C:\Users\Lidera Consultoria\.m2\repository\org\cogroo\cogroo-nlp\4.2.0\cogroo-nlp-4.2.0.jar;C:\Users\Lidera Consultoria\.m2\repository\org\apache\opennlp\opennlp-tools\1.7.2\opennlp-tools-1.7.2.jar;C:\Users\Lidera Consultoria\.m2\repository\javax\xml\bind\jaxb-api\2.2.5\jaxb-api-2.2.5.jar;C:\Users\Lidera Consultoria\.m2\repository\org\carrot2\morfologik-fsa\1.5.3\morfologik-fsa-1.5.3.jar;C:\Users\Lidera Consultoria\.m2\repository\com\carrotsearch\hppc\0.4.1\hppc-0.4.1.jar;C:\Users\Lidera Consultoria\.m2\repository\org\carrot2\morfologik-stemming\1.5.2\morfologik-stemming-1.5.2.jar;C:\Users\Lidera Consultoria\.m2\repository\org\carrot2\morfologik-tools\1.5.2\morfologik-tools-1.5.2.jar;C:\Users\Lidera Consultoria\.m2\repository\org\carrot2\morfologik-polish\1.5.2\morfologik-polish-1.5.2.jar;C:\Users\Lidera Consultoria\.m2\repository\commons-lang\commons-lang\2.6\commons-lang-2.6.jar;C:\Users\Lidera Consultoria\.m2\repository\log4j\log4j\1.2.17\log4j-1.2.17.jar;C:\Users\Lidera Consultoria\.m2\repository\org\cogroo\lang\pt_br\cogroo-res-pt_br\4.2.0\cogroo-res-pt_br-4.2.0.jar;C:\Users\Lidera Consultoria\.m2\repository\Ab\com.google\0.0.4.3\com.google-0.0.4.3.jar;C:\Users\Lidera Consultoria\.m2\repository\com\tilab\jade\jade\4.5.0\jade-4.5.0.jar;C:\Users\Lidera Consultoria\.m2\repository\commons-codec\commons-codec\1.3\commons-codec-1.3.jar;C:\Users\Lidera Consultoria\.m2\repository\net\sourceforge\owlapi\owlapi-api\5.1.7\owlapi-api-5.1.7.jar;C:\Users\Lidera Consultori
Launcher Type: SUN_STANDARD

Environment Variables:
JAVA_HOME=C:\Program Files\Java\jdk1.8.0_181
PATH=C:\SIMULIA\Commands;C:\Program Files (x86)\Intel\Intel(R) Management Engine Components\iCLS\;C:\Program Files\Intel\Intel(R) Management Engine Components\iCLS\;C:\Program Files (x86)\Common Files\Oracle\Java\javapath;C:\Program Files\Microsoft MPI\Bin\;C:\ProgramData\Oracle\Java\javapath;C:\WINDOWS\system32;C:\WINDOWS;C:\WINDOWS\System32\Wbem;C:\WINDOWS\System32\WindowsPowerShell\v1.0\;C:\Program Files\dotnet\;C:\Program Files\Microsoft SQL Server\130\Tools\Binn\;C:\WINDOWS\System32\OpenSSH\;C:\Program Files (x86)\Intel\Intel(R) Management Engine Components\DAL;C:\Program Files\Intel\Intel(R) Management Engine Components\DAL;C:\Program Files (x86)\Intel\Intel(R) Management Engine Components\IPT;C:\Program Files\Intel\Intel(R) Management Engine Components\IPT;C:\Program Files\Intel\WiFi\bin\;C:\Program Files\Common Files\Intel\WirelessCommon\;C:\Users\Lidera Consultoria\AppData\Local\Microsoft\WindowsApps;;C:\Program Files\Microsoft VS Code\bin;C:\Program Files\Intel\WiFi\bin\;C:\Program Files\Common Files\Intel\WirelessCommon\
USERNAME=Lidera Consultoria
OS=Windows_NT
PROCESSOR_IDENTIFIER=Intel64 Family 6 Model 78 Stepping 3, GenuineIntel



---------------  S Y S T E M  ---------------

OS: Windows 10.0 , 64 bit Build 17134 (10.0.17134.1)

CPU:total 4 (initial active 4) (2 cores per cpu, 2 threads per core) family 6 model 78 stepping 3, cmov, cx8, fxsr, mmx, sse, sse2, sse3, ssse3, sse4.1, sse4.2, popcnt, avx, avx2, aes, clmul, erms, 3dnowpref, lzcnt, ht, tsc, tscinvbit, bmi1, bmi2, adx

Memory: 4k page, physical 4066020k(317580k free), swap 4066020k(4372k free)

vm_info: Java HotSpot(TM) 64-Bit Server VM (25.181-b13) for windows-amd64 JRE (1.8.0_181-b13), built on Jul  7 2018 04:01:33 by "java_re" with MS VC++ 10.0 (VS2010)

time: Thu Oct 25 18:34:21 2018
elapsed time: 3 seconds (0d 0h 0m 3s)

