#
# There is insufficient memory for the Java Runtime Environment to continue.
# Native memory allocation (malloc) failed to allocate 630736 bytes for Chunk::new
# Possible reasons:
#   The system is out of physical RAM or swap space
#   In 32 bit mode, the process size limit was hit
# Possible solutions:
#   Reduce memory load on the system
#   Increase physical memory or swap space
#   Check if swap backing store is full
#   Use 64 bit Java on a 64 bit OS
#   Decrease Java heap size (-Xmx/-Xms)
#   Decrease number of Java threads
#   Decrease Java thread stack sizes (-Xss)
#   Set larger code cache with -XX:ReservedCodeCacheSize=
# This output file may be truncated or incomplete.
#
#  Out of Memory Error (allocation.cpp:390), pid=7560, tid=0x00000000000024a8
#
# JRE version: Java(TM) SE Runtime Environment (8.0_181-b13) (build 1.8.0_181-b13)
# Java VM: Java HotSpot(TM) 64-Bit Server VM (25.181-b13 mixed mode windows-amd64 compressed oops)
# Failed to write core dump. Minidumps are not enabled by default on client versions of Windows
#

---------------  T H R E A D  ---------------

Current thread (0x00000000151dc800):  JavaThread "C2 CompilerThread1" daemon [_thread_in_native, id=9384, stack(0x0000000016940000,0x0000000016a40000)]

Stack: [0x0000000016940000,0x0000000016a40000]
[error occurred during error reporting (printing stack bounds), id 0xc0000005]

Native frames: (J=compiled Java code, j=interpreted, Vv=VM code, C=native code)


Current CompileTask:
C2:  10608 3052       4       com.sun.org.apache.xerces.internal.impl.XMLEntityScanner::scanQName (502 bytes)


---------------  P R O C E S S  ---------------

Java Threads: ( => current thread )
  0x0000000018d0b000 JavaThread "pool-2-thread-10" [_thread_in_native_trans, id=10560, stack(0x000000001f680000,0x000000001f780000)]
  0x0000000018d0a800 JavaThread "pool-2-thread-9" [_thread_in_native, id=2192, stack(0x000000001f580000,0x000000001f680000)]
  0x0000000018d0c000 JavaThread "pool-2-thread-8" [_thread_blocked, id=1908, stack(0x000000001f480000,0x000000001f580000)]
  0x0000000018d06800 JavaThread "pool-2-thread-7" [_thread_blocked, id=6172, stack(0x000000001f380000,0x000000001f480000)]
  0x0000000018d0d800 JavaThread "pool-2-thread-6" [_thread_in_Java, id=348, stack(0x000000001f280000,0x000000001f380000)]
  0x0000000018d07000 JavaThread "pool-2-thread-5" [_thread_blocked, id=4076, stack(0x000000001f180000,0x000000001f280000)]
  0x0000000017a48800 JavaThread "pool-2-thread-4" [_thread_blocked, id=2456, stack(0x000000001f080000,0x000000001f180000)]
  0x0000000017a49000 JavaThread "pool-2-thread-3" [_thread_blocked, id=10984, stack(0x000000001ef80000,0x000000001f080000)]
  0x0000000017a47800 JavaThread "pool-2-thread-2" [_thread_blocked, id=9364, stack(0x000000001ee80000,0x000000001ef80000)]
  0x0000000017a44800 JavaThread "pool-2-thread-1" [_thread_blocked, id=4752, stack(0x000000001ed80000,0x000000001ee80000)]
  0x0000000017a46000 JavaThread "Okio Watchdog" daemon [_thread_blocked, id=7096, stack(0x000000001ea80000,0x000000001eb80000)]
  0x0000000017a45800 JavaThread "OkHttp ConnectionPool" daemon [_thread_blocked, id=3400, stack(0x000000001e980000,0x000000001ea80000)]
  0x0000000017a44000 JavaThread "OkHttp Dispatcher" [_thread_blocked, id=5060, stack(0x000000001e780000,0x000000001e880000)]
  0x0000000017a47000 JavaThread "Java Sound Event Dispatcher" daemon [_thread_blocked, id=3040, stack(0x000000001e380000,0x000000001e480000)]
  0x0000000017a43000 JavaThread "AWT-EventQueue-0" [_thread_blocked, id=1240, stack(0x000000001a980000,0x000000001aa80000)]
  0x0000000017a3b800 JavaThread "DestroyJavaVM" [_thread_blocked, id=2536, stack(0x00000000029e0000,0x0000000002ae0000)]
  0x0000000017a42800 JavaThread "monitor-Main-Container" [_thread_blocked, id=6880, stack(0x000000001a880000,0x000000001a980000)]
  0x0000000017a3f800 JavaThread "ReconhecedorVoz" [_thread_blocked, id=3536, stack(0x000000001a670000,0x000000001a770000)]
  0x0000000017a41000 JavaThread "Semantizador" [_thread_blocked, id=9412, stack(0x000000001a570000,0x000000001a670000)]
  0x0000000017a41800 JavaThread "rma" [_thread_blocked, id=1460, stack(0x000000001a470000,0x000000001a570000)]
  0x0000000017a3b000 JavaThread "Gerenciador" [_thread_in_vm, id=10704, stack(0x000000001a370000,0x000000001a470000)]
  0x0000000017a3e800 JavaThread "GeradorLN" [_thread_blocked, id=6048, stack(0x000000001a270000,0x000000001a370000)]
  0x0000000017a3a000 JavaThread "GeradorVoz" [_thread_blocked, id=584, stack(0x000000001a170000,0x000000001a270000)]
  0x0000000017a3d000 JavaThread "SimuladorCasa" [_thread_blocked, id=4412, stack(0x000000001a070000,0x000000001a170000)]
  0x0000000017a40000 JavaThread "df" [_thread_blocked, id=7916, stack(0x0000000019f70000,0x000000001a070000)]
  0x0000000017a3e000 JavaThread "ams" [_thread_blocked, id=3808, stack(0x0000000019e70000,0x0000000019f70000)]
  0x00000000178f5000 JavaThread "Thread-11" [_thread_in_native, id=5372, stack(0x0000000019d70000,0x0000000019e70000)]
  0x00000000178f4000 JavaThread "Deliverer-04" [_thread_blocked, id=3908, stack(0x0000000019630000,0x0000000019730000)]
  0x00000000178f3800 JavaThread "Deliverer-03" [_thread_blocked, id=11220, stack(0x0000000019530000,0x0000000019630000)]
  0x00000000178fa000 JavaThread "Deliverer-02" [_thread_blocked, id=1452, stack(0x0000000019430000,0x0000000019530000)]
  0x00000000178f9800 JavaThread "Deliverer-01" [_thread_blocked, id=8800, stack(0x0000000019330000,0x0000000019430000)]
  0x00000000178f8800 JavaThread "Deliverer-00" [_thread_blocked, id=6256, stack(0x0000000019230000,0x0000000019330000)]
  0x00000000178f7000 JavaThread "AWT-Windows" daemon [_thread_in_native, id=7972, stack(0x0000000018090000,0x0000000018190000)]
  0x00000000178f6800 JavaThread "AWT-Shutdown" [_thread_blocked, id=10424, stack(0x0000000017f90000,0x0000000018090000)]
  0x00000000178f5800 JavaThread "Java2D Disposer" daemon [_thread_blocked, id=6788, stack(0x0000000017e90000,0x0000000017f90000)]
  0x0000000017663000 JavaThread "Thread-4" [_thread_in_native, id=7928, stack(0x0000000017d90000,0x0000000017e90000)]
  0x0000000017604000 JavaThread "Thread-3" [_thread_blocked, id=6656, stack(0x0000000017c90000,0x0000000017d90000)]
  0x0000000017603800 JavaThread "JICPServer-1099" daemon [_thread_in_native, id=8220, stack(0x0000000017b90000,0x0000000017c90000)]
  0x0000000016ea6800 JavaThread "JADE Timer dispatcher" [_thread_blocked, id=4996, stack(0x0000000017290000,0x0000000017390000)]
  0x000000001522d800 JavaThread "Service Thread" daemon [_thread_blocked, id=3804, stack(0x0000000016f40000,0x0000000017040000)]
  0x00000000151e4000 JavaThread "C1 CompilerThread2" daemon [_thread_blocked, id=10740, stack(0x0000000016a40000,0x0000000016b40000)]
=>0x00000000151dc800 JavaThread "C2 CompilerThread1" daemon [_thread_in_native, id=9384, stack(0x0000000016940000,0x0000000016a40000)]
  0x00000000151d9000 JavaThread "C2 CompilerThread0" daemon [_thread_in_native, id=4716, stack(0x0000000016840000,0x0000000016940000)]
  0x00000000151d5800 JavaThread "Attach Listener" daemon [_thread_blocked, id=9524, stack(0x0000000016740000,0x0000000016840000)]
  0x00000000151d4800 JavaThread "Signal Dispatcher" daemon [_thread_blocked, id=1552, stack(0x0000000016640000,0x0000000016740000)]
  0x0000000002c0b000 JavaThread "Finalizer" daemon [_thread_blocked, id=6664, stack(0x0000000016430000,0x0000000016530000)]
  0x0000000002c08000 JavaThread "Reference Handler" daemon [_thread_blocked, id=6784, stack(0x0000000016330000,0x0000000016430000)]

Other Threads:
  0x0000000015198000 VMThread [stack: 0x0000000016230000,0x0000000016330000] [id=2792]
  0x0000000016ba9800 WatcherThread [stack: 0x0000000017190000,0x0000000017290000] [id=6252]

VM state:not at safepoint (normal execution)

VM Mutex/Monitor currently owned by a thread: None

Heap:
 PSYoungGen      total 110080K, used 49648K [0x00000000eb500000, 0x00000000f3400000, 0x0000000100000000)
  eden space 98816K, 50% used [0x00000000eb500000,0x00000000ee57c038,0x00000000f1580000)
  from space 11264K, 0% used [0x00000000f1580000,0x00000000f1580000,0x00000000f2080000)
  to   space 10240K, 0% used [0x00000000f2080000,0x00000000f2080000,0x00000000f2a80000)
 ParOldGen       total 29696K, used 12509K [0x00000000c1e00000, 0x00000000c3b00000, 0x00000000eb500000)
  object space 29696K, 42% used [0x00000000c1e00000,0x00000000c2a375d8,0x00000000c3b00000)
 Metaspace       used 36790K, capacity 37260K, committed 37592K, reserved 1081344K
  class space    used 4853K, capacity 5003K, committed 5120K, reserved 1048576K

Card table byte_map: [0x0000000011fd0000,0x00000000121d0000] byte_map_base: 0x00000000119c1000

Marking Bits: (ParMarkBitMap*) 0x0000000073bc2d00
 Begin Bits: [0x0000000012720000, 0x00000000136a8000)
 End Bits:   [0x00000000136a8000, 0x0000000014630000)

Polling page: 0x00000000009f0000

CodeCache: size=245760Kb used=9434Kb max_used=9738Kb free=236325Kb
 bounds [0x0000000002c10000, 0x00000000035a0000, 0x0000000011c10000]
 total_blobs=3540 nmethods=2915 adapters=536
 compilation: enabled

Compilation events (10 events):
Event: 10.560 Thread 0x00000000151e4000 3075   !   3       com.sun.org.apache.xerces.internal.utils.XMLSecurityManager::getSystemProperty (126 bytes)
Event: 10.562 Thread 0x00000000151e4000 nmethod 3075 0x0000000002dfd250 code [0x0000000002dfd500, 0x0000000002dfea38]
Event: 10.562 Thread 0x00000000151e4000 3076       3       java.lang.ThreadLocal$ThreadLocalMap::getEntry (42 bytes)
Event: 10.563 Thread 0x00000000151e4000 nmethod 3076 0x0000000002d34f90 code [0x0000000002d35100, 0x0000000002d353e8]
Event: 10.563 Thread 0x00000000151e4000 3077       3       com.sun.org.apache.xerces.internal.util.ParserConfigurationSettings::getFeatureState (46 bytes)
Event: 10.563 Thread 0x00000000151e4000 nmethod 3077 0x0000000002df2150 code [0x0000000002df2320, 0x0000000002df2c58]
Event: 10.563 Thread 0x00000000151e4000 3078       3       com.sun.org.apache.xerces.internal.util.XMLStringBuffer::append (110 bytes)
Event: 10.564 Thread 0x00000000151e4000 nmethod 3078 0x0000000002d1fbd0 code [0x0000000002d1fd60, 0x0000000002d20238]
Event: 10.593 Thread 0x00000000151e4000 3081 %     3       opennlp.tools.ml.model.AbstractModelReader::getParameters @ 52 (135 bytes)
Event: 10.594 Thread 0x00000000151e4000 nmethod 3081% 0x0000000002f3df90 code [0x0000000002f3e1a0, 0x0000000002f3f038]

GC Heap History (10 events):
Event: 3.012 GC heap before
{Heap before GC invocations=7 (full 1):
 PSYoungGen      total 35328K, used 32768K [0x00000000eb500000, 0x00000000f0400000, 0x0000000100000000)
  eden space 32768K, 100% used [0x00000000eb500000,0x00000000ed500000,0x00000000ed500000)
  from space 2560K, 0% used [0x00000000ed500000,0x00000000ed500000,0x00000000ed780000)
  to   space 7680K, 0% used [0x00000000efc80000,0x00000000efc80000,0x00000000f0400000)
 ParOldGen       total 29696K, used 4905K [0x00000000c1e00000, 0x00000000c3b00000, 0x00000000eb500000)
  object space 29696K, 16% used [0x00000000c1e00000,0x00000000c22ca700,0x00000000c3b00000)
 Metaspace       used 26097K, capacity 26506K, committed 26880K, reserved 1073152K
  class space    used 3397K, capacity 3538K, committed 3584K, reserved 1048576K
Event: 3.022 GC heap after
Heap after GC invocations=7 (full 1):
 PSYoungGen      total 63488K, used 5120K [0x00000000eb500000, 0x00000000f0200000, 0x0000000100000000)
  eden space 57856K, 0% used [0x00000000eb500000,0x00000000eb500000,0x00000000eed80000)
  from space 5632K, 90% used [0x00000000efc80000,0x00000000f0180178,0x00000000f0200000)
  to   space 7168K, 0% used [0x00000000ef400000,0x00000000ef400000,0x00000000efb00000)
 ParOldGen       total 29696K, used 4913K [0x00000000c1e00000, 0x00000000c3b00000, 0x00000000eb500000)
  object space 29696K, 16% used [0x00000000c1e00000,0x00000000c22cc700,0x00000000c3b00000)
 Metaspace       used 26097K, capacity 26506K, committed 26880K, reserved 1073152K
  class space    used 3397K, capacity 3538K, committed 3584K, reserved 1048576K
}
Event: 4.228 GC heap before
{Heap before GC invocations=8 (full 1):
 PSYoungGen      total 63488K, used 62976K [0x00000000eb500000, 0x00000000f0200000, 0x0000000100000000)
  eden space 57856K, 100% used [0x00000000eb500000,0x00000000eed80000,0x00000000eed80000)
  from space 5632K, 90% used [0x00000000efc80000,0x00000000f0180178,0x00000000f0200000)
  to   space 7168K, 0% used [0x00000000ef400000,0x00000000ef400000,0x00000000efb00000)
 ParOldGen       total 29696K, used 4913K [0x00000000c1e00000, 0x00000000c3b00000, 0x00000000eb500000)
  object space 29696K, 16% used [0x00000000c1e00000,0x00000000c22cc700,0x00000000c3b00000)
 Metaspace       used 30965K, capacity 31434K, committed 31616K, reserved 1077248K
  class space    used 4079K, capacity 4220K, committed 4224K, reserved 1048576K
Event: 4.245 GC heap after
Heap after GC invocations=8 (full 1):
 PSYoungGen      total 71680K, used 7138K [0x00000000eb500000, 0x00000000f2a80000, 0x0000000100000000)
  eden space 64512K, 0% used [0x00000000eb500000,0x00000000eb500000,0x00000000ef400000)
  from space 7168K, 99% used [0x00000000ef400000,0x00000000efaf88b0,0x00000000efb00000)
  to   space 10240K, 0% used [0x00000000f2080000,0x00000000f2080000,0x00000000f2a80000)
 ParOldGen       total 29696K, used 8912K [0x00000000c1e00000, 0x00000000c3b00000, 0x00000000eb500000)
  object space 29696K, 30% used [0x00000000c1e00000,0x00000000c26b4358,0x00000000c3b00000)
 Metaspace       used 30965K, capacity 31434K, committed 31616K, reserved 1077248K
  class space    used 4079K, capacity 4220K, committed 4224K, reserved 1048576K
}
Event: 8.183 GC heap before
{Heap before GC invocations=9 (full 1):
 PSYoungGen      total 71680K, used 71650K [0x00000000eb500000, 0x00000000f2a80000, 0x0000000100000000)
  eden space 64512K, 100% used [0x00000000eb500000,0x00000000ef400000,0x00000000ef400000)
  from space 7168K, 99% used [0x00000000ef400000,0x00000000efaf88b0,0x00000000efb00000)
  to   space 10240K, 0% used [0x00000000f2080000,0x00000000f2080000,0x00000000f2a80000)
 ParOldGen       total 29696K, used 8912K [0x00000000c1e00000, 0x00000000c3b00000, 0x00000000eb500000)
  object space 29696K, 30% used [0x00000000c1e00000,0x00000000c26b4358,0x00000000c3b00000)
 Metaspace       used 34215K, capacity 34726K, committed 35072K, reserved 1079296K
  class space    used 4467K, capacity 4586K, committed 4608K, reserved 1048576K
Event: 8.194 GC heap after
Heap after GC invocations=9 (full 1):
 PSYoungGen      total 109056K, used 8624K [0x00000000eb500000, 0x00000000f3400000, 0x0000000100000000)
  eden space 98816K, 0% used [0x00000000eb500000,0x00000000eb500000,0x00000000f1580000)
  from space 10240K, 84% used [0x00000000f2080000,0x00000000f28ec280,0x00000000f2a80000)
  to   space 11264K, 0% used [0x00000000f1580000,0x00000000f1580000,0x00000000f2080000)
 ParOldGen       total 29696K, used 8920K [0x00000000c1e00000, 0x00000000c3b00000, 0x00000000eb500000)
  object space 29696K, 30% used [0x00000000c1e00000,0x00000000c26b6358,0x00000000c3b00000)
 Metaspace       used 34215K, capacity 34726K, committed 35072K, reserved 1079296K
  class space    used 4467K, capacity 4586K, committed 4608K, reserved 1048576K
}
Event: 10.040 GC heap before
{Heap before GC invocations=10 (full 1):
 PSYoungGen      total 109056K, used 37313K [0x00000000eb500000, 0x00000000f3400000, 0x0000000100000000)
  eden space 98816K, 29% used [0x00000000eb500000,0x00000000ed1041f0,0x00000000f1580000)
  from space 10240K, 84% used [0x00000000f2080000,0x00000000f28ec280,0x00000000f2a80000)
  to   space 11264K, 0% used [0x00000000f1580000,0x00000000f1580000,0x00000000f2080000)
 ParOldGen       total 29696K, used 8920K [0x00000000c1e00000, 0x00000000c3b00000, 0x00000000eb500000)
  object space 29696K, 30% used [0x00000000c1e00000,0x00000000c26b6358,0x00000000c3b00000)
 Metaspace       used 34740K, capacity 35206K, committed 35416K, reserved 1079296K
  class space    used 4536K, capacity 4682K, committed 4736K, reserved 1048576K
Event: 10.051 GC heap after
Heap after GC invocations=10 (full 1):
 PSYoungGen      total 110080K, used 6149K [0x00000000eb500000, 0x00000000f3400000, 0x0000000100000000)
  eden space 98816K, 0% used [0x00000000eb500000,0x00000000eb500000,0x00000000f1580000)
  from space 11264K, 54% used [0x00000000f1580000,0x00000000f1b81660,0x00000000f2080000)
  to   space 10240K, 0% used [0x00000000f2080000,0x00000000f2080000,0x00000000f2a80000)
 ParOldGen       total 29696K, used 10871K [0x00000000c1e00000, 0x00000000c3b00000, 0x00000000eb500000)
  object space 29696K, 36% used [0x00000000c1e00000,0x00000000c289dfd8,0x00000000c3b00000)
 Metaspace       used 34740K, capacity 35206K, committed 35416K, reserved 1079296K
  class space    used 4536K, capacity 4682K, committed 4736K, reserved 1048576K
}
Event: 10.051 GC heap before
{Heap before GC invocations=11 (full 2):
 PSYoungGen      total 110080K, used 6149K [0x00000000eb500000, 0x00000000f3400000, 0x0000000100000000)
  eden space 98816K, 0% used [0x00000000eb500000,0x00000000eb500000,0x00000000f1580000)
  from space 11264K, 54% used [0x00000000f1580000,0x00000000f1b81660,0x00000000f2080000)
  to   space 10240K, 0% used [0x00000000f2080000,0x00000000f2080000,0x00000000f2a80000)
 ParOldGen       total 29696K, used 10871K [0x00000000c1e00000, 0x00000000c3b00000, 0x00000000eb500000)
  object space 29696K, 36% used [0x00000000c1e00000,0x00000000c289dfd8,0x00000000c3b00000)
 Metaspace       used 34740K, capacity 35206K, committed 35416K, reserved 1079296K
  class space    used 4536K, capacity 4682K, committed 4736K, reserved 1048576K
Event: 10.106 GC heap after
Heap after GC invocations=11 (full 2):
 PSYoungGen      total 110080K, used 0K [0x00000000eb500000, 0x00000000f3400000, 0x0000000100000000)
  eden space 98816K, 0% used [0x00000000eb500000,0x00000000eb500000,0x00000000f1580000)
  from space 11264K, 0% used [0x00000000f1580000,0x00000000f1580000,0x00000000f2080000)
  to   space 10240K, 0% used [0x00000000f2080000,0x00000000f2080000,0x00000000f2a80000)
 ParOldGen       total 29696K, used 12509K [0x00000000c1e00000, 0x00000000c3b00000, 0x00000000eb500000)
  object space 29696K, 42% used [0x00000000c1e00000,0x00000000c2a375d8,0x00000000c3b00000)
 Metaspace       used 34740K, capacity 35206K, committed 35416K, reserved 1079296K
  class space    used 4536K, capacity 4682K, committed 4736K, reserved 1048576K
}

Deoptimization events (10 events):
Event: 10.204 Thread 0x0000000017a41000 Uncommon trap: reason=bimorphic action=maybe_recompile pc=0x000000000332c478 method=java.io.DataInputStream.readInt()I @ 4
Event: 10.204 Thread 0x0000000017a41000 Uncommon trap: reason=bimorphic action=maybe_recompile pc=0x000000000332c478 method=java.io.DataInputStream.readInt()I @ 4
Event: 10.240 Thread 0x0000000017a41000 Uncommon trap: reason=unstable_if action=reinterpret pc=0x00000000031656cc method=java.lang.ThreadLocal$ThreadLocalMap.getEntry(Ljava/lang/ThreadLocal;)Ljava/lang/ThreadLocal$ThreadLocalMap$Entry; @ 29
Event: 10.241 Thread 0x0000000017a41000 Uncommon trap: reason=unstable_if action=reinterpret pc=0x0000000003164b9c method=java.lang.ThreadLocal$ThreadLocalMap.getEntry(Ljava/lang/ThreadLocal;)Ljava/lang/ThreadLocal$ThreadLocalMap$Entry; @ 29
Event: 10.255 Thread 0x0000000017a41000 Uncommon trap: reason=unstable_if action=reinterpret pc=0x000000000349ce6c method=java.util.LinkedList.node(I)Ljava/util/LinkedList$Node; @ 7
Event: 10.271 Thread 0x0000000018d0c000 Uncommon trap: reason=class_check action=maybe_recompile pc=0x00000000034a799c method=java.util.zip.InflaterInputStream.read([BII)I @ 100
Event: 10.271 Thread 0x0000000018d0c000 Uncommon trap: reason=class_check action=maybe_recompile pc=0x00000000034a799c method=java.util.zip.InflaterInputStream.read([BII)I @ 100
Event: 10.271 Thread 0x0000000017a47800 Uncommon trap: reason=class_check action=maybe_recompile pc=0x00000000034a799c method=java.util.zip.InflaterInputStream.read([BII)I @ 100
Event: 10.271 Thread 0x0000000018d07000 Uncommon trap: reason=class_check action=maybe_recompile pc=0x00000000034a799c method=java.util.zip.InflaterInputStream.read([BII)I @ 100
Event: 10.533 Thread 0x0000000018d06800 Uncommon trap: reason=unstable_if action=reinterpret pc=0x0000000002d7aa5c method=java.io.BufferedInputStream.read1([BII)I @ 29

Classes redefined (0 events):
No events

Internal exceptions (10 events):
Event: 10.014 Thread 0x0000000017a41000 Exception <a 'java/lang/ClassNotFoundException': org/apache/log4j/WriterAppenderCustomizer> (0x00000000ecf6fb10) thrown at [C:\re\workspace\8-2-build-windows-amd64-cygwin\jdk8u181\11358\hotspot\src\share\vm\classfile\systemDictionary.cpp, line 210]
Event: 10.016 Thread 0x0000000017a41000 Exception <a 'java/lang/ClassNotFoundException': org/apache/log4j/FileAppenderCustomizer> (0x00000000ecf8cfc0) thrown at [C:\re\workspace\8-2-build-windows-amd64-cygwin\jdk8u181\11358\hotspot\src\share\vm\classfile\systemDictionary.cpp, line 210]
Event: 10.033 Thread 0x0000000017a41000 Exception <a 'java/lang/ClassNotFoundException': org/apache/log4j/PatternLayoutBeanInfo> (0x00000000ed01eb68) thrown at [C:\re\workspace\8-2-build-windows-amd64-cygwin\jdk8u181\11358\hotspot\src\share\vm\classfile\systemDictionary.cpp, line 210]
Event: 10.033 Thread 0x0000000017a41000 Exception <a 'java/lang/ClassNotFoundException': org/apache/log4j/LayoutBeanInfo> (0x00000000ed02dd68) thrown at [C:\re\workspace\8-2-build-windows-amd64-cygwin\jdk8u181\11358\hotspot\src\share\vm\classfile\systemDictionary.cpp, line 210]
Event: 10.034 Thread 0x0000000017a41000 Exception <a 'java/lang/ClassNotFoundException': org/apache/log4j/LayoutCustomizer> (0x00000000ed03d348) thrown at [C:\re\workspace\8-2-build-windows-amd64-cygwin\jdk8u181\11358\hotspot\src\share\vm\classfile\systemDictionary.cpp, line 210]
Event: 10.035 Thread 0x0000000017a41000 Exception <a 'java/lang/ClassNotFoundException': org/apache/log4j/PatternLayoutCustomizer> (0x00000000ed052cc0) thrown at [C:\re\workspace\8-2-build-windows-amd64-cygwin\jdk8u181\11358\hotspot\src\share\vm\classfile\systemDictionary.cpp, line 210]
Event: 10.038 Thread 0x0000000017a41000 Exception <a 'java/lang/ClassNotFoundException': org/apache/log4j/ConsoleAppenderBeanInfo> (0x00000000ed06af50) thrown at [C:\re\workspace\8-2-build-windows-amd64-cygwin\jdk8u181\11358\hotspot\src\share\vm\classfile\systemDictionary.cpp, line 210]
Event: 10.039 Thread 0x0000000017a41000 Exception <a 'java/lang/ClassNotFoundException': org/apache/log4j/ConsoleAppenderCustomizer> (0x00000000ed07c318) thrown at [C:\re\workspace\8-2-build-windows-amd64-cygwin\jdk8u181\11358\hotspot\src\share\vm\classfile\systemDictionary.cpp, line 210]
Event: 10.113 Thread 0x0000000017a41000 Exception <a 'java/lang/ClassNotFoundException': com/sun/org/glassfish/hk2/osgiresourcelocator/ServiceLoader> (0x00000000eb52b110) thrown at [C:\re\workspace\8-2-build-windows-amd64-cygwin\jdk8u181\11358\hotspot\src\share\vm\classfile\systemDictionary.cpp
Event: 10.121 Thread 0x0000000017a41000 Exception <a 'java/lang/NullPointerException'> (0x00000000eb53e018) thrown at [C:\re\workspace\8-2-build-windows-amd64-cygwin\jdk8u181\11358\hotspot\src\share\vm\interpreter\linkResolver.cpp, line 1287]

Events (10 events):
Event: 10.592 loading class org/cogroo/tools/sentdetect/PortugueseSDContextGenerator
Event: 10.592 loading class org/cogroo/tools/sentdetect/PortugueseSDContextGenerator done
Event: 10.595 loading class opennlp/tools/sentdetect/lang/Factory
Event: 10.595 loading class opennlp/tools/sentdetect/lang/Factory done
Event: 10.596 loading class opennlp/tools/sentdetect/EndOfSentenceScanner
Event: 10.596 loading class opennlp/tools/sentdetect/EndOfSentenceScanner done
Event: 10.596 loading class opennlp/tools/sentdetect/DefaultEndOfSentenceScanner
Event: 10.596 loading class opennlp/tools/sentdetect/DefaultEndOfSentenceScanner done
Event: 10.597 loading class org/cogroo/analyzer/SentenceDetector
Event: 10.597 loading class org/cogroo/analyzer/SentenceDetector done


Dynamic libraries:
0x00007ff66e0e0000 - 0x00007ff66e117000 	C:\Program Files\Java\jdk1.8.0_181\bin\java.exe
0x00007ffc99d10000 - 0x00007ffc99ef1000 	C:\WINDOWS\SYSTEM32\ntdll.dll
0x00007ffc7b590000 - 0x00007ffc7b5a4000 	C:\Program Files\AVAST Software\Avast\x64\aswhooka.dll
0x00007ffc97b00000 - 0x00007ffc97bb2000 	C:\WINDOWS\System32\KERNEL32.DLL
0x00007ffc96130000 - 0x00007ffc963a3000 	C:\WINDOWS\System32\KERNELBASE.dll
0x00007ffc97650000 - 0x00007ffc976f1000 	C:\WINDOWS\System32\ADVAPI32.dll
0x00007ffc98310000 - 0x00007ffc983ae000 	C:\WINDOWS\System32\msvcrt.dll
0x00007ffc971a0000 - 0x00007ffc971fb000 	C:\WINDOWS\System32\sechost.dll
0x00007ffc97700000 - 0x00007ffc97824000 	C:\WINDOWS\System32\RPCRT4.dll
0x00007ffc99880000 - 0x00007ffc99a10000 	C:\WINDOWS\System32\USER32.dll
0x00007ffc964b0000 - 0x00007ffc964d0000 	C:\WINDOWS\System32\win32u.dll
0x00007ffc98070000 - 0x00007ffc98098000 	C:\WINDOWS\System32\GDI32.dll
0x00007ffc96f00000 - 0x00007ffc97092000 	C:\WINDOWS\System32\gdi32full.dll
0x00007ffc97100000 - 0x00007ffc9719f000 	C:\WINDOWS\System32\msvcp_win.dll
0x00007ffc963b0000 - 0x00007ffc964aa000 	C:\WINDOWS\System32\ucrtbase.dll
0x00007ffc7db60000 - 0x00007ffc7ddc9000 	C:\WINDOWS\WinSxS\amd64_microsoft.windows.common-controls_6595b64144ccf1df_6.0.17134.345_none_fb429a5930656358\COMCTL32.dll
0x00007ffc97d40000 - 0x00007ffc98063000 	C:\WINDOWS\System32\combase.dll
0x00007ffc96770000 - 0x00007ffc967ea000 	C:\WINDOWS\System32\bcryptPrimitives.dll
0x00007ffc98410000 - 0x00007ffc9843d000 	C:\WINDOWS\System32\IMM32.DLL
0x00000000741b0000 - 0x0000000074282000 	C:\Program Files\Java\jdk1.8.0_181\jre\bin\msvcr100.dll
0x00000000733a0000 - 0x0000000073c42000 	C:\Program Files\Java\jdk1.8.0_181\jre\bin\server\jvm.dll
0x00007ffc99b00000 - 0x00007ffc99b08000 	C:\WINDOWS\System32\PSAPI.DLL
0x00007ffc82760000 - 0x00007ffc82769000 	C:\WINDOWS\SYSTEM32\WSOCK32.dll
0x00007ffc99c70000 - 0x00007ffc99cdc000 	C:\WINDOWS\System32\WS2_32.dll
0x00007ffc93ea0000 - 0x00007ffc93ec3000 	C:\WINDOWS\SYSTEM32\WINMM.dll
0x00007ffc82af0000 - 0x00007ffc82afa000 	C:\WINDOWS\SYSTEM32\VERSION.dll
0x00007ffc93e40000 - 0x00007ffc93e6a000 	C:\WINDOWS\SYSTEM32\WINMMBASE.dll
0x00007ffc960e0000 - 0x00007ffc96129000 	C:\WINDOWS\System32\cfgmgr32.dll
0x0000000074160000 - 0x000000007416f000 	C:\Program Files\Java\jdk1.8.0_181\jre\bin\verify.dll
0x0000000074130000 - 0x0000000074159000 	C:\Program Files\Java\jdk1.8.0_181\jre\bin\java.dll
0x0000000074110000 - 0x0000000074126000 	C:\Program Files\Java\jdk1.8.0_181\jre\bin\zip.dll
0x00007ffc98440000 - 0x00007ffc9987f000 	C:\WINDOWS\System32\SHELL32.dll
0x00007ffc97bc0000 - 0x00007ffc97c69000 	C:\WINDOWS\System32\shcore.dll
0x00007ffc967f0000 - 0x00007ffc96efd000 	C:\WINDOWS\System32\windows.storage.dll
0x00007ffc982b0000 - 0x00007ffc98301000 	C:\WINDOWS\System32\shlwapi.dll
0x00007ffc960a0000 - 0x00007ffc960b1000 	C:\WINDOWS\System32\kernel.appcore.dll
0x00007ffc960c0000 - 0x00007ffc960df000 	C:\WINDOWS\System32\profapi.dll
0x00007ffc96050000 - 0x00007ffc9609c000 	C:\WINDOWS\System32\powrprof.dll
0x00007ffc96020000 - 0x00007ffc9602a000 	C:\WINDOWS\System32\FLTLIB.DLL
0x00000000740f0000 - 0x000000007410a000 	C:\Program Files\Java\jdk1.8.0_181\jre\bin\net.dll
0x00007ffc958a0000 - 0x00007ffc95906000 	C:\WINDOWS\system32\mswsock.dll
0x00007ffc95620000 - 0x00007ffc95658000 	C:\WINDOWS\SYSTEM32\IPHLPAPI.DLL
0x00007ffc98240000 - 0x00007ffc98248000 	C:\WINDOWS\System32\NSI.dll
0x00007ffc8bda0000 - 0x00007ffc8bdb6000 	C:\WINDOWS\SYSTEM32\dhcpcsvc6.DLL
0x00007ffc8c300000 - 0x00007ffc8c31a000 	C:\WINDOWS\SYSTEM32\dhcpcsvc.DLL
0x0000000073200000 - 0x0000000073399000 	C:\Program Files\Java\jdk1.8.0_181\jre\bin\awt.dll
0x00007ffc97c70000 - 0x00007ffc97d32000 	C:\WINDOWS\System32\OLEAUT32.dll
0x00007ffc93f90000 - 0x00007ffc9401b000 	C:\WINDOWS\SYSTEM32\apphelp.dll
0x00007ffc94450000 - 0x00007ffc94479000 	C:\WINDOWS\system32\DWMAPI.DLL
0x00007ffc94140000 - 0x00007ffc941d8000 	C:\WINDOWS\system32\uxtheme.dll
0x00007ffc711f0000 - 0x00007ffc71310000 	C:\WINDOWS\system32\opengl32.dll
0x00007ffc88e70000 - 0x00007ffc88e9c000 	C:\WINDOWS\SYSTEM32\GLU32.dll
0x00007ffc97980000 - 0x00007ffc97af4000 	C:\WINDOWS\System32\MSCTF.dll
0x00007ffc99b10000 - 0x00007ffc99c61000 	C:\WINDOWS\System32\ole32.dll
0x00007ffc669f0000 - 0x00007ffc66a06000 	C:\WINDOWS\system32\napinsp.dll
0x00007ffc669d0000 - 0x00007ffc669ea000 	C:\WINDOWS\system32\pnrpnsp.dll
0x00007ffc92520000 - 0x00007ffc92539000 	C:\WINDOWS\system32\NLAapi.dll
0x00007ffc95670000 - 0x00007ffc9572e000 	C:\WINDOWS\SYSTEM32\DNSAPI.dll
0x00007ffc7ab80000 - 0x00007ffc7ab8e000 	C:\WINDOWS\System32\winrnr.dll
0x00007ffc8c540000 - 0x00007ffc8c555000 	C:\WINDOWS\System32\wshbth.dll
0x00007ffc86370000 - 0x00007ffc8637a000 	C:\Windows\System32\rasadhlp.dll
0x00007ffc86cd0000 - 0x00007ffc86d42000 	C:\WINDOWS\System32\fwpuclnt.dll
0x00007ffc95b80000 - 0x00007ffc95ba5000 	C:\WINDOWS\SYSTEM32\bcrypt.dll
0x00000000731d0000 - 0x00000000731f4000 	C:\Program Files\Java\jdk1.8.0_181\jre\bin\sunec.dll
0x0000000074080000 - 0x00000000740c7000 	C:\Program Files\Java\jdk1.8.0_181\jre\bin\fontmanager.dll
0x00007ffc97830000 - 0x00007ffc978d0000 	C:\WINDOWS\System32\clbcatq.dll
0x00007ffc91c60000 - 0x00007ffc91e0e000 	C:\WINDOWS\SYSTEM32\WindowsCodecs.dll
0x00007ffc77710000 - 0x00007ffc77768000 	C:\WINDOWS\system32\dataexchange.dll
0x00007ffc92d00000 - 0x00007ffc9300b000 	C:\WINDOWS\system32\d3d11.dll
0x00007ffc93630000 - 0x00007ffc937cc000 	C:\WINDOWS\system32\dcomp.dll
0x00007ffc94de0000 - 0x00007ffc94e9b000 	C:\WINDOWS\system32\dxgi.dll
0x00007ffc94480000 - 0x00007ffc94638000 	C:\WINDOWS\system32\twinapi.appcore.dll
0x00007ffc943a0000 - 0x00007ffc943c1000 	C:\WINDOWS\system32\RMCLIENT.dll
0x00000000740d0000 - 0x00000000740e1000 	C:\Program Files\Java\jdk1.8.0_181\jre\bin\nio.dll
0x0000000074030000 - 0x0000000074072000 	C:\Program Files\Java\jdk1.8.0_181\jre\bin\t2k.dll
0x00007ffc95a50000 - 0x00007ffc95a67000 	C:\WINDOWS\SYSTEM32\CRYPTSP.dll
0x00007ffc95480000 - 0x00007ffc954b3000 	C:\WINDOWS\system32\rsaenh.dll
0x00007ffc95f20000 - 0x00007ffc95f48000 	C:\WINDOWS\SYSTEM32\USERENV.dll
0x00007ffc95a70000 - 0x00007ffc95a7b000 	C:\WINDOWS\SYSTEM32\CRYPTBASE.dll
0x0000000073190000 - 0x00000000731c1000 	C:\Program Files\Java\jdk1.8.0_181\jre\bin\jpeg.dll
0x00007ffc8b3e0000 - 0x00007ffc8b477000 	C:\WINDOWS\System32\TextInputFramework.dll
0x00007ffc91720000 - 0x00007ffc91a3e000 	C:\WINDOWS\System32\CoreUIComponents.dll
0x00007ffc93930000 - 0x00007ffc93a0a000 	C:\WINDOWS\System32\CoreMessaging.dll
0x00007ffc95110000 - 0x00007ffc95141000 	C:\WINDOWS\SYSTEM32\ntmarta.dll
0x00007ffc91e20000 - 0x00007ffc91f6d000 	C:\WINDOWS\SYSTEM32\wintypes.dll
0x0000000073180000 - 0x000000007318b000 	C:\Program Files\Java\jdk1.8.0_181\jre\bin\sunmscapi.dll
0x00007ffc96580000 - 0x00007ffc96762000 	C:\WINDOWS\System32\CRYPT32.dll
0x00007ffc96030000 - 0x00007ffc96042000 	C:\WINDOWS\System32\MSASN1.dll
0x0000000073170000 - 0x000000007317c000 	C:\Program Files\Java\jdk1.8.0_181\jre\bin\jsound.dll
0x0000000073160000 - 0x000000007316b000 	C:\Program Files\Java\jdk1.8.0_181\jre\bin\jsoundds.dll
0x00007ffc85a20000 - 0x00007ffc85aaf000 	C:\WINDOWS\SYSTEM32\DSOUND.dll
0x00007ffc88850000 - 0x00007ffc888c6000 	C:\WINDOWS\SYSTEM32\MMDevAPI.DLL
0x00007ffc95e30000 - 0x00007ffc95e57000 	C:\WINDOWS\SYSTEM32\DEVOBJ.dll
0x00007ffc926e0000 - 0x00007ffc92894000 	C:\WINDOWS\SYSTEM32\PROPSYS.dll
0x00007ffc88ea0000 - 0x00007ffc88ee4000 	C:\WINDOWS\SYSTEM32\wdmaud.drv
0x00007ffc92590000 - 0x00007ffc92599000 	C:\WINDOWS\SYSTEM32\ksuser.dll
0x00007ffc91b90000 - 0x00007ffc91b9a000 	C:\WINDOWS\SYSTEM32\AVRT.dll
0x00007ffc85d60000 - 0x00007ffc85e8c000 	C:\WINDOWS\SYSTEM32\AUDIOSES.DLL
0x00007ffc91aa0000 - 0x00007ffc91aad000 	C:\WINDOWS\SYSTEM32\msacm32.drv
0x00007ffc89f60000 - 0x00007ffc89f7c000 	C:\WINDOWS\SYSTEM32\MSACM32.dll
0x00007ffc8c240000 - 0x00007ffc8c24a000 	C:\WINDOWS\SYSTEM32\midimap.dll

VM Arguments:
java_command: jade.Boot -gui -agents GeradorVoz:Agentes.GeradorVoz;GeradorLN:Agentes.GeradorLN;Gerenciador:Agentes.Gerenciador;Semantizador:Agentes.Semantizador;ReconhecedorVoz:Agentes.ReconhecedorVoz;SimuladorCasa:Agentes.SimuladorCasa;
java_class_path (initial): C:\Users\Lidera Consultoria\Documents\NetBeansProjects\TCC\target\classes;C:\Users\Lidera Consultoria\.m2\repository\org\cogroo\lang\pt_br\cogroo-gc-pt_br\4.2.0\cogroo-gc-pt_br-4.2.0.jar;C:\Users\Lidera Consultoria\.m2\repository\org\cogroo\cogroo-gc\4.2.0\cogroo-gc-4.2.0.jar;C:\Users\Lidera Consultoria\.m2\repository\org\cogroo\lang\pt_br\cogroo-ann-pt_br\4.2.0\cogroo-ann-pt_br-4.2.0.jar;C:\Users\Lidera Consultoria\.m2\repository\org\cogroo\cogroo-ann\4.2.0\cogroo-ann-4.2.0.jar;C:\Users\Lidera Consultoria\.m2\repository\org\cogroo\cogroo-nlp\4.2.0\cogroo-nlp-4.2.0.jar;C:\Users\Lidera Consultoria\.m2\repository\org\apache\opennlp\opennlp-tools\1.7.2\opennlp-tools-1.7.2.jar;C:\Users\Lidera Consultoria\.m2\repository\javax\xml\bind\jaxb-api\2.2.5\jaxb-api-2.2.5.jar;C:\Users\Lidera Consultoria\.m2\repository\org\carrot2\morfologik-fsa\1.5.3\morfologik-fsa-1.5.3.jar;C:\Users\Lidera Consultoria\.m2\repository\com\carrotsearch\hppc\0.4.1\hppc-0.4.1.jar;C:\Users\Lidera Consultoria\.m2\repository\org\carrot2\morfologik-stemming\1.5.2\morfologik-stemming-1.5.2.jar;C:\Users\Lidera Consultoria\.m2\repository\org\carrot2\morfologik-tools\1.5.2\morfologik-tools-1.5.2.jar;C:\Users\Lidera Consultoria\.m2\repository\org\carrot2\morfologik-polish\1.5.2\morfologik-polish-1.5.2.jar;C:\Users\Lidera Consultoria\.m2\repository\commons-lang\commons-lang\2.6\commons-lang-2.6.jar;C:\Users\Lidera Consultoria\.m2\repository\log4j\log4j\1.2.17\log4j-1.2.17.jar;C:\Users\Lidera Consultoria\.m2\repository\org\cogroo\lang\pt_br\cogroo-res-pt_br\4.2.0\cogroo-res-pt_br-4.2.0.jar;C:\Users\Lidera Consultoria\.m2\repository\Ab\com.google\0.0.4.3\com.google-0.0.4.3.jar;C:\Users\Lidera Consultoria\.m2\repository\com\tilab\jade\jade\4.5.0\jade-4.5.0.jar;C:\Users\Lidera Consultoria\.m2\repository\commons-codec\commons-codec\1.3\commons-codec-1.3.jar;C:\Users\Lidera Consultoria\.m2\repository\net\sourceforge\owlapi\owlapi-api\5.1.7\owlapi-api-5.1.7.jar;C:\Users\Lidera Consultori
Launcher Type: SUN_STANDARD

Environment Variables:
JAVA_HOME=C:\Program Files\Java\jdk1.8.0_181
PATH=C:\SIMULIA\Commands;C:\Program Files (x86)\Intel\Intel(R) Management Engine Components\iCLS\;C:\Program Files\Intel\Intel(R) Management Engine Components\iCLS\;C:\Program Files (x86)\Common Files\Oracle\Java\javapath;C:\Program Files\Microsoft MPI\Bin\;C:\ProgramData\Oracle\Java\javapath;C:\WINDOWS\system32;C:\WINDOWS;C:\WINDOWS\System32\Wbem;C:\WINDOWS\System32\WindowsPowerShell\v1.0\;C:\Program Files\dotnet\;C:\Program Files\Microsoft SQL Server\130\Tools\Binn\;C:\WINDOWS\System32\OpenSSH\;C:\Program Files (x86)\Intel\Intel(R) Management Engine Components\DAL;C:\Program Files\Intel\Intel(R) Management Engine Components\DAL;C:\Program Files (x86)\Intel\Intel(R) Management Engine Components\IPT;C:\Program Files\Intel\Intel(R) Management Engine Components\IPT;C:\Program Files\Intel\WiFi\bin\;C:\Program Files\Common Files\Intel\WirelessCommon\;C:\Users\Lidera Consultoria\AppData\Local\Microsoft\WindowsApps;;C:\Program Files\Microsoft VS Code\bin;C:\Program Files\Intel\WiFi\bin\;C:\Program Files\Common Files\Intel\WirelessCommon\
USERNAME=Lidera Consultoria
OS=Windows_NT
PROCESSOR_IDENTIFIER=Intel64 Family 6 Model 78 Stepping 3, GenuineIntel



---------------  S Y S T E M  ---------------

OS: Windows 10.0 , 64 bit Build 17134 (10.0.17134.1)

CPU:total 4 (initial active 4) (2 cores per cpu, 2 threads per core) family 6 model 78 stepping 3, cmov, cx8, fxsr, mmx, sse, sse2, sse3, ssse3, sse4.1, sse4.2, popcnt, avx, avx2, aes, clmul, erms, 3dnowpref, lzcnt, ht, tsc, tscinvbit, bmi1, bmi2, adx

Memory: 4k page, physical 4066020k(224196k free), swap 4066020k(5596k free)

vm_info: Java HotSpot(TM) 64-Bit Server VM (25.181-b13) for windows-amd64 JRE (1.8.0_181-b13), built on Jul  7 2018 04:01:33 by "java_re" with MS VC++ 10.0 (VS2010)

time: Thu Oct 25 18:15:43 2018
elapsed time: 10 seconds (0d 0h 0m 10s)

