#
# There is insufficient memory for the Java Runtime Environment to continue.
# Native memory allocation (malloc) failed to allocate 468576 bytes for Chunk::new
# Possible reasons:
#   The system is out of physical RAM or swap space
#   In 32 bit mode, the process size limit was hit
# Possible solutions:
#   Reduce memory load on the system
#   Increase physical memory or swap space
#   Check if swap backing store is full
#   Use 64 bit Java on a 64 bit OS
#   Decrease Java heap size (-Xmx/-Xms)
#   Decrease number of Java threads
#   Decrease Java thread stack sizes (-Xss)
#   Set larger code cache with -XX:ReservedCodeCacheSize=
# This output file may be truncated or incomplete.
#
#  Out of Memory Error (allocation.cpp:390), pid=10564, tid=0x00000000000023b4
#
# JRE version: Java(TM) SE Runtime Environment (8.0_181-b13) (build 1.8.0_181-b13)
# Java VM: Java HotSpot(TM) 64-Bit Server VM (25.181-b13 mixed mode windows-amd64 compressed oops)
# Failed to write core dump. Minidumps are not enabled by default on client versions of Windows
#

---------------  T H R E A D  ---------------

Current thread (0x0000000014ecb800):  JavaThread "C2 CompilerThread1" daemon [_thread_in_native, id=9140, stack(0x0000000016620000,0x0000000016720000)]

Stack: [0x0000000016620000,0x0000000016720000]
[error occurred during error reporting (printing stack bounds), id 0xc0000005]

Native frames: (J=compiled Java code, j=interpreted, Vv=VM code, C=native code)


Current CompileTask:
C2:  13544 3324       4       java.lang.String::split (326 bytes)


---------------  P R O C E S S  ---------------

Java Threads: ( => current thread )
  0x0000000018a1e800 JavaThread "AWT-Shutdown" [_thread_blocked, id=10732, stack(0x000000001fa10000,0x000000001fb10000)]
  0x0000000018a27800 JavaThread "TimerQueue" daemon [_thread_blocked, id=10812, stack(0x000000001ef10000,0x000000001f010000)]
  0x0000000018a25800 JavaThread "Okio Watchdog" daemon [_thread_blocked, id=1768, stack(0x000000001ec10000,0x000000001ed10000)]
  0x0000000018a27000 JavaThread "OkHttp ConnectionPool" daemon [_thread_blocked, id=9440, stack(0x000000001eb10000,0x000000001ec10000)]
  0x0000000018a1a000 JavaThread "OkHttp Dispatcher" [_thread_blocked, id=4752, stack(0x000000001e910000,0x000000001ea10000)]
  0x0000000018a1b000 JavaThread "Java Sound Event Dispatcher" daemon [_thread_blocked, id=3152, stack(0x000000001e510000,0x000000001e610000)]
  0x0000000018a18800 JavaThread "DestroyJavaVM" [_thread_blocked, id=9356, stack(0x0000000002700000,0x0000000002800000)]
  0x0000000018a19800 JavaThread "monitor-Main-Container" [_thread_blocked, id=6924, stack(0x000000001a470000,0x000000001a570000)]
  0x0000000018a1b800 JavaThread "ReconhecedorVoz" [_thread_blocked, id=6640, stack(0x000000001a370000,0x000000001a470000)]
  0x0000000018a1f800 JavaThread "Semantizador" [_thread_in_Java, id=2752, stack(0x000000001a270000,0x000000001a370000)]
  0x0000000017645800 JavaThread "Gerenciador" [_thread_in_vm, id=3988, stack(0x000000001a070000,0x000000001a170000)]
  0x0000000017644000 JavaThread "GeradorLN" [_thread_blocked, id=10720, stack(0x0000000019f70000,0x000000001a070000)]
  0x0000000017644800 JavaThread "GeradorVoz" [_thread_blocked, id=6288, stack(0x0000000019e70000,0x0000000019f70000)]
  0x0000000017642800 JavaThread "SimuladorCasa" [_thread_blocked, id=10912, stack(0x0000000019d70000,0x0000000019e70000)]
  0x0000000017643000 JavaThread "df" [_thread_blocked, id=8184, stack(0x0000000019c70000,0x0000000019d70000)]
  0x0000000017647000 JavaThread "ams" [_thread_blocked, id=328, stack(0x0000000019b70000,0x0000000019c70000)]
  0x0000000017641800 JavaThread "Thread-11" [_thread_in_native, id=8140, stack(0x0000000019a70000,0x0000000019b70000)]
  0x0000000017641000 JavaThread "Deliverer-04" [_thread_blocked, id=928, stack(0x0000000019330000,0x0000000019430000)]
  0x0000000017646000 JavaThread "Deliverer-03" [_thread_blocked, id=5648, stack(0x0000000019230000,0x0000000019330000)]
  0x000000001752d800 JavaThread "Deliverer-02" [_thread_blocked, id=5512, stack(0x0000000019130000,0x0000000019230000)]
  0x000000001752c800 JavaThread "Deliverer-01" [_thread_blocked, id=8292, stack(0x0000000019030000,0x0000000019130000)]
  0x000000001768d800 JavaThread "Deliverer-00" [_thread_blocked, id=8120, stack(0x0000000018f30000,0x0000000019030000)]
  0x000000001771e000 JavaThread "AWT-Windows" daemon [_thread_in_native, id=10088, stack(0x0000000017d90000,0x0000000017e90000)]
  0x000000001771d000 JavaThread "Java2D Disposer" daemon [_thread_blocked, id=5888, stack(0x0000000017b70000,0x0000000017c70000)]
  0x0000000017384800 JavaThread "Thread-4" [_thread_in_native, id=8252, stack(0x0000000017a70000,0x0000000017b70000)]
  0x0000000017383000 JavaThread "Thread-3" [_thread_blocked, id=1724, stack(0x0000000017970000,0x0000000017a70000)]
  0x0000000017380800 JavaThread "JICPServer-1099" daemon [_thread_in_native, id=1856, stack(0x0000000017870000,0x0000000017970000)]
  0x0000000016b60000 JavaThread "JADE Timer dispatcher" [_thread_blocked, id=1780, stack(0x0000000016f70000,0x0000000017070000)]
  0x0000000016868000 JavaThread "Service Thread" daemon [_thread_blocked, id=10428, stack(0x0000000016c20000,0x0000000016d20000)]
  0x0000000014ed4000 JavaThread "C1 CompilerThread2" daemon [_thread_blocked, id=3968, stack(0x0000000016720000,0x0000000016820000)]
=>0x0000000014ecb800 JavaThread "C2 CompilerThread1" daemon [_thread_in_native, id=9140, stack(0x0000000016620000,0x0000000016720000)]
  0x0000000014ec8800 JavaThread "C2 CompilerThread0" daemon [_thread_in_native, id=11012, stack(0x0000000016520000,0x0000000016620000)]
  0x0000000014ec4800 JavaThread "Attach Listener" daemon [_thread_blocked, id=9936, stack(0x0000000016420000,0x0000000016520000)]
  0x0000000014ec3000 JavaThread "Signal Dispatcher" daemon [_thread_blocked, id=9136, stack(0x0000000016320000,0x0000000016420000)]
  0x00000000028fa000 JavaThread "Finalizer" daemon [_thread_blocked, id=2120, stack(0x0000000016110000,0x0000000016210000)]
  0x00000000028f7000 JavaThread "Reference Handler" daemon [_thread_blocked, id=4116, stack(0x0000000016010000,0x0000000016110000)]

Other Threads:
  0x0000000014e87000 VMThread [stack: 0x0000000015f10000,0x0000000016010000] [id=3964]
  0x000000001687e800 WatcherThread [stack: 0x0000000016e70000,0x0000000016f70000] [id=9556]

VM state:not at safepoint (normal execution)

VM Mutex/Monitor currently owned by a thread: None

Heap:
 PSYoungGen      total 109056K, used 66351K [0x00000000eb500000, 0x00000000f5500000, 0x0000000100000000)
  eden space 97280K, 68% used [0x00000000eb500000,0x00000000ef5cbcf0,0x00000000f1400000)
  from space 11776K, 0% used [0x00000000f1400000,0x00000000f1400000,0x00000000f1f80000)
  to   space 15872K, 0% used [0x00000000f4580000,0x00000000f4580000,0x00000000f5500000)
 ParOldGen       total 68608K, used 68330K [0x00000000c1e00000, 0x00000000c6100000, 0x00000000eb500000)
  object space 68608K, 99% used [0x00000000c1e00000,0x00000000c60babd8,0x00000000c6100000)
 Metaspace       used 38085K, capacity 38640K, committed 39256K, reserved 1083392K
  class space    used 4997K, capacity 5163K, committed 5248K, reserved 1048576K

Card table byte_map: [0x0000000011cc0000,0x0000000011ec0000] byte_map_base: 0x00000000116b1000

Marking Bits: (ParMarkBitMap*) 0x0000000073bc2d00
 Begin Bits: [0x0000000012410000, 0x0000000013398000)
 End Bits:   [0x0000000013398000, 0x0000000014320000)

Polling page: 0x0000000002540000

CodeCache: size=245760Kb used=9550Kb max_used=9642Kb free=236209Kb
 bounds [0x0000000002900000, 0x0000000003280000, 0x0000000011900000]
 total_blobs=3537 nmethods=2907 adapters=542
 compilation: enabled

Compilation events (10 events):
Event: 13.502 Thread 0x0000000014ed4000 3344       2       java.util.zip.ZipCoder::encoder (35 bytes)
Event: 13.503 Thread 0x0000000014ed4000 nmethod 3344 0x0000000002e8ab90 code [0x0000000002e8ad00, 0x0000000002e8af08]
Event: 13.503 Thread 0x0000000014ed4000 3345       3       java.util.HashMap::clear (50 bytes)
Event: 13.503 Thread 0x0000000014ed4000 nmethod 3345 0x0000000002ce7190 code [0x0000000002ce7300, 0x0000000002ce76d0]
Event: 13.503 Thread 0x0000000014ed4000 3347       3       com.sun.org.apache.xerces.internal.dom.ParentNode::item (6 bytes)
Event: 13.503 Thread 0x0000000014ed4000 nmethod 3347 0x0000000002d16550 code [0x0000000002d166c0, 0x0000000002d16848]
Event: 13.503 Thread 0x0000000014ed4000 3346       1       com.sun.org.apache.xerces.internal.impl.XMLEntityManager::getEntityStore (5 bytes)
Event: 13.503 Thread 0x0000000014ed4000 nmethod 3346 0x0000000002f92d90 code [0x0000000002f92ee0, 0x0000000002f92ff0]
Event: 13.506 Thread 0x0000000014ed4000 3348       3       sun.nio.cs.StreamEncoder::implWrite (156 bytes)
Event: 13.508 Thread 0x0000000014ed4000 nmethod 3348 0x00000000031f6850 code [0x00000000031f6ac0, 0x00000000031f7948]

GC Heap History (10 events):
Event: 5.629 GC heap before
{Heap before GC invocations=10 (full 2):
 PSYoungGen      total 107520K, used 10212K [0x00000000eb500000, 0x00000000f3280000, 0x0000000100000000)
  eden space 97280K, 0% used [0x00000000eb500000,0x00000000eb500000,0x00000000f1400000)
  from space 10240K, 99% used [0x00000000f1f80000,0x00000000f2979360,0x00000000f2980000)
  to   space 11776K, 0% used [0x00000000f1400000,0x00000000f1400000,0x00000000f1f80000)
 ParOldGen       total 33792K, used 11359K [0x00000000c1e00000, 0x00000000c3f00000, 0x00000000eb500000)
  object space 33792K, 33% used [0x00000000c1e00000,0x00000000c2917ff8,0x00000000c3f00000)
 Metaspace       used 34549K, capacity 35038K, committed 35416K, reserved 1079296K
  class space    used 4514K, capacity 4648K, committed 4736K, reserved 1048576K
Event: 5.707 GC heap after
Heap after GC invocations=10 (full 2):
 PSYoungGen      total 107520K, used 0K [0x00000000eb500000, 0x00000000f3280000, 0x0000000100000000)
  eden space 97280K, 0% used [0x00000000eb500000,0x00000000eb500000,0x00000000f1400000)
  from space 10240K, 0% used [0x00000000f1f80000,0x00000000f1f80000,0x00000000f2980000)
  to   space 11776K, 0% used [0x00000000f1400000,0x00000000f1400000,0x00000000f1f80000)
 ParOldGen       total 47104K, used 14726K [0x00000000c1e00000, 0x00000000c4c00000, 0x00000000eb500000)
  object space 47104K, 31% used [0x00000000c1e00000,0x00000000c2c61960,0x00000000c4c00000)
 Metaspace       used 34549K, capacity 35038K, committed 35416K, reserved 1079296K
  class space    used 4514K, capacity 4648K, committed 4736K, reserved 1048576K
}
Event: 10.549 GC heap before
{Heap before GC invocations=11 (full 2):
 PSYoungGen      total 107520K, used 97280K [0x00000000eb500000, 0x00000000f3280000, 0x0000000100000000)
  eden space 97280K, 100% used [0x00000000eb500000,0x00000000f1400000,0x00000000f1400000)
  from space 10240K, 0% used [0x00000000f1f80000,0x00000000f1f80000,0x00000000f2980000)
  to   space 11776K, 0% used [0x00000000f1400000,0x00000000f1400000,0x00000000f1f80000)
 ParOldGen       total 47104K, used 14726K [0x00000000c1e00000, 0x00000000c4c00000, 0x00000000eb500000)
  object space 47104K, 31% used [0x00000000c1e00000,0x00000000c2c61978,0x00000000c4c00000)
 Metaspace       used 37430K, capacity 37904K, committed 38360K, reserved 1083392K
  class space    used 4940K, capacity 5067K, committed 5120K, reserved 1048576K
Event: 10.571 GC heap after
Heap after GC invocations=11 (full 2):
 PSYoungGen      total 109056K, used 11746K [0x00000000eb500000, 0x00000000f5500000, 0x0000000100000000)
  eden space 97280K, 0% used [0x00000000eb500000,0x00000000eb500000,0x00000000f1400000)
  from space 11776K, 99% used [0x00000000f1400000,0x00000000f1f78898,0x00000000f1f80000)
  to   space 15872K, 0% used [0x00000000f4580000,0x00000000f4580000,0x00000000f5500000)
 ParOldGen       total 47104K, used 21331K [0x00000000c1e00000, 0x00000000c4c00000, 0x00000000eb500000)
  object space 47104K, 45% used [0x00000000c1e00000,0x00000000c32d4e18,0x00000000c4c00000)
 Metaspace       used 37430K, capacity 37904K, committed 38360K, reserved 1083392K
  class space    used 4940K, capacity 5067K, committed 5120K, reserved 1048576K
}
Event: 11.491 GC heap before
{Heap before GC invocations=12 (full 2):
 PSYoungGen      total 109056K, used 109026K [0x00000000eb500000, 0x00000000f5500000, 0x0000000100000000)
  eden space 97280K, 100% used [0x00000000eb500000,0x00000000f1400000,0x00000000f1400000)
  from space 11776K, 99% used [0x00000000f1400000,0x00000000f1f78898,0x00000000f1f80000)
  to   space 15872K, 0% used [0x00000000f4580000,0x00000000f4580000,0x00000000f5500000)
 ParOldGen       total 47104K, used 21333K [0x00000000c1e00000, 0x00000000c4c00000, 0x00000000eb500000)
  object space 47104K, 45% used [0x00000000c1e00000,0x00000000c32d5600,0x00000000c4c00000)
 Metaspace       used 37700K, capacity 38198K, committed 38616K, reserved 1083392K
  class space    used 4971K, capacity 5100K, committed 5120K, reserved 1048576K
Event: 11.962 GC heap after
Heap after GC invocations=12 (full 2):
 PSYoungGen      total 109056K, used 109026K [0x00000000eb500000, 0x00000000f5500000, 0x0000000100000000)
  eden space 97280K, 100% used [0x00000000eb500000,0x00000000f1400000,0x00000000f1400000)
  from space 11776K, 99% used [0x00000000f1400000,0x00000000f1f78898,0x00000000f1f80000)
  to   space 15872K, 99% used [0x00000000f4580000,0x00000000f54fcd60,0x00000000f5500000)
 ParOldGen       total 68608K, used 68605K [0x00000000c1e00000, 0x00000000c6100000, 0x00000000eb500000)
  object space 68608K, 99% used [0x00000000c1e00000,0x00000000c60ff428,0x00000000c6100000)
 Metaspace       used 37700K, capacity 38198K, committed 38616K, reserved 1083392K
  class space    used 4971K, capacity 5100K, committed 5120K, reserved 1048576K
}
Event: 11.962 GC heap before
{Heap before GC invocations=13 (full 3):
 PSYoungGen      total 109056K, used 109026K [0x00000000eb500000, 0x00000000f5500000, 0x0000000100000000)
  eden space 97280K, 100% used [0x00000000eb500000,0x00000000f1400000,0x00000000f1400000)
  from space 11776K, 99% used [0x00000000f1400000,0x00000000f1f78898,0x00000000f1f80000)
  to   space 15872K, 99% used [0x00000000f4580000,0x00000000f54fcd60,0x00000000f5500000)
 ParOldGen       total 68608K, used 68605K [0x00000000c1e00000, 0x00000000c6100000, 0x00000000eb500000)
  object space 68608K, 99% used [0x00000000c1e00000,0x00000000c60ff428,0x00000000c6100000)
 Metaspace       used 37700K, capacity 38198K, committed 38616K, reserved 1083392K
  class space    used 4971K, capacity 5100K, committed 5120K, reserved 1048576K
Event: 12.592 GC heap after
Heap after GC invocations=13 (full 3):
 PSYoungGen      total 109056K, used 28804K [0x00000000eb500000, 0x00000000f5500000, 0x0000000100000000)
  eden space 97280K, 29% used [0x00000000eb500000,0x00000000ed121148,0x00000000f1400000)
  from space 11776K, 0% used [0x00000000f1400000,0x00000000f1400000,0x00000000f1f80000)
  to   space 15872K, 0% used [0x00000000f4580000,0x00000000f4580000,0x00000000f5500000)
 ParOldGen       total 68608K, used 68577K [0x00000000c1e00000, 0x00000000c6100000, 0x00000000eb500000)
  object space 68608K, 99% used [0x00000000c1e00000,0x00000000c60f8770,0x00000000c6100000)
 Metaspace       used 37698K, capacity 38192K, committed 38616K, reserved 1083392K
  class space    used 4970K, capacity 5099K, committed 5120K, reserved 1048576K
}
Event: 12.975 GC heap before
{Heap before GC invocations=14 (full 4):
 PSYoungGen      total 109056K, used 97280K [0x00000000eb500000, 0x00000000f5500000, 0x0000000100000000)
  eden space 97280K, 100% used [0x00000000eb500000,0x00000000f1400000,0x00000000f1400000)
  from space 11776K, 0% used [0x00000000f1400000,0x00000000f1400000,0x00000000f1f80000)
  to   space 15872K, 0% used [0x00000000f4580000,0x00000000f4580000,0x00000000f5500000)
 ParOldGen       total 68608K, used 68577K [0x00000000c1e00000, 0x00000000c6100000, 0x00000000eb500000)
  object space 68608K, 99% used [0x00000000c1e00000,0x00000000c60f8770,0x00000000c6100000)
 Metaspace       used 37700K, capacity 38192K, committed 38616K, reserved 1083392K
  class space    used 4970K, capacity 5099K, committed 5120K, reserved 1048576K
Event: 13.293 GC heap after
Heap after GC invocations=14 (full 4):
 PSYoungGen      total 109056K, used 28693K [0x00000000eb500000, 0x00000000f5500000, 0x0000000100000000)
  eden space 97280K, 29% used [0x00000000eb500000,0x00000000ed105560,0x00000000f1400000)
  from space 11776K, 0% used [0x00000000f1400000,0x00000000f1400000,0x00000000f1f80000)
  to   space 15872K, 0% used [0x00000000f4580000,0x00000000f4580000,0x00000000f5500000)
 ParOldGen       total 68608K, used 68330K [0x00000000c1e00000, 0x00000000c6100000, 0x00000000eb500000)
  object space 68608K, 99% used [0x00000000c1e00000,0x00000000c60babd8,0x00000000c6100000)
 Metaspace       used 37700K, capacity 38192K, committed 38616K, reserved 1083392K
  class space    used 4970K, capacity 5099K, committed 5120K, reserved 1048576K
}

Deoptimization events (10 events):
Event: 13.465 Thread 0x0000000018a1f800 Uncommon trap: reason=unstable_if action=reinterpret pc=0x0000000003154e98 method=java.lang.Character.isHighSurrogate(C)Z @ 3
Event: 13.465 Thread 0x0000000018a1f800 Uncommon trap: reason=unstable_if action=reinterpret pc=0x00000000031551a8 method=java.lang.Character.isHighSurrogate(C)Z @ 3
Event: 13.502 Thread 0x0000000018a1f800 Uncommon trap: reason=unstable_if action=reinterpret pc=0x0000000002f41fec method=sun.nio.cs.UnicodeDecoder.decodeLoop(Ljava/nio/ByteBuffer;Ljava/nio/CharBuffer;)Ljava/nio/charset/CoderResult; @ 55
Event: 13.506 Thread 0x0000000018a1f800 Uncommon trap: reason=class_check action=maybe_recompile pc=0x0000000002d941e4 method=java.util.regex.Matcher.getTextLength()I @ 4
Event: 13.506 Thread 0x0000000018a1f800 Uncommon trap: reason=class_check action=maybe_recompile pc=0x0000000002d941e4 method=java.util.regex.Matcher.getTextLength()I @ 4
Event: 13.506 Thread 0x0000000018a1f800 Uncommon trap: reason=class_check action=maybe_recompile pc=0x00000000030436f8 method=java.lang.Character.codePointAt(Ljava/lang/CharSequence;I)I @ 2
Event: 13.506 Thread 0x0000000018a1f800 Uncommon trap: reason=class_check action=maybe_recompile pc=0x00000000030436f8 method=java.lang.Character.codePointAt(Ljava/lang/CharSequence;I)I @ 2
Event: 13.506 Thread 0x0000000018a1f800 Uncommon trap: reason=class_check action=maybe_recompile pc=0x00000000030436f8 method=java.lang.Character.codePointAt(Ljava/lang/CharSequence;I)I @ 2
Event: 13.506 Thread 0x0000000018a1f800 Uncommon trap: reason=class_check action=maybe_recompile pc=0x00000000030436f8 method=java.lang.Character.codePointAt(Ljava/lang/CharSequence;I)I @ 2
Event: 13.506 Thread 0x0000000018a1f800 Uncommon trap: reason=class_check action=maybe_recompile pc=0x00000000030527dc method=java.lang.Character.codePointAt(Ljava/lang/CharSequence;I)I @ 2

Classes redefined (0 events):
No events

Internal exceptions (10 events):
Event: 10.004 Thread 0x0000000018a1f800 Exception <a 'java/lang/ClassNotFoundException': org/apache/log4j/WriterAppenderCustomizer> (0x00000000ee8e53e0) thrown at [C:\re\workspace\8-2-build-windows-amd64-cygwin\jdk8u181\11358\hotspot\src\share\vm\classfile\systemDictionary.cpp, line 210]
Event: 10.006 Thread 0x0000000018a1f800 Exception <a 'java/lang/ClassNotFoundException': org/apache/log4j/FileAppenderCustomizer> (0x00000000ee9028f0) thrown at [C:\re\workspace\8-2-build-windows-amd64-cygwin\jdk8u181\11358\hotspot\src\share\vm\classfile\systemDictionary.cpp, line 210]
Event: 10.022 Thread 0x0000000018a1f800 Exception <a 'java/lang/ClassNotFoundException': org/apache/log4j/PatternLayoutBeanInfo> (0x00000000ee9943a8) thrown at [C:\re\workspace\8-2-build-windows-amd64-cygwin\jdk8u181\11358\hotspot\src\share\vm\classfile\systemDictionary.cpp, line 210]
Event: 10.022 Thread 0x0000000018a1f800 Exception <a 'java/lang/ClassNotFoundException': org/apache/log4j/LayoutBeanInfo> (0x00000000ee9a35a8) thrown at [C:\re\workspace\8-2-build-windows-amd64-cygwin\jdk8u181\11358\hotspot\src\share\vm\classfile\systemDictionary.cpp, line 210]
Event: 10.023 Thread 0x0000000018a1f800 Exception <a 'java/lang/ClassNotFoundException': org/apache/log4j/LayoutCustomizer> (0x00000000ee9b2b88) thrown at [C:\re\workspace\8-2-build-windows-amd64-cygwin\jdk8u181\11358\hotspot\src\share\vm\classfile\systemDictionary.cpp, line 210]
Event: 10.024 Thread 0x0000000018a1f800 Exception <a 'java/lang/ClassNotFoundException': org/apache/log4j/PatternLayoutCustomizer> (0x00000000ee9c8500) thrown at [C:\re\workspace\8-2-build-windows-amd64-cygwin\jdk8u181\11358\hotspot\src\share\vm\classfile\systemDictionary.cpp, line 210]
Event: 10.026 Thread 0x0000000018a1f800 Exception <a 'java/lang/ClassNotFoundException': org/apache/log4j/ConsoleAppenderBeanInfo> (0x00000000ee9e07b8) thrown at [C:\re\workspace\8-2-build-windows-amd64-cygwin\jdk8u181\11358\hotspot\src\share\vm\classfile\systemDictionary.cpp, line 210]
Event: 10.027 Thread 0x0000000018a1f800 Exception <a 'java/lang/ClassNotFoundException': org/apache/log4j/ConsoleAppenderCustomizer> (0x00000000ee9f1b68) thrown at [C:\re\workspace\8-2-build-windows-amd64-cygwin\jdk8u181\11358\hotspot\src\share\vm\classfile\systemDictionary.cpp, line 210]
Event: 10.034 Thread 0x0000000018a1f800 Exception <a 'java/lang/ClassNotFoundException': com/sun/org/glassfish/hk2/osgiresourcelocator/ServiceLoader> (0x00000000eea1e768) thrown at [C:\re\workspace\8-2-build-windows-amd64-cygwin\jdk8u181\11358\hotspot\src\share\vm\classfile\systemDictionary.cpp
Event: 10.042 Thread 0x0000000018a1f800 Exception <a 'java/lang/NullPointerException'> (0x00000000eea31670) thrown at [C:\re\workspace\8-2-build-windows-amd64-cygwin\jdk8u181\11358\hotspot\src\share\vm\interpreter\linkResolver.cpp, line 1287]

Events (10 events):
Event: 13.506 Thread 0x0000000018a1f800 DEOPT UNPACKING pc=0x000000000294583b sp=0x000000001a36ea58 mode 2
Event: 13.506 Thread 0x0000000018a1f800 Uncommon trap: trap_request=0xffffffde fr.pc=0x00000000030436f8
Event: 13.506 Thread 0x0000000018a1f800 DEOPT PACKING pc=0x00000000030436f8 sp=0x000000001a36eb00
Event: 13.506 Thread 0x0000000018a1f800 DEOPT UNPACKING pc=0x000000000294583b sp=0x000000001a36ea58 mode 2
Event: 13.506 Thread 0x0000000018a1f800 Uncommon trap: trap_request=0xffffffde fr.pc=0x00000000030436f8
Event: 13.506 Thread 0x0000000018a1f800 DEOPT PACKING pc=0x00000000030436f8 sp=0x000000001a36eb00
Event: 13.506 Thread 0x0000000018a1f800 DEOPT UNPACKING pc=0x000000000294583b sp=0x000000001a36ea58 mode 2
Event: 13.506 Thread 0x0000000018a1f800 Uncommon trap: trap_request=0xffffffde fr.pc=0x00000000030527dc
Event: 13.506 Thread 0x0000000018a1f800 DEOPT PACKING pc=0x00000000030527dc sp=0x000000001a36eac0
Event: 13.506 Thread 0x0000000018a1f800 DEOPT UNPACKING pc=0x000000000294583b sp=0x000000001a36ea60 mode 2


Dynamic libraries:
0x00007ff66e0e0000 - 0x00007ff66e117000 	C:\Program Files\Java\jdk1.8.0_181\bin\java.exe
0x00007ffc99d10000 - 0x00007ffc99ef1000 	C:\WINDOWS\SYSTEM32\ntdll.dll
0x00007ffc7b590000 - 0x00007ffc7b5a4000 	C:\Program Files\AVAST Software\Avast\x64\aswhooka.dll
0x00007ffc97b00000 - 0x00007ffc97bb2000 	C:\WINDOWS\System32\KERNEL32.DLL
0x00007ffc96130000 - 0x00007ffc963a3000 	C:\WINDOWS\System32\KERNELBASE.dll
0x00007ffc97650000 - 0x00007ffc976f1000 	C:\WINDOWS\System32\ADVAPI32.dll
0x00007ffc98310000 - 0x00007ffc983ae000 	C:\WINDOWS\System32\msvcrt.dll
0x00007ffc971a0000 - 0x00007ffc971fb000 	C:\WINDOWS\System32\sechost.dll
0x00007ffc97700000 - 0x00007ffc97824000 	C:\WINDOWS\System32\RPCRT4.dll
0x00007ffc99880000 - 0x00007ffc99a10000 	C:\WINDOWS\System32\USER32.dll
0x00007ffc964b0000 - 0x00007ffc964d0000 	C:\WINDOWS\System32\win32u.dll
0x00007ffc98070000 - 0x00007ffc98098000 	C:\WINDOWS\System32\GDI32.dll
0x00007ffc96f00000 - 0x00007ffc97092000 	C:\WINDOWS\System32\gdi32full.dll
0x00007ffc97100000 - 0x00007ffc9719f000 	C:\WINDOWS\System32\msvcp_win.dll
0x00007ffc963b0000 - 0x00007ffc964aa000 	C:\WINDOWS\System32\ucrtbase.dll
0x00007ffc7db60000 - 0x00007ffc7ddc9000 	C:\WINDOWS\WinSxS\amd64_microsoft.windows.common-controls_6595b64144ccf1df_6.0.17134.345_none_fb429a5930656358\COMCTL32.dll
0x00007ffc97d40000 - 0x00007ffc98063000 	C:\WINDOWS\System32\combase.dll
0x00007ffc96770000 - 0x00007ffc967ea000 	C:\WINDOWS\System32\bcryptPrimitives.dll
0x00007ffc98410000 - 0x00007ffc9843d000 	C:\WINDOWS\System32\IMM32.DLL
0x00000000741b0000 - 0x0000000074282000 	C:\Program Files\Java\jdk1.8.0_181\jre\bin\msvcr100.dll
0x00000000733a0000 - 0x0000000073c42000 	C:\Program Files\Java\jdk1.8.0_181\jre\bin\server\jvm.dll
0x00007ffc99b00000 - 0x00007ffc99b08000 	C:\WINDOWS\System32\PSAPI.DLL
0x00007ffc82760000 - 0x00007ffc82769000 	C:\WINDOWS\SYSTEM32\WSOCK32.dll
0x00007ffc99c70000 - 0x00007ffc99cdc000 	C:\WINDOWS\System32\WS2_32.dll
0x00007ffc93ea0000 - 0x00007ffc93ec3000 	C:\WINDOWS\SYSTEM32\WINMM.dll
0x00007ffc82af0000 - 0x00007ffc82afa000 	C:\WINDOWS\SYSTEM32\VERSION.dll
0x00007ffc93e40000 - 0x00007ffc93e6a000 	C:\WINDOWS\SYSTEM32\WINMMBASE.dll
0x00007ffc960e0000 - 0x00007ffc96129000 	C:\WINDOWS\System32\cfgmgr32.dll
0x0000000074160000 - 0x000000007416f000 	C:\Program Files\Java\jdk1.8.0_181\jre\bin\verify.dll
0x0000000074130000 - 0x0000000074159000 	C:\Program Files\Java\jdk1.8.0_181\jre\bin\java.dll
0x0000000074110000 - 0x0000000074126000 	C:\Program Files\Java\jdk1.8.0_181\jre\bin\zip.dll
0x00007ffc98440000 - 0x00007ffc9987f000 	C:\WINDOWS\System32\SHELL32.dll
0x00007ffc97bc0000 - 0x00007ffc97c69000 	C:\WINDOWS\System32\shcore.dll
0x00007ffc967f0000 - 0x00007ffc96efd000 	C:\WINDOWS\System32\windows.storage.dll
0x00007ffc982b0000 - 0x00007ffc98301000 	C:\WINDOWS\System32\shlwapi.dll
0x00007ffc960a0000 - 0x00007ffc960b1000 	C:\WINDOWS\System32\kernel.appcore.dll
0x00007ffc960c0000 - 0x00007ffc960df000 	C:\WINDOWS\System32\profapi.dll
0x00007ffc96050000 - 0x00007ffc9609c000 	C:\WINDOWS\System32\powrprof.dll
0x00007ffc96020000 - 0x00007ffc9602a000 	C:\WINDOWS\System32\FLTLIB.DLL
0x00000000740f0000 - 0x000000007410a000 	C:\Program Files\Java\jdk1.8.0_181\jre\bin\net.dll
0x00007ffc958a0000 - 0x00007ffc95906000 	C:\WINDOWS\system32\mswsock.dll
0x00007ffc95620000 - 0x00007ffc95658000 	C:\WINDOWS\SYSTEM32\IPHLPAPI.DLL
0x00007ffc98240000 - 0x00007ffc98248000 	C:\WINDOWS\System32\NSI.dll
0x00007ffc8bda0000 - 0x00007ffc8bdb6000 	C:\WINDOWS\SYSTEM32\dhcpcsvc6.DLL
0x00007ffc8c300000 - 0x00007ffc8c31a000 	C:\WINDOWS\SYSTEM32\dhcpcsvc.DLL
0x0000000073200000 - 0x0000000073399000 	C:\Program Files\Java\jdk1.8.0_181\jre\bin\awt.dll
0x00007ffc97c70000 - 0x00007ffc97d32000 	C:\WINDOWS\System32\OLEAUT32.dll
0x00007ffc93f90000 - 0x00007ffc9401b000 	C:\WINDOWS\SYSTEM32\apphelp.dll
0x00007ffc94450000 - 0x00007ffc94479000 	C:\WINDOWS\system32\DWMAPI.DLL
0x00007ffc94140000 - 0x00007ffc941d8000 	C:\WINDOWS\system32\uxtheme.dll
0x00007ffc711f0000 - 0x00007ffc71310000 	C:\WINDOWS\system32\opengl32.dll
0x00007ffc88e70000 - 0x00007ffc88e9c000 	C:\WINDOWS\SYSTEM32\GLU32.dll
0x00007ffc97980000 - 0x00007ffc97af4000 	C:\WINDOWS\System32\MSCTF.dll
0x00007ffc99b10000 - 0x00007ffc99c61000 	C:\WINDOWS\System32\ole32.dll
0x00007ffc669f0000 - 0x00007ffc66a06000 	C:\WINDOWS\system32\napinsp.dll
0x00007ffc669d0000 - 0x00007ffc669ea000 	C:\WINDOWS\system32\pnrpnsp.dll
0x00007ffc92520000 - 0x00007ffc92539000 	C:\WINDOWS\system32\NLAapi.dll
0x00007ffc95670000 - 0x00007ffc9572e000 	C:\WINDOWS\SYSTEM32\DNSAPI.dll
0x00007ffc7ab80000 - 0x00007ffc7ab8e000 	C:\WINDOWS\System32\winrnr.dll
0x00007ffc8c540000 - 0x00007ffc8c555000 	C:\WINDOWS\System32\wshbth.dll
0x00007ffc86370000 - 0x00007ffc8637a000 	C:\Windows\System32\rasadhlp.dll
0x00007ffc86cd0000 - 0x00007ffc86d42000 	C:\WINDOWS\System32\fwpuclnt.dll
0x00007ffc95b80000 - 0x00007ffc95ba5000 	C:\WINDOWS\SYSTEM32\bcrypt.dll
0x00000000731d0000 - 0x00000000731f4000 	C:\Program Files\Java\jdk1.8.0_181\jre\bin\sunec.dll
0x0000000074080000 - 0x00000000740c7000 	C:\Program Files\Java\jdk1.8.0_181\jre\bin\fontmanager.dll
0x00007ffc97830000 - 0x00007ffc978d0000 	C:\WINDOWS\System32\clbcatq.dll
0x00007ffc91c60000 - 0x00007ffc91e0e000 	C:\WINDOWS\SYSTEM32\WindowsCodecs.dll
0x00007ffc77710000 - 0x00007ffc77768000 	C:\WINDOWS\system32\dataexchange.dll
0x00007ffc92d00000 - 0x00007ffc9300b000 	C:\WINDOWS\system32\d3d11.dll
0x00007ffc93630000 - 0x00007ffc937cc000 	C:\WINDOWS\system32\dcomp.dll
0x00007ffc94de0000 - 0x00007ffc94e9b000 	C:\WINDOWS\system32\dxgi.dll
0x00007ffc94480000 - 0x00007ffc94638000 	C:\WINDOWS\system32\twinapi.appcore.dll
0x00007ffc943a0000 - 0x00007ffc943c1000 	C:\WINDOWS\system32\RMCLIENT.dll
0x00000000740d0000 - 0x00000000740e1000 	C:\Program Files\Java\jdk1.8.0_181\jre\bin\nio.dll
0x0000000074030000 - 0x0000000074072000 	C:\Program Files\Java\jdk1.8.0_181\jre\bin\t2k.dll
0x00007ffc95a50000 - 0x00007ffc95a67000 	C:\WINDOWS\SYSTEM32\CRYPTSP.dll
0x00007ffc95480000 - 0x00007ffc954b3000 	C:\WINDOWS\system32\rsaenh.dll
0x00007ffc95f20000 - 0x00007ffc95f48000 	C:\WINDOWS\SYSTEM32\USERENV.dll
0x00007ffc95a70000 - 0x00007ffc95a7b000 	C:\WINDOWS\SYSTEM32\CRYPTBASE.dll
0x0000000072970000 - 0x00000000729a1000 	C:\Program Files\Java\jdk1.8.0_181\jre\bin\jpeg.dll
0x00007ffc8b3e0000 - 0x00007ffc8b477000 	C:\WINDOWS\System32\TextInputFramework.dll
0x00007ffc91720000 - 0x00007ffc91a3e000 	C:\WINDOWS\System32\CoreUIComponents.dll
0x00007ffc93930000 - 0x00007ffc93a0a000 	C:\WINDOWS\System32\CoreMessaging.dll
0x00007ffc95110000 - 0x00007ffc95141000 	C:\WINDOWS\SYSTEM32\ntmarta.dll
0x00007ffc91e20000 - 0x00007ffc91f6d000 	C:\WINDOWS\SYSTEM32\wintypes.dll
0x0000000073fe0000 - 0x0000000073feb000 	C:\Program Files\Java\jdk1.8.0_181\jre\bin\sunmscapi.dll
0x00007ffc96580000 - 0x00007ffc96762000 	C:\WINDOWS\System32\CRYPT32.dll
0x00007ffc96030000 - 0x00007ffc96042000 	C:\WINDOWS\System32\MSASN1.dll
0x00000000731c0000 - 0x00000000731cc000 	C:\Program Files\Java\jdk1.8.0_181\jre\bin\jsound.dll
0x00000000731b0000 - 0x00000000731bb000 	C:\Program Files\Java\jdk1.8.0_181\jre\bin\jsoundds.dll
0x00007ffc7bcc0000 - 0x00007ffc7bd4f000 	C:\WINDOWS\SYSTEM32\DSOUND.dll
0x00007ffc88850000 - 0x00007ffc888c6000 	C:\WINDOWS\SYSTEM32\MMDevAPI.DLL
0x00007ffc95e30000 - 0x00007ffc95e57000 	C:\WINDOWS\SYSTEM32\DEVOBJ.dll
0x00007ffc926e0000 - 0x00007ffc92894000 	C:\WINDOWS\SYSTEM32\PROPSYS.dll
0x00007ffc88ea0000 - 0x00007ffc88ee4000 	C:\WINDOWS\SYSTEM32\wdmaud.drv
0x00007ffc92590000 - 0x00007ffc92599000 	C:\WINDOWS\SYSTEM32\ksuser.dll
0x00007ffc91b90000 - 0x00007ffc91b9a000 	C:\WINDOWS\SYSTEM32\AVRT.dll
0x00007ffc85d60000 - 0x00007ffc85e8c000 	C:\WINDOWS\SYSTEM32\AUDIOSES.DLL
0x00007ffc91aa0000 - 0x00007ffc91aad000 	C:\WINDOWS\SYSTEM32\msacm32.drv
0x00007ffc89f60000 - 0x00007ffc89f7c000 	C:\WINDOWS\SYSTEM32\MSACM32.dll
0x00007ffc8c240000 - 0x00007ffc8c24a000 	C:\WINDOWS\SYSTEM32\midimap.dll

VM Arguments:
java_command: jade.Boot -gui -agents GeradorVoz:Agentes.GeradorVoz;GeradorLN:Agentes.GeradorLN;Gerenciador:Agentes.Gerenciador;Semantizador:Agentes.Semantizador;ReconhecedorVoz:Agentes.ReconhecedorVoz;SimuladorCasa:Agentes.SimuladorCasa;
java_class_path (initial): C:\Users\Lidera Consultoria\Documents\NetBeansProjects\TCC\target\classes;C:\Users\Lidera Consultoria\.m2\repository\org\cogroo\lang\pt_br\cogroo-gc-pt_br\4.2.0\cogroo-gc-pt_br-4.2.0.jar;C:\Users\Lidera Consultoria\.m2\repository\org\cogroo\cogroo-gc\4.2.0\cogroo-gc-4.2.0.jar;C:\Users\Lidera Consultoria\.m2\repository\org\cogroo\lang\pt_br\cogroo-ann-pt_br\4.2.0\cogroo-ann-pt_br-4.2.0.jar;C:\Users\Lidera Consultoria\.m2\repository\org\cogroo\cogroo-ann\4.2.0\cogroo-ann-4.2.0.jar;C:\Users\Lidera Consultoria\.m2\repository\org\cogroo\cogroo-nlp\4.2.0\cogroo-nlp-4.2.0.jar;C:\Users\Lidera Consultoria\.m2\repository\org\apache\opennlp\opennlp-tools\1.7.2\opennlp-tools-1.7.2.jar;C:\Users\Lidera Consultoria\.m2\repository\javax\xml\bind\jaxb-api\2.2.5\jaxb-api-2.2.5.jar;C:\Users\Lidera Consultoria\.m2\repository\org\carrot2\morfologik-fsa\1.5.3\morfologik-fsa-1.5.3.jar;C:\Users\Lidera Consultoria\.m2\repository\com\carrotsearch\hppc\0.4.1\hppc-0.4.1.jar;C:\Users\Lidera Consultoria\.m2\repository\org\carrot2\morfologik-stemming\1.5.2\morfologik-stemming-1.5.2.jar;C:\Users\Lidera Consultoria\.m2\repository\org\carrot2\morfologik-tools\1.5.2\morfologik-tools-1.5.2.jar;C:\Users\Lidera Consultoria\.m2\repository\org\carrot2\morfologik-polish\1.5.2\morfologik-polish-1.5.2.jar;C:\Users\Lidera Consultoria\.m2\repository\commons-lang\commons-lang\2.6\commons-lang-2.6.jar;C:\Users\Lidera Consultoria\.m2\repository\log4j\log4j\1.2.17\log4j-1.2.17.jar;C:\Users\Lidera Consultoria\.m2\repository\org\cogroo\lang\pt_br\cogroo-res-pt_br\4.2.0\cogroo-res-pt_br-4.2.0.jar;C:\Users\Lidera Consultoria\.m2\repository\Ab\com.google\0.0.4.3\com.google-0.0.4.3.jar;C:\Users\Lidera Consultoria\.m2\repository\com\tilab\jade\jade\4.5.0\jade-4.5.0.jar;C:\Users\Lidera Consultoria\.m2\repository\commons-codec\commons-codec\1.3\commons-codec-1.3.jar;C:\Users\Lidera Consultoria\.m2\repository\net\sourceforge\owlapi\owlapi-api\5.1.7\owlapi-api-5.1.7.jar;C:\Users\Lidera Consultori
Launcher Type: SUN_STANDARD

Environment Variables:
JAVA_HOME=C:\Program Files\Java\jdk1.8.0_181
PATH=C:\SIMULIA\Commands;C:\Program Files (x86)\Intel\Intel(R) Management Engine Components\iCLS\;C:\Program Files\Intel\Intel(R) Management Engine Components\iCLS\;C:\Program Files (x86)\Common Files\Oracle\Java\javapath;C:\Program Files\Microsoft MPI\Bin\;C:\ProgramData\Oracle\Java\javapath;C:\WINDOWS\system32;C:\WINDOWS;C:\WINDOWS\System32\Wbem;C:\WINDOWS\System32\WindowsPowerShell\v1.0\;C:\Program Files\dotnet\;C:\Program Files\Microsoft SQL Server\130\Tools\Binn\;C:\WINDOWS\System32\OpenSSH\;C:\Program Files (x86)\Intel\Intel(R) Management Engine Components\DAL;C:\Program Files\Intel\Intel(R) Management Engine Components\DAL;C:\Program Files (x86)\Intel\Intel(R) Management Engine Components\IPT;C:\Program Files\Intel\Intel(R) Management Engine Components\IPT;C:\Program Files\Intel\WiFi\bin\;C:\Program Files\Common Files\Intel\WirelessCommon\;C:\Users\Lidera Consultoria\AppData\Local\Microsoft\WindowsApps;;C:\Program Files\Microsoft VS Code\bin;C:\Program Files\Intel\WiFi\bin\;C:\Program Files\Common Files\Intel\WirelessCommon\
USERNAME=Lidera Consultoria
OS=Windows_NT
PROCESSOR_IDENTIFIER=Intel64 Family 6 Model 78 Stepping 3, GenuineIntel



---------------  S Y S T E M  ---------------

OS: Windows 10.0 , 64 bit Build 17134 (10.0.17134.1)

CPU:total 4 (initial active 4) (2 cores per cpu, 2 threads per core) family 6 model 78 stepping 3, cmov, cx8, fxsr, mmx, sse, sse2, sse3, ssse3, sse4.1, sse4.2, popcnt, avx, avx2, aes, clmul, erms, 3dnowpref, lzcnt, ht, tsc, tscinvbit, bmi1, bmi2, adx

Memory: 4k page, physical 4066020k(254572k free), swap 4066020k(4272k free)

vm_info: Java HotSpot(TM) 64-Bit Server VM (25.181-b13) for windows-amd64 JRE (1.8.0_181-b13), built on Jul  7 2018 04:01:33 by "java_re" with MS VC++ 10.0 (VS2010)

time: Thu Oct 25 16:41:53 2018
elapsed time: 13 seconds (0d 0h 0m 13s)

