#
# There is insufficient memory for the Java Runtime Environment to continue.
# Native memory allocation (malloc) failed to allocate 2418736 bytes for Chunk::new
# Possible reasons:
#   The system is out of physical RAM or swap space
#   In 32 bit mode, the process size limit was hit
# Possible solutions:
#   Reduce memory load on the system
#   Increase physical memory or swap space
#   Check if swap backing store is full
#   Use 64 bit Java on a 64 bit OS
#   Decrease Java heap size (-Xmx/-Xms)
#   Decrease number of Java threads
#   Decrease Java thread stack sizes (-Xss)
#   Set larger code cache with -XX:ReservedCodeCacheSize=
# This output file may be truncated or incomplete.
#
#  Out of Memory Error (allocation.cpp:390), pid=6836, tid=0x0000000000000694
#
# JRE version: Java(TM) SE Runtime Environment (8.0_181-b13) (build 1.8.0_181-b13)
# Java VM: Java HotSpot(TM) 64-Bit Server VM (25.181-b13 mixed mode windows-amd64 compressed oops)
# Failed to write core dump. Minidumps are not enabled by default on client versions of Windows
#

---------------  T H R E A D  ---------------

Current thread (0x00000000149bc000):  
[error occurred during error reporting (printing current thread), id 0xc0000005]

Stack: [0x0000000016120000,0x0000000016220000]
[error occurred during error reporting (printing stack bounds), id 0xc0000005]

Native frames: (J=compiled Java code, j=interpreted, Vv=VM code, C=native code)


Current CompileTask:
C2:  11149 3009       4       java.net.URLClassLoader$1::run (5 bytes)


---------------  P R O C E S S  ---------------

Java Threads: ( => current thread )
  0x0000000018110000 
[error occurred during error reporting (printing all threads), id 0xc0000005]

VM state:at safepoint (normal execution)

VM Mutex/Monitor currently owned by a thread:  ([mutex/lock_event])
[0x00000000022f36d0] Threads_lock - owner thread: 0x0000000014977800
[0x00000000022f3a50] Heap_lock - owner thread: 0x0000000018110000

Heap:
 PSYoungGen      total 115200K, used 10735K [0x00000000eb500000, 0x00000000f8f80000, 0x0000000100000000)
  eden space 104448K, 0% used [0x00000000eb500000,0x00000000eb500000,0x00000000f1b00000)
  from space 10752K, 99% used [0x00000000f1b00000,0x00000000f257bca8,0x00000000f2580000)
  to   space 33792K, 0% used [0x00000000f6e80000,0x00000000f6e80000,0x00000000f8f80000)
 ParOldGen       total 68608K, used 67774K [0x00000000c1e00000, 0x00000000c6100000, 0x00000000eb500000)
  object space 68608K, 98% used [0x00000000c1e00000,0x00000000c602fba0,0x00000000c6100000)
 Metaspace       used 36882K, capacity 37418K, committed 37848K, reserved 1081344K
  class space    used 4874K, capacity 5034K, committed 5120K, reserved 1048576K

Card table byte_map: [0x00000000117b0000,0x00000000119b0000] byte_map_base: 0x00000000111a1000

Marking Bits: (ParMarkBitMap*) 0x0000000073bc2d00
 Begin Bits: [0x0000000011f00000, 0x0000000012e88000)
 End Bits:   [0x0000000012e88000, 0x0000000013e10000)

Polling page: 0x0000000000630000

CodeCache: size=245760Kb used=9200Kb max_used=9621Kb free=236559Kb
 bounds [0x00000000023f0000, 0x0000000002d60000, 0x00000000113f0000]
 total_blobs=3438 nmethods=2811 adapters=538
 compilation: enabled

Compilation events (10 events):
Event: 10.625 Thread 0x00000000149c8000 nmethod 3029 0x00000000025fea90 code [0x00000000025feca0, 0x00000000025ff9d8]
Event: 10.625 Thread 0x00000000149c8000 3030       3       com.sun.org.apache.xerces.internal.util.XMLStringBuffer::<init> (7 bytes)
Event: 10.625 Thread 0x00000000149c8000 nmethod 3030 0x00000000025e2810 code [0x00000000025e2980, 0x00000000025e2c90]
Event: 10.628 Thread 0x00000000149c8000 3032       1       java.util.Hashtable$Entry::getValue (5 bytes)
Event: 10.628 Thread 0x00000000149c8000 nmethod 3032 0x0000000002664710 code [0x0000000002664860, 0x0000000002664970]
Event: 10.682 Thread 0x00000000149b9000 nmethod 3020% 0x0000000002d5b710 code [0x0000000002d5b940, 0x0000000002d5d480]
Event: 10.683 Thread 0x00000000149b9000 3028       4       java.util.zip.InflaterInputStream::read (32 bytes)
Event: 10.689 Thread 0x00000000149b9000 nmethod 3028 0x0000000002582e10 code [0x0000000002582fa0, 0x00000000025833b0]
Event: 10.690 Thread 0x00000000149b9000 3031   !   4       com.sun.org.apache.xerces.internal.impl.XMLDocumentFragmentScannerImpl$FragmentContentDriver::next (2346 bytes)
Event: 10.799 Thread 0x00000000149b9000 nmethod 3031 0x00000000026dd710 code [0x00000000026dde00, 0x00000000026e07f8]

GC Heap History (10 events):
Event: 3.129 GC heap after
Heap after GC invocations=7 (full 1):
 PSYoungGen      total 64512K, used 5116K [0x00000000eb500000, 0x00000000f0180000, 0x0000000100000000)
  eden space 59392K, 0% used [0x00000000eb500000,0x00000000eb500000,0x00000000eef00000)
  from space 5120K, 99% used [0x00000000efc80000,0x00000000f017f068,0x00000000f0180000)
  to   space 7168K, 0% used [0x00000000ef380000,0x00000000ef380000,0x00000000efa80000)
 ParOldGen       total 28672K, used 4903K [0x00000000c1e00000, 0x00000000c3a00000, 0x00000000eb500000)
  object space 28672K, 17% used [0x00000000c1e00000,0x00000000c22c9cb0,0x00000000c3a00000)
 Metaspace       used 26041K, capacity 26402K, committed 26880K, reserved 1073152K
  class space    used 3385K, capacity 3504K, committed 3584K, reserved 1048576K
}
Event: 4.262 GC heap before
{Heap before GC invocations=8 (full 1):
 PSYoungGen      total 64512K, used 64508K [0x00000000eb500000, 0x00000000f0180000, 0x0000000100000000)
  eden space 59392K, 100% used [0x00000000eb500000,0x00000000eef00000,0x00000000eef00000)
  from space 5120K, 99% used [0x00000000efc80000,0x00000000f017f068,0x00000000f0180000)
  to   space 7168K, 0% used [0x00000000ef380000,0x00000000ef380000,0x00000000efa80000)
 ParOldGen       total 28672K, used 4903K [0x00000000c1e00000, 0x00000000c3a00000, 0x00000000eb500000)
  object space 28672K, 17% used [0x00000000c1e00000,0x00000000c22c9cb0,0x00000000c3a00000)
 Metaspace       used 31148K, capacity 31600K, committed 32000K, reserved 1077248K
  class space    used 4101K, capacity 4255K, committed 4352K, reserved 1048576K
Event: 4.276 GC heap after
Heap after GC invocations=8 (full 1):
 PSYoungGen      total 71168K, used 7167K [0x00000000eb500000, 0x00000000f2f00000, 0x0000000100000000)
  eden space 64000K, 0% used [0x00000000eb500000,0x00000000eb500000,0x00000000ef380000)
  from space 7168K, 99% used [0x00000000ef380000,0x00000000efa7fcf8,0x00000000efa80000)
  to   space 9728K, 0% used [0x00000000f2580000,0x00000000f2580000,0x00000000f2f00000)
 ParOldGen       total 28672K, used 7559K [0x00000000c1e00000, 0x00000000c3a00000, 0x00000000eb500000)
  object space 28672K, 26% used [0x00000000c1e00000,0x00000000c2561f30,0x00000000c3a00000)
 Metaspace       used 31148K, capacity 31600K, committed 32000K, reserved 1077248K
  class space    used 4101K, capacity 4255K, committed 4352K, reserved 1048576K
}
Event: 9.850 GC heap before
{Heap before GC invocations=9 (full 1):
 PSYoungGen      total 71168K, used 35058K [0x00000000eb500000, 0x00000000f2f00000, 0x0000000100000000)
  eden space 64000K, 43% used [0x00000000eb500000,0x00000000ed03ccb0,0x00000000ef380000)
  from space 7168K, 99% used [0x00000000ef380000,0x00000000efa7fcf8,0x00000000efa80000)
  to   space 9728K, 0% used [0x00000000f2580000,0x00000000f2580000,0x00000000f2f00000)
 ParOldGen       total 28672K, used 7559K [0x00000000c1e00000, 0x00000000c3a00000, 0x00000000eb500000)
  object space 28672K, 26% used [0x00000000c1e00000,0x00000000c2561f30,0x00000000c3a00000)
 Metaspace       used 34640K, capacity 35096K, committed 35416K, reserved 1079296K
  class space    used 4522K, capacity 4647K, committed 4736K, reserved 1048576K
Event: 9.862 GC heap after
Heap after GC invocations=9 (full 1):
 PSYoungGen      total 114176K, used 9437K [0x00000000eb500000, 0x00000000f3580000, 0x0000000100000000)
  eden space 104448K, 0% used [0x00000000eb500000,0x00000000eb500000,0x00000000f1b00000)
  from space 9728K, 97% used [0x00000000f2580000,0x00000000f2eb7780,0x00000000f2f00000)
  to   space 10752K, 0% used [0x00000000f1b00000,0x00000000f1b00000,0x00000000f2580000)
 ParOldGen       total 28672K, used 7695K [0x00000000c1e00000, 0x00000000c3a00000, 0x00000000eb500000)
  object space 28672K, 26% used [0x00000000c1e00000,0x00000000c2583f40,0x00000000c3a00000)
 Metaspace       used 34640K, capacity 35096K, committed 35416K, reserved 1079296K
  class space    used 4522K, capacity 4647K, committed 4736K, reserved 1048576K
}
Event: 9.862 GC heap before
{Heap before GC invocations=10 (full 2):
 PSYoungGen      total 114176K, used 9437K [0x00000000eb500000, 0x00000000f3580000, 0x0000000100000000)
  eden space 104448K, 0% used [0x00000000eb500000,0x00000000eb500000,0x00000000f1b00000)
  from space 9728K, 97% used [0x00000000f2580000,0x00000000f2eb7780,0x00000000f2f00000)
  to   space 10752K, 0% used [0x00000000f1b00000,0x00000000f1b00000,0x00000000f2580000)
 ParOldGen       total 28672K, used 7695K [0x00000000c1e00000, 0x00000000c3a00000, 0x00000000eb500000)
  object space 28672K, 26% used [0x00000000c1e00000,0x00000000c2583f40,0x00000000c3a00000)
 Metaspace       used 34640K, capacity 35096K, committed 35416K, reserved 1079296K
  class space    used 4522K, capacity 4647K, committed 4736K, reserved 1048576K
Event: 9.914 GC heap after
Heap after GC invocations=10 (full 2):
 PSYoungGen      total 114176K, used 0K [0x00000000eb500000, 0x00000000f3580000, 0x0000000100000000)
  eden space 104448K, 0% used [0x00000000eb500000,0x00000000eb500000,0x00000000f1b00000)
  from space 9728K, 0% used [0x00000000f2580000,0x00000000f2580000,0x00000000f2f00000)
  to   space 10752K, 0% used [0x00000000f1b00000,0x00000000f1b00000,0x00000000f2580000)
 ParOldGen       total 43520K, used 14630K [0x00000000c1e00000, 0x00000000c4880000, 0x00000000eb500000)
  object space 43520K, 33% used [0x00000000c1e00000,0x00000000c2c49ac8,0x00000000c4880000)
 Metaspace       used 34640K, capacity 35096K, committed 35416K, reserved 1079296K
  class space    used 4522K, capacity 4647K, committed 4736K, reserved 1048576K
}
Event: 10.898 GC heap before
{Heap before GC invocations=11 (full 2):
 PSYoungGen      total 114176K, used 104448K [0x00000000eb500000, 0x00000000f3580000, 0x0000000100000000)
  eden space 104448K, 100% used [0x00000000eb500000,0x00000000f1b00000,0x00000000f1b00000)
  from space 9728K, 0% used [0x00000000f2580000,0x00000000f2580000,0x00000000f2f00000)
  to   space 10752K, 0% used [0x00000000f1b00000,0x00000000f1b00000,0x00000000f2580000)
 ParOldGen       total 43520K, used 14630K [0x00000000c1e00000, 0x00000000c4880000, 0x00000000eb500000)
  object space 43520K, 33% used [0x00000000c1e00000,0x00000000c2c49ac8,0x00000000c4880000)
 Metaspace       used 36882K, capacity 37418K, committed 37848K, reserved 1081344K
  class space    used 4874K, capacity 5034K, committed 5120K, reserved 1048576K
Event: 11.003 GC heap after
Heap after GC invocations=11 (full 2):
 PSYoungGen      total 115200K, used 10735K [0x00000000eb500000, 0x00000000f8f80000, 0x0000000100000000)
  eden space 104448K, 0% used [0x00000000eb500000,0x00000000eb500000,0x00000000f1b00000)
  from space 10752K, 99% used [0x00000000f1b00000,0x00000000f257bca8,0x00000000f2580000)
  to   space 33792K, 0% used [0x00000000f6e80000,0x00000000f6e80000,0x00000000f8f80000)
 ParOldGen       total 68608K, used 67774K [0x00000000c1e00000, 0x00000000c6100000, 0x00000000eb500000)
  object space 68608K, 98% used [0x00000000c1e00000,0x00000000c602fba0,0x00000000c6100000)
 Metaspace       used 36882K, capacity 37418K, committed 37848K, reserved 1081344K
  class space    used 4874K, capacity 5034K, committed 5120K, reserved 1048576K
}
Event: 11.003 GC heap before
{Heap before GC invocations=12 (full 3):
 PSYoungGen      total 115200K, used 10735K [0x00000000eb500000, 0x00000000f8f80000, 0x0000000100000000)
  eden space 104448K, 0% used [0x00000000eb500000,0x00000000eb500000,0x00000000f1b00000)
  from space 10752K, 99% used [0x00000000f1b00000,0x00000000f257bca8,0x00000000f2580000)
  to   space 33792K, 0% used [0x00000000f6e80000,0x00000000f6e80000,0x00000000f8f80000)
 ParOldGen       total 68608K, used 67774K [0x00000000c1e00000, 0x00000000c6100000, 0x00000000eb500000)
  object space 68608K, 98% used [0x00000000c1e00000,0x00000000c602fba0,0x00000000c6100000)
 Metaspace       used 36882K, capacity 37418K, committed 37848K, reserved 1081344K
  class space    used 4874K, capacity 5034K, committed 5120K, reserved 1048576K

Deoptimization events (10 events):
Event: 10.061 Thread 0x000000001810b800 Uncommon trap: reason=unstable_if action=reinterpret pc=0x000000000291b52c method=java.util.concurrent.ConcurrentHashMap.transfer([Ljava/util/concurrent/ConcurrentHashMap$Node;[Ljava/util/concurrent/ConcurrentHashMap$Node;)V @ 277
Event: 10.061 Thread 0x000000001810b800 Uncommon trap: reason=unstable_if action=reinterpret pc=0x00000000028e535c method=java.util.concurrent.ConcurrentHashMap.addCount(JI)V @ 168
Event: 10.065 Thread 0x0000000018109000 Uncommon trap: reason=class_check action=maybe_recompile pc=0x0000000002c6f6ec method=java.util.zip.InflaterInputStream.read([BII)I @ 100
Event: 10.066 Thread 0x000000001810b800 Uncommon trap: reason=class_check action=maybe_recompile pc=0x0000000002c6f6ec method=java.util.zip.InflaterInputStream.read([BII)I @ 100
Event: 10.066 Thread 0x0000000018107000 Uncommon trap: reason=class_check action=maybe_recompile pc=0x0000000002c6f6ec method=java.util.zip.InflaterInputStream.read([BII)I @ 100
Event: 10.066 Thread 0x000000001810f000 Uncommon trap: reason=class_check action=maybe_recompile pc=0x0000000002c6f6ec method=java.util.zip.InflaterInputStream.read([BII)I @ 100
Event: 10.623 Thread 0x0000000018107000 Uncommon trap: reason=class_check action=maybe_recompile pc=0x0000000002d59160 method=java.util.zip.InflaterInputStream.read()I @ 11
Event: 10.623 Thread 0x0000000018107000 Uncommon trap: reason=class_check action=maybe_recompile pc=0x0000000002d59160 method=java.util.zip.InflaterInputStream.read()I @ 11
Event: 10.623 Thread 0x0000000018107000 Uncommon trap: reason=class_check action=maybe_recompile pc=0x0000000002d59160 method=java.util.zip.InflaterInputStream.read()I @ 11
Event: 10.623 Thread 0x0000000018107000 Uncommon trap: reason=class_check action=maybe_recompile pc=0x0000000002d59160 method=java.util.zip.InflaterInputStream.read()I @ 11

Classes redefined (0 events):
No events

Internal exceptions (10 events):
Event: 9.826 Thread 0x0000000018104000 Exception <a 'java/lang/ClassNotFoundException': org/apache/log4j/WriterAppenderCustomizer> (0x00000000eceb7330) thrown at [C:\re\workspace\8-2-build-windows-amd64-cygwin\jdk8u181\11358\hotspot\src\share\vm\classfile\systemDictionary.cpp, line 210]
Event: 9.827 Thread 0x0000000018104000 Exception <a 'java/lang/ClassNotFoundException': org/apache/log4j/FileAppenderCustomizer> (0x00000000eced47e0) thrown at [C:\re\workspace\8-2-build-windows-amd64-cygwin\jdk8u181\11358\hotspot\src\share\vm\classfile\systemDictionary.cpp, line 210]
Event: 9.839 Thread 0x0000000018104000 Exception <a 'java/lang/ClassNotFoundException': org/apache/log4j/PatternLayoutBeanInfo> (0x00000000ecf662f8) thrown at [C:\re\workspace\8-2-build-windows-amd64-cygwin\jdk8u181\11358\hotspot\src\share\vm\classfile\systemDictionary.cpp, line 210]
Event: 9.839 Thread 0x0000000018104000 Exception <a 'java/lang/ClassNotFoundException': org/apache/log4j/LayoutBeanInfo> (0x00000000ecf754f8) thrown at [C:\re\workspace\8-2-build-windows-amd64-cygwin\jdk8u181\11358\hotspot\src\share\vm\classfile\systemDictionary.cpp, line 210]
Event: 9.839 Thread 0x0000000018104000 Exception <a 'java/lang/ClassNotFoundException': org/apache/log4j/LayoutCustomizer> (0x00000000ecf84ad8) thrown at [C:\re\workspace\8-2-build-windows-amd64-cygwin\jdk8u181\11358\hotspot\src\share\vm\classfile\systemDictionary.cpp, line 210]
Event: 9.840 Thread 0x0000000018104000 Exception <a 'java/lang/ClassNotFoundException': org/apache/log4j/PatternLayoutCustomizer> (0x00000000ecf9a468) thrown at [C:\re\workspace\8-2-build-windows-amd64-cygwin\jdk8u181\11358\hotspot\src\share\vm\classfile\systemDictionary.cpp, line 210]
Event: 9.842 Thread 0x0000000018104000 Exception <a 'java/lang/ClassNotFoundException': org/apache/log4j/ConsoleAppenderBeanInfo> (0x00000000ecfb26f8) thrown at [C:\re\workspace\8-2-build-windows-amd64-cygwin\jdk8u181\11358\hotspot\src\share\vm\classfile\systemDictionary.cpp, line 210]
Event: 9.842 Thread 0x0000000018104000 Exception <a 'java/lang/ClassNotFoundException': org/apache/log4j/ConsoleAppenderCustomizer> (0x00000000ecfc3aa8) thrown at [C:\re\workspace\8-2-build-windows-amd64-cygwin\jdk8u181\11358\hotspot\src\share\vm\classfile\systemDictionary.cpp, line 210]
Event: 9.847 Thread 0x0000000018104000 Exception <a 'java/lang/ClassNotFoundException': com/sun/org/glassfish/hk2/osgiresourcelocator/ServiceLoader> (0x00000000ecff06f8) thrown at [C:\re\workspace\8-2-build-windows-amd64-cygwin\jdk8u181\11358\hotspot\src\share\vm\classfile\systemDictionary.cpp
Event: 9.921 Thread 0x0000000018104000 Exception <a 'java/lang/NullPointerException'> (0x00000000eb5010f8) thrown at [C:\re\workspace\8-2-build-windows-amd64-cygwin\jdk8u181\11358\hotspot\src\share\vm\interpreter\linkResolver.cpp, line 1287]

Events (10 events):
Event: 10.799 Thread 0x00000000149b9000 flushing nmethod 0x00000000026b7e10
Event: 10.799 Thread 0x00000000149b9000 flushing nmethod 0x00000000026bcb10
Event: 10.799 Thread 0x00000000149b9000 flushing nmethod 0x00000000026c3ed0
Event: 10.799 Thread 0x00000000149b9000 flushing nmethod 0x00000000026cebd0
Event: 10.799 Thread 0x00000000149b9000 flushing nmethod 0x00000000026d8610
Event: 10.799 Thread 0x00000000149b9000 flushing nmethod 0x00000000026da350
Event: 10.799 Thread 0x00000000149b9000 flushing nmethod 0x00000000026db2d0
Event: 10.799 Thread 0x00000000149b9000 flushing nmethod 0x00000000026db5d0
Event: 10.799 Thread 0x00000000149b9000 flushing nmethod 0x00000000026e6690
Event: 10.898 Executing VM operation: ParallelGCFailedAllocation


Dynamic libraries:
0x00007ff66e0e0000 - 0x00007ff66e117000 	C:\Program Files\Java\jdk1.8.0_181\bin\java.exe
0x00007ffc99d10000 - 0x00007ffc99ef1000 	C:\WINDOWS\SYSTEM32\ntdll.dll
0x00007ffc7b590000 - 0x00007ffc7b5a4000 	C:\Program Files\AVAST Software\Avast\x64\aswhooka.dll
0x00007ffc97b00000 - 0x00007ffc97bb2000 	C:\WINDOWS\System32\KERNEL32.DLL
0x00007ffc96130000 - 0x00007ffc963a3000 	C:\WINDOWS\System32\KERNELBASE.dll
0x00007ffc97650000 - 0x00007ffc976f1000 	C:\WINDOWS\System32\ADVAPI32.dll
0x00007ffc98310000 - 0x00007ffc983ae000 	C:\WINDOWS\System32\msvcrt.dll
0x00007ffc971a0000 - 0x00007ffc971fb000 	C:\WINDOWS\System32\sechost.dll
0x00007ffc97700000 - 0x00007ffc97824000 	C:\WINDOWS\System32\RPCRT4.dll
0x00007ffc99880000 - 0x00007ffc99a10000 	C:\WINDOWS\System32\USER32.dll
0x00007ffc964b0000 - 0x00007ffc964d0000 	C:\WINDOWS\System32\win32u.dll
0x00007ffc98070000 - 0x00007ffc98098000 	C:\WINDOWS\System32\GDI32.dll
0x00007ffc96f00000 - 0x00007ffc97092000 	C:\WINDOWS\System32\gdi32full.dll
0x00007ffc97100000 - 0x00007ffc9719f000 	C:\WINDOWS\System32\msvcp_win.dll
0x00007ffc963b0000 - 0x00007ffc964aa000 	C:\WINDOWS\System32\ucrtbase.dll
0x00007ffc7db60000 - 0x00007ffc7ddc9000 	C:\WINDOWS\WinSxS\amd64_microsoft.windows.common-controls_6595b64144ccf1df_6.0.17134.345_none_fb429a5930656358\COMCTL32.dll
0x00007ffc97d40000 - 0x00007ffc98063000 	C:\WINDOWS\System32\combase.dll
0x00007ffc96770000 - 0x00007ffc967ea000 	C:\WINDOWS\System32\bcryptPrimitives.dll
0x00007ffc98410000 - 0x00007ffc9843d000 	C:\WINDOWS\System32\IMM32.DLL
0x00000000741b0000 - 0x0000000074282000 	C:\Program Files\Java\jdk1.8.0_181\jre\bin\msvcr100.dll
0x00000000733a0000 - 0x0000000073c42000 	C:\Program Files\Java\jdk1.8.0_181\jre\bin\server\jvm.dll
0x00007ffc99b00000 - 0x00007ffc99b08000 	C:\WINDOWS\System32\PSAPI.DLL
0x00007ffc82760000 - 0x00007ffc82769000 	C:\WINDOWS\SYSTEM32\WSOCK32.dll
0x00007ffc99c70000 - 0x00007ffc99cdc000 	C:\WINDOWS\System32\WS2_32.dll
0x00007ffc93ea0000 - 0x00007ffc93ec3000 	C:\WINDOWS\SYSTEM32\WINMM.dll
0x00007ffc82af0000 - 0x00007ffc82afa000 	C:\WINDOWS\SYSTEM32\VERSION.dll
0x00007ffc93e40000 - 0x00007ffc93e6a000 	C:\WINDOWS\SYSTEM32\WINMMBASE.dll
0x00007ffc960e0000 - 0x00007ffc96129000 	C:\WINDOWS\System32\cfgmgr32.dll
0x0000000074160000 - 0x000000007416f000 	C:\Program Files\Java\jdk1.8.0_181\jre\bin\verify.dll
0x0000000074130000 - 0x0000000074159000 	C:\Program Files\Java\jdk1.8.0_181\jre\bin\java.dll
0x0000000074110000 - 0x0000000074126000 	C:\Program Files\Java\jdk1.8.0_181\jre\bin\zip.dll
0x00007ffc98440000 - 0x00007ffc9987f000 	C:\WINDOWS\System32\SHELL32.dll
0x00007ffc97bc0000 - 0x00007ffc97c69000 	C:\WINDOWS\System32\shcore.dll
0x00007ffc967f0000 - 0x00007ffc96efd000 	C:\WINDOWS\System32\windows.storage.dll
0x00007ffc982b0000 - 0x00007ffc98301000 	C:\WINDOWS\System32\shlwapi.dll
0x00007ffc960a0000 - 0x00007ffc960b1000 	C:\WINDOWS\System32\kernel.appcore.dll
0x00007ffc960c0000 - 0x00007ffc960df000 	C:\WINDOWS\System32\profapi.dll
0x00007ffc96050000 - 0x00007ffc9609c000 	C:\WINDOWS\System32\powrprof.dll
0x00007ffc96020000 - 0x00007ffc9602a000 	C:\WINDOWS\System32\FLTLIB.DLL
0x00000000740f0000 - 0x000000007410a000 	C:\Program Files\Java\jdk1.8.0_181\jre\bin\net.dll
0x00007ffc958a0000 - 0x00007ffc95906000 	C:\WINDOWS\system32\mswsock.dll
0x00007ffc95620000 - 0x00007ffc95658000 	C:\WINDOWS\SYSTEM32\IPHLPAPI.DLL
0x00007ffc98240000 - 0x00007ffc98248000 	C:\WINDOWS\System32\NSI.dll
0x00007ffc8bda0000 - 0x00007ffc8bdb6000 	C:\WINDOWS\SYSTEM32\dhcpcsvc6.DLL
0x00007ffc8c300000 - 0x00007ffc8c31a000 	C:\WINDOWS\SYSTEM32\dhcpcsvc.DLL
0x0000000073200000 - 0x0000000073399000 	C:\Program Files\Java\jdk1.8.0_181\jre\bin\awt.dll
0x00007ffc97c70000 - 0x00007ffc97d32000 	C:\WINDOWS\System32\OLEAUT32.dll
0x00007ffc93f90000 - 0x00007ffc9401b000 	C:\WINDOWS\SYSTEM32\apphelp.dll
0x00007ffc94450000 - 0x00007ffc94479000 	C:\WINDOWS\system32\DWMAPI.DLL
0x00007ffc94140000 - 0x00007ffc941d8000 	C:\WINDOWS\system32\uxtheme.dll
0x00007ffc711f0000 - 0x00007ffc71310000 	C:\WINDOWS\system32\opengl32.dll
0x00007ffc88e70000 - 0x00007ffc88e9c000 	C:\WINDOWS\SYSTEM32\GLU32.dll
0x00007ffc97980000 - 0x00007ffc97af4000 	C:\WINDOWS\System32\MSCTF.dll
0x00007ffc99b10000 - 0x00007ffc99c61000 	C:\WINDOWS\System32\ole32.dll
0x00007ffc669f0000 - 0x00007ffc66a06000 	C:\WINDOWS\system32\napinsp.dll
0x00007ffc669d0000 - 0x00007ffc669ea000 	C:\WINDOWS\system32\pnrpnsp.dll
0x00007ffc92520000 - 0x00007ffc92539000 	C:\WINDOWS\system32\NLAapi.dll
0x00007ffc95670000 - 0x00007ffc9572e000 	C:\WINDOWS\SYSTEM32\DNSAPI.dll
0x00007ffc7ab80000 - 0x00007ffc7ab8e000 	C:\WINDOWS\System32\winrnr.dll
0x00007ffc8c540000 - 0x00007ffc8c555000 	C:\WINDOWS\System32\wshbth.dll
0x00007ffc86370000 - 0x00007ffc8637a000 	C:\Windows\System32\rasadhlp.dll
0x00007ffc86cd0000 - 0x00007ffc86d42000 	C:\WINDOWS\System32\fwpuclnt.dll
0x00007ffc95b80000 - 0x00007ffc95ba5000 	C:\WINDOWS\SYSTEM32\bcrypt.dll
0x00000000731d0000 - 0x00000000731f4000 	C:\Program Files\Java\jdk1.8.0_181\jre\bin\sunec.dll
0x0000000074080000 - 0x00000000740c7000 	C:\Program Files\Java\jdk1.8.0_181\jre\bin\fontmanager.dll
0x00007ffc97830000 - 0x00007ffc978d0000 	C:\WINDOWS\System32\clbcatq.dll
0x00007ffc91c60000 - 0x00007ffc91e0e000 	C:\WINDOWS\SYSTEM32\WindowsCodecs.dll
0x00007ffc77710000 - 0x00007ffc77768000 	C:\WINDOWS\system32\dataexchange.dll
0x00007ffc92d00000 - 0x00007ffc9300b000 	C:\WINDOWS\system32\d3d11.dll
0x00007ffc93630000 - 0x00007ffc937cc000 	C:\WINDOWS\system32\dcomp.dll
0x00007ffc94de0000 - 0x00007ffc94e9b000 	C:\WINDOWS\system32\dxgi.dll
0x00007ffc94480000 - 0x00007ffc94638000 	C:\WINDOWS\system32\twinapi.appcore.dll
0x00007ffc943a0000 - 0x00007ffc943c1000 	C:\WINDOWS\system32\RMCLIENT.dll
0x00000000740d0000 - 0x00000000740e1000 	C:\Program Files\Java\jdk1.8.0_181\jre\bin\nio.dll
0x0000000074030000 - 0x0000000074072000 	C:\Program Files\Java\jdk1.8.0_181\jre\bin\t2k.dll
0x00007ffc95a50000 - 0x00007ffc95a67000 	C:\WINDOWS\SYSTEM32\CRYPTSP.dll
0x00007ffc95480000 - 0x00007ffc954b3000 	C:\WINDOWS\system32\rsaenh.dll
0x00007ffc95f20000 - 0x00007ffc95f48000 	C:\WINDOWS\SYSTEM32\USERENV.dll
0x00007ffc95a70000 - 0x00007ffc95a7b000 	C:\WINDOWS\SYSTEM32\CRYPTBASE.dll
0x0000000073190000 - 0x00000000731c1000 	C:\Program Files\Java\jdk1.8.0_181\jre\bin\jpeg.dll
0x00007ffc8b3e0000 - 0x00007ffc8b477000 	C:\WINDOWS\System32\TextInputFramework.dll
0x00007ffc91720000 - 0x00007ffc91a3e000 	C:\WINDOWS\System32\CoreUIComponents.dll
0x00007ffc93930000 - 0x00007ffc93a0a000 	C:\WINDOWS\System32\CoreMessaging.dll
0x00007ffc95110000 - 0x00007ffc95141000 	C:\WINDOWS\SYSTEM32\ntmarta.dll
0x00007ffc91e20000 - 0x00007ffc91f6d000 	C:\WINDOWS\SYSTEM32\wintypes.dll
0x0000000073180000 - 0x000000007318b000 	C:\Program Files\Java\jdk1.8.0_181\jre\bin\sunmscapi.dll
0x00007ffc96580000 - 0x00007ffc96762000 	C:\WINDOWS\System32\CRYPT32.dll
0x00007ffc96030000 - 0x00007ffc96042000 	C:\WINDOWS\System32\MSASN1.dll
0x0000000073170000 - 0x000000007317c000 	C:\Program Files\Java\jdk1.8.0_181\jre\bin\jsound.dll
0x0000000073160000 - 0x000000007316b000 	C:\Program Files\Java\jdk1.8.0_181\jre\bin\jsoundds.dll
0x00007ffc820e0000 - 0x00007ffc8216f000 	C:\WINDOWS\SYSTEM32\DSOUND.dll
0x00007ffc88850000 - 0x00007ffc888c6000 	C:\WINDOWS\SYSTEM32\MMDevAPI.DLL
0x00007ffc95e30000 - 0x00007ffc95e57000 	C:\WINDOWS\SYSTEM32\DEVOBJ.dll
0x00007ffc926e0000 - 0x00007ffc92894000 	C:\WINDOWS\SYSTEM32\PROPSYS.dll
0x00007ffc88ea0000 - 0x00007ffc88ee4000 	C:\WINDOWS\SYSTEM32\wdmaud.drv
0x00007ffc92590000 - 0x00007ffc92599000 	C:\WINDOWS\SYSTEM32\ksuser.dll
0x00007ffc91b90000 - 0x00007ffc91b9a000 	C:\WINDOWS\SYSTEM32\AVRT.dll
0x00007ffc85d60000 - 0x00007ffc85e8c000 	C:\WINDOWS\SYSTEM32\AUDIOSES.DLL
0x00007ffc91aa0000 - 0x00007ffc91aad000 	C:\WINDOWS\SYSTEM32\msacm32.drv
0x00007ffc89f60000 - 0x00007ffc89f7c000 	C:\WINDOWS\SYSTEM32\MSACM32.dll
0x00007ffc8c240000 - 0x00007ffc8c24a000 	C:\WINDOWS\SYSTEM32\midimap.dll

VM Arguments:
java_command: jade.Boot -gui -agents GeradorVoz:Agentes.GeradorVoz;GeradorLN:Agentes.GeradorLN;Gerenciador:Agentes.Gerenciador;Semantizador:Agentes.Semantizador;ReconhecedorVoz:Agentes.ReconhecedorVoz;SimuladorCasa:Agentes.SimuladorCasa;
java_class_path (initial): C:\Users\Lidera Consultoria\Documents\NetBeansProjects\TCC\target\classes;C:\Users\Lidera Consultoria\.m2\repository\org\cogroo\lang\pt_br\cogroo-gc-pt_br\4.2.0\cogroo-gc-pt_br-4.2.0.jar;C:\Users\Lidera Consultoria\.m2\repository\org\cogroo\cogroo-gc\4.2.0\cogroo-gc-4.2.0.jar;C:\Users\Lidera Consultoria\.m2\repository\org\cogroo\lang\pt_br\cogroo-ann-pt_br\4.2.0\cogroo-ann-pt_br-4.2.0.jar;C:\Users\Lidera Consultoria\.m2\repository\org\cogroo\cogroo-ann\4.2.0\cogroo-ann-4.2.0.jar;C:\Users\Lidera Consultoria\.m2\repository\org\cogroo\cogroo-nlp\4.2.0\cogroo-nlp-4.2.0.jar;C:\Users\Lidera Consultoria\.m2\repository\org\apache\opennlp\opennlp-tools\1.7.2\opennlp-tools-1.7.2.jar;C:\Users\Lidera Consultoria\.m2\repository\javax\xml\bind\jaxb-api\2.2.5\jaxb-api-2.2.5.jar;C:\Users\Lidera Consultoria\.m2\repository\org\carrot2\morfologik-fsa\1.5.3\morfologik-fsa-1.5.3.jar;C:\Users\Lidera Consultoria\.m2\repository\com\carrotsearch\hppc\0.4.1\hppc-0.4.1.jar;C:\Users\Lidera Consultoria\.m2\repository\org\carrot2\morfologik-stemming\1.5.2\morfologik-stemming-1.5.2.jar;C:\Users\Lidera Consultoria\.m2\repository\org\carrot2\morfologik-tools\1.5.2\morfologik-tools-1.5.2.jar;C:\Users\Lidera Consultoria\.m2\repository\org\carrot2\morfologik-polish\1.5.2\morfologik-polish-1.5.2.jar;C:\Users\Lidera Consultoria\.m2\repository\commons-lang\commons-lang\2.6\commons-lang-2.6.jar;C:\Users\Lidera Consultoria\.m2\repository\log4j\log4j\1.2.17\log4j-1.2.17.jar;C:\Users\Lidera Consultoria\.m2\repository\org\cogroo\lang\pt_br\cogroo-res-pt_br\4.2.0\cogroo-res-pt_br-4.2.0.jar;C:\Users\Lidera Consultoria\.m2\repository\Ab\com.google\0.0.4.3\com.google-0.0.4.3.jar;C:\Users\Lidera Consultoria\.m2\repository\com\tilab\jade\jade\4.5.0\jade-4.5.0.jar;C:\Users\Lidera Consultoria\.m2\repository\commons-codec\commons-codec\1.3\commons-codec-1.3.jar;C:\Users\Lidera Consultoria\.m2\repository\net\sourceforge\owlapi\owlapi-api\5.1.7\owlapi-api-5.1.7.jar;C:\Users\Lidera Consultori
Launcher Type: SUN_STANDARD

Environment Variables:
JAVA_HOME=C:\Program Files\Java\jdk1.8.0_181
PATH=C:\SIMULIA\Commands;C:\Program Files (x86)\Intel\Intel(R) Management Engine Components\iCLS\;C:\Program Files\Intel\Intel(R) Management Engine Components\iCLS\;C:\Program Files (x86)\Common Files\Oracle\Java\javapath;C:\Program Files\Microsoft MPI\Bin\;C:\ProgramData\Oracle\Java\javapath;C:\WINDOWS\system32;C:\WINDOWS;C:\WINDOWS\System32\Wbem;C:\WINDOWS\System32\WindowsPowerShell\v1.0\;C:\Program Files\dotnet\;C:\Program Files\Microsoft SQL Server\130\Tools\Binn\;C:\WINDOWS\System32\OpenSSH\;C:\Program Files (x86)\Intel\Intel(R) Management Engine Components\DAL;C:\Program Files\Intel\Intel(R) Management Engine Components\DAL;C:\Program Files (x86)\Intel\Intel(R) Management Engine Components\IPT;C:\Program Files\Intel\Intel(R) Management Engine Components\IPT;C:\Program Files\Intel\WiFi\bin\;C:\Program Files\Common Files\Intel\WirelessCommon\;C:\Users\Lidera Consultoria\AppData\Local\Microsoft\WindowsApps;;C:\Program Files\Microsoft VS Code\bin;C:\Program Files\Intel\WiFi\bin\;C:\Program Files\Common Files\Intel\WirelessCommon\
USERNAME=Lidera Consultoria
OS=Windows_NT
PROCESSOR_IDENTIFIER=Intel64 Family 6 Model 78 Stepping 3, GenuineIntel



---------------  S Y S T E M  ---------------

OS: Windows 10.0 , 64 bit Build 17134 (10.0.17134.1)

CPU:total 4 (initial active 4) (2 cores per cpu, 2 threads per core) family 6 model 78 stepping 3, cmov, cx8, fxsr, mmx, sse, sse2, sse3, ssse3, sse4.1, sse4.2, popcnt, avx, avx2, aes, clmul, erms, 3dnowpref, lzcnt, ht, tsc, tscinvbit, bmi1, bmi2, adx

Memory: 4k page, physical 4066020k(282772k free), swap 4066020k(5756k free)

vm_info: Java HotSpot(TM) 64-Bit Server VM (25.181-b13) for windows-amd64 JRE (1.8.0_181-b13), built on Jul  7 2018 04:01:33 by "java_re" with MS VC++ 10.0 (VS2010)

time: Thu Oct 25 17:22:45 2018
elapsed time: 11 seconds (0d 0h 0m 11s)

