#
# There is insufficient memory for the Java Runtime Environment to continue.
# Native memory allocation (malloc) failed to allocate 361696 bytes for Chunk::new
# Possible reasons:
#   The system is out of physical RAM or swap space
#   In 32 bit mode, the process size limit was hit
# Possible solutions:
#   Reduce memory load on the system
#   Increase physical memory or swap space
#   Check if swap backing store is full
#   Use 64 bit Java on a 64 bit OS
#   Decrease Java heap size (-Xmx/-Xms)
#   Decrease number of Java threads
#   Decrease Java thread stack sizes (-Xss)
#   Set larger code cache with -XX:ReservedCodeCacheSize=
# This output file may be truncated or incomplete.
#
#  Out of Memory Error (allocation.cpp:390), pid=6696, tid=0x00000000000024bc
#
# JRE version: Java(TM) SE Runtime Environment (8.0_181-b13) (build 1.8.0_181-b13)
# Java VM: Java HotSpot(TM) 64-Bit Server VM (25.181-b13 mixed mode windows-amd64 compressed oops)
# Failed to write core dump. Minidumps are not enabled by default on client versions of Windows
#

---------------  T H R E A D  ---------------

Current thread (0x000000001532b800):  JavaThread "C2 CompilerThread1" daemon [_thread_in_native, id=9404, stack(0x0000000016a90000,0x0000000016b90000)]

Stack: [0x0000000016a90000,0x0000000016b90000]
[error occurred during error reporting (printing stack bounds), id 0xc0000005]

Native frames: (J=compiled Java code, j=interpreted, Vv=VM code, C=native code)


Current CompileTask:
C2:  11974 2101   !   4       java.net.URL::<init> (543 bytes)


---------------  P R O C E S S  ---------------

Java Threads: ( => current thread )
  0x0000000017b7c000 JavaThread "Image Fetcher 2" daemon [_thread_blocked, id=8256, stack(0x000000001ebd0000,0x000000001ecd0000)]
  0x0000000017b82800 JavaThread "Image Fetcher 3" daemon [_thread_blocked, id=2596, stack(0x000000001ead0000,0x000000001ebd0000)]
  0x0000000017b7f800 JavaThread "Java Sound Event Dispatcher" daemon [_thread_blocked, id=1260, stack(0x000000001cbd0000,0x000000001ccd0000)]
  0x0000000017b7b000 JavaThread "AWT-EventQueue-0" [_thread_blocked, id=9508, stack(0x000000001b780000,0x000000001b880000)]
  0x0000000017b80800 JavaThread "AWT-Shutdown" [_thread_blocked, id=7508, stack(0x000000001b680000,0x000000001b780000)]
  0x0000000017b81000 JavaThread "DestroyJavaVM" [_thread_blocked, id=8412, stack(0x0000000002ae0000,0x0000000002be0000)]
  0x0000000017b7f000 JavaThread "monitor-Main-Container" [_thread_blocked, id=5408, stack(0x000000001ab90000,0x000000001ac90000)]
  0x0000000017b7e000 JavaThread "ReconhecedorVoz" [_thread_blocked, id=6784, stack(0x000000001a890000,0x000000001a990000)]
  0x0000000017b7a800 JavaThread "Semantizador" [_thread_blocked, id=4572, stack(0x000000001a790000,0x000000001a890000)]
  0x0000000017bf1000 JavaThread "rma" [_thread_in_native, id=2520, stack(0x000000001a690000,0x000000001a790000)]
  0x0000000017beb000 JavaThread "GeradorLN" [_thread_blocked, id=2560, stack(0x000000001a490000,0x000000001a590000)]
  0x0000000017bf0000 JavaThread "GeradorVoz" [_thread_blocked, id=8896, stack(0x000000001a390000,0x000000001a490000)]
  0x0000000017bed000 JavaThread "SimuladorCasa" [_thread_blocked, id=5088, stack(0x000000001a290000,0x000000001a390000)]
  0x0000000017bec800 JavaThread "df" [_thread_blocked, id=8884, stack(0x000000001a190000,0x000000001a290000)]
  0x0000000017bf1800 JavaThread "ams" [_thread_blocked, id=440, stack(0x000000001a090000,0x000000001a190000)]
  0x0000000017beb800 JavaThread "Thread-11" [_thread_in_native, id=1268, stack(0x0000000019f90000,0x000000001a090000)]
  0x0000000017bee000 JavaThread "Deliverer-04" [_thread_blocked, id=9192, stack(0x0000000019850000,0x0000000019950000)]
  0x0000000017bee800 JavaThread "Deliverer-03" [_thread_blocked, id=4056, stack(0x0000000019750000,0x0000000019850000)]
  0x0000000017a66000 JavaThread "Deliverer-02" [_thread_blocked, id=8904, stack(0x0000000019650000,0x0000000019750000)]
  0x0000000017a59800 JavaThread "Deliverer-01" [_thread_blocked, id=8536, stack(0x0000000019550000,0x0000000019650000)]
  0x0000000017caa800 JavaThread "Deliverer-00" [_thread_blocked, id=5340, stack(0x0000000019450000,0x0000000019550000)]
  0x0000000017b13000 JavaThread "AWT-Windows" daemon [_thread_in_native, id=8952, stack(0x00000000182b0000,0x00000000183b0000)]
  0x0000000017b11800 JavaThread "Java2D Disposer" daemon [_thread_blocked, id=9416, stack(0x00000000180b0000,0x00000000181b0000)]
  0x000000001779b800 JavaThread "Thread-4" [_thread_in_native, id=7408, stack(0x0000000017ee0000,0x0000000017fe0000)]
  0x000000001779b000 JavaThread "Thread-3" [_thread_blocked, id=6700, stack(0x0000000017de0000,0x0000000017ee0000)]
  0x000000001774a800 JavaThread "JICPServer-1099" daemon [_thread_in_native, id=7616, stack(0x0000000017ce0000,0x0000000017de0000)]
  0x0000000016fed000 JavaThread "JADE Timer dispatcher" [_thread_blocked, id=6404, stack(0x00000000173e0000,0x00000000174e0000)]
  0x0000000016ccd800 JavaThread "Service Thread" daemon [_thread_blocked, id=8260, stack(0x0000000017090000,0x0000000017190000)]
  0x0000000015355000 JavaThread "C1 CompilerThread2" daemon [_thread_blocked, id=2848, stack(0x0000000016b90000,0x0000000016c90000)]
=>0x000000001532b800 JavaThread "C2 CompilerThread1" daemon [_thread_in_native, id=9404, stack(0x0000000016a90000,0x0000000016b90000)]
  0x0000000015328800 JavaThread "C2 CompilerThread0" daemon [_thread_blocked, id=2204, stack(0x0000000016990000,0x0000000016a90000)]
  0x0000000015324800 JavaThread "Attach Listener" daemon [_thread_blocked, id=9468, stack(0x0000000016890000,0x0000000016990000)]
  0x0000000015323000 JavaThread "Signal Dispatcher" daemon [_thread_blocked, id=1568, stack(0x0000000016790000,0x0000000016890000)]
  0x0000000015310800 JavaThread "Finalizer" daemon [_thread_blocked, id=8236, stack(0x0000000016580000,0x0000000016680000)]
  0x0000000002d55800 JavaThread "Reference Handler" daemon [_thread_blocked, id=6200, stack(0x0000000016480000,0x0000000016580000)]

Other Threads:
  0x00000000152e8000 VMThread [stack: 0x0000000016380000,0x0000000016480000] [id=1876]
  0x0000000016ce7800 WatcherThread [stack: 0x00000000172e0000,0x00000000173e0000] [id=9572]

VM state:not at safepoint (normal execution)

VM Mutex/Monitor currently owned by a thread: None

Heap:
 PSYoungGen      total 18944K, used 9907K [0x00000000eb500000, 0x00000000eca00000, 0x0000000100000000)
  eden space 16384K, 60% used [0x00000000eb500000,0x00000000ebeacdf8,0x00000000ec500000)
  from space 2560K, 0% used [0x00000000ec500000,0x00000000ec500000,0x00000000ec780000)
  to   space 2560K, 0% used [0x00000000ec780000,0x00000000ec780000,0x00000000eca00000)
 ParOldGen       total 27648K, used 8031K [0x00000000c1e00000, 0x00000000c3900000, 0x00000000eb500000)
  object space 27648K, 29% used [0x00000000c1e00000,0x00000000c25d7d98,0x00000000c3900000)
 Metaspace       used 29614K, capacity 29959K, committed 30720K, reserved 1085440K
  class space    used 3879K, capacity 3989K, committed 4096K, reserved 1048576K

Card table byte_map: [0x0000000012120000,0x0000000012320000] byte_map_base: 0x0000000011b11000

Marking Bits: (ParMarkBitMap*) 0x0000000073a62d00
 Begin Bits: [0x0000000012870000, 0x00000000137f8000)
 End Bits:   [0x00000000137f8000, 0x0000000014780000)

Polling page: 0x0000000000e10000

CodeCache: size=245760Kb used=6513Kb max_used=6562Kb free=239246Kb
 bounds [0x0000000002d60000, 0x00000000033e0000, 0x0000000011d60000]
 total_blobs=2503 nmethods=1919 adapters=494
 compilation: enabled

Compilation events (10 events):
Event: 11.936 Thread 0x0000000015355000 2115       3       sun.awt.image.InputStreamImageSource::latchConsumers (6 bytes)
Event: 11.937 Thread 0x0000000015355000 nmethod 2115 0x0000000003130810 code [0x0000000003130980, 0x0000000003130e08]
Event: 11.937 Thread 0x0000000015328800 nmethod 2112 0x000000000312f8d0 code [0x000000000312fae0, 0x000000000312fc38]
Event: 11.937 Thread 0x0000000015328800 2113       4       java.lang.String::equalsIgnoreCase (48 bytes)
Event: 11.938 Thread 0x0000000015355000 2117       3       sun.awt.image.GifImageDecoder::sendPixels (415 bytes)
Event: 11.939 Thread 0x0000000015328800 nmethod 2113 0x0000000003120050 code [0x00000000031201a0, 0x0000000003120288]
Event: 11.939 Thread 0x0000000015328800 2116       4       java.lang.Character::digit (6 bytes)
Event: 11.940 Thread 0x0000000015355000 nmethod 2117 0x00000000033bb550 code [0x00000000033bb760, 0x00000000033bc6c8]
Event: 11.940 Thread 0x0000000015355000 2118   !   3       sun.awt.image.ImageRepresentation::setPixels (1055 bytes)
Event: 11.942 Thread 0x0000000015328800 nmethod 2116 0x0000000003130110 code [0x0000000003130320, 0x0000000003130518]

GC Heap History (10 events):
Event: 9.649 GC heap before
{Heap before GC invocations=39 (full 16):
 PSYoungGen      total 18944K, used 0K [0x00000000eb500000, 0x00000000eca00000, 0x0000000100000000)
  eden space 16384K, 0% used [0x00000000eb500000,0x00000000eb500000,0x00000000ec500000)
  from space 2560K, 0% used [0x00000000ec500000,0x00000000ec500000,0x00000000ec780000)
  to   space 2560K, 0% used [0x00000000ec780000,0x00000000ec780000,0x00000000eca00000)
 ParOldGen       total 27648K, used 8031K [0x00000000c1e00000, 0x00000000c3900000, 0x00000000eb500000)
  object space 27648K, 29% used [0x00000000c1e00000,0x00000000c25d7d98,0x00000000c3900000)
 Metaspace       used 29271K, capacity 29591K, committed 30208K, reserved 1087488K
  class space    used 3819K, capacity 3957K, committed 4096K, reserved 1048576K
Event: 9.674 GC heap after
Heap after GC invocations=39 (full 16):
 PSYoungGen      total 18944K, used 0K [0x00000000eb500000, 0x00000000eca00000, 0x0000000100000000)
  eden space 16384K, 0% used [0x00000000eb500000,0x00000000eb500000,0x00000000ec500000)
  from space 2560K, 0% used [0x00000000ec500000,0x00000000ec500000,0x00000000ec780000)
  to   space 2560K, 0% used [0x00000000ec780000,0x00000000ec780000,0x00000000eca00000)
 ParOldGen       total 27648K, used 8031K [0x00000000c1e00000, 0x00000000c3900000, 0x00000000eb500000)
  object space 27648K, 29% used [0x00000000c1e00000,0x00000000c25d7d98,0x00000000c3900000)
 Metaspace       used 29271K, capacity 29591K, committed 30208K, reserved 1083392K
  class space    used 3819K, capacity 3957K, committed 4096K, reserved 1048576K
}
Event: 9.674 GC heap before
{Heap before GC invocations=40 (full 16):
 PSYoungGen      total 18944K, used 0K [0x00000000eb500000, 0x00000000eca00000, 0x0000000100000000)
  eden space 16384K, 0% used [0x00000000eb500000,0x00000000eb500000,0x00000000ec500000)
  from space 2560K, 0% used [0x00000000ec500000,0x00000000ec500000,0x00000000ec780000)
  to   space 2560K, 0% used [0x00000000ec780000,0x00000000ec780000,0x00000000eca00000)
 ParOldGen       total 27648K, used 8031K [0x00000000c1e00000, 0x00000000c3900000, 0x00000000eb500000)
  object space 27648K, 29% used [0x00000000c1e00000,0x00000000c25d7d98,0x00000000c3900000)
 Metaspace       used 29271K, capacity 29591K, committed 30208K, reserved 1089536K
  class space    used 3819K, capacity 3957K, committed 4096K, reserved 1048576K
Event: 9.675 GC heap after
Heap after GC invocations=40 (full 16):
 PSYoungGen      total 18944K, used 0K [0x00000000eb500000, 0x00000000eca00000, 0x0000000100000000)
  eden space 16384K, 0% used [0x00000000eb500000,0x00000000eb500000,0x00000000ec500000)
  from space 2560K, 0% used [0x00000000ec780000,0x00000000ec780000,0x00000000eca00000)
  to   space 2560K, 0% used [0x00000000ec500000,0x00000000ec500000,0x00000000ec780000)
 ParOldGen       total 27648K, used 8031K [0x00000000c1e00000, 0x00000000c3900000, 0x00000000eb500000)
  object space 27648K, 29% used [0x00000000c1e00000,0x00000000c25d7d98,0x00000000c3900000)
 Metaspace       used 29271K, capacity 29591K, committed 30208K, reserved 1089536K
  class space    used 3819K, capacity 3957K, committed 4096K, reserved 1048576K
}
Event: 9.675 GC heap before
{Heap before GC invocations=41 (full 17):
 PSYoungGen      total 18944K, used 0K [0x00000000eb500000, 0x00000000eca00000, 0x0000000100000000)
  eden space 16384K, 0% used [0x00000000eb500000,0x00000000eb500000,0x00000000ec500000)
  from space 2560K, 0% used [0x00000000ec780000,0x00000000ec780000,0x00000000eca00000)
  to   space 2560K, 0% used [0x00000000ec500000,0x00000000ec500000,0x00000000ec780000)
 ParOldGen       total 27648K, used 8031K [0x00000000c1e00000, 0x00000000c3900000, 0x00000000eb500000)
  object space 27648K, 29% used [0x00000000c1e00000,0x00000000c25d7d98,0x00000000c3900000)
 Metaspace       used 29271K, capacity 29591K, committed 30208K, reserved 1089536K
  class space    used 3819K, capacity 3957K, committed 4096K, reserved 1048576K
Event: 9.699 GC heap after
Heap after GC invocations=41 (full 17):
 PSYoungGen      total 18944K, used 0K [0x00000000eb500000, 0x00000000eca00000, 0x0000000100000000)
  eden space 16384K, 0% used [0x00000000eb500000,0x00000000eb500000,0x00000000ec500000)
  from space 2560K, 0% used [0x00000000ec780000,0x00000000ec780000,0x00000000eca00000)
  to   space 2560K, 0% used [0x00000000ec500000,0x00000000ec500000,0x00000000ec780000)
 ParOldGen       total 27648K, used 8031K [0x00000000c1e00000, 0x00000000c3900000, 0x00000000eb500000)
  object space 27648K, 29% used [0x00000000c1e00000,0x00000000c25d7d98,0x00000000c3900000)
 Metaspace       used 29271K, capacity 29591K, committed 30208K, reserved 1083392K
  class space    used 3819K, capacity 3957K, committed 4096K, reserved 1048576K
}
Event: 9.700 GC heap before
{Heap before GC invocations=42 (full 17):
 PSYoungGen      total 18944K, used 0K [0x00000000eb500000, 0x00000000eca00000, 0x0000000100000000)
  eden space 16384K, 0% used [0x00000000eb500000,0x00000000eb500000,0x00000000ec500000)
  from space 2560K, 0% used [0x00000000ec780000,0x00000000ec780000,0x00000000eca00000)
  to   space 2560K, 0% used [0x00000000ec500000,0x00000000ec500000,0x00000000ec780000)
 ParOldGen       total 27648K, used 8031K [0x00000000c1e00000, 0x00000000c3900000, 0x00000000eb500000)
  object space 27648K, 29% used [0x00000000c1e00000,0x00000000c25d7d98,0x00000000c3900000)
 Metaspace       used 29271K, capacity 29591K, committed 30208K, reserved 1087488K
  class space    used 3819K, capacity 3957K, committed 4096K, reserved 1048576K
Event: 9.701 GC heap after
Heap after GC invocations=42 (full 17):
 PSYoungGen      total 18944K, used 0K [0x00000000eb500000, 0x00000000eca00000, 0x0000000100000000)
  eden space 16384K, 0% used [0x00000000eb500000,0x00000000eb500000,0x00000000ec500000)
  from space 2560K, 0% used [0x00000000ec500000,0x00000000ec500000,0x00000000ec780000)
  to   space 2560K, 0% used [0x00000000ec780000,0x00000000ec780000,0x00000000eca00000)
 ParOldGen       total 27648K, used 8031K [0x00000000c1e00000, 0x00000000c3900000, 0x00000000eb500000)
  object space 27648K, 29% used [0x00000000c1e00000,0x00000000c25d7d98,0x00000000c3900000)
 Metaspace       used 29271K, capacity 29591K, committed 30208K, reserved 1087488K
  class space    used 3819K, capacity 3957K, committed 4096K, reserved 1048576K
}
Event: 9.701 GC heap before
{Heap before GC invocations=43 (full 18):
 PSYoungGen      total 18944K, used 0K [0x00000000eb500000, 0x00000000eca00000, 0x0000000100000000)
  eden space 16384K, 0% used [0x00000000eb500000,0x00000000eb500000,0x00000000ec500000)
  from space 2560K, 0% used [0x00000000ec500000,0x00000000ec500000,0x00000000ec780000)
  to   space 2560K, 0% used [0x00000000ec780000,0x00000000ec780000,0x00000000eca00000)
 ParOldGen       total 27648K, used 8031K [0x00000000c1e00000, 0x00000000c3900000, 0x00000000eb500000)
  object space 27648K, 29% used [0x00000000c1e00000,0x00000000c25d7d98,0x00000000c3900000)
 Metaspace       used 29271K, capacity 29591K, committed 30208K, reserved 1087488K
  class space    used 3819K, capacity 3957K, committed 4096K, reserved 1048576K
Event: 9.725 GC heap after
Heap after GC invocations=43 (full 18):
 PSYoungGen      total 18944K, used 0K [0x00000000eb500000, 0x00000000eca00000, 0x0000000100000000)
  eden space 16384K, 0% used [0x00000000eb500000,0x00000000eb500000,0x00000000ec500000)
  from space 2560K, 0% used [0x00000000ec500000,0x00000000ec500000,0x00000000ec780000)
  to   space 2560K, 0% used [0x00000000ec780000,0x00000000ec780000,0x00000000eca00000)
 ParOldGen       total 27648K, used 8031K [0x00000000c1e00000, 0x00000000c3900000, 0x00000000eb500000)
  object space 27648K, 29% used [0x00000000c1e00000,0x00000000c25d7d98,0x00000000c3900000)
 Metaspace       used 29271K, capacity 29591K, committed 30208K, reserved 1083392K
  class space    used 3819K, capacity 3957K, committed 4096K, reserved 1048576K
}

Deoptimization events (10 events):
Event: 8.435 Thread 0x0000000017bef800 Uncommon trap: reason=class_check action=maybe_recompile pc=0x000000000312e4a4 method=java.io.DataInputStream.readChar()C @ 4
Event: 8.435 Thread 0x0000000017bef800 Uncommon trap: reason=class_check action=maybe_recompile pc=0x000000000312e4a4 method=java.io.DataInputStream.readChar()C @ 4
Event: 8.474 Thread 0x0000000017bef800 Uncommon trap: reason=class_check action=maybe_recompile pc=0x00000000032164f8 method=java.util.regex.Pattern$Curly.match(Ljava/util/regex/Matcher;ILjava/lang/CharSequence;)Z @ 19
Event: 8.474 Thread 0x0000000017bef800 Uncommon trap: reason=class_check action=maybe_recompile pc=0x00000000032164f8 method=java.util.regex.Pattern$Curly.match(Ljava/util/regex/Matcher;ILjava/lang/CharSequence;)Z @ 19
Event: 8.474 Thread 0x0000000017bef800 Uncommon trap: reason=class_check action=maybe_recompile pc=0x00000000032164f8 method=java.util.regex.Pattern$Curly.match(Ljava/util/regex/Matcher;ILjava/lang/CharSequence;)Z @ 19
Event: 11.697 Thread 0x0000000017bf1000 Uncommon trap: reason=unstable_if action=reinterpret pc=0x0000000003290550 method=java.util.HashMap.putVal(ILjava/lang/Object;Ljava/lang/Object;ZZ)Ljava/lang/Object; @ 193
Event: 11.700 Thread 0x0000000017bf1000 Uncommon trap: reason=unstable_if action=reinterpret pc=0x0000000002f69240 method=java.lang.CharacterData.of(I)Ljava/lang/CharacterData; @ 4
Event: 11.716 Thread 0x0000000017bf1000 Uncommon trap: reason=unstable_if action=reinterpret pc=0x00000000031ad900 method=java.util.HashMap.putVal(ILjava/lang/Object;Ljava/lang/Object;ZZ)Ljava/lang/Object; @ 193
Event: 11.746 Thread 0x0000000017bf1000 Uncommon trap: reason=unstable_if action=reinterpret pc=0x00000000031a7374 method=java.lang.Character.isSurrogate(C)Z @ 3
Event: 11.746 Thread 0x0000000017bf1000 Uncommon trap: reason=unstable_if action=reinterpret pc=0x0000000002eaad30 method=java.lang.Character.isSurrogate(C)Z @ 3

Classes redefined (0 events):
No events

Internal exceptions (10 events):
Event: 9.242 Thread 0x0000000017bef800 Exception <a 'java/lang/OutOfMemoryError'> (0x00000000c222d650) thrown at [C:\re\workspace\8-2-build-windows-amd64-cygwin\jdk8u181\11358\hotspot\src\share\vm\memory\metaspace.cpp, line 3621]
Event: 9.242 Thread 0x0000000017bef800 Exception <a 'java/lang/OutOfMemoryError'> (0x00000000c222d650) thrown at [C:\re\workspace\8-2-build-windows-amd64-cygwin\jdk8u181\11358\hotspot\src\share\vm\prims\jvm.cpp, line 1439]
Event: 9.243 Thread 0x0000000017bef800 Exception <a 'java/lang/OutOfMemoryError'> (0x00000000c222d650) thrown at [C:\re\workspace\8-2-build-windows-amd64-cygwin\jdk8u181\11358\hotspot\src\share\vm\oops\instanceKlass.cpp, line 959]
Event: 9.335 Thread 0x0000000017bef800 Exception <a 'java/lang/OutOfMemoryError'> (0x00000000c222d590) thrown at [C:\re\workspace\8-2-build-windows-amd64-cygwin\jdk8u181\11358\hotspot\src\share\vm\memory\metaspace.cpp, line 3621]
Event: 9.413 Thread 0x0000000017bef800 Exception <a 'java/lang/OutOfMemoryError'> (0x00000000c222d428) thrown at [C:\re\workspace\8-2-build-windows-amd64-cygwin\jdk8u181\11358\hotspot\src\share\vm\memory\metaspace.cpp, line 3621]
Event: 9.482 Thread 0x0000000017bef800 Exception <a 'java/lang/OutOfMemoryError'> (0x00000000c222d428) thrown at [C:\re\workspace\8-2-build-windows-amd64-cygwin\jdk8u181\11358\hotspot\src\share\vm\memory\metaspace.cpp, line 3621]
Event: 9.563 Thread 0x0000000017bef800 Exception <a 'java/lang/OutOfMemoryError'> (0x00000000c222d1a0) thrown at [C:\re\workspace\8-2-build-windows-amd64-cygwin\jdk8u181\11358\hotspot\src\share\vm\memory\metaspace.cpp, line 3621]
Event: 9.616 Thread 0x0000000017bef800 Exception <a 'java/lang/OutOfMemoryError'> (0x00000000c222d1a0) thrown at [C:\re\workspace\8-2-build-windows-amd64-cygwin\jdk8u181\11358\hotspot\src\share\vm\memory\metaspace.cpp, line 3621]
Event: 9.674 Thread 0x0000000017bef800 Exception <a 'java/lang/OutOfMemoryError'> (0x00000000c222d1a0) thrown at [C:\re\workspace\8-2-build-windows-amd64-cygwin\jdk8u181\11358\hotspot\src\share\vm\memory\metaspace.cpp, line 3621]
Event: 9.725 Thread 0x0000000017bef800 Exception <a 'java/lang/OutOfMemoryError'> (0x00000000c222d1a0) thrown at [C:\re\workspace\8-2-build-windows-amd64-cygwin\jdk8u181\11358\hotspot\src\share\vm\memory\metaspace.cpp, line 3621]

Events (10 events):
Event: 11.943 Executing VM operation: RevokeBias done
Event: 11.943 loading class jade/tools/rma/DummyAgentAction
Event: 11.943 loading class jade/tools/rma/DummyAgentAction done
Event: 11.944 Executing VM operation: RevokeBias
Event: 11.944 Executing VM operation: RevokeBias done
Event: 11.944 Executing VM operation: RevokeBias
Event: 11.944 Executing VM operation: RevokeBias done
Event: 11.945 Executing VM operation: RevokeBias
Event: 11.945 Executing VM operation: RevokeBias done
Event: 11.945 Executing VM operation: RevokeBias


Dynamic libraries:
0x00007ff699540000 - 0x00007ff699577000 	C:\Program Files\Java\jdk1.8.0_181\bin\java.exe
0x00007ffc99d10000 - 0x00007ffc99ef1000 	C:\WINDOWS\SYSTEM32\ntdll.dll
0x00007ffc7b590000 - 0x00007ffc7b5a4000 	C:\Program Files\AVAST Software\Avast\x64\aswhooka.dll
0x00007ffc97b00000 - 0x00007ffc97bb2000 	C:\WINDOWS\System32\KERNEL32.DLL
0x00007ffc96130000 - 0x00007ffc963a3000 	C:\WINDOWS\System32\KERNELBASE.dll
0x00007ffc97650000 - 0x00007ffc976f1000 	C:\WINDOWS\System32\ADVAPI32.dll
0x00007ffc98310000 - 0x00007ffc983ae000 	C:\WINDOWS\System32\msvcrt.dll
0x00007ffc971a0000 - 0x00007ffc971fb000 	C:\WINDOWS\System32\sechost.dll
0x00007ffc97700000 - 0x00007ffc97824000 	C:\WINDOWS\System32\RPCRT4.dll
0x00007ffc99880000 - 0x00007ffc99a10000 	C:\WINDOWS\System32\USER32.dll
0x00007ffc964b0000 - 0x00007ffc964d0000 	C:\WINDOWS\System32\win32u.dll
0x00007ffc98070000 - 0x00007ffc98098000 	C:\WINDOWS\System32\GDI32.dll
0x00007ffc96f00000 - 0x00007ffc97092000 	C:\WINDOWS\System32\gdi32full.dll
0x00007ffc97100000 - 0x00007ffc9719f000 	C:\WINDOWS\System32\msvcp_win.dll
0x00007ffc963b0000 - 0x00007ffc964aa000 	C:\WINDOWS\System32\ucrtbase.dll
0x00007ffc7db60000 - 0x00007ffc7ddc9000 	C:\WINDOWS\WinSxS\amd64_microsoft.windows.common-controls_6595b64144ccf1df_6.0.17134.345_none_fb429a5930656358\COMCTL32.dll
0x00007ffc97d40000 - 0x00007ffc98063000 	C:\WINDOWS\System32\combase.dll
0x00007ffc96770000 - 0x00007ffc967ea000 	C:\WINDOWS\System32\bcryptPrimitives.dll
0x00007ffc98410000 - 0x00007ffc9843d000 	C:\WINDOWS\System32\IMM32.DLL
0x0000000073160000 - 0x0000000073232000 	C:\Program Files\Java\jdk1.8.0_181\jre\bin\msvcr100.dll
0x0000000073240000 - 0x0000000073ae2000 	C:\Program Files\Java\jdk1.8.0_181\jre\bin\server\jvm.dll
0x00007ffc99b00000 - 0x00007ffc99b08000 	C:\WINDOWS\System32\PSAPI.DLL
0x00007ffc82760000 - 0x00007ffc82769000 	C:\WINDOWS\SYSTEM32\WSOCK32.dll
0x00007ffc99c70000 - 0x00007ffc99cdc000 	C:\WINDOWS\System32\WS2_32.dll
0x00007ffc93ea0000 - 0x00007ffc93ec3000 	C:\WINDOWS\SYSTEM32\WINMM.dll
0x00007ffc82af0000 - 0x00007ffc82afa000 	C:\WINDOWS\SYSTEM32\VERSION.dll
0x00007ffc93e40000 - 0x00007ffc93e6a000 	C:\WINDOWS\SYSTEM32\WINMMBASE.dll
0x00007ffc960e0000 - 0x00007ffc96129000 	C:\WINDOWS\System32\cfgmgr32.dll
0x0000000073110000 - 0x000000007311f000 	C:\Program Files\Java\jdk1.8.0_181\jre\bin\verify.dll
0x00000000730e0000 - 0x0000000073109000 	C:\Program Files\Java\jdk1.8.0_181\jre\bin\java.dll
0x00000000730c0000 - 0x00000000730d6000 	C:\Program Files\Java\jdk1.8.0_181\jre\bin\zip.dll
0x00007ffc98440000 - 0x00007ffc9987f000 	C:\WINDOWS\System32\SHELL32.dll
0x00007ffc97bc0000 - 0x00007ffc97c69000 	C:\WINDOWS\System32\shcore.dll
0x00007ffc967f0000 - 0x00007ffc96efd000 	C:\WINDOWS\System32\windows.storage.dll
0x00007ffc982b0000 - 0x00007ffc98301000 	C:\WINDOWS\System32\shlwapi.dll
0x00007ffc960a0000 - 0x00007ffc960b1000 	C:\WINDOWS\System32\kernel.appcore.dll
0x00007ffc960c0000 - 0x00007ffc960df000 	C:\WINDOWS\System32\profapi.dll
0x00007ffc96050000 - 0x00007ffc9609c000 	C:\WINDOWS\System32\powrprof.dll
0x00007ffc96020000 - 0x00007ffc9602a000 	C:\WINDOWS\System32\FLTLIB.DLL
0x00000000730a0000 - 0x00000000730ba000 	C:\Program Files\Java\jdk1.8.0_181\jre\bin\net.dll
0x00007ffc958a0000 - 0x00007ffc95906000 	C:\WINDOWS\system32\mswsock.dll
0x00007ffc95620000 - 0x00007ffc95658000 	C:\WINDOWS\SYSTEM32\IPHLPAPI.DLL
0x00007ffc98240000 - 0x00007ffc98248000 	C:\WINDOWS\System32\NSI.dll
0x00007ffc8bda0000 - 0x00007ffc8bdb6000 	C:\WINDOWS\SYSTEM32\dhcpcsvc6.DLL
0x00007ffc8c300000 - 0x00007ffc8c31a000 	C:\WINDOWS\SYSTEM32\dhcpcsvc.DLL
0x0000000074250000 - 0x00000000743e9000 	C:\Program Files\Java\jdk1.8.0_181\jre\bin\awt.dll
0x00007ffc97c70000 - 0x00007ffc97d32000 	C:\WINDOWS\System32\OLEAUT32.dll
0x00007ffc93f90000 - 0x00007ffc9401b000 	C:\WINDOWS\SYSTEM32\apphelp.dll
0x00007ffc94450000 - 0x00007ffc94479000 	C:\WINDOWS\system32\DWMAPI.DLL
0x00007ffc94140000 - 0x00007ffc941d8000 	C:\WINDOWS\system32\uxtheme.dll
0x00007ffc88e60000 - 0x00007ffc88f80000 	C:\WINDOWS\system32\opengl32.dll
0x00007ffc88e30000 - 0x00007ffc88e5c000 	C:\WINDOWS\SYSTEM32\GLU32.dll
0x00007ffc97980000 - 0x00007ffc97af4000 	C:\WINDOWS\System32\MSCTF.dll
0x00007ffc99b10000 - 0x00007ffc99c61000 	C:\WINDOWS\System32\ole32.dll
0x00007ffc669f0000 - 0x00007ffc66a06000 	C:\WINDOWS\system32\napinsp.dll
0x00007ffc669d0000 - 0x00007ffc669ea000 	C:\WINDOWS\system32\pnrpnsp.dll
0x00007ffc92520000 - 0x00007ffc92539000 	C:\WINDOWS\system32\NLAapi.dll
0x00007ffc95670000 - 0x00007ffc9572e000 	C:\WINDOWS\SYSTEM32\DNSAPI.dll
0x00007ffc7ab80000 - 0x00007ffc7ab8e000 	C:\WINDOWS\System32\winrnr.dll
0x00007ffc8c540000 - 0x00007ffc8c555000 	C:\WINDOWS\System32\wshbth.dll
0x00007ffc86370000 - 0x00007ffc8637a000 	C:\Windows\System32\rasadhlp.dll
0x00007ffc86cd0000 - 0x00007ffc86d42000 	C:\WINDOWS\System32\fwpuclnt.dll
0x00007ffc95b80000 - 0x00007ffc95ba5000 	C:\WINDOWS\SYSTEM32\bcrypt.dll
0x0000000074130000 - 0x0000000074154000 	C:\Program Files\Java\jdk1.8.0_181\jre\bin\sunec.dll
0x0000000074200000 - 0x0000000074247000 	C:\Program Files\Java\jdk1.8.0_181\jre\bin\fontmanager.dll
0x00007ffc97830000 - 0x00007ffc978d0000 	C:\WINDOWS\System32\clbcatq.dll
0x00007ffc91c60000 - 0x00007ffc91e0e000 	C:\WINDOWS\SYSTEM32\WindowsCodecs.dll
0x00007ffc77710000 - 0x00007ffc77768000 	C:\WINDOWS\system32\dataexchange.dll
0x00007ffc92d00000 - 0x00007ffc9300b000 	C:\WINDOWS\system32\d3d11.dll
0x00007ffc93630000 - 0x00007ffc937cc000 	C:\WINDOWS\system32\dcomp.dll
0x00007ffc94de0000 - 0x00007ffc94e9b000 	C:\WINDOWS\system32\dxgi.dll
0x00007ffc94480000 - 0x00007ffc94638000 	C:\WINDOWS\system32\twinapi.appcore.dll
0x00007ffc943a0000 - 0x00007ffc943c1000 	C:\WINDOWS\system32\RMCLIENT.dll
0x0000000073080000 - 0x0000000073091000 	C:\Program Files\Java\jdk1.8.0_181\jre\bin\nio.dll
0x00000000741b0000 - 0x00000000741f2000 	C:\Program Files\Java\jdk1.8.0_181\jre\bin\t2k.dll
0x00007ffc95a50000 - 0x00007ffc95a67000 	C:\WINDOWS\SYSTEM32\CRYPTSP.dll
0x00007ffc95480000 - 0x00007ffc954b3000 	C:\WINDOWS\system32\rsaenh.dll
0x00007ffc95f20000 - 0x00007ffc95f48000 	C:\WINDOWS\SYSTEM32\USERENV.dll
0x00007ffc95a70000 - 0x00007ffc95a7b000 	C:\WINDOWS\SYSTEM32\CRYPTBASE.dll
0x0000000074120000 - 0x000000007412b000 	C:\Program Files\Java\jdk1.8.0_181\jre\bin\sunmscapi.dll
0x00007ffc96580000 - 0x00007ffc96762000 	C:\WINDOWS\System32\CRYPT32.dll
0x00007ffc96030000 - 0x00007ffc96042000 	C:\WINDOWS\System32\MSASN1.dll
0x0000000074110000 - 0x000000007411c000 	C:\Program Files\Java\jdk1.8.0_181\jre\bin\jsound.dll
0x0000000074100000 - 0x000000007410b000 	C:\Program Files\Java\jdk1.8.0_181\jre\bin\jsoundds.dll
0x00007ffc925f0000 - 0x00007ffc9267f000 	C:\WINDOWS\SYSTEM32\DSOUND.dll
0x00007ffc88850000 - 0x00007ffc888c6000 	C:\WINDOWS\SYSTEM32\MMDevAPI.DLL
0x00007ffc95e30000 - 0x00007ffc95e57000 	C:\WINDOWS\SYSTEM32\DEVOBJ.dll
0x00007ffc926e0000 - 0x00007ffc92894000 	C:\WINDOWS\SYSTEM32\PROPSYS.dll
0x00007ffc925a0000 - 0x00007ffc925e4000 	C:\WINDOWS\SYSTEM32\wdmaud.drv
0x00007ffc93e00000 - 0x00007ffc93e09000 	C:\WINDOWS\SYSTEM32\ksuser.dll
0x00007ffc91b90000 - 0x00007ffc91b9a000 	C:\WINDOWS\SYSTEM32\AVRT.dll
0x00007ffc85d60000 - 0x00007ffc85e8c000 	C:\WINDOWS\SYSTEM32\AUDIOSES.DLL
0x00007ffc91e20000 - 0x00007ffc91f6d000 	C:\WINDOWS\SYSTEM32\wintypes.dll
0x00007ffc93dd0000 - 0x00007ffc93ddd000 	C:\WINDOWS\SYSTEM32\msacm32.drv
0x00007ffc93db0000 - 0x00007ffc93dcc000 	C:\WINDOWS\SYSTEM32\MSACM32.dll
0x00007ffc93040000 - 0x00007ffc9304a000 	C:\WINDOWS\SYSTEM32\midimap.dll

VM Arguments:
java_command: jade.Boot -gui -agents GeradorVoz:Agentes.GeradorVoz;GeradorLN:Agentes.GeradorLN;Gerenciador:Agentes.Gerenciador;Semantizador:Agentes.Semantizador;ReconhecedorVoz:Agentes.ReconhecedorVoz;SimuladorCasa:Agentes.SimuladorCasa;
java_class_path (initial): C:\Users\Lidera Consultoria\Documents\NetBeansProjects\TCC\target\classes;C:\Users\Lidera Consultoria\.m2\repository\org\cogroo\lang\pt_br\cogroo-gc-pt_br\4.2.0\cogroo-gc-pt_br-4.2.0.jar;C:\Users\Lidera Consultoria\.m2\repository\org\cogroo\cogroo-gc\4.2.0\cogroo-gc-4.2.0.jar;C:\Users\Lidera Consultoria\.m2\repository\org\cogroo\lang\pt_br\cogroo-ann-pt_br\4.2.0\cogroo-ann-pt_br-4.2.0.jar;C:\Users\Lidera Consultoria\.m2\repository\org\cogroo\cogroo-ann\4.2.0\cogroo-ann-4.2.0.jar;C:\Users\Lidera Consultoria\.m2\repository\org\cogroo\cogroo-nlp\4.2.0\cogroo-nlp-4.2.0.jar;C:\Users\Lidera Consultoria\.m2\repository\org\apache\opennlp\opennlp-tools\1.7.2\opennlp-tools-1.7.2.jar;C:\Users\Lidera Consultoria\.m2\repository\javax\xml\bind\jaxb-api\2.2.5\jaxb-api-2.2.5.jar;C:\Users\Lidera Consultoria\.m2\repository\org\carrot2\morfologik-fsa\1.5.3\morfologik-fsa-1.5.3.jar;C:\Users\Lidera Consultoria\.m2\repository\com\carrotsearch\hppc\0.4.1\hppc-0.4.1.jar;C:\Users\Lidera Consultoria\.m2\repository\org\carrot2\morfologik-stemming\1.5.2\morfologik-stemming-1.5.2.jar;C:\Users\Lidera Consultoria\.m2\repository\org\carrot2\morfologik-tools\1.5.2\morfologik-tools-1.5.2.jar;C:\Users\Lidera Consultoria\.m2\repository\org\carrot2\morfologik-polish\1.5.2\morfologik-polish-1.5.2.jar;C:\Users\Lidera Consultoria\.m2\repository\commons-lang\commons-lang\2.6\commons-lang-2.6.jar;C:\Users\Lidera Consultoria\.m2\repository\log4j\log4j\1.2.17\log4j-1.2.17.jar;C:\Users\Lidera Consultoria\.m2\repository\org\cogroo\lang\pt_br\cogroo-res-pt_br\4.2.0\cogroo-res-pt_br-4.2.0.jar;C:\Users\Lidera Consultoria\.m2\repository\Ab\com.google\0.0.4.3\com.google-0.0.4.3.jar;C:\Users\Lidera Consultoria\.m2\repository\com\tilab\jade\jade\4.5.0\jade-4.5.0.jar;C:\Users\Lidera Consultoria\.m2\repository\commons-codec\commons-codec\1.3\commons-codec-1.3.jar;C:\Users\Lidera Consultoria\.m2\repository\net\sourceforge\owlapi\owlapi-api\5.1.7\owlapi-api-5.1.7.jar;C:\Users\Lidera Consultori
Launcher Type: SUN_STANDARD

Environment Variables:
JAVA_HOME=C:\Program Files\Java\jdk1.8.0_181
PATH=C:\SIMULIA\Commands;C:\Program Files (x86)\Intel\Intel(R) Management Engine Components\iCLS\;C:\Program Files\Intel\Intel(R) Management Engine Components\iCLS\;C:\Program Files (x86)\Common Files\Oracle\Java\javapath;C:\Program Files\Microsoft MPI\Bin\;C:\ProgramData\Oracle\Java\javapath;C:\WINDOWS\system32;C:\WINDOWS;C:\WINDOWS\System32\Wbem;C:\WINDOWS\System32\WindowsPowerShell\v1.0\;C:\Program Files\dotnet\;C:\Program Files\Microsoft SQL Server\130\Tools\Binn\;C:\WINDOWS\System32\OpenSSH\;C:\Program Files (x86)\Intel\Intel(R) Management Engine Components\DAL;C:\Program Files\Intel\Intel(R) Management Engine Components\DAL;C:\Program Files (x86)\Intel\Intel(R) Management Engine Components\IPT;C:\Program Files\Intel\Intel(R) Management Engine Components\IPT;C:\Program Files\Intel\WiFi\bin\;C:\Program Files\Common Files\Intel\WirelessCommon\;C:\Users\Lidera Consultoria\AppData\Local\Microsoft\WindowsApps;;C:\Program Files\Microsoft VS Code\bin;C:\Program Files\Intel\WiFi\bin\;C:\Program Files\Common Files\Intel\WirelessCommon\
USERNAME=Lidera Consultoria
OS=Windows_NT
PROCESSOR_IDENTIFIER=Intel64 Family 6 Model 78 Stepping 3, GenuineIntel



---------------  S Y S T E M  ---------------

OS: Windows 10.0 , 64 bit Build 17134 (10.0.17134.1)

CPU:total 4 (initial active 4) (2 cores per cpu, 2 threads per core) family 6 model 78 stepping 3, cmov, cx8, fxsr, mmx, sse, sse2, sse3, ssse3, sse4.1, sse4.2, popcnt, avx, avx2, aes, clmul, erms, 3dnowpref, lzcnt, ht, tsc, tscinvbit, bmi1, bmi2, adx

Memory: 4k page, physical 4066020k(259352k free), swap 4066020k(5168k free)

vm_info: Java HotSpot(TM) 64-Bit Server VM (25.181-b13) for windows-amd64 JRE (1.8.0_181-b13), built on Jul  7 2018 04:01:33 by "java_re" with MS VC++ 10.0 (VS2010)

time: Thu Oct 25 15:04:28 2018
elapsed time: 12 seconds (0d 0h 0m 12s)

