#
# There is insufficient memory for the Java Runtime Environment to continue.
# Native memory allocation (malloc) failed to allocate 1144016 bytes for Chunk::new
# Possible reasons:
#   The system is out of physical RAM or swap space
#   In 32 bit mode, the process size limit was hit
# Possible solutions:
#   Reduce memory load on the system
#   Increase physical memory or swap space
#   Check if swap backing store is full
#   Use 64 bit Java on a 64 bit OS
#   Decrease Java heap size (-Xmx/-Xms)
#   Decrease number of Java threads
#   Decrease Java thread stack sizes (-Xss)
#   Set larger code cache with -XX:ReservedCodeCacheSize=
# This output file may be truncated or incomplete.
#
#  Out of Memory Error (allocation.cpp:390), pid=10844, tid=0x00000000000022c4
#
# JRE version: Java(TM) SE Runtime Environment (8.0_181-b13) (build 1.8.0_181-b13)
# Java VM: Java HotSpot(TM) 64-Bit Server VM (25.181-b13 mixed mode windows-amd64 compressed oops)
# Failed to write core dump. Minidumps are not enabled by default on client versions of Windows
#

---------------  T H R E A D  ---------------

Current thread (0x0000000014d0b000):  JavaThread "C2 CompilerThread1" daemon [_thread_in_native, id=8900, stack(0x0000000016460000,0x0000000016560000)]

Stack: [0x0000000016460000,0x0000000016560000]
[error occurred during error reporting (printing stack bounds), id 0xc0000005]

Native frames: (J=compiled Java code, j=interpreted, Vv=VM code, C=native code)


Current CompileTask:
C2:  10744 3022       4       java.net.URLClassLoader$1::run (5 bytes)


---------------  P R O C E S S  ---------------

Java Threads: ( => current thread )
  0x00000000184e0000 JavaThread "pool-2-thread-10" [_thread_in_Java, id=11116, stack(0x000000001f550000,0x000000001f650000)]
  0x00000000184df000 JavaThread "pool-2-thread-9" [_thread_blocked, id=344, stack(0x000000001f450000,0x000000001f550000)]
  0x00000000184de800 JavaThread "pool-2-thread-8" [_thread_in_Java, id=9780, stack(0x000000001f350000,0x000000001f450000)]
  0x00000000184e0800 JavaThread "pool-2-thread-7" [_thread_blocked, id=104, stack(0x000000001f250000,0x000000001f350000)]
  0x00000000184e1800 JavaThread "pool-2-thread-6" [_thread_in_vm_trans, id=5084, stack(0x000000001f150000,0x000000001f250000)]
  0x00000000184dd800 JavaThread "pool-2-thread-5" [_thread_in_Java, id=7896, stack(0x000000001f050000,0x000000001f150000)]
  0x00000000184d5000 JavaThread "pool-2-thread-4" [_thread_blocked, id=6960, stack(0x000000001ef50000,0x000000001f050000)]
  0x00000000184d4800 JavaThread "pool-2-thread-3" [_thread_blocked, id=9308, stack(0x000000001ee50000,0x000000001ef50000)]
  0x00000000184d8000 JavaThread "pool-2-thread-2" [_thread_blocked, id=3152, stack(0x000000001ed50000,0x000000001ee50000)]
  0x00000000184da800 JavaThread "pool-2-thread-1" [_thread_blocked, id=7796, stack(0x000000001ec50000,0x000000001ed50000)]
  0x00000000184d6000 JavaThread "Okio Watchdog" daemon [_thread_blocked, id=8688, stack(0x000000001e950000,0x000000001ea50000)]
  0x00000000184dd000 JavaThread "OkHttp ConnectionPool" daemon [_thread_blocked, id=1064, stack(0x000000001e850000,0x000000001e950000)]
  0x00000000184dc000 JavaThread "OkHttp Dispatcher" [_thread_blocked, id=2336, stack(0x000000001e450000,0x000000001e550000)]
  0x00000000184db800 JavaThread "Java Sound Event Dispatcher" daemon [_thread_blocked, id=7356, stack(0x000000001e050000,0x000000001e150000)]
  0x00000000184d9800 JavaThread "AWT-EventQueue-0" [_thread_blocked, id=11048, stack(0x000000001b330000,0x000000001b430000)]
  0x00000000184d3800 JavaThread "DestroyJavaVM" [_thread_blocked, id=1104, stack(0x00000000024f0000,0x00000000025f0000)]
  0x00000000184d3000 JavaThread "monitor-Main-Container" [_thread_blocked, id=244, stack(0x000000001a440000,0x000000001a540000)]
  0x00000000184d7800 JavaThread "ReconhecedorVoz" [_thread_blocked, id=2508, stack(0x000000001a340000,0x000000001a440000)]
  0x00000000184d9000 JavaThread "Semantizador" [_thread_blocked, id=3944, stack(0x000000001a240000,0x000000001a340000)]
  0x000000001753d000 JavaThread "rma" [_thread_blocked, id=1724, stack(0x000000001a140000,0x000000001a240000)]
  0x000000001753b800 JavaThread "Gerenciador" [_thread_in_vm, id=5524, stack(0x000000001a040000,0x000000001a140000)]
  0x000000001753a800 JavaThread "GeradorLN" [_thread_blocked, id=10872, stack(0x0000000019f40000,0x000000001a040000)]
  0x0000000017538800 JavaThread "GeradorVoz" [_thread_blocked, id=7996, stack(0x0000000019e40000,0x0000000019f40000)]
  0x0000000017536000 JavaThread "SimuladorCasa" [_thread_blocked, id=10256, stack(0x0000000019d40000,0x0000000019e40000)]
  0x000000001753c000 JavaThread "df" [_thread_blocked, id=9032, stack(0x0000000019b20000,0x0000000019c20000)]
  0x000000001753a000 JavaThread "ams" [_thread_blocked, id=172, stack(0x0000000019a20000,0x0000000019b20000)]
  0x0000000017537800 JavaThread "Thread-11" [_thread_in_native, id=5560, stack(0x0000000019920000,0x0000000019a20000)]
  0x0000000017537000 JavaThread "Deliverer-04" [_thread_blocked, id=6804, stack(0x00000000191e0000,0x00000000192e0000)]
  0x0000000017539000 JavaThread "Deliverer-03" [_thread_blocked, id=1736, stack(0x00000000190e0000,0x00000000191e0000)]
  0x00000000176a4800 JavaThread "Deliverer-02" [_thread_blocked, id=216, stack(0x0000000018fe0000,0x00000000190e0000)]
  0x00000000176a4000 JavaThread "Deliverer-01" [_thread_blocked, id=3292, stack(0x0000000018ee0000,0x0000000018fe0000)]
  0x000000001751a000 JavaThread "Deliverer-00" [_thread_blocked, id=6060, stack(0x0000000018de0000,0x0000000018ee0000)]
  0x0000000017391000 JavaThread "AWT-Windows" daemon [_thread_in_native, id=9924, stack(0x0000000017c40000,0x0000000017d40000)]
  0x00000000174b5800 JavaThread "AWT-Shutdown" [_thread_blocked, id=6716, stack(0x0000000017b40000,0x0000000017c40000)]
  0x00000000174b5000 JavaThread "Java2D Disposer" daemon [_thread_blocked, id=9404, stack(0x0000000017a40000,0x0000000017b40000)]
  0x000000001716e000 JavaThread "Thread-4" [_thread_in_native, id=9424, stack(0x00000000178b0000,0x00000000179b0000)]
  0x0000000017112000 JavaThread "Thread-3" [_thread_blocked, id=10936, stack(0x00000000177b0000,0x00000000178b0000)]
  0x0000000017111800 JavaThread "JICPServer-1099" daemon [_thread_in_native, id=10104, stack(0x00000000176b0000,0x00000000177b0000)]
  0x00000000169ae000 JavaThread "JADE Timer dispatcher" [_thread_blocked, id=7684, stack(0x0000000016db0000,0x0000000016eb0000)]
  0x00000000166a9000 JavaThread "Service Thread" daemon [_thread_blocked, id=4756, stack(0x0000000016a60000,0x0000000016b60000)]
  0x0000000014d1b000 JavaThread "C1 CompilerThread2" daemon [_thread_blocked, id=8928, stack(0x0000000016560000,0x0000000016660000)]
=>0x0000000014d0b000 JavaThread "C2 CompilerThread1" daemon [_thread_in_native, id=8900, stack(0x0000000016460000,0x0000000016560000)]
  0x0000000014d07800 JavaThread "C2 CompilerThread0" daemon [_thread_in_native, id=6384, stack(0x0000000016360000,0x0000000016460000)]
  0x0000000014d03800 JavaThread "Attach Listener" daemon [_thread_blocked, id=10976, stack(0x0000000016260000,0x0000000016360000)]
  0x0000000014d02000 JavaThread "Signal Dispatcher" daemon [_thread_blocked, id=7072, stack(0x0000000016160000,0x0000000016260000)]
  0x000000000273a800 JavaThread "Finalizer" daemon [_thread_blocked, id=9732, stack(0x0000000015f50000,0x0000000016050000)]
  0x0000000002735800 JavaThread "Reference Handler" daemon [_thread_blocked, id=9264, stack(0x0000000015e50000,0x0000000015f50000)]

Other Threads:
  0x0000000014cc8000 VMThread [stack: 0x0000000015d50000,0x0000000015e50000] [id=10320]
  0x0000000014d5b800 WatcherThread [stack: 0x0000000016cb0000,0x0000000016db0000] [id=10712]

VM state:not at safepoint (normal execution)

VM Mutex/Monitor currently owned by a thread: None

Heap:
 PSYoungGen      total 87040K, used 18083K [0x00000000eb500000, 0x00000000f3b00000, 0x0000000100000000)
  eden space 75776K, 9% used [0x00000000eb500000,0x00000000ebbafcf8,0x00000000eff00000)
  from space 11264K, 99% used [0x00000000f1380000,0x00000000f1e792f8,0x00000000f1e80000)
  to   space 20992K, 0% used [0x00000000eff00000,0x00000000eff00000,0x00000000f1380000)
 ParOldGen       total 54784K, used 36870K [0x00000000c1e00000, 0x00000000c5380000, 0x00000000eb500000)
  object space 54784K, 67% used [0x00000000c1e00000,0x00000000c4201ba8,0x00000000c5380000)
 Metaspace       used 37168K, capacity 37732K, committed 38104K, reserved 1083392K
  class space    used 4922K, capacity 5049K, committed 5120K, reserved 1048576K

Card table byte_map: [0x0000000011b00000,0x0000000011d00000] byte_map_base: 0x00000000114f1000

Marking Bits: (ParMarkBitMap*) 0x0000000073bc2d00
 Begin Bits: [0x0000000012250000, 0x00000000131d8000)
 End Bits:   [0x00000000131d8000, 0x0000000014160000)

Polling page: 0x0000000000970000

CodeCache: size=245760Kb used=10099Kb max_used=10099Kb free=235660Kb
 bounds [0x0000000002740000, 0x0000000003130000, 0x0000000011740000]
 total_blobs=3658 nmethods=3033 adapters=537
 compilation: enabled

Compilation events (10 events):
Event: 10.506 Thread 0x0000000014d1b000 3054       3       com.sun.org.apache.xerces.internal.impl.XMLScanner::setFeature (32 bytes)
Event: 10.507 Thread 0x0000000014d1b000 nmethod 3054 0x0000000003123010 code [0x0000000003123180, 0x0000000003123518]
Event: 10.508 Thread 0x0000000014d1b000 3055       1       com.sun.org.apache.xerces.internal.dom.ParentNode::ownerDocument (5 bytes)
Event: 10.509 Thread 0x0000000014d1b000 nmethod 3055 0x00000000030ffb50 code [0x00000000030ffca0, 0x00000000030ffdb0]
Event: 10.518 Thread 0x0000000014d1b000 3056       3       java.util.regex.Pattern::compile (10 bytes)
Event: 10.519 Thread 0x0000000014d1b000 nmethod 3056 0x00000000031235d0 code [0x0000000003123740, 0x0000000003123928]
Event: 10.519 Thread 0x0000000014d1b000 3057       3       sun.net.www.protocol.jar.JarURLConnection::getUseCaches (8 bytes)
Event: 10.519 Thread 0x0000000014d1b000 nmethod 3057 0x00000000031239d0 code [0x0000000003123b40, 0x0000000003123d68]
Event: 10.519 Thread 0x0000000014d1b000 3058   !   3       sun.misc.URLClassPath::check (123 bytes)
Event: 10.521 Thread 0x0000000014d1b000 nmethod 3058 0x0000000003123e10 code [0x00000000031240e0, 0x0000000003125948]

GC Heap History (10 events):
Event: 4.562 GC heap before
{Heap before GC invocations=8 (full 1):
 PSYoungGen      total 55296K, used 55167K [0x00000000eb500000, 0x00000000ef400000, 0x0000000100000000)
  eden space 48640K, 100% used [0x00000000eb500000,0x00000000ee480000,0x00000000ee480000)
  from space 6656K, 98% used [0x00000000eec00000,0x00000000ef25fdd0,0x00000000ef280000)
  to   space 7680K, 0% used [0x00000000ee480000,0x00000000ee480000,0x00000000eec00000)
 ParOldGen       total 34304K, used 7874K [0x00000000c1e00000, 0x00000000c3f80000, 0x00000000eb500000)
  object space 34304K, 22% used [0x00000000c1e00000,0x00000000c25b09e0,0x00000000c3f80000)
 Metaspace       used 33426K, capacity 33964K, committed 34304K, reserved 1079296K
  class space    used 4387K, capacity 4565K, committed 4608K, reserved 1048576K
Event: 4.578 GC heap after
Heap after GC invocations=8 (full 1):
 PSYoungGen      total 56320K, used 7663K [0x00000000eb500000, 0x00000000f0f80000, 0x0000000100000000)
  eden space 48640K, 0% used [0x00000000eb500000,0x00000000eb500000,0x00000000ee480000)
  from space 7680K, 99% used [0x00000000ee480000,0x00000000eebfbdc8,0x00000000eec00000)
  to   space 10240K, 0% used [0x00000000f0580000,0x00000000f0580000,0x00000000f0f80000)
 ParOldGen       total 34304K, used 10795K [0x00000000c1e00000, 0x00000000c3f80000, 0x00000000eb500000)
  object space 34304K, 31% used [0x00000000c1e00000,0x00000000c288ada0,0x00000000c3f80000)
 Metaspace       used 33426K, capacity 33964K, committed 34304K, reserved 1079296K
  class space    used 4387K, capacity 4565K, committed 4608K, reserved 1048576K
}
Event: 8.737 GC heap before
{Heap before GC invocations=9 (full 1):
 PSYoungGen      total 56320K, used 56303K [0x00000000eb500000, 0x00000000f0f80000, 0x0000000100000000)
  eden space 48640K, 100% used [0x00000000eb500000,0x00000000ee480000,0x00000000ee480000)
  from space 7680K, 99% used [0x00000000ee480000,0x00000000eebfbdc8,0x00000000eec00000)
  to   space 10240K, 0% used [0x00000000f0580000,0x00000000f0580000,0x00000000f0f80000)
 ParOldGen       total 34304K, used 10795K [0x00000000c1e00000, 0x00000000c3f80000, 0x00000000eb500000)
  object space 34304K, 31% used [0x00000000c1e00000,0x00000000c288ada0,0x00000000c3f80000)
 Metaspace       used 34432K, capacity 34962K, committed 35416K, reserved 1079296K
  class space    used 4503K, capacity 4662K, committed 4736K, reserved 1048576K
Event: 8.746 GC heap after
Heap after GC invocations=9 (full 1):
 PSYoungGen      total 77824K, used 8324K [0x00000000eb500000, 0x00000000f0e00000, 0x0000000100000000)
  eden space 69120K, 0% used [0x00000000eb500000,0x00000000eb500000,0x00000000ef880000)
  from space 8704K, 95% used [0x00000000f0580000,0x00000000f0da11d8,0x00000000f0e00000)
  to   space 10752K, 0% used [0x00000000ef900000,0x00000000ef900000,0x00000000f0380000)
 ParOldGen       total 34304K, used 10803K [0x00000000c1e00000, 0x00000000c3f80000, 0x00000000eb500000)
  object space 34304K, 31% used [0x00000000c1e00000,0x00000000c288cda0,0x00000000c3f80000)
 Metaspace       used 34432K, capacity 34962K, committed 35416K, reserved 1079296K
  class space    used 4503K, capacity 4662K, committed 4736K, reserved 1048576K
}
Event: 9.730 GC heap before
{Heap before GC invocations=10 (full 1):
 PSYoungGen      total 77824K, used 23944K [0x00000000eb500000, 0x00000000f0e00000, 0x0000000100000000)
  eden space 69120K, 22% used [0x00000000eb500000,0x00000000ec441078,0x00000000ef880000)
  from space 8704K, 95% used [0x00000000f0580000,0x00000000f0da11d8,0x00000000f0e00000)
  to   space 10752K, 0% used [0x00000000ef900000,0x00000000ef900000,0x00000000f0380000)
 ParOldGen       total 34304K, used 10803K [0x00000000c1e00000, 0x00000000c3f80000, 0x00000000eb500000)
  object space 34304K, 31% used [0x00000000c1e00000,0x00000000c288cda0,0x00000000c3f80000)
 Metaspace       used 34628K, capacity 35090K, committed 35416K, reserved 1079296K
  class space    used 4527K, capacity 4662K, committed 4736K, reserved 1048576K
Event: 9.739 GC heap after
Heap after GC invocations=10 (full 1):
 PSYoungGen      total 80384K, used 8355K [0x00000000eb500000, 0x00000000f1e80000, 0x0000000100000000)
  eden space 69632K, 0% used [0x00000000eb500000,0x00000000eb500000,0x00000000ef900000)
  from space 10752K, 77% used [0x00000000ef900000,0x00000000f0128d50,0x00000000f0380000)
  to   space 11264K, 0% used [0x00000000f1380000,0x00000000f1380000,0x00000000f1e80000)
 ParOldGen       total 34304K, used 10811K [0x00000000c1e00000, 0x00000000c3f80000, 0x00000000eb500000)
  object space 34304K, 31% used [0x00000000c1e00000,0x00000000c288eda0,0x00000000c3f80000)
 Metaspace       used 34628K, capacity 35090K, committed 35416K, reserved 1079296K
  class space    used 4527K, capacity 4662K, committed 4736K, reserved 1048576K
}
Event: 9.739 GC heap before
{Heap before GC invocations=11 (full 2):
 PSYoungGen      total 80384K, used 8355K [0x00000000eb500000, 0x00000000f1e80000, 0x0000000100000000)
  eden space 69632K, 0% used [0x00000000eb500000,0x00000000eb500000,0x00000000ef900000)
  from space 10752K, 77% used [0x00000000ef900000,0x00000000f0128d50,0x00000000f0380000)
  to   space 11264K, 0% used [0x00000000f1380000,0x00000000f1380000,0x00000000f1e80000)
 ParOldGen       total 34304K, used 10811K [0x00000000c1e00000, 0x00000000c3f80000, 0x00000000eb500000)
  object space 34304K, 31% used [0x00000000c1e00000,0x00000000c288eda0,0x00000000c3f80000)
 Metaspace       used 34628K, capacity 35090K, committed 35416K, reserved 1079296K
  class space    used 4527K, capacity 4662K, committed 4736K, reserved 1048576K
Event: 9.808 GC heap after
Heap after GC invocations=11 (full 2):
 PSYoungGen      total 80384K, used 0K [0x00000000eb500000, 0x00000000f1e80000, 0x0000000100000000)
  eden space 69632K, 0% used [0x00000000eb500000,0x00000000eb500000,0x00000000ef900000)
  from space 10752K, 0% used [0x00000000ef900000,0x00000000ef900000,0x00000000f0380000)
  to   space 11264K, 0% used [0x00000000f1380000,0x00000000f1380000,0x00000000f1e80000)
 ParOldGen       total 54784K, used 13684K [0x00000000c1e00000, 0x00000000c5380000, 0x00000000eb500000)
  object space 54784K, 24% used [0x00000000c1e00000,0x00000000c2b5d120,0x00000000c5380000)
 Metaspace       used 34628K, capacity 35090K, committed 35416K, reserved 1079296K
  class space    used 4527K, capacity 4662K, committed 4736K, reserved 1048576K
}
Event: 10.610 GC heap before
{Heap before GC invocations=12 (full 2):
 PSYoungGen      total 80384K, used 69632K [0x00000000eb500000, 0x00000000f1e80000, 0x0000000100000000)
  eden space 69632K, 100% used [0x00000000eb500000,0x00000000ef900000,0x00000000ef900000)
  from space 10752K, 0% used [0x00000000ef900000,0x00000000ef900000,0x00000000f0380000)
  to   space 11264K, 0% used [0x00000000f1380000,0x00000000f1380000,0x00000000f1e80000)
 ParOldGen       total 54784K, used 13684K [0x00000000c1e00000, 0x00000000c5380000, 0x00000000eb500000)
  object space 54784K, 24% used [0x00000000c1e00000,0x00000000c2b5d120,0x00000000c5380000)
 Metaspace       used 37159K, capacity 37732K, committed 38104K, reserved 1083392K
  class space    used 4921K, capacity 5049K, committed 5120K, reserved 1048576K
Event: 10.658 GC heap after
Heap after GC invocations=12 (full 2):
 PSYoungGen      total 87040K, used 11236K [0x00000000eb500000, 0x00000000f3b00000, 0x0000000100000000)
  eden space 75776K, 0% used [0x00000000eb500000,0x00000000eb500000,0x00000000eff00000)
  from space 11264K, 99% used [0x00000000f1380000,0x00000000f1e792f8,0x00000000f1e80000)
  to   space 20992K, 0% used [0x00000000eff00000,0x00000000eff00000,0x00000000f1380000)
 ParOldGen       total 54784K, used 36870K [0x00000000c1e00000, 0x00000000c5380000, 0x00000000eb500000)
  object space 54784K, 67% used [0x00000000c1e00000,0x00000000c4201ba8,0x00000000c5380000)
 Metaspace       used 37159K, capacity 37732K, committed 38104K, reserved 1083392K
  class space    used 4921K, capacity 5049K, committed 5120K, reserved 1048576K
}

Deoptimization events (10 events):
Event: 9.976 Thread 0x00000000184d9000 Uncommon trap: reason=bimorphic action=maybe_recompile pc=0x0000000002ef99c0 method=java.io.DataInputStream.readByte()B @ 4
Event: 9.976 Thread 0x00000000184d9000 Uncommon trap: reason=bimorphic action=maybe_recompile pc=0x0000000002ef99c0 method=java.io.DataInputStream.readByte()B @ 4
Event: 9.977 Thread 0x00000000184d9000 Uncommon trap: reason=bimorphic action=maybe_recompile pc=0x0000000002ef99c0 method=java.io.DataInputStream.readByte()B @ 4
Event: 9.977 Thread 0x00000000184d9000 Uncommon trap: reason=bimorphic action=maybe_recompile pc=0x0000000002ef99c0 method=java.io.DataInputStream.readByte()B @ 4
Event: 9.977 Thread 0x00000000184d9000 Uncommon trap: reason=bimorphic action=maybe_recompile pc=0x0000000002e3e678 method=java.io.DataInputStream.readInt()I @ 4
Event: 9.977 Thread 0x00000000184d9000 Uncommon trap: reason=bimorphic action=maybe_recompile pc=0x0000000002e3e678 method=java.io.DataInputStream.readInt()I @ 4
Event: 9.977 Thread 0x00000000184d9000 Uncommon trap: reason=bimorphic action=maybe_recompile pc=0x0000000002e3e678 method=java.io.DataInputStream.readInt()I @ 4
Event: 9.978 Thread 0x00000000184d9000 Uncommon trap: reason=bimorphic action=maybe_recompile pc=0x0000000002e3e678 method=java.io.DataInputStream.readInt()I @ 4
Event: 10.030 Thread 0x00000000184d9000 Uncommon trap: reason=unstable_if action=reinterpret pc=0x000000000300a72c method=java.util.LinkedList.node(I)Ljava/util/LinkedList$Node; @ 7
Event: 10.341 Thread 0x00000000184de800 Uncommon trap: reason=unstable_if action=reinterpret pc=0x00000000030e80c8 method=java.io.DataInputStream.readUTF(Ljava/io/DataInput;)Ljava/lang/String; @ 31

Classes redefined (0 events):
No events

Internal exceptions (10 events):
Event: 9.847 Thread 0x00000000184d9000 Exception <a 'java/lang/ClassNotFoundException': org/apache/log4j/WriterAppenderCustomizer> (0x00000000eb6e8a40) thrown at [C:\re\workspace\8-2-build-windows-amd64-cygwin\jdk8u181\11358\hotspot\src\share\vm\classfile\systemDictionary.cpp, line 210]
Event: 9.849 Thread 0x00000000184d9000 Exception <a 'java/lang/ClassNotFoundException': org/apache/log4j/FileAppenderCustomizer> (0x00000000eb705f10) thrown at [C:\re\workspace\8-2-build-windows-amd64-cygwin\jdk8u181\11358\hotspot\src\share\vm\classfile\systemDictionary.cpp, line 210]
Event: 9.869 Thread 0x00000000184d9000 Exception <a 'java/lang/ClassNotFoundException': org/apache/log4j/PatternLayoutBeanInfo> (0x00000000eb7ce508) thrown at [C:\re\workspace\8-2-build-windows-amd64-cygwin\jdk8u181\11358\hotspot\src\share\vm\classfile\systemDictionary.cpp, line 210]
Event: 9.870 Thread 0x00000000184d9000 Exception <a 'java/lang/ClassNotFoundException': org/apache/log4j/LayoutBeanInfo> (0x00000000eb7dd708) thrown at [C:\re\workspace\8-2-build-windows-amd64-cygwin\jdk8u181\11358\hotspot\src\share\vm\classfile\systemDictionary.cpp, line 210]
Event: 9.871 Thread 0x00000000184d9000 Exception <a 'java/lang/ClassNotFoundException': org/apache/log4j/LayoutCustomizer> (0x00000000eb7ecd30) thrown at [C:\re\workspace\8-2-build-windows-amd64-cygwin\jdk8u181\11358\hotspot\src\share\vm\classfile\systemDictionary.cpp, line 210]
Event: 9.872 Thread 0x00000000184d9000 Exception <a 'java/lang/ClassNotFoundException': org/apache/log4j/PatternLayoutCustomizer> (0x00000000eb8026a8) thrown at [C:\re\workspace\8-2-build-windows-amd64-cygwin\jdk8u181\11358\hotspot\src\share\vm\classfile\systemDictionary.cpp, line 210]
Event: 9.875 Thread 0x00000000184d9000 Exception <a 'java/lang/ClassNotFoundException': org/apache/log4j/ConsoleAppenderBeanInfo> (0x00000000eb81a938) thrown at [C:\re\workspace\8-2-build-windows-amd64-cygwin\jdk8u181\11358\hotspot\src\share\vm\classfile\systemDictionary.cpp, line 210]
Event: 9.876 Thread 0x00000000184d9000 Exception <a 'java/lang/ClassNotFoundException': org/apache/log4j/ConsoleAppenderCustomizer> (0x00000000eb82bda8) thrown at [C:\re\workspace\8-2-build-windows-amd64-cygwin\jdk8u181\11358\hotspot\src\share\vm\classfile\systemDictionary.cpp, line 210]
Event: 9.883 Thread 0x00000000184d9000 Exception <a 'java/lang/ClassNotFoundException': com/sun/org/glassfish/hk2/osgiresourcelocator/ServiceLoader> (0x00000000eb8589a8) thrown at [C:\re\workspace\8-2-build-windows-amd64-cygwin\jdk8u181\11358\hotspot\src\share\vm\classfile\systemDictionary.cpp
Event: 9.892 Thread 0x00000000184d9000 Exception <a 'java/lang/NullPointerException'> (0x00000000eb8777c0) thrown at [C:\re\workspace\8-2-build-windows-amd64-cygwin\jdk8u181\11358\hotspot\src\share\vm\interpreter\linkResolver.cpp, line 1287]

Events (10 events):
Event: 10.524 Executing VM operation: RevokeBias
Event: 10.524 Executing VM operation: RevokeBias done
Event: 10.610 Executing VM operation: ParallelGCFailedAllocation
Event: 10.658 Executing VM operation: ParallelGCFailedAllocation done
Event: 10.658 loading class opennlp/tools/tokenize/DefaultTokenContextGenerator
Event: 10.658 loading class opennlp/tools/tokenize/DefaultTokenContextGenerator done
Event: 10.659 loading class org/cogroo/analyzer/Tokenizer
Event: 10.659 loading class org/cogroo/analyzer/Tokenizer done
Event: 10.674 Executing VM operation: RevokeBias
Event: 10.675 Executing VM operation: RevokeBias done


Dynamic libraries:
0x00007ff66e0e0000 - 0x00007ff66e117000 	C:\Program Files\Java\jdk1.8.0_181\bin\java.exe
0x00007ffc99d10000 - 0x00007ffc99ef1000 	C:\WINDOWS\SYSTEM32\ntdll.dll
0x00007ffc7b590000 - 0x00007ffc7b5a4000 	C:\Program Files\AVAST Software\Avast\x64\aswhooka.dll
0x00007ffc97b00000 - 0x00007ffc97bb2000 	C:\WINDOWS\System32\KERNEL32.DLL
0x00007ffc96130000 - 0x00007ffc963a3000 	C:\WINDOWS\System32\KERNELBASE.dll
0x00007ffc97650000 - 0x00007ffc976f1000 	C:\WINDOWS\System32\ADVAPI32.dll
0x00007ffc98310000 - 0x00007ffc983ae000 	C:\WINDOWS\System32\msvcrt.dll
0x00007ffc971a0000 - 0x00007ffc971fb000 	C:\WINDOWS\System32\sechost.dll
0x00007ffc97700000 - 0x00007ffc97824000 	C:\WINDOWS\System32\RPCRT4.dll
0x00007ffc99880000 - 0x00007ffc99a10000 	C:\WINDOWS\System32\USER32.dll
0x00007ffc964b0000 - 0x00007ffc964d0000 	C:\WINDOWS\System32\win32u.dll
0x00007ffc98070000 - 0x00007ffc98098000 	C:\WINDOWS\System32\GDI32.dll
0x00007ffc96f00000 - 0x00007ffc97092000 	C:\WINDOWS\System32\gdi32full.dll
0x00007ffc97100000 - 0x00007ffc9719f000 	C:\WINDOWS\System32\msvcp_win.dll
0x00007ffc963b0000 - 0x00007ffc964aa000 	C:\WINDOWS\System32\ucrtbase.dll
0x00007ffc7db60000 - 0x00007ffc7ddc9000 	C:\WINDOWS\WinSxS\amd64_microsoft.windows.common-controls_6595b64144ccf1df_6.0.17134.345_none_fb429a5930656358\COMCTL32.dll
0x00007ffc97d40000 - 0x00007ffc98063000 	C:\WINDOWS\System32\combase.dll
0x00007ffc96770000 - 0x00007ffc967ea000 	C:\WINDOWS\System32\bcryptPrimitives.dll
0x00007ffc98410000 - 0x00007ffc9843d000 	C:\WINDOWS\System32\IMM32.DLL
0x00000000741b0000 - 0x0000000074282000 	C:\Program Files\Java\jdk1.8.0_181\jre\bin\msvcr100.dll
0x00000000733a0000 - 0x0000000073c42000 	C:\Program Files\Java\jdk1.8.0_181\jre\bin\server\jvm.dll
0x00007ffc99b00000 - 0x00007ffc99b08000 	C:\WINDOWS\System32\PSAPI.DLL
0x00007ffc82760000 - 0x00007ffc82769000 	C:\WINDOWS\SYSTEM32\WSOCK32.dll
0x00007ffc99c70000 - 0x00007ffc99cdc000 	C:\WINDOWS\System32\WS2_32.dll
0x00007ffc93ea0000 - 0x00007ffc93ec3000 	C:\WINDOWS\SYSTEM32\WINMM.dll
0x00007ffc82af0000 - 0x00007ffc82afa000 	C:\WINDOWS\SYSTEM32\VERSION.dll
0x00007ffc93e40000 - 0x00007ffc93e6a000 	C:\WINDOWS\SYSTEM32\WINMMBASE.dll
0x00007ffc960e0000 - 0x00007ffc96129000 	C:\WINDOWS\System32\cfgmgr32.dll
0x0000000074160000 - 0x000000007416f000 	C:\Program Files\Java\jdk1.8.0_181\jre\bin\verify.dll
0x0000000074130000 - 0x0000000074159000 	C:\Program Files\Java\jdk1.8.0_181\jre\bin\java.dll
0x0000000074110000 - 0x0000000074126000 	C:\Program Files\Java\jdk1.8.0_181\jre\bin\zip.dll
0x00007ffc98440000 - 0x00007ffc9987f000 	C:\WINDOWS\System32\SHELL32.dll
0x00007ffc97bc0000 - 0x00007ffc97c69000 	C:\WINDOWS\System32\shcore.dll
0x00007ffc967f0000 - 0x00007ffc96efd000 	C:\WINDOWS\System32\windows.storage.dll
0x00007ffc982b0000 - 0x00007ffc98301000 	C:\WINDOWS\System32\shlwapi.dll
0x00007ffc960a0000 - 0x00007ffc960b1000 	C:\WINDOWS\System32\kernel.appcore.dll
0x00007ffc960c0000 - 0x00007ffc960df000 	C:\WINDOWS\System32\profapi.dll
0x00007ffc96050000 - 0x00007ffc9609c000 	C:\WINDOWS\System32\powrprof.dll
0x00007ffc96020000 - 0x00007ffc9602a000 	C:\WINDOWS\System32\FLTLIB.DLL
0x00000000740f0000 - 0x000000007410a000 	C:\Program Files\Java\jdk1.8.0_181\jre\bin\net.dll
0x00007ffc958a0000 - 0x00007ffc95906000 	C:\WINDOWS\system32\mswsock.dll
0x00007ffc95620000 - 0x00007ffc95658000 	C:\WINDOWS\SYSTEM32\IPHLPAPI.DLL
0x00007ffc98240000 - 0x00007ffc98248000 	C:\WINDOWS\System32\NSI.dll
0x00007ffc8bda0000 - 0x00007ffc8bdb6000 	C:\WINDOWS\SYSTEM32\dhcpcsvc6.DLL
0x00007ffc8c300000 - 0x00007ffc8c31a000 	C:\WINDOWS\SYSTEM32\dhcpcsvc.DLL
0x0000000073200000 - 0x0000000073399000 	C:\Program Files\Java\jdk1.8.0_181\jre\bin\awt.dll
0x00007ffc97c70000 - 0x00007ffc97d32000 	C:\WINDOWS\System32\OLEAUT32.dll
0x00007ffc93f90000 - 0x00007ffc9401b000 	C:\WINDOWS\SYSTEM32\apphelp.dll
0x00007ffc94450000 - 0x00007ffc94479000 	C:\WINDOWS\system32\DWMAPI.DLL
0x00007ffc94140000 - 0x00007ffc941d8000 	C:\WINDOWS\system32\uxtheme.dll
0x00007ffc711f0000 - 0x00007ffc71310000 	C:\WINDOWS\system32\opengl32.dll
0x00007ffc88e70000 - 0x00007ffc88e9c000 	C:\WINDOWS\SYSTEM32\GLU32.dll
0x00007ffc97980000 - 0x00007ffc97af4000 	C:\WINDOWS\System32\MSCTF.dll
0x00007ffc99b10000 - 0x00007ffc99c61000 	C:\WINDOWS\System32\ole32.dll
0x00007ffc669f0000 - 0x00007ffc66a06000 	C:\WINDOWS\system32\napinsp.dll
0x00007ffc669d0000 - 0x00007ffc669ea000 	C:\WINDOWS\system32\pnrpnsp.dll
0x00007ffc92520000 - 0x00007ffc92539000 	C:\WINDOWS\system32\NLAapi.dll
0x00007ffc95670000 - 0x00007ffc9572e000 	C:\WINDOWS\SYSTEM32\DNSAPI.dll
0x00007ffc7ab80000 - 0x00007ffc7ab8e000 	C:\WINDOWS\System32\winrnr.dll
0x00007ffc8c540000 - 0x00007ffc8c555000 	C:\WINDOWS\System32\wshbth.dll
0x00007ffc86370000 - 0x00007ffc8637a000 	C:\Windows\System32\rasadhlp.dll
0x00007ffc86cd0000 - 0x00007ffc86d42000 	C:\WINDOWS\System32\fwpuclnt.dll
0x00007ffc95b80000 - 0x00007ffc95ba5000 	C:\WINDOWS\SYSTEM32\bcrypt.dll
0x00000000731d0000 - 0x00000000731f4000 	C:\Program Files\Java\jdk1.8.0_181\jre\bin\sunec.dll
0x0000000074080000 - 0x00000000740c7000 	C:\Program Files\Java\jdk1.8.0_181\jre\bin\fontmanager.dll
0x00007ffc97830000 - 0x00007ffc978d0000 	C:\WINDOWS\System32\clbcatq.dll
0x00007ffc91c60000 - 0x00007ffc91e0e000 	C:\WINDOWS\SYSTEM32\WindowsCodecs.dll
0x00007ffc77710000 - 0x00007ffc77768000 	C:\WINDOWS\system32\dataexchange.dll
0x00007ffc92d00000 - 0x00007ffc9300b000 	C:\WINDOWS\system32\d3d11.dll
0x00007ffc93630000 - 0x00007ffc937cc000 	C:\WINDOWS\system32\dcomp.dll
0x00007ffc94de0000 - 0x00007ffc94e9b000 	C:\WINDOWS\system32\dxgi.dll
0x00007ffc94480000 - 0x00007ffc94638000 	C:\WINDOWS\system32\twinapi.appcore.dll
0x00007ffc943a0000 - 0x00007ffc943c1000 	C:\WINDOWS\system32\RMCLIENT.dll
0x00000000740d0000 - 0x00000000740e1000 	C:\Program Files\Java\jdk1.8.0_181\jre\bin\nio.dll
0x0000000074030000 - 0x0000000074072000 	C:\Program Files\Java\jdk1.8.0_181\jre\bin\t2k.dll
0x00007ffc95a50000 - 0x00007ffc95a67000 	C:\WINDOWS\SYSTEM32\CRYPTSP.dll
0x00007ffc95480000 - 0x00007ffc954b3000 	C:\WINDOWS\system32\rsaenh.dll
0x00007ffc95f20000 - 0x00007ffc95f48000 	C:\WINDOWS\SYSTEM32\USERENV.dll
0x00007ffc95a70000 - 0x00007ffc95a7b000 	C:\WINDOWS\SYSTEM32\CRYPTBASE.dll
0x0000000073190000 - 0x00000000731c1000 	C:\Program Files\Java\jdk1.8.0_181\jre\bin\jpeg.dll
0x00007ffc8b3e0000 - 0x00007ffc8b477000 	C:\WINDOWS\System32\TextInputFramework.dll
0x00007ffc91720000 - 0x00007ffc91a3e000 	C:\WINDOWS\System32\CoreUIComponents.dll
0x00007ffc93930000 - 0x00007ffc93a0a000 	C:\WINDOWS\System32\CoreMessaging.dll
0x00007ffc95110000 - 0x00007ffc95141000 	C:\WINDOWS\SYSTEM32\ntmarta.dll
0x00007ffc91e20000 - 0x00007ffc91f6d000 	C:\WINDOWS\SYSTEM32\wintypes.dll
0x0000000073180000 - 0x000000007318b000 	C:\Program Files\Java\jdk1.8.0_181\jre\bin\sunmscapi.dll
0x00007ffc96580000 - 0x00007ffc96762000 	C:\WINDOWS\System32\CRYPT32.dll
0x00007ffc96030000 - 0x00007ffc96042000 	C:\WINDOWS\System32\MSASN1.dll
0x0000000073170000 - 0x000000007317c000 	C:\Program Files\Java\jdk1.8.0_181\jre\bin\jsound.dll
0x0000000073160000 - 0x000000007316b000 	C:\Program Files\Java\jdk1.8.0_181\jre\bin\jsoundds.dll
0x00007ffc7bd90000 - 0x00007ffc7be1f000 	C:\WINDOWS\SYSTEM32\DSOUND.dll
0x00007ffc88850000 - 0x00007ffc888c6000 	C:\WINDOWS\SYSTEM32\MMDevAPI.DLL
0x00007ffc95e30000 - 0x00007ffc95e57000 	C:\WINDOWS\SYSTEM32\DEVOBJ.dll
0x00007ffc926e0000 - 0x00007ffc92894000 	C:\WINDOWS\SYSTEM32\PROPSYS.dll
0x00007ffc88ea0000 - 0x00007ffc88ee4000 	C:\WINDOWS\SYSTEM32\wdmaud.drv
0x00007ffc92590000 - 0x00007ffc92599000 	C:\WINDOWS\SYSTEM32\ksuser.dll
0x00007ffc91b90000 - 0x00007ffc91b9a000 	C:\WINDOWS\SYSTEM32\AVRT.dll
0x00007ffc85d60000 - 0x00007ffc85e8c000 	C:\WINDOWS\SYSTEM32\AUDIOSES.DLL
0x00007ffc91aa0000 - 0x00007ffc91aad000 	C:\WINDOWS\SYSTEM32\msacm32.drv
0x00007ffc89f60000 - 0x00007ffc89f7c000 	C:\WINDOWS\SYSTEM32\MSACM32.dll
0x00007ffc8c240000 - 0x00007ffc8c24a000 	C:\WINDOWS\SYSTEM32\midimap.dll

VM Arguments:
java_command: jade.Boot -gui -agents GeradorVoz:Agentes.GeradorVoz;GeradorLN:Agentes.GeradorLN;Gerenciador:Agentes.Gerenciador;Semantizador:Agentes.Semantizador;ReconhecedorVoz:Agentes.ReconhecedorVoz;SimuladorCasa:Agentes.SimuladorCasa;
java_class_path (initial): C:\Users\Lidera Consultoria\Documents\NetBeansProjects\TCC\target\classes;C:\Users\Lidera Consultoria\.m2\repository\org\cogroo\lang\pt_br\cogroo-gc-pt_br\4.2.0\cogroo-gc-pt_br-4.2.0.jar;C:\Users\Lidera Consultoria\.m2\repository\org\cogroo\cogroo-gc\4.2.0\cogroo-gc-4.2.0.jar;C:\Users\Lidera Consultoria\.m2\repository\org\cogroo\lang\pt_br\cogroo-ann-pt_br\4.2.0\cogroo-ann-pt_br-4.2.0.jar;C:\Users\Lidera Consultoria\.m2\repository\org\cogroo\cogroo-ann\4.2.0\cogroo-ann-4.2.0.jar;C:\Users\Lidera Consultoria\.m2\repository\org\cogroo\cogroo-nlp\4.2.0\cogroo-nlp-4.2.0.jar;C:\Users\Lidera Consultoria\.m2\repository\org\apache\opennlp\opennlp-tools\1.7.2\opennlp-tools-1.7.2.jar;C:\Users\Lidera Consultoria\.m2\repository\javax\xml\bind\jaxb-api\2.2.5\jaxb-api-2.2.5.jar;C:\Users\Lidera Consultoria\.m2\repository\org\carrot2\morfologik-fsa\1.5.3\morfologik-fsa-1.5.3.jar;C:\Users\Lidera Consultoria\.m2\repository\com\carrotsearch\hppc\0.4.1\hppc-0.4.1.jar;C:\Users\Lidera Consultoria\.m2\repository\org\carrot2\morfologik-stemming\1.5.2\morfologik-stemming-1.5.2.jar;C:\Users\Lidera Consultoria\.m2\repository\org\carrot2\morfologik-tools\1.5.2\morfologik-tools-1.5.2.jar;C:\Users\Lidera Consultoria\.m2\repository\org\carrot2\morfologik-polish\1.5.2\morfologik-polish-1.5.2.jar;C:\Users\Lidera Consultoria\.m2\repository\commons-lang\commons-lang\2.6\commons-lang-2.6.jar;C:\Users\Lidera Consultoria\.m2\repository\log4j\log4j\1.2.17\log4j-1.2.17.jar;C:\Users\Lidera Consultoria\.m2\repository\org\cogroo\lang\pt_br\cogroo-res-pt_br\4.2.0\cogroo-res-pt_br-4.2.0.jar;C:\Users\Lidera Consultoria\.m2\repository\Ab\com.google\0.0.4.3\com.google-0.0.4.3.jar;C:\Users\Lidera Consultoria\.m2\repository\com\tilab\jade\jade\4.5.0\jade-4.5.0.jar;C:\Users\Lidera Consultoria\.m2\repository\commons-codec\commons-codec\1.3\commons-codec-1.3.jar;C:\Users\Lidera Consultoria\.m2\repository\net\sourceforge\owlapi\owlapi-api\5.1.7\owlapi-api-5.1.7.jar;C:\Users\Lidera Consultori
Launcher Type: SUN_STANDARD

Environment Variables:
JAVA_HOME=C:\Program Files\Java\jdk1.8.0_181
PATH=C:\SIMULIA\Commands;C:\Program Files (x86)\Intel\Intel(R) Management Engine Components\iCLS\;C:\Program Files\Intel\Intel(R) Management Engine Components\iCLS\;C:\Program Files (x86)\Common Files\Oracle\Java\javapath;C:\Program Files\Microsoft MPI\Bin\;C:\ProgramData\Oracle\Java\javapath;C:\WINDOWS\system32;C:\WINDOWS;C:\WINDOWS\System32\Wbem;C:\WINDOWS\System32\WindowsPowerShell\v1.0\;C:\Program Files\dotnet\;C:\Program Files\Microsoft SQL Server\130\Tools\Binn\;C:\WINDOWS\System32\OpenSSH\;C:\Program Files (x86)\Intel\Intel(R) Management Engine Components\DAL;C:\Program Files\Intel\Intel(R) Management Engine Components\DAL;C:\Program Files (x86)\Intel\Intel(R) Management Engine Components\IPT;C:\Program Files\Intel\Intel(R) Management Engine Components\IPT;C:\Program Files\Intel\WiFi\bin\;C:\Program Files\Common Files\Intel\WirelessCommon\;C:\Users\Lidera Consultoria\AppData\Local\Microsoft\WindowsApps;;C:\Program Files\Microsoft VS Code\bin;C:\Program Files\Intel\WiFi\bin\;C:\Program Files\Common Files\Intel\WirelessCommon\
USERNAME=Lidera Consultoria
OS=Windows_NT
PROCESSOR_IDENTIFIER=Intel64 Family 6 Model 78 Stepping 3, GenuineIntel



---------------  S Y S T E M  ---------------

OS: Windows 10.0 , 64 bit Build 17134 (10.0.17134.1)

CPU:total 4 (initial active 4) (2 cores per cpu, 2 threads per core) family 6 model 78 stepping 3, cmov, cx8, fxsr, mmx, sse, sse2, sse3, ssse3, sse4.1, sse4.2, popcnt, avx, avx2, aes, clmul, erms, 3dnowpref, lzcnt, ht, tsc, tscinvbit, bmi1, bmi2, adx

Memory: 4k page, physical 4066020k(282048k free), swap 4066020k(5128k free)

vm_info: Java HotSpot(TM) 64-Bit Server VM (25.181-b13) for windows-amd64 JRE (1.8.0_181-b13), built on Jul  7 2018 04:01:33 by "java_re" with MS VC++ 10.0 (VS2010)

time: Thu Oct 25 17:46:51 2018
elapsed time: 10 seconds (0d 0h 0m 10s)

