#
# There is insufficient memory for the Java Runtime Environment to continue.
# Native memory allocation (malloc) failed to allocate 2056336 bytes for Chunk::new
# Possible reasons:
#   The system is out of physical RAM or swap space
#   In 32 bit mode, the process size limit was hit
# Possible solutions:
#   Reduce memory load on the system
#   Increase physical memory or swap space
#   Check if swap backing store is full
#   Use 64 bit Java on a 64 bit OS
#   Decrease Java heap size (-Xmx/-Xms)
#   Decrease number of Java threads
#   Decrease Java thread stack sizes (-Xss)
#   Set larger code cache with -XX:ReservedCodeCacheSize=
# This output file may be truncated or incomplete.
#
#  Out of Memory Error (allocation.cpp:390), pid=7496, tid=0x0000000000002994
#
# JRE version: Java(TM) SE Runtime Environment (8.0_181-b13) (build 1.8.0_181-b13)
# Java VM: Java HotSpot(TM) 64-Bit Server VM (25.181-b13 mixed mode windows-amd64 compressed oops)
# Failed to write core dump. Minidumps are not enabled by default on client versions of Windows
#

---------------  T H R E A D  ---------------

Current thread (0x000000001530b800):  JavaThread "C2 CompilerThread1" daemon [_thread_in_native, id=10644, stack(0x0000000016a70000,0x0000000016b70000)]

Stack: [0x0000000016a70000,0x0000000016b70000]
[error occurred during error reporting (printing stack bounds), id 0xc0000005]

Native frames: (J=compiled Java code, j=interpreted, Vv=VM code, C=native code)


Current CompileTask:
C2:  11606 3136   !   4       java.net.URLClassLoader$1::run (63 bytes)


---------------  P R O C E S S  ---------------

Java Threads: ( => current thread )
  0x0000000018c98000 JavaThread "pool-2-thread-10" [_thread_blocked, id=6312, stack(0x000000001f9e0000,0x000000001fae0000)]
  0x0000000018c97800 JavaThread "pool-2-thread-9" [_thread_blocked, id=116, stack(0x000000001f8e0000,0x000000001f9e0000)]
  0x0000000018c96800 JavaThread "pool-2-thread-8" [_thread_blocked, id=8264, stack(0x000000001f7e0000,0x000000001f8e0000)]
  0x0000000018c99000 JavaThread "pool-2-thread-7" [_thread_blocked, id=5020, stack(0x000000001f6e0000,0x000000001f7e0000)]
  0x0000000018c95000 JavaThread "pool-2-thread-6" [_thread_blocked, id=4648, stack(0x000000001f5e0000,0x000000001f6e0000)]
  0x0000000018c8d800 JavaThread "pool-2-thread-5" [_thread_blocked, id=6276, stack(0x000000001f4e0000,0x000000001f5e0000)]
  0x0000000018c93800 JavaThread "pool-2-thread-4" [_thread_blocked, id=7336, stack(0x000000001f3e0000,0x000000001f4e0000)]
  0x0000000018c8c000 JavaThread "pool-2-thread-3" [_thread_blocked, id=11244, stack(0x000000001f2e0000,0x000000001f3e0000)]
  0x0000000018c92000 JavaThread "pool-2-thread-2" [_thread_blocked, id=7004, stack(0x000000001f1e0000,0x000000001f2e0000)]
  0x0000000018c8b000 JavaThread "pool-2-thread-1" [_thread_blocked, id=10304, stack(0x000000001f0e0000,0x000000001f1e0000)]
  0x0000000018c96000 JavaThread "TimerQueue" daemon [_thread_blocked, id=3348, stack(0x000000001eee0000,0x000000001efe0000)]
  0x0000000018c94800 JavaThread "Okio Watchdog" daemon [_thread_blocked, id=7852, stack(0x000000001ebe0000,0x000000001ece0000)]
  0x0000000018c8c800 JavaThread "OkHttp ConnectionPool" daemon [_thread_blocked, id=3240, stack(0x000000001eae0000,0x000000001ebe0000)]
  0x0000000018c93000 JavaThread "OkHttp Dispatcher" [_thread_blocked, id=3512, stack(0x000000001dee0000,0x000000001dfe0000)]
  0x0000000018c8f000 JavaThread "Java Sound Event Dispatcher" daemon [_thread_blocked, id=8656, stack(0x000000001dae0000,0x000000001dbe0000)]
  0x0000000018c91000 JavaThread "DestroyJavaVM" [_thread_blocked, id=10300, stack(0x0000000002b10000,0x0000000002c10000)]
  0x0000000018c89800 JavaThread "monitor-Main-Container" [_thread_blocked, id=3976, stack(0x000000001aa00000,0x000000001ab00000)]
  0x0000000018c8e000 JavaThread "ReconhecedorVoz" [_thread_blocked, id=7312, stack(0x000000001a7e0000,0x000000001a8e0000)]
  0x0000000018c90800 JavaThread "Semantizador" [_thread_blocked, id=10540, stack(0x000000001a6e0000,0x000000001a7e0000)]
  0x0000000017b46000 JavaThread "Gerenciador" [_thread_blocked, id=2016, stack(0x000000001a4e0000,0x000000001a5e0000)]
  0x0000000017b45800 JavaThread "GeradorLN" [_thread_blocked, id=7608, stack(0x000000001a3e0000,0x000000001a4e0000)]
  0x0000000017b44000 JavaThread "GeradorVoz" [_thread_blocked, id=3904, stack(0x000000001a2e0000,0x000000001a3e0000)]
  0x0000000017b43000 JavaThread "SimuladorCasa" [_thread_blocked, id=9084, stack(0x000000001a1e0000,0x000000001a2e0000)]
  0x0000000017b41000 JavaThread "df" [_thread_blocked, id=4388, stack(0x000000001a0e0000,0x000000001a1e0000)]
  0x0000000017b41800 JavaThread "ams" [_thread_blocked, id=2832, stack(0x0000000019fe0000,0x000000001a0e0000)]
  0x0000000017b47800 JavaThread "Thread-11" [_thread_in_native, id=7340, stack(0x0000000019ee0000,0x0000000019fe0000)]
  0x0000000017b47000 JavaThread "Deliverer-04" [_thread_blocked, id=968, stack(0x00000000197a0000,0x00000000198a0000)]
  0x0000000017b42800 JavaThread "Deliverer-03" [_thread_blocked, id=8304, stack(0x00000000196a0000,0x00000000197a0000)]
  0x00000000179cb800 JavaThread "Deliverer-02" [_thread_blocked, id=6536, stack(0x00000000195a0000,0x00000000196a0000)]
  0x00000000179ca000 JavaThread "Deliverer-01" [_thread_blocked, id=11004, stack(0x00000000194a0000,0x00000000195a0000)]
  0x00000000179c9800 JavaThread "Deliverer-00" [_thread_blocked, id=3040, stack(0x00000000193a0000,0x00000000194a0000)]
  0x0000000017981800 JavaThread "AWT-Windows" daemon [_thread_in_native, id=6516, stack(0x0000000018200000,0x0000000018300000)]
  0x0000000017873000 JavaThread "Java2D Disposer" daemon [_thread_blocked, id=10904, stack(0x0000000017fc0000,0x00000000180c0000)]
  0x0000000017787000 JavaThread "Thread-4" [_thread_in_native, id=7136, stack(0x0000000017ec0000,0x0000000017fc0000)]
  0x00000000177a3000 JavaThread "Thread-3" [_thread_blocked, id=10428, stack(0x0000000017dc0000,0x0000000017ec0000)]
  0x000000001773e000 JavaThread "JICPServer-1099" daemon [_thread_in_native, id=10228, stack(0x0000000017cc0000,0x0000000017dc0000)]
  0x0000000016fb9800 JavaThread "JADE Timer dispatcher" [_thread_blocked, id=7980, stack(0x00000000173c0000,0x00000000174c0000)]
  0x000000001535b800 JavaThread "Service Thread" daemon [_thread_blocked, id=4360, stack(0x0000000017070000,0x0000000017170000)]
  0x0000000015311800 JavaThread "C1 CompilerThread2" daemon [_thread_blocked, id=9028, stack(0x0000000016b70000,0x0000000016c70000)]
=>0x000000001530b800 JavaThread "C2 CompilerThread1" daemon [_thread_in_native, id=10644, stack(0x0000000016a70000,0x0000000016b70000)]
  0x0000000015308800 JavaThread "C2 CompilerThread0" daemon [_thread_in_native, id=3208, stack(0x0000000016970000,0x0000000016a70000)]
  0x0000000015305000 JavaThread "Attach Listener" daemon [_thread_blocked, id=9480, stack(0x0000000016870000,0x0000000016970000)]
  0x0000000015304000 JavaThread "Signal Dispatcher" daemon [_thread_blocked, id=9364, stack(0x0000000016770000,0x0000000016870000)]
  0x00000000152f0800 JavaThread "Finalizer" daemon [_thread_blocked, id=1780, stack(0x0000000016560000,0x0000000016660000)]
  0x00000000152c9000 JavaThread "Reference Handler" daemon [_thread_blocked, id=4712, stack(0x0000000016460000,0x0000000016560000)]

Other Threads:
  0x00000000152c8000 VMThread [stack: 0x0000000016360000,0x0000000016460000] [id=9564]
  0x0000000016ccb000 WatcherThread [stack: 0x00000000172c0000,0x00000000173c0000] [id=8696]

VM state:at safepoint (normal execution)

VM Mutex/Monitor currently owned by a thread:  ([mutex/lock_event])
[0x0000000002c439d0] Threads_lock - owner thread: 0x00000000152c8000
[0x0000000002c43050] Heap_lock - owner thread: 0x0000000018c98000

Heap:
 PSYoungGen      total 107008K, used 9186K [0x00000000eb500000, 0x00000000f6380000, 0x0000000100000000)
  eden space 97792K, 0% used [0x00000000eb500000,0x00000000eb500000,0x00000000f1480000)
  from space 9216K, 99% used [0x00000000f2d80000,0x00000000f36788a8,0x00000000f3680000)
  to   space 25600K, 0% used [0x00000000f1480000,0x00000000f1480000,0x00000000f2d80000)
 ParOldGen       total 54272K, used 53764K [0x00000000c1e00000, 0x00000000c5300000, 0x00000000eb500000)
  object space 54272K, 99% used [0x00000000c1e00000,0x00000000c52810e8,0x00000000c5300000)
 Metaspace       used 37065K, capacity 37610K, committed 37848K, reserved 1081344K
  class space    used 4895K, capacity 5034K, committed 5120K, reserved 1048576K

Card table byte_map: [0x0000000012100000,0x0000000012300000] byte_map_base: 0x0000000011af1000

Marking Bits: (ParMarkBitMap*) 0x0000000073bc2d00
 Begin Bits: [0x0000000012850000, 0x00000000137d8000)
 End Bits:   [0x00000000137d8000, 0x0000000014760000)

Polling page: 0x0000000000f30000

CodeCache: size=245760Kb used=9077Kb max_used=9512Kb free=236682Kb
 bounds [0x0000000002d40000, 0x00000000036a0000, 0x0000000011d40000]
 total_blobs=3438 nmethods=2810 adapters=540
 compilation: enabled

Compilation events (10 events):
Event: 10.865 Thread 0x0000000015311800 3148       3       java.util.regex.Pattern::compile (10 bytes)
Event: 10.866 Thread 0x0000000015311800 nmethod 3148 0x00000000030d6110 code [0x00000000030d6280, 0x00000000030d6468]
Event: 11.144 Thread 0x0000000015311800 3149 %     3       opennlp.tools.ml.model.AbstractModel::init @ 15 (50 bytes)
Event: 11.145 Thread 0x0000000015311800 nmethod 3149% 0x000000000318ced0 code [0x000000000318d0c0, 0x000000000318d858]
Event: 11.145 Thread 0x0000000015311800 3150       3       opennlp.tools.ml.model.AbstractModel::init (50 bytes)
Event: 11.146 Thread 0x0000000015311800 nmethod 3150 0x0000000002fc6490 code [0x0000000002fc6680, 0x0000000002fc6d78]
Event: 11.162 Thread 0x0000000015311800 3151       3       java.util.concurrent.SynchronousQueue$TransferStack::shouldSpin (30 bytes)
Event: 11.162 Thread 0x0000000015311800 nmethod 3151 0x000000000313e3d0 code [0x000000000313e540, 0x000000000313e830]
Event: 11.162 Thread 0x0000000015311800 3152       3       java.util.concurrent.locks.LockSupport::setBlocker (12 bytes)
Event: 11.162 Thread 0x0000000015311800 nmethod 3152 0x00000000032bead0 code [0x00000000032bec20, 0x00000000032bed70]

GC Heap History (10 events):
Event: 4.164 GC heap after
Heap after GC invocations=8 (full 1):
 PSYoungGen      total 70656K, used 6640K [0x00000000eb500000, 0x00000000f1c00000, 0x0000000100000000)
  eden space 64000K, 0% used [0x00000000eb500000,0x00000000eb500000,0x00000000ef380000)
  from space 6656K, 99% used [0x00000000ef380000,0x00000000ef9fc0a0,0x00000000efa00000)
  to   space 8192K, 0% used [0x00000000f1400000,0x00000000f1400000,0x00000000f1c00000)
 ParOldGen       total 30208K, used 7204K [0x00000000c1e00000, 0x00000000c3b80000, 0x00000000eb500000)
  object space 30208K, 23% used [0x00000000c1e00000,0x00000000c25093c0,0x00000000c3b80000)
 Metaspace       used 30810K, capacity 31232K, committed 31616K, reserved 1077248K
  class space    used 4035K, capacity 4175K, committed 4224K, reserved 1048576K
}
Event: 8.151 GC heap before
{Heap before GC invocations=9 (full 1):
 PSYoungGen      total 70656K, used 70640K [0x00000000eb500000, 0x00000000f1c00000, 0x0000000100000000)
  eden space 64000K, 100% used [0x00000000eb500000,0x00000000ef380000,0x00000000ef380000)
  from space 6656K, 99% used [0x00000000ef380000,0x00000000ef9fc0a0,0x00000000efa00000)
  to   space 8192K, 0% used [0x00000000f1400000,0x00000000f1400000,0x00000000f1c00000)
 ParOldGen       total 30208K, used 7204K [0x00000000c1e00000, 0x00000000c3b80000, 0x00000000eb500000)
  object space 30208K, 23% used [0x00000000c1e00000,0x00000000c25093c0,0x00000000c3b80000)
 Metaspace       used 34208K, capacity 34750K, committed 35200K, reserved 1079296K
  class space    used 4463K, capacity 4616K, committed 4736K, reserved 1048576K
Event: 8.163 GC heap after
Heap after GC invocations=9 (full 1):
 PSYoungGen      total 95744K, used 8185K [0x00000000eb500000, 0x00000000f2980000, 0x0000000100000000)
  eden space 87552K, 0% used [0x00000000eb500000,0x00000000eb500000,0x00000000f0a80000)
  from space 8192K, 99% used [0x00000000f1400000,0x00000000f1bfe5b8,0x00000000f1c00000)
  to   space 9728K, 0% used [0x00000000f0a80000,0x00000000f0a80000,0x00000000f1400000)
 ParOldGen       total 30208K, used 7512K [0x00000000c1e00000, 0x00000000c3b80000, 0x00000000eb500000)
  object space 30208K, 24% used [0x00000000c1e00000,0x00000000c2556040,0x00000000c3b80000)
 Metaspace       used 34208K, capacity 34750K, committed 35200K, reserved 1079296K
  class space    used 4463K, capacity 4616K, committed 4736K, reserved 1048576K
}
Event: 10.105 GC heap before
{Heap before GC invocations=10 (full 1):
 PSYoungGen      total 95744K, used 36838K [0x00000000eb500000, 0x00000000f2980000, 0x0000000100000000)
  eden space 87552K, 32% used [0x00000000eb500000,0x00000000ed0fb430,0x00000000f0a80000)
  from space 8192K, 99% used [0x00000000f1400000,0x00000000f1bfe5b8,0x00000000f1c00000)
  to   space 9728K, 0% used [0x00000000f0a80000,0x00000000f0a80000,0x00000000f1400000)
 ParOldGen       total 30208K, used 7512K [0x00000000c1e00000, 0x00000000c3b80000, 0x00000000eb500000)
  object space 30208K, 24% used [0x00000000c1e00000,0x00000000c2556040,0x00000000c3b80000)
 Metaspace       used 34693K, capacity 35166K, committed 35416K, reserved 1079296K
  class space    used 4522K, capacity 4648K, committed 4736K, reserved 1048576K
Event: 10.115 GC heap after
Heap after GC invocations=10 (full 1):
 PSYoungGen      total 97280K, used 5314K [0x00000000eb500000, 0x00000000f3680000, 0x0000000100000000)
  eden space 87552K, 0% used [0x00000000eb500000,0x00000000eb500000,0x00000000f0a80000)
  from space 9728K, 54% used [0x00000000f0a80000,0x00000000f0fb09d8,0x00000000f1400000)
  to   space 9216K, 0% used [0x00000000f2d80000,0x00000000f2d80000,0x00000000f3680000)
 ParOldGen       total 30208K, used 9238K [0x00000000c1e00000, 0x00000000c3b80000, 0x00000000eb500000)
  object space 30208K, 30% used [0x00000000c1e00000,0x00000000c2705838,0x00000000c3b80000)
 Metaspace       used 34693K, capacity 35166K, committed 35416K, reserved 1079296K
  class space    used 4522K, capacity 4648K, committed 4736K, reserved 1048576K
}
Event: 10.115 GC heap before
{Heap before GC invocations=11 (full 2):
 PSYoungGen      total 97280K, used 5314K [0x00000000eb500000, 0x00000000f3680000, 0x0000000100000000)
  eden space 87552K, 0% used [0x00000000eb500000,0x00000000eb500000,0x00000000f0a80000)
  from space 9728K, 54% used [0x00000000f0a80000,0x00000000f0fb09d8,0x00000000f1400000)
  to   space 9216K, 0% used [0x00000000f2d80000,0x00000000f2d80000,0x00000000f3680000)
 ParOldGen       total 30208K, used 9238K [0x00000000c1e00000, 0x00000000c3b80000, 0x00000000eb500000)
  object space 30208K, 30% used [0x00000000c1e00000,0x00000000c2705838,0x00000000c3b80000)
 Metaspace       used 34693K, capacity 35166K, committed 35416K, reserved 1079296K
  class space    used 4522K, capacity 4648K, committed 4736K, reserved 1048576K
Event: 10.219 GC heap after
Heap after GC invocations=11 (full 2):
 PSYoungGen      total 97280K, used 0K [0x00000000eb500000, 0x00000000f3680000, 0x0000000100000000)
  eden space 87552K, 0% used [0x00000000eb500000,0x00000000eb500000,0x00000000f0a80000)
  from space 9728K, 0% used [0x00000000f0a80000,0x00000000f0a80000,0x00000000f1400000)
  to   space 9216K, 0% used [0x00000000f2d80000,0x00000000f2d80000,0x00000000f3680000)
 ParOldGen       total 47104K, used 12146K [0x00000000c1e00000, 0x00000000c4c00000, 0x00000000eb500000)
  object space 47104K, 25% used [0x00000000c1e00000,0x00000000c29dc870,0x00000000c4c00000)
 Metaspace       used 34693K, capacity 35166K, committed 35416K, reserved 1079296K
  class space    used 4522K, capacity 4648K, committed 4736K, reserved 1048576K
}
Event: 11.337 GC heap before
{Heap before GC invocations=12 (full 2):
 PSYoungGen      total 97280K, used 87552K [0x00000000eb500000, 0x00000000f3680000, 0x0000000100000000)
  eden space 87552K, 100% used [0x00000000eb500000,0x00000000f0a80000,0x00000000f0a80000)
  from space 9728K, 0% used [0x00000000f0a80000,0x00000000f0a80000,0x00000000f1400000)
  to   space 9216K, 0% used [0x00000000f2d80000,0x00000000f2d80000,0x00000000f3680000)
 ParOldGen       total 47104K, used 12146K [0x00000000c1e00000, 0x00000000c4c00000, 0x00000000eb500000)
  object space 47104K, 25% used [0x00000000c1e00000,0x00000000c29dc870,0x00000000c4c00000)
 Metaspace       used 37065K, capacity 37610K, committed 37848K, reserved 1081344K
  class space    used 4895K, capacity 5034K, committed 5120K, reserved 1048576K
Event: 11.552 GC heap after
Heap after GC invocations=12 (full 2):
 PSYoungGen      total 107008K, used 9186K [0x00000000eb500000, 0x00000000f6380000, 0x0000000100000000)
  eden space 97792K, 0% used [0x00000000eb500000,0x00000000eb500000,0x00000000f1480000)
  from space 9216K, 99% used [0x00000000f2d80000,0x00000000f36788a8,0x00000000f3680000)
  to   space 25600K, 0% used [0x00000000f1480000,0x00000000f1480000,0x00000000f2d80000)
 ParOldGen       total 54272K, used 53764K [0x00000000c1e00000, 0x00000000c5300000, 0x00000000eb500000)
  object space 54272K, 99% used [0x00000000c1e00000,0x00000000c52810e8,0x00000000c5300000)
 Metaspace       used 37065K, capacity 37610K, committed 37848K, reserved 1081344K
  class space    used 4895K, capacity 5034K, committed 5120K, reserved 1048576K
}
Event: 11.552 GC heap before
{Heap before GC invocations=13 (full 3):
 PSYoungGen      total 107008K, used 9186K [0x00000000eb500000, 0x00000000f6380000, 0x0000000100000000)
  eden space 97792K, 0% used [0x00000000eb500000,0x00000000eb500000,0x00000000f1480000)
  from space 9216K, 99% used [0x00000000f2d80000,0x00000000f36788a8,0x00000000f3680000)
  to   space 25600K, 0% used [0x00000000f1480000,0x00000000f1480000,0x00000000f2d80000)
 ParOldGen       total 54272K, used 53764K [0x00000000c1e00000, 0x00000000c5300000, 0x00000000eb500000)
  object space 54272K, 99% used [0x00000000c1e00000,0x00000000c52810e8,0x00000000c5300000)
 Metaspace       used 37065K, capacity 37610K, committed 37848K, reserved 1081344K
  class space    used 4895K, capacity 5034K, committed 5120K, reserved 1048576K

Deoptimization events (10 events):
Event: 10.369 Thread 0x0000000018c90800 Uncommon trap: reason=bimorphic action=maybe_recompile pc=0x0000000003310438 method=java.io.DataInputStream.readInt()I @ 4
Event: 10.369 Thread 0x0000000018c90800 Uncommon trap: reason=bimorphic action=maybe_recompile pc=0x0000000003310438 method=java.io.DataInputStream.readInt()I @ 4
Event: 10.400 Thread 0x0000000018c90800 Uncommon trap: reason=unstable_if action=reinterpret pc=0x000000000332a64c method=java.lang.ThreadLocal$ThreadLocalMap.getEntry(Ljava/lang/ThreadLocal;)Ljava/lang/ThreadLocal$ThreadLocalMap$Entry; @ 29
Event: 10.401 Thread 0x0000000018c90800 Uncommon trap: reason=unstable_if action=reinterpret pc=0x000000000333169c method=java.lang.ThreadLocal$ThreadLocalMap.getEntry(Ljava/lang/ThreadLocal;)Ljava/lang/ThreadLocal$ThreadLocalMap$Entry; @ 29
Event: 10.436 Thread 0x0000000018c8b000 Uncommon trap: reason=class_check action=maybe_recompile pc=0x00000000035e416c method=java.util.zip.InflaterInputStream.read([BII)I @ 100
Event: 10.442 Thread 0x0000000018c8b000 Uncommon trap: reason=class_check action=maybe_recompile pc=0x00000000035e416c method=java.util.zip.InflaterInputStream.read([BII)I @ 100
Event: 10.446 Thread 0x0000000018c98000 Uncommon trap: reason=class_check action=maybe_recompile pc=0x00000000035e416c method=java.util.zip.InflaterInputStream.read([BII)I @ 100
Event: 10.446 Thread 0x0000000018c98000 Uncommon trap: reason=class_check action=maybe_recompile pc=0x00000000035e416c method=java.util.zip.InflaterInputStream.read([BII)I @ 100
Event: 10.600 Thread 0x0000000018c8d800 Uncommon trap: reason=unstable_if action=reinterpret pc=0x00000000030fcdf8 method=java.io.DataInputStream.readUTF(Ljava/io/DataInput;)Ljava/lang/String; @ 31
Event: 10.868 Thread 0x0000000018c92000 Uncommon trap: reason=unstable_if action=reinterpret pc=0x00000000036817f4 method=java.util.WeakHashMap.remove(Ljava/lang/Object;)Ljava/lang/Object; @ 94

Classes redefined (0 events):
No events

Internal exceptions (10 events):
Event: 10.223 Thread 0x0000000018c90800 Exception <a 'java/lang/ClassNotFoundException': org/apache/log4j/WriterAppenderCustomizer> (0x00000000eb631450) thrown at [C:\re\workspace\8-2-build-windows-amd64-cygwin\jdk8u181\11358\hotspot\src\share\vm\classfile\systemDictionary.cpp, line 210]
Event: 10.224 Thread 0x0000000018c90800 Exception <a 'java/lang/ClassNotFoundException': org/apache/log4j/FileAppenderCustomizer> (0x00000000eb64e900) thrown at [C:\re\workspace\8-2-build-windows-amd64-cygwin\jdk8u181\11358\hotspot\src\share\vm\classfile\systemDictionary.cpp, line 210]
Event: 10.239 Thread 0x0000000018c90800 Exception <a 'java/lang/ClassNotFoundException': org/apache/log4j/PatternLayoutBeanInfo> (0x00000000eb7f7500) thrown at [C:\re\workspace\8-2-build-windows-amd64-cygwin\jdk8u181\11358\hotspot\src\share\vm\classfile\systemDictionary.cpp, line 210]
Event: 10.239 Thread 0x0000000018c90800 Exception <a 'java/lang/ClassNotFoundException': org/apache/log4j/LayoutBeanInfo> (0x00000000eb806700) thrown at [C:\re\workspace\8-2-build-windows-amd64-cygwin\jdk8u181\11358\hotspot\src\share\vm\classfile\systemDictionary.cpp, line 210]
Event: 10.240 Thread 0x0000000018c90800 Exception <a 'java/lang/ClassNotFoundException': org/apache/log4j/LayoutCustomizer> (0x00000000eb815d40) thrown at [C:\re\workspace\8-2-build-windows-amd64-cygwin\jdk8u181\11358\hotspot\src\share\vm\classfile\systemDictionary.cpp, line 210]
Event: 10.242 Thread 0x0000000018c90800 Exception <a 'java/lang/ClassNotFoundException': org/apache/log4j/PatternLayoutCustomizer> (0x00000000eb82b6b8) thrown at [C:\re\workspace\8-2-build-windows-amd64-cygwin\jdk8u181\11358\hotspot\src\share\vm\classfile\systemDictionary.cpp, line 210]
Event: 10.246 Thread 0x0000000018c90800 Exception <a 'java/lang/ClassNotFoundException': org/apache/log4j/ConsoleAppenderBeanInfo> (0x00000000eb843948) thrown at [C:\re\workspace\8-2-build-windows-amd64-cygwin\jdk8u181\11358\hotspot\src\share\vm\classfile\systemDictionary.cpp, line 210]
Event: 10.246 Thread 0x0000000018c90800 Exception <a 'java/lang/ClassNotFoundException': org/apache/log4j/ConsoleAppenderCustomizer> (0x00000000eb854cf8) thrown at [C:\re\workspace\8-2-build-windows-amd64-cygwin\jdk8u181\11358\hotspot\src\share\vm\classfile\systemDictionary.cpp, line 210]
Event: 10.254 Thread 0x0000000018c90800 Exception <a 'java/lang/ClassNotFoundException': com/sun/org/glassfish/hk2/osgiresourcelocator/ServiceLoader> (0x00000000eb8818f8) thrown at [C:\re\workspace\8-2-build-windows-amd64-cygwin\jdk8u181\11358\hotspot\src\share\vm\classfile\systemDictionary.cpp
Event: 10.262 Thread 0x0000000018c90800 Exception <a 'java/lang/NullPointerException'> (0x00000000eb894850) thrown at [C:\re\workspace\8-2-build-windows-amd64-cygwin\jdk8u181\11358\hotspot\src\share\vm\interpreter\linkResolver.cpp, line 1287]

Events (10 events):
Event: 11.160 loading class org/cogroo/tools/chunker2/DefaultChunkerContextGenerator
Event: 11.160 loading class org/cogroo/tools/chunker2/DefaultChunkerContextGenerator done
Event: 11.161 loading class org/cogroo/tools/chunker2/DefaultChunkerSequenceValidator
Event: 11.161 loading class org/cogroo/tools/chunker2/DefaultChunkerSequenceValidator done
Event: 11.161 loading class org/cogroo/analyzer/Chunker
Event: 11.161 loading class org/cogroo/analyzer/Chunker done
Event: 11.299 Executing VM operation: RevokeBias
Event: 11.299 Executing VM operation: RevokeBias done
Event: 11.299 Thread 0x0000000018c8a800 Thread exited: 0x0000000018c8a800
Event: 11.336 Executing VM operation: ParallelGCFailedAllocation


Dynamic libraries:
0x00007ff66e0e0000 - 0x00007ff66e117000 	C:\Program Files\Java\jdk1.8.0_181\bin\java.exe
0x00007ffc99d10000 - 0x00007ffc99ef1000 	C:\WINDOWS\SYSTEM32\ntdll.dll
0x00007ffc7b590000 - 0x00007ffc7b5a4000 	C:\Program Files\AVAST Software\Avast\x64\aswhooka.dll
0x00007ffc97b00000 - 0x00007ffc97bb2000 	C:\WINDOWS\System32\KERNEL32.DLL
0x00007ffc96130000 - 0x00007ffc963a3000 	C:\WINDOWS\System32\KERNELBASE.dll
0x00007ffc97650000 - 0x00007ffc976f1000 	C:\WINDOWS\System32\ADVAPI32.dll
0x00007ffc98310000 - 0x00007ffc983ae000 	C:\WINDOWS\System32\msvcrt.dll
0x00007ffc971a0000 - 0x00007ffc971fb000 	C:\WINDOWS\System32\sechost.dll
0x00007ffc97700000 - 0x00007ffc97824000 	C:\WINDOWS\System32\RPCRT4.dll
0x00007ffc99880000 - 0x00007ffc99a10000 	C:\WINDOWS\System32\USER32.dll
0x00007ffc964b0000 - 0x00007ffc964d0000 	C:\WINDOWS\System32\win32u.dll
0x00007ffc98070000 - 0x00007ffc98098000 	C:\WINDOWS\System32\GDI32.dll
0x00007ffc96f00000 - 0x00007ffc97092000 	C:\WINDOWS\System32\gdi32full.dll
0x00007ffc97100000 - 0x00007ffc9719f000 	C:\WINDOWS\System32\msvcp_win.dll
0x00007ffc963b0000 - 0x00007ffc964aa000 	C:\WINDOWS\System32\ucrtbase.dll
0x00007ffc7db60000 - 0x00007ffc7ddc9000 	C:\WINDOWS\WinSxS\amd64_microsoft.windows.common-controls_6595b64144ccf1df_6.0.17134.345_none_fb429a5930656358\COMCTL32.dll
0x00007ffc97d40000 - 0x00007ffc98063000 	C:\WINDOWS\System32\combase.dll
0x00007ffc96770000 - 0x00007ffc967ea000 	C:\WINDOWS\System32\bcryptPrimitives.dll
0x00007ffc98410000 - 0x00007ffc9843d000 	C:\WINDOWS\System32\IMM32.DLL
0x00000000741b0000 - 0x0000000074282000 	C:\Program Files\Java\jdk1.8.0_181\jre\bin\msvcr100.dll
0x00000000733a0000 - 0x0000000073c42000 	C:\Program Files\Java\jdk1.8.0_181\jre\bin\server\jvm.dll
0x00007ffc99b00000 - 0x00007ffc99b08000 	C:\WINDOWS\System32\PSAPI.DLL
0x00007ffc82760000 - 0x00007ffc82769000 	C:\WINDOWS\SYSTEM32\WSOCK32.dll
0x00007ffc99c70000 - 0x00007ffc99cdc000 	C:\WINDOWS\System32\WS2_32.dll
0x00007ffc93ea0000 - 0x00007ffc93ec3000 	C:\WINDOWS\SYSTEM32\WINMM.dll
0x00007ffc82af0000 - 0x00007ffc82afa000 	C:\WINDOWS\SYSTEM32\VERSION.dll
0x00007ffc93e40000 - 0x00007ffc93e6a000 	C:\WINDOWS\SYSTEM32\WINMMBASE.dll
0x00007ffc960e0000 - 0x00007ffc96129000 	C:\WINDOWS\System32\cfgmgr32.dll
0x0000000074160000 - 0x000000007416f000 	C:\Program Files\Java\jdk1.8.0_181\jre\bin\verify.dll
0x0000000074130000 - 0x0000000074159000 	C:\Program Files\Java\jdk1.8.0_181\jre\bin\java.dll
0x0000000074110000 - 0x0000000074126000 	C:\Program Files\Java\jdk1.8.0_181\jre\bin\zip.dll
0x00007ffc98440000 - 0x00007ffc9987f000 	C:\WINDOWS\System32\SHELL32.dll
0x00007ffc97bc0000 - 0x00007ffc97c69000 	C:\WINDOWS\System32\shcore.dll
0x00007ffc967f0000 - 0x00007ffc96efd000 	C:\WINDOWS\System32\windows.storage.dll
0x00007ffc982b0000 - 0x00007ffc98301000 	C:\WINDOWS\System32\shlwapi.dll
0x00007ffc960a0000 - 0x00007ffc960b1000 	C:\WINDOWS\System32\kernel.appcore.dll
0x00007ffc960c0000 - 0x00007ffc960df000 	C:\WINDOWS\System32\profapi.dll
0x00007ffc96050000 - 0x00007ffc9609c000 	C:\WINDOWS\System32\powrprof.dll
0x00007ffc96020000 - 0x00007ffc9602a000 	C:\WINDOWS\System32\FLTLIB.DLL
0x00000000740f0000 - 0x000000007410a000 	C:\Program Files\Java\jdk1.8.0_181\jre\bin\net.dll
0x00007ffc958a0000 - 0x00007ffc95906000 	C:\WINDOWS\system32\mswsock.dll
0x00007ffc95620000 - 0x00007ffc95658000 	C:\WINDOWS\SYSTEM32\IPHLPAPI.DLL
0x00007ffc98240000 - 0x00007ffc98248000 	C:\WINDOWS\System32\NSI.dll
0x00007ffc8bda0000 - 0x00007ffc8bdb6000 	C:\WINDOWS\SYSTEM32\dhcpcsvc6.DLL
0x00007ffc8c300000 - 0x00007ffc8c31a000 	C:\WINDOWS\SYSTEM32\dhcpcsvc.DLL
0x0000000073200000 - 0x0000000073399000 	C:\Program Files\Java\jdk1.8.0_181\jre\bin\awt.dll
0x00007ffc97c70000 - 0x00007ffc97d32000 	C:\WINDOWS\System32\OLEAUT32.dll
0x00007ffc93f90000 - 0x00007ffc9401b000 	C:\WINDOWS\SYSTEM32\apphelp.dll
0x00007ffc94450000 - 0x00007ffc94479000 	C:\WINDOWS\system32\DWMAPI.DLL
0x00007ffc94140000 - 0x00007ffc941d8000 	C:\WINDOWS\system32\uxtheme.dll
0x00007ffc711f0000 - 0x00007ffc71310000 	C:\WINDOWS\system32\opengl32.dll
0x00007ffc88e70000 - 0x00007ffc88e9c000 	C:\WINDOWS\SYSTEM32\GLU32.dll
0x00007ffc97980000 - 0x00007ffc97af4000 	C:\WINDOWS\System32\MSCTF.dll
0x00007ffc99b10000 - 0x00007ffc99c61000 	C:\WINDOWS\System32\ole32.dll
0x00007ffc669f0000 - 0x00007ffc66a06000 	C:\WINDOWS\system32\napinsp.dll
0x00007ffc669d0000 - 0x00007ffc669ea000 	C:\WINDOWS\system32\pnrpnsp.dll
0x00007ffc92520000 - 0x00007ffc92539000 	C:\WINDOWS\system32\NLAapi.dll
0x00007ffc95670000 - 0x00007ffc9572e000 	C:\WINDOWS\SYSTEM32\DNSAPI.dll
0x00007ffc7ab80000 - 0x00007ffc7ab8e000 	C:\WINDOWS\System32\winrnr.dll
0x00007ffc8c540000 - 0x00007ffc8c555000 	C:\WINDOWS\System32\wshbth.dll
0x00007ffc86370000 - 0x00007ffc8637a000 	C:\Windows\System32\rasadhlp.dll
0x00007ffc86cd0000 - 0x00007ffc86d42000 	C:\WINDOWS\System32\fwpuclnt.dll
0x00007ffc95b80000 - 0x00007ffc95ba5000 	C:\WINDOWS\SYSTEM32\bcrypt.dll
0x00000000731d0000 - 0x00000000731f4000 	C:\Program Files\Java\jdk1.8.0_181\jre\bin\sunec.dll
0x0000000074080000 - 0x00000000740c7000 	C:\Program Files\Java\jdk1.8.0_181\jre\bin\fontmanager.dll
0x00007ffc97830000 - 0x00007ffc978d0000 	C:\WINDOWS\System32\clbcatq.dll
0x00007ffc91c60000 - 0x00007ffc91e0e000 	C:\WINDOWS\SYSTEM32\WindowsCodecs.dll
0x00007ffc77710000 - 0x00007ffc77768000 	C:\WINDOWS\system32\dataexchange.dll
0x00007ffc92d00000 - 0x00007ffc9300b000 	C:\WINDOWS\system32\d3d11.dll
0x00007ffc93630000 - 0x00007ffc937cc000 	C:\WINDOWS\system32\dcomp.dll
0x00007ffc94de0000 - 0x00007ffc94e9b000 	C:\WINDOWS\system32\dxgi.dll
0x00007ffc94480000 - 0x00007ffc94638000 	C:\WINDOWS\system32\twinapi.appcore.dll
0x00007ffc943a0000 - 0x00007ffc943c1000 	C:\WINDOWS\system32\RMCLIENT.dll
0x00000000740d0000 - 0x00000000740e1000 	C:\Program Files\Java\jdk1.8.0_181\jre\bin\nio.dll
0x0000000074030000 - 0x0000000074072000 	C:\Program Files\Java\jdk1.8.0_181\jre\bin\t2k.dll
0x00007ffc95a50000 - 0x00007ffc95a67000 	C:\WINDOWS\SYSTEM32\CRYPTSP.dll
0x00007ffc95480000 - 0x00007ffc954b3000 	C:\WINDOWS\system32\rsaenh.dll
0x00007ffc95f20000 - 0x00007ffc95f48000 	C:\WINDOWS\SYSTEM32\USERENV.dll
0x00007ffc95a70000 - 0x00007ffc95a7b000 	C:\WINDOWS\SYSTEM32\CRYPTBASE.dll
0x00000000731c0000 - 0x00000000731cb000 	C:\Program Files\Java\jdk1.8.0_181\jre\bin\sunmscapi.dll
0x00007ffc96580000 - 0x00007ffc96762000 	C:\WINDOWS\System32\CRYPT32.dll
0x00007ffc96030000 - 0x00007ffc96042000 	C:\WINDOWS\System32\MSASN1.dll
0x00000000731b0000 - 0x00000000731bc000 	C:\Program Files\Java\jdk1.8.0_181\jre\bin\jsound.dll
0x00000000731a0000 - 0x00000000731ab000 	C:\Program Files\Java\jdk1.8.0_181\jre\bin\jsoundds.dll
0x00007ffc820e0000 - 0x00007ffc8216f000 	C:\WINDOWS\SYSTEM32\DSOUND.dll
0x00007ffc88850000 - 0x00007ffc888c6000 	C:\WINDOWS\SYSTEM32\MMDevAPI.DLL
0x00007ffc95e30000 - 0x00007ffc95e57000 	C:\WINDOWS\SYSTEM32\DEVOBJ.dll
0x00007ffc926e0000 - 0x00007ffc92894000 	C:\WINDOWS\SYSTEM32\PROPSYS.dll
0x00007ffc88ea0000 - 0x00007ffc88ee4000 	C:\WINDOWS\SYSTEM32\wdmaud.drv
0x00007ffc92590000 - 0x00007ffc92599000 	C:\WINDOWS\SYSTEM32\ksuser.dll
0x00007ffc91b90000 - 0x00007ffc91b9a000 	C:\WINDOWS\SYSTEM32\AVRT.dll
0x00007ffc85d60000 - 0x00007ffc85e8c000 	C:\WINDOWS\SYSTEM32\AUDIOSES.DLL
0x00007ffc91e20000 - 0x00007ffc91f6d000 	C:\WINDOWS\SYSTEM32\wintypes.dll
0x00007ffc91aa0000 - 0x00007ffc91aad000 	C:\WINDOWS\SYSTEM32\msacm32.drv
0x00007ffc89f60000 - 0x00007ffc89f7c000 	C:\WINDOWS\SYSTEM32\MSACM32.dll
0x00007ffc8c240000 - 0x00007ffc8c24a000 	C:\WINDOWS\SYSTEM32\midimap.dll
0x0000000073160000 - 0x0000000073191000 	C:\Program Files\Java\jdk1.8.0_181\jre\bin\jpeg.dll
0x00007ffc8b3e0000 - 0x00007ffc8b477000 	C:\WINDOWS\System32\TextInputFramework.dll
0x00007ffc91720000 - 0x00007ffc91a3e000 	C:\WINDOWS\System32\CoreUIComponents.dll
0x00007ffc93930000 - 0x00007ffc93a0a000 	C:\WINDOWS\System32\CoreMessaging.dll
0x00007ffc95110000 - 0x00007ffc95141000 	C:\WINDOWS\SYSTEM32\ntmarta.dll

VM Arguments:
java_command: jade.Boot -gui -agents GeradorVoz:Agentes.GeradorVoz;GeradorLN:Agentes.GeradorLN;Gerenciador:Agentes.Gerenciador;Semantizador:Agentes.Semantizador;ReconhecedorVoz:Agentes.ReconhecedorVoz;SimuladorCasa:Agentes.SimuladorCasa;
java_class_path (initial): C:\Users\Lidera Consultoria\Documents\NetBeansProjects\TCC\target\classes;C:\Users\Lidera Consultoria\.m2\repository\org\cogroo\lang\pt_br\cogroo-gc-pt_br\4.2.0\cogroo-gc-pt_br-4.2.0.jar;C:\Users\Lidera Consultoria\.m2\repository\org\cogroo\cogroo-gc\4.2.0\cogroo-gc-4.2.0.jar;C:\Users\Lidera Consultoria\.m2\repository\org\cogroo\lang\pt_br\cogroo-ann-pt_br\4.2.0\cogroo-ann-pt_br-4.2.0.jar;C:\Users\Lidera Consultoria\.m2\repository\org\cogroo\cogroo-ann\4.2.0\cogroo-ann-4.2.0.jar;C:\Users\Lidera Consultoria\.m2\repository\org\cogroo\cogroo-nlp\4.2.0\cogroo-nlp-4.2.0.jar;C:\Users\Lidera Consultoria\.m2\repository\org\apache\opennlp\opennlp-tools\1.7.2\opennlp-tools-1.7.2.jar;C:\Users\Lidera Consultoria\.m2\repository\javax\xml\bind\jaxb-api\2.2.5\jaxb-api-2.2.5.jar;C:\Users\Lidera Consultoria\.m2\repository\org\carrot2\morfologik-fsa\1.5.3\morfologik-fsa-1.5.3.jar;C:\Users\Lidera Consultoria\.m2\repository\com\carrotsearch\hppc\0.4.1\hppc-0.4.1.jar;C:\Users\Lidera Consultoria\.m2\repository\org\carrot2\morfologik-stemming\1.5.2\morfologik-stemming-1.5.2.jar;C:\Users\Lidera Consultoria\.m2\repository\org\carrot2\morfologik-tools\1.5.2\morfologik-tools-1.5.2.jar;C:\Users\Lidera Consultoria\.m2\repository\org\carrot2\morfologik-polish\1.5.2\morfologik-polish-1.5.2.jar;C:\Users\Lidera Consultoria\.m2\repository\commons-lang\commons-lang\2.6\commons-lang-2.6.jar;C:\Users\Lidera Consultoria\.m2\repository\log4j\log4j\1.2.17\log4j-1.2.17.jar;C:\Users\Lidera Consultoria\.m2\repository\org\cogroo\lang\pt_br\cogroo-res-pt_br\4.2.0\cogroo-res-pt_br-4.2.0.jar;C:\Users\Lidera Consultoria\.m2\repository\Ab\com.google\0.0.4.3\com.google-0.0.4.3.jar;C:\Users\Lidera Consultoria\.m2\repository\com\tilab\jade\jade\4.5.0\jade-4.5.0.jar;C:\Users\Lidera Consultoria\.m2\repository\commons-codec\commons-codec\1.3\commons-codec-1.3.jar;C:\Users\Lidera Consultoria\.m2\repository\net\sourceforge\owlapi\owlapi-api\5.1.7\owlapi-api-5.1.7.jar;C:\Users\Lidera Consultori
Launcher Type: SUN_STANDARD

Environment Variables:
JAVA_HOME=C:\Program Files\Java\jdk1.8.0_181
PATH=C:\SIMULIA\Commands;C:\Program Files (x86)\Intel\Intel(R) Management Engine Components\iCLS\;C:\Program Files\Intel\Intel(R) Management Engine Components\iCLS\;C:\Program Files (x86)\Common Files\Oracle\Java\javapath;C:\Program Files\Microsoft MPI\Bin\;C:\ProgramData\Oracle\Java\javapath;C:\WINDOWS\system32;C:\WINDOWS;C:\WINDOWS\System32\Wbem;C:\WINDOWS\System32\WindowsPowerShell\v1.0\;C:\Program Files\dotnet\;C:\Program Files\Microsoft SQL Server\130\Tools\Binn\;C:\WINDOWS\System32\OpenSSH\;C:\Program Files (x86)\Intel\Intel(R) Management Engine Components\DAL;C:\Program Files\Intel\Intel(R) Management Engine Components\DAL;C:\Program Files (x86)\Intel\Intel(R) Management Engine Components\IPT;C:\Program Files\Intel\Intel(R) Management Engine Components\IPT;C:\Program Files\Intel\WiFi\bin\;C:\Program Files\Common Files\Intel\WirelessCommon\;C:\Users\Lidera Consultoria\AppData\Local\Microsoft\WindowsApps;;C:\Program Files\Microsoft VS Code\bin;C:\Program Files\Intel\WiFi\bin\;C:\Program Files\Common Files\Intel\WirelessCommon\
USERNAME=Lidera Consultoria
OS=Windows_NT
PROCESSOR_IDENTIFIER=Intel64 Family 6 Model 78 Stepping 3, GenuineIntel



---------------  S Y S T E M  ---------------

OS: Windows 10.0 , 64 bit Build 17134 (10.0.17134.1)

CPU:total 4 (initial active 4) (2 cores per cpu, 2 threads per core) family 6 model 78 stepping 3, cmov, cx8, fxsr, mmx, sse, sse2, sse3, ssse3, sse4.1, sse4.2, popcnt, avx, avx2, aes, clmul, erms, 3dnowpref, lzcnt, ht, tsc, tscinvbit, bmi1, bmi2, adx

Memory: 4k page, physical 4066020k(266536k free), swap 4066020k(6980k free)

vm_info: Java HotSpot(TM) 64-Bit Server VM (25.181-b13) for windows-amd64 JRE (1.8.0_181-b13), built on Jul  7 2018 04:01:33 by "java_re" with MS VC++ 10.0 (VS2010)

time: Thu Oct 25 17:34:32 2018
elapsed time: 11 seconds (0d 0h 0m 11s)

