#
# There is insufficient memory for the Java Runtime Environment to continue.
# Native memory allocation (malloc) failed to allocate 391568 bytes for Chunk::new
# Possible reasons:
#   The system is out of physical RAM or swap space
#   In 32 bit mode, the process size limit was hit
# Possible solutions:
#   Reduce memory load on the system
#   Increase physical memory or swap space
#   Check if swap backing store is full
#   Use 64 bit Java on a 64 bit OS
#   Decrease Java heap size (-Xmx/-Xms)
#   Decrease number of Java threads
#   Decrease Java thread stack sizes (-Xss)
#   Set larger code cache with -XX:ReservedCodeCacheSize=
# This output file may be truncated or incomplete.
#
#  Out of Memory Error (allocation.cpp:390), pid=4716, tid=0x0000000000000610
#
# JRE version: Java(TM) SE Runtime Environment (8.0_181-b13) (build 1.8.0_181-b13)
# Java VM: Java HotSpot(TM) 64-Bit Server VM (25.181-b13 mixed mode windows-amd64 compressed oops)
# Failed to write core dump. Minidumps are not enabled by default on client versions of Windows
#

---------------  T H R E A D  ---------------

Current thread (0x00000000156e9800):  JavaThread "C2 CompilerThread0" daemon [_thread_in_native, id=1552, stack(0x0000000016d40000,0x0000000016e40000)]

Stack: [0x0000000016d40000,0x0000000016e40000]
[error occurred during error reporting (printing stack bounds), id 0xc0000005]

Native frames: (J=compiled Java code, j=interpreted, Vv=VM code, C=native code)


Current CompileTask:
C2:  10605 3046       4       com.sun.org.apache.xerces.internal.impl.XMLEntityScanner::scanQName (502 bytes)


---------------  P R O C E S S  ---------------

Java Threads: ( => current thread )
  0x000000001998a800 JavaThread "pool-2-thread-10" [_thread_in_vm, id=9528, stack(0x000000001fec0000,0x000000001ffc0000)]
  0x0000000019990000 JavaThread "pool-2-thread-9" [_thread_blocked, id=5724, stack(0x000000001fdc0000,0x000000001fec0000)]
  0x000000001998f000 JavaThread "pool-2-thread-8" [_thread_in_native, id=3188, stack(0x000000001fcc0000,0x000000001fdc0000)]
  0x000000001998e800 JavaThread "pool-2-thread-7" [_thread_blocked, id=2760, stack(0x000000001fbc0000,0x000000001fcc0000)]
  0x000000001998d800 JavaThread "pool-2-thread-6" [_thread_in_Java, id=11188, stack(0x000000001fac0000,0x000000001fbc0000)]
  0x0000000019991800 JavaThread "pool-2-thread-5" [_thread_in_Java, id=4360, stack(0x000000001f9c0000,0x000000001fac0000)]
  0x000000001998c000 JavaThread "pool-2-thread-4" [_thread_blocked, id=6568, stack(0x000000001f8c0000,0x000000001f9c0000)]
  0x0000000019990800 JavaThread "pool-2-thread-3" [_thread_blocked, id=10232, stack(0x000000001f7c0000,0x000000001f8c0000)]
  0x0000000019987800 JavaThread "pool-2-thread-2" [_thread_blocked, id=9100, stack(0x000000001f6c0000,0x000000001f7c0000)]
  0x000000001998a000 JavaThread "pool-2-thread-1" [_thread_blocked, id=2536, stack(0x000000001f5c0000,0x000000001f6c0000)]
  0x0000000019993000 JavaThread "Okio Watchdog" daemon [_thread_blocked, id=5860, stack(0x000000001f2c0000,0x000000001f3c0000)]
  0x0000000019992000 JavaThread "OkHttp ConnectionPool" daemon [_thread_blocked, id=8152, stack(0x000000001f1c0000,0x000000001f2c0000)]
  0x0000000019986000 JavaThread "OkHttp Dispatcher" [_thread_blocked, id=9936, stack(0x000000001edc0000,0x000000001eec0000)]
  0x000000001998d000 JavaThread "Java Sound Event Dispatcher" daemon [_thread_blocked, id=7560, stack(0x000000001e9c0000,0x000000001eac0000)]
  0x0000000019984800 JavaThread "AWT-EventQueue-0" [_thread_blocked, id=9140, stack(0x000000001ae80000,0x000000001af80000)]
  0x0000000019988800 JavaThread "DestroyJavaVM" [_thread_blocked, id=9416, stack(0x0000000002f20000,0x0000000003020000)]
  0x000000001998b800 JavaThread "monitor-Main-Container" [_thread_blocked, id=11064, stack(0x000000001ad80000,0x000000001ae80000)]
  0x0000000019985800 JavaThread "ReconhecedorVoz" [_thread_blocked, id=6548, stack(0x000000001ab70000,0x000000001ac70000)]
  0x0000000019989000 JavaThread "Semantizador" [_thread_blocked, id=7408, stack(0x000000001aa70000,0x000000001ab70000)]
  0x0000000017ef2000 JavaThread "rma" [_thread_blocked, id=6532, stack(0x000000001a970000,0x000000001aa70000)]
  0x0000000017ef1800 JavaThread "Gerenciador" [_thread_in_vm, id=1728, stack(0x000000001a870000,0x000000001a970000)]
  0x0000000017eed000 JavaThread "GeradorLN" [_thread_blocked, id=2548, stack(0x000000001a770000,0x000000001a870000)]
  0x0000000017ef3000 JavaThread "GeradorVoz" [_thread_blocked, id=1216, stack(0x000000001a670000,0x000000001a770000)]
  0x0000000017eec000 JavaThread "SimuladorCasa" [_thread_blocked, id=5028, stack(0x000000001a570000,0x000000001a670000)]
  0x0000000017eed800 JavaThread "df" [_thread_blocked, id=10628, stack(0x000000001a470000,0x000000001a570000)]
  0x0000000017ef0000 JavaThread "ams" [_thread_blocked, id=10504, stack(0x000000001a370000,0x000000001a470000)]
  0x0000000017eef000 JavaThread "Thread-11" [_thread_in_native, id=7204, stack(0x000000001a270000,0x000000001a370000)]
  0x0000000017ef0800 JavaThread "Deliverer-04" [_thread_blocked, id=7184, stack(0x0000000018b60000,0x0000000018c60000)]
  0x0000000017eee800 JavaThread "Deliverer-03" [_thread_blocked, id=9368, stack(0x0000000018a60000,0x0000000018b60000)]
  0x0000000017fda000 JavaThread "Deliverer-02" [_thread_blocked, id=6636, stack(0x0000000018960000,0x0000000018a60000)]
  0x0000000017fd9000 JavaThread "Deliverer-01" [_thread_blocked, id=7496, stack(0x0000000018860000,0x0000000018960000)]
  0x0000000018013800 JavaThread "Deliverer-00" [_thread_blocked, id=1140, stack(0x0000000018760000,0x0000000018860000)]
  0x0000000017e1d800 JavaThread "AWT-Windows" daemon [_thread_in_native, id=3896, stack(0x0000000018590000,0x0000000018690000)]
  0x0000000017e1a800 JavaThread "AWT-Shutdown" [_thread_blocked, id=11112, stack(0x0000000018490000,0x0000000018590000)]
  0x0000000017dac800 JavaThread "Java2D Disposer" daemon [_thread_blocked, id=10888, stack(0x0000000018390000,0x0000000018490000)]
  0x0000000017b48000 JavaThread "Thread-4" [_thread_in_native, id=9636, stack(0x0000000018290000,0x0000000018390000)]
  0x0000000017b63800 JavaThread "Thread-3" [_thread_blocked, id=8912, stack(0x0000000018190000,0x0000000018290000)]
  0x0000000017b62800 JavaThread "JICPServer-1099" daemon [_thread_in_native, id=10964, stack(0x0000000018090000,0x0000000018190000)]
  0x00000000170f8000 JavaThread "JADE Timer dispatcher" [_thread_blocked, id=9292, stack(0x0000000017790000,0x0000000017890000)]
  0x0000000016e6e000 JavaThread "Service Thread" daemon [_thread_blocked, id=1660, stack(0x0000000017440000,0x0000000017540000)]
  0x000000001573e800 JavaThread "C1 CompilerThread2" daemon [_thread_blocked, id=11060, stack(0x0000000017340000,0x0000000017440000)]
  0x000000001573d800 JavaThread "C2 CompilerThread1" daemon [_thread_in_native, id=9256, stack(0x0000000017240000,0x0000000017340000)]
=>0x00000000156e9800 JavaThread "C2 CompilerThread0" daemon [_thread_in_native, id=1552, stack(0x0000000016d40000,0x0000000016e40000)]
  0x00000000156e6000 JavaThread "Attach Listener" daemon [_thread_blocked, id=1264, stack(0x0000000016c40000,0x0000000016d40000)]
  0x00000000156e5000 JavaThread "Signal Dispatcher" daemon [_thread_blocked, id=300, stack(0x0000000016b40000,0x0000000016c40000)]
  0x00000000156d0000 JavaThread "Finalizer" daemon [_thread_blocked, id=1180, stack(0x0000000016930000,0x0000000016a30000)]
  0x0000000003115800 JavaThread "Reference Handler" daemon [_thread_blocked, id=1348, stack(0x0000000016830000,0x0000000016930000)]

Other Threads:
  0x00000000156a8000 VMThread [stack: 0x0000000016730000,0x0000000016830000] [id=11128]
  0x0000000016ec9000 WatcherThread [stack: 0x0000000017690000,0x0000000017790000] [id=7312]

VM state:not at safepoint (normal execution)

VM Mutex/Monitor currently owned by a thread: None

Heap:
 PSYoungGen      total 110080K, used 55741K [0x00000000eb500000, 0x00000000f4e80000, 0x0000000100000000)
  eden space 99840K, 55% used [0x00000000eb500000,0x00000000eeb6f728,0x00000000f1680000)
  from space 10240K, 0% used [0x00000000f1680000,0x00000000f1680000,0x00000000f2080000)
  to   space 10240K, 0% used [0x00000000f4480000,0x00000000f4480000,0x00000000f4e80000)
 ParOldGen       total 44032K, used 12289K [0x00000000c1e00000, 0x00000000c4900000, 0x00000000eb500000)
  object space 44032K, 27% used [0x00000000c1e00000,0x00000000c2a007a0,0x00000000c4900000)
 Metaspace       used 36864K, capacity 37358K, committed 37592K, reserved 1081344K
  class space    used 4872K, capacity 5034K, committed 5120K, reserved 1048576K

Card table byte_map: [0x00000000124e0000,0x00000000126e0000] byte_map_base: 0x0000000011ed1000

Marking Bits: (ParMarkBitMap*) 0x0000000073bc2d00
 Begin Bits: [0x0000000012c30000, 0x0000000013bb8000)
 End Bits:   [0x0000000013bb8000, 0x0000000014b40000)

Polling page: 0x00000000012d0000

CodeCache: size=245760Kb used=8600Kb max_used=9651Kb free=237159Kb
 bounds [0x0000000003120000, 0x0000000003aa0000, 0x0000000012120000]
 total_blobs=3312 nmethods=2686 adapters=537
 compilation: enabled

Compilation events (10 events):
Event: 10.529 Thread 0x000000001573e800 3062 %     3       opennlp.tools.ml.model.AbstractModelReader::getPredicates @ 18 (41 bytes)
Event: 10.530 Thread 0x000000001573e800 nmethod 3062% 0x000000000366a490 code [0x000000000366a660, 0x000000000366af78]
Event: 10.530 Thread 0x000000001573e800 3063       3       opennlp.tools.ml.model.AbstractModelReader::getPredicates (41 bytes)
Event: 10.531 Thread 0x000000001573e800 nmethod 3063 0x00000000033c2e50 code [0x00000000033c3020, 0x00000000033c38d8]
Event: 10.541 Thread 0x000000001573d800 nmethod 3054 0x0000000003237610 code [0x0000000003237780, 0x0000000003237cd8]
Event: 10.541 Thread 0x000000001573d800 3060       4       java.util.StringTokenizer::setMaxDelimCodePoint (156 bytes)
Event: 10.546 Thread 0x000000001573d800 nmethod 3060 0x00000000033983d0 code [0x0000000003398520, 0x0000000003398738]
Event: 10.546 Thread 0x000000001573d800 3053       4       java.lang.Integer::valueOf (32 bytes)
Event: 10.548 Thread 0x000000001573d800 nmethod 3053 0x00000000038fb1d0 code [0x00000000038fb320, 0x00000000038fb418]
Event: 10.548 Thread 0x000000001573d800 3047   !   4       com.sun.org.apache.xerces.internal.impl.XMLDocumentFragmentScannerImpl$FragmentContentDriver::next (2346 bytes)

GC Heap History (10 events):
Event: 3.232 GC heap before
{Heap before GC invocations=7 (full 1):
 PSYoungGen      total 35328K, used 32768K [0x00000000eb500000, 0x00000000f0300000, 0x0000000100000000)
  eden space 32768K, 100% used [0x00000000eb500000,0x00000000ed500000,0x00000000ed500000)
  from space 2560K, 0% used [0x00000000ed500000,0x00000000ed500000,0x00000000ed780000)
  to   space 7168K, 0% used [0x00000000efc00000,0x00000000efc00000,0x00000000f0300000)
 ParOldGen       total 31232K, used 6536K [0x00000000c1e00000, 0x00000000c3c80000, 0x00000000eb500000)
  object space 31232K, 20% used [0x00000000c1e00000,0x00000000c24623f0,0x00000000c3c80000)
 Metaspace       used 26012K, capacity 26402K, committed 26880K, reserved 1073152K
  class space    used 3384K, capacity 3504K, committed 3584K, reserved 1048576K
Event: 3.240 GC heap after
Heap after GC invocations=7 (full 1):
 PSYoungGen      total 64000K, used 5139K [0x00000000eb500000, 0x00000000f0180000, 0x0000000100000000)
  eden space 58368K, 0% used [0x00000000eb500000,0x00000000eb500000,0x00000000eee00000)
  from space 5632K, 91% used [0x00000000efc00000,0x00000000f0104d28,0x00000000f0180000)
  to   space 7168K, 0% used [0x00000000ef380000,0x00000000ef380000,0x00000000efa80000)
 ParOldGen       total 31232K, used 6544K [0x00000000c1e00000, 0x00000000c3c80000, 0x00000000eb500000)
  object space 31232K, 20% used [0x00000000c1e00000,0x00000000c24643f0,0x00000000c3c80000)
 Metaspace       used 26012K, capacity 26402K, committed 26880K, reserved 1073152K
  class space    used 3384K, capacity 3504K, committed 3584K, reserved 1048576K
}
Event: 4.454 GC heap before
{Heap before GC invocations=8 (full 1):
 PSYoungGen      total 64000K, used 63507K [0x00000000eb500000, 0x00000000f0180000, 0x0000000100000000)
  eden space 58368K, 100% used [0x00000000eb500000,0x00000000eee00000,0x00000000eee00000)
  from space 5632K, 91% used [0x00000000efc00000,0x00000000f0104d28,0x00000000f0180000)
  to   space 7168K, 0% used [0x00000000ef380000,0x00000000ef380000,0x00000000efa80000)
 ParOldGen       total 31232K, used 6544K [0x00000000c1e00000, 0x00000000c3c80000, 0x00000000eb500000)
  object space 31232K, 20% used [0x00000000c1e00000,0x00000000c24643f0,0x00000000c3c80000)
 Metaspace       used 30963K, capacity 31438K, committed 31616K, reserved 1077248K
  class space    used 4075K, capacity 4220K, committed 4224K, reserved 1048576K
Event: 4.466 GC heap after
Heap after GC invocations=8 (full 1):
 PSYoungGen      total 71168K, used 7165K [0x00000000eb500000, 0x00000000f2980000, 0x0000000100000000)
  eden space 64000K, 0% used [0x00000000eb500000,0x00000000eb500000,0x00000000ef380000)
  from space 7168K, 99% used [0x00000000ef380000,0x00000000efa7f7f0,0x00000000efa80000)
  to   space 9216K, 0% used [0x00000000f2080000,0x00000000f2080000,0x00000000f2980000)
 ParOldGen       total 31232K, used 8993K [0x00000000c1e00000, 0x00000000c3c80000, 0x00000000eb500000)
  object space 31232K, 28% used [0x00000000c1e00000,0x00000000c26c87f0,0x00000000c3c80000)
 Metaspace       used 30963K, capacity 31438K, committed 31616K, reserved 1077248K
  class space    used 4075K, capacity 4220K, committed 4224K, reserved 1048576K
}
Event: 8.547 GC heap before
{Heap before GC invocations=9 (full 1):
 PSYoungGen      total 71168K, used 71165K [0x00000000eb500000, 0x00000000f2980000, 0x0000000100000000)
  eden space 64000K, 100% used [0x00000000eb500000,0x00000000ef380000,0x00000000ef380000)
  from space 7168K, 99% used [0x00000000ef380000,0x00000000efa7f7f0,0x00000000efa80000)
  to   space 9216K, 0% used [0x00000000f2080000,0x00000000f2080000,0x00000000f2980000)
 ParOldGen       total 31232K, used 8993K [0x00000000c1e00000, 0x00000000c3c80000, 0x00000000eb500000)
  object space 31232K, 28% used [0x00000000c1e00000,0x00000000c26c87f0,0x00000000c3c80000)
 Metaspace       used 34072K, capacity 34594K, committed 34816K, reserved 1079296K
  class space    used 4446K, capacity 4584K, committed 4608K, reserved 1048576K
Event: 8.558 GC heap after
Heap after GC invocations=9 (full 1):
 PSYoungGen      total 109056K, used 9155K [0x00000000eb500000, 0x00000000f3100000, 0x0000000100000000)
  eden space 99840K, 0% used [0x00000000eb500000,0x00000000eb500000,0x00000000f1680000)
  from space 9216K, 99% used [0x00000000f2080000,0x00000000f2970fd8,0x00000000f2980000)
  to   space 10240K, 0% used [0x00000000f1680000,0x00000000f1680000,0x00000000f2080000)
 ParOldGen       total 31232K, used 9130K [0x00000000c1e00000, 0x00000000c3c80000, 0x00000000eb500000)
  object space 31232K, 29% used [0x00000000c1e00000,0x00000000c26ea800,0x00000000c3c80000)
 Metaspace       used 34072K, capacity 34594K, committed 34816K, reserved 1079296K
  class space    used 4446K, capacity 4584K, committed 4608K, reserved 1048576K
}
Event: 10.018 GC heap before
{Heap before GC invocations=10 (full 1):
 PSYoungGen      total 109056K, used 34106K [0x00000000eb500000, 0x00000000f3100000, 0x0000000100000000)
  eden space 99840K, 24% used [0x00000000eb500000,0x00000000ecd5d8a0,0x00000000f1680000)
  from space 9216K, 99% used [0x00000000f2080000,0x00000000f2970fd8,0x00000000f2980000)
  to   space 10240K, 0% used [0x00000000f1680000,0x00000000f1680000,0x00000000f2080000)
 ParOldGen       total 31232K, used 9130K [0x00000000c1e00000, 0x00000000c3c80000, 0x00000000eb500000)
  object space 31232K, 29% used [0x00000000c1e00000,0x00000000c26ea800,0x00000000c3c80000)
 Metaspace       used 34759K, capacity 35170K, committed 35416K, reserved 1079296K
  class space    used 4530K, capacity 4648K, committed 4736K, reserved 1048576K
Event: 10.027 GC heap after
Heap after GC invocations=10 (full 1):
 PSYoungGen      total 110080K, used 4645K [0x00000000eb500000, 0x00000000f4e80000, 0x0000000100000000)
  eden space 99840K, 0% used [0x00000000eb500000,0x00000000eb500000,0x00000000f1680000)
  from space 10240K, 45% used [0x00000000f1680000,0x00000000f1b09600,0x00000000f2080000)
  to   space 10240K, 0% used [0x00000000f4480000,0x00000000f4480000,0x00000000f4e80000)
 ParOldGen       total 31232K, used 11658K [0x00000000c1e00000, 0x00000000c3c80000, 0x00000000eb500000)
  object space 31232K, 37% used [0x00000000c1e00000,0x00000000c29628e8,0x00000000c3c80000)
 Metaspace       used 34759K, capacity 35170K, committed 35416K, reserved 1079296K
  class space    used 4530K, capacity 4648K, committed 4736K, reserved 1048576K
}
Event: 10.027 GC heap before
{Heap before GC invocations=11 (full 2):
 PSYoungGen      total 110080K, used 4645K [0x00000000eb500000, 0x00000000f4e80000, 0x0000000100000000)
  eden space 99840K, 0% used [0x00000000eb500000,0x00000000eb500000,0x00000000f1680000)
  from space 10240K, 45% used [0x00000000f1680000,0x00000000f1b09600,0x00000000f2080000)
  to   space 10240K, 0% used [0x00000000f4480000,0x00000000f4480000,0x00000000f4e80000)
 ParOldGen       total 31232K, used 11658K [0x00000000c1e00000, 0x00000000c3c80000, 0x00000000eb500000)
  object space 31232K, 37% used [0x00000000c1e00000,0x00000000c29628e8,0x00000000c3c80000)
 Metaspace       used 34759K, capacity 35170K, committed 35416K, reserved 1079296K
  class space    used 4530K, capacity 4648K, committed 4736K, reserved 1048576K
Event: 10.112 GC heap after
Heap after GC invocations=11 (full 2):
 PSYoungGen      total 110080K, used 0K [0x00000000eb500000, 0x00000000f4e80000, 0x0000000100000000)
  eden space 99840K, 0% used [0x00000000eb500000,0x00000000eb500000,0x00000000f1680000)
  from space 10240K, 0% used [0x00000000f1680000,0x00000000f1680000,0x00000000f2080000)
  to   space 10240K, 0% used [0x00000000f4480000,0x00000000f4480000,0x00000000f4e80000)
 ParOldGen       total 44032K, used 12289K [0x00000000c1e00000, 0x00000000c4900000, 0x00000000eb500000)
  object space 44032K, 27% used [0x00000000c1e00000,0x00000000c2a007a0,0x00000000c4900000)
 Metaspace       used 34759K, capacity 35170K, committed 35416K, reserved 1079296K
  class space    used 4530K, capacity 4648K, committed 4736K, reserved 1048576K
}

Deoptimization events (10 events):
Event: 10.253 Thread 0x0000000019987800 Uncommon trap: reason=unstable_if action=reinterpret pc=0x0000000003662ec0 method=java.util.concurrent.ConcurrentHashMap.transfer([Ljava/util/concurrent/ConcurrentHashMap$Node;[Ljava/util/concurrent/ConcurrentHashMap$Node;)V @ 34
Event: 10.254 Thread 0x000000001998c000 Uncommon trap: reason=unstable_if action=reinterpret pc=0x0000000003662ef0 method=java.util.concurrent.ConcurrentHashMap.transfer([Ljava/util/concurrent/ConcurrentHashMap$Node;[Ljava/util/concurrent/ConcurrentHashMap$Node;)V @ 277
Event: 10.254 Thread 0x0000000019987800 Uncommon trap: reason=unstable_if action=reinterpret pc=0x000000000362f720 method=java.util.concurrent.ConcurrentHashMap.addCount(JI)V @ 168
Event: 10.254 Thread 0x000000001998c000 Uncommon trap: reason=unstable_if action=reinterpret pc=0x000000000362f720 method=java.util.concurrent.ConcurrentHashMap.addCount(JI)V @ 168
Event: 10.261 Thread 0x000000001998f000 Uncommon trap: reason=class_check action=maybe_recompile pc=0x00000000039a25dc method=java.util.zip.InflaterInputStream.read([BII)I @ 100
Event: 10.261 Thread 0x0000000019990000 Uncommon trap: reason=class_check action=maybe_recompile pc=0x00000000039a25dc method=java.util.zip.InflaterInputStream.read([BII)I @ 100
Event: 10.261 Thread 0x0000000019987800 Uncommon trap: reason=class_check action=maybe_recompile pc=0x00000000039a25dc method=java.util.zip.InflaterInputStream.read([BII)I @ 100
Event: 10.261 Thread 0x000000001998d800 Uncommon trap: reason=class_check action=maybe_recompile pc=0x00000000039a25dc method=java.util.zip.InflaterInputStream.read([BII)I @ 100
Event: 10.264 Thread 0x000000001998a800 Uncommon trap: reason=class_check action=maybe_recompile pc=0x00000000039a25dc method=java.util.zip.InflaterInputStream.read([BII)I @ 100
Event: 10.395 Thread 0x0000000019991800 Uncommon trap: reason=unstable_if action=reinterpret pc=0x0000000003762cdc method=java.io.DataInputStream.readUTF(Ljava/io/DataInput;)Ljava/lang/String; @ 31

Classes redefined (0 events):
No events

Internal exceptions (10 events):
Event: 9.989 Thread 0x0000000019989000 Exception <a 'java/lang/ClassNotFoundException': org/apache/log4j/WriterAppenderCustomizer> (0x00000000eca94ac8) thrown at [C:\re\workspace\8-2-build-windows-amd64-cygwin\jdk8u181\11358\hotspot\src\share\vm\classfile\systemDictionary.cpp, line 210]
Event: 9.991 Thread 0x0000000019989000 Exception <a 'java/lang/ClassNotFoundException': org/apache/log4j/FileAppenderCustomizer> (0x00000000ecab1fb0) thrown at [C:\re\workspace\8-2-build-windows-amd64-cygwin\jdk8u181\11358\hotspot\src\share\vm\classfile\systemDictionary.cpp, line 210]
Event: 10.003 Thread 0x0000000019989000 Exception <a 'java/lang/ClassNotFoundException': org/apache/log4j/PatternLayoutBeanInfo> (0x00000000ecc75440) thrown at [C:\re\workspace\8-2-build-windows-amd64-cygwin\jdk8u181\11358\hotspot\src\share\vm\classfile\systemDictionary.cpp, line 210]
Event: 10.004 Thread 0x0000000019989000 Exception <a 'java/lang/ClassNotFoundException': org/apache/log4j/LayoutBeanInfo> (0x00000000ecc84640) thrown at [C:\re\workspace\8-2-build-windows-amd64-cygwin\jdk8u181\11358\hotspot\src\share\vm\classfile\systemDictionary.cpp, line 210]
Event: 10.004 Thread 0x0000000019989000 Exception <a 'java/lang/ClassNotFoundException': org/apache/log4j/LayoutCustomizer> (0x00000000ecc93c20) thrown at [C:\re\workspace\8-2-build-windows-amd64-cygwin\jdk8u181\11358\hotspot\src\share\vm\classfile\systemDictionary.cpp, line 210]
Event: 10.005 Thread 0x0000000019989000 Exception <a 'java/lang/ClassNotFoundException': org/apache/log4j/PatternLayoutCustomizer> (0x00000000ecca9600) thrown at [C:\re\workspace\8-2-build-windows-amd64-cygwin\jdk8u181\11358\hotspot\src\share\vm\classfile\systemDictionary.cpp, line 210]
Event: 10.007 Thread 0x0000000019989000 Exception <a 'java/lang/ClassNotFoundException': org/apache/log4j/ConsoleAppenderBeanInfo> (0x00000000eccc1890) thrown at [C:\re\workspace\8-2-build-windows-amd64-cygwin\jdk8u181\11358\hotspot\src\share\vm\classfile\systemDictionary.cpp, line 210]
Event: 10.008 Thread 0x0000000019989000 Exception <a 'java/lang/ClassNotFoundException': org/apache/log4j/ConsoleAppenderCustomizer> (0x00000000eccd2c40) thrown at [C:\re\workspace\8-2-build-windows-amd64-cygwin\jdk8u181\11358\hotspot\src\share\vm\classfile\systemDictionary.cpp, line 210]
Event: 10.014 Thread 0x0000000019989000 Exception <a 'java/lang/ClassNotFoundException': com/sun/org/glassfish/hk2/osgiresourcelocator/ServiceLoader> (0x00000000eccff8a8) thrown at [C:\re\workspace\8-2-build-windows-amd64-cygwin\jdk8u181\11358\hotspot\src\share\vm\classfile\systemDictionary.cpp
Event: 10.115 Thread 0x0000000019989000 Exception <a 'java/lang/NullPointerException'> (0x00000000eb66a968) thrown at [C:\re\workspace\8-2-build-windows-amd64-cygwin\jdk8u181\11358\hotspot\src\share\vm\interpreter\linkResolver.cpp, line 1287]

Events (10 events):
Event: 10.521 loading class org/cogroo/tools/featurizer/SetSerializer done
Event: 10.522 loading class org/cogroo/util/serializers/ByteArraySerializer
Event: 10.522 loading class org/cogroo/util/serializers/ByteArraySerializer done
Event: 10.545 loading class opennlp/tools/ml/model/Prior
Event: 10.545 loading class opennlp/tools/ml/model/Prior done
Event: 10.570 loading class opennlp/tools/namefind/DefaultNameContextGenerator
Event: 10.570 loading class opennlp/tools/namefind/DefaultNameContextGenerator done
Event: 10.571 loading class org/cogroo/analyzer/NameFinder
Event: 10.571 loading class org/cogroo/analyzer/NameFinder done
Event: 10.571 Executing VM operation: RevokeBias


Dynamic libraries:
0x00007ff66e0e0000 - 0x00007ff66e117000 	C:\Program Files\Java\jdk1.8.0_181\bin\java.exe
0x00007ffc99d10000 - 0x00007ffc99ef1000 	C:\WINDOWS\SYSTEM32\ntdll.dll
0x00007ffc7b590000 - 0x00007ffc7b5a4000 	C:\Program Files\AVAST Software\Avast\x64\aswhooka.dll
0x00007ffc97b00000 - 0x00007ffc97bb2000 	C:\WINDOWS\System32\KERNEL32.DLL
0x00007ffc96130000 - 0x00007ffc963a3000 	C:\WINDOWS\System32\KERNELBASE.dll
0x00007ffc97650000 - 0x00007ffc976f1000 	C:\WINDOWS\System32\ADVAPI32.dll
0x00007ffc98310000 - 0x00007ffc983ae000 	C:\WINDOWS\System32\msvcrt.dll
0x00007ffc971a0000 - 0x00007ffc971fb000 	C:\WINDOWS\System32\sechost.dll
0x00007ffc97700000 - 0x00007ffc97824000 	C:\WINDOWS\System32\RPCRT4.dll
0x00007ffc99880000 - 0x00007ffc99a10000 	C:\WINDOWS\System32\USER32.dll
0x00007ffc964b0000 - 0x00007ffc964d0000 	C:\WINDOWS\System32\win32u.dll
0x00007ffc98070000 - 0x00007ffc98098000 	C:\WINDOWS\System32\GDI32.dll
0x00007ffc96f00000 - 0x00007ffc97092000 	C:\WINDOWS\System32\gdi32full.dll
0x00007ffc97100000 - 0x00007ffc9719f000 	C:\WINDOWS\System32\msvcp_win.dll
0x00007ffc963b0000 - 0x00007ffc964aa000 	C:\WINDOWS\System32\ucrtbase.dll
0x00007ffc7db60000 - 0x00007ffc7ddc9000 	C:\WINDOWS\WinSxS\amd64_microsoft.windows.common-controls_6595b64144ccf1df_6.0.17134.345_none_fb429a5930656358\COMCTL32.dll
0x00007ffc97d40000 - 0x00007ffc98063000 	C:\WINDOWS\System32\combase.dll
0x00007ffc96770000 - 0x00007ffc967ea000 	C:\WINDOWS\System32\bcryptPrimitives.dll
0x00007ffc98410000 - 0x00007ffc9843d000 	C:\WINDOWS\System32\IMM32.DLL
0x00000000741b0000 - 0x0000000074282000 	C:\Program Files\Java\jdk1.8.0_181\jre\bin\msvcr100.dll
0x00000000733a0000 - 0x0000000073c42000 	C:\Program Files\Java\jdk1.8.0_181\jre\bin\server\jvm.dll
0x00007ffc99b00000 - 0x00007ffc99b08000 	C:\WINDOWS\System32\PSAPI.DLL
0x00007ffc82760000 - 0x00007ffc82769000 	C:\WINDOWS\SYSTEM32\WSOCK32.dll
0x00007ffc99c70000 - 0x00007ffc99cdc000 	C:\WINDOWS\System32\WS2_32.dll
0x00007ffc93ea0000 - 0x00007ffc93ec3000 	C:\WINDOWS\SYSTEM32\WINMM.dll
0x00007ffc82af0000 - 0x00007ffc82afa000 	C:\WINDOWS\SYSTEM32\VERSION.dll
0x00007ffc93e40000 - 0x00007ffc93e6a000 	C:\WINDOWS\SYSTEM32\WINMMBASE.dll
0x00007ffc960e0000 - 0x00007ffc96129000 	C:\WINDOWS\System32\cfgmgr32.dll
0x0000000074160000 - 0x000000007416f000 	C:\Program Files\Java\jdk1.8.0_181\jre\bin\verify.dll
0x0000000074130000 - 0x0000000074159000 	C:\Program Files\Java\jdk1.8.0_181\jre\bin\java.dll
0x0000000074110000 - 0x0000000074126000 	C:\Program Files\Java\jdk1.8.0_181\jre\bin\zip.dll
0x00007ffc98440000 - 0x00007ffc9987f000 	C:\WINDOWS\System32\SHELL32.dll
0x00007ffc97bc0000 - 0x00007ffc97c69000 	C:\WINDOWS\System32\shcore.dll
0x00007ffc967f0000 - 0x00007ffc96efd000 	C:\WINDOWS\System32\windows.storage.dll
0x00007ffc982b0000 - 0x00007ffc98301000 	C:\WINDOWS\System32\shlwapi.dll
0x00007ffc960a0000 - 0x00007ffc960b1000 	C:\WINDOWS\System32\kernel.appcore.dll
0x00007ffc960c0000 - 0x00007ffc960df000 	C:\WINDOWS\System32\profapi.dll
0x00007ffc96050000 - 0x00007ffc9609c000 	C:\WINDOWS\System32\powrprof.dll
0x00007ffc96020000 - 0x00007ffc9602a000 	C:\WINDOWS\System32\FLTLIB.DLL
0x00000000740f0000 - 0x000000007410a000 	C:\Program Files\Java\jdk1.8.0_181\jre\bin\net.dll
0x00007ffc958a0000 - 0x00007ffc95906000 	C:\WINDOWS\system32\mswsock.dll
0x00007ffc95620000 - 0x00007ffc95658000 	C:\WINDOWS\SYSTEM32\IPHLPAPI.DLL
0x00007ffc98240000 - 0x00007ffc98248000 	C:\WINDOWS\System32\NSI.dll
0x00007ffc8bda0000 - 0x00007ffc8bdb6000 	C:\WINDOWS\SYSTEM32\dhcpcsvc6.DLL
0x00007ffc8c300000 - 0x00007ffc8c31a000 	C:\WINDOWS\SYSTEM32\dhcpcsvc.DLL
0x0000000073200000 - 0x0000000073399000 	C:\Program Files\Java\jdk1.8.0_181\jre\bin\awt.dll
0x00007ffc97c70000 - 0x00007ffc97d32000 	C:\WINDOWS\System32\OLEAUT32.dll
0x00007ffc93f90000 - 0x00007ffc9401b000 	C:\WINDOWS\SYSTEM32\apphelp.dll
0x00007ffc94450000 - 0x00007ffc94479000 	C:\WINDOWS\system32\DWMAPI.DLL
0x00007ffc94140000 - 0x00007ffc941d8000 	C:\WINDOWS\system32\uxtheme.dll
0x00007ffc711f0000 - 0x00007ffc71310000 	C:\WINDOWS\system32\opengl32.dll
0x00007ffc88e70000 - 0x00007ffc88e9c000 	C:\WINDOWS\SYSTEM32\GLU32.dll
0x00007ffc97980000 - 0x00007ffc97af4000 	C:\WINDOWS\System32\MSCTF.dll
0x00007ffc99b10000 - 0x00007ffc99c61000 	C:\WINDOWS\System32\ole32.dll
0x00007ffc669f0000 - 0x00007ffc66a06000 	C:\WINDOWS\system32\napinsp.dll
0x00007ffc669d0000 - 0x00007ffc669ea000 	C:\WINDOWS\system32\pnrpnsp.dll
0x00007ffc92520000 - 0x00007ffc92539000 	C:\WINDOWS\system32\NLAapi.dll
0x00007ffc95670000 - 0x00007ffc9572e000 	C:\WINDOWS\SYSTEM32\DNSAPI.dll
0x00007ffc7ab80000 - 0x00007ffc7ab8e000 	C:\WINDOWS\System32\winrnr.dll
0x00007ffc8c540000 - 0x00007ffc8c555000 	C:\WINDOWS\System32\wshbth.dll
0x00007ffc86370000 - 0x00007ffc8637a000 	C:\Windows\System32\rasadhlp.dll
0x00007ffc86cd0000 - 0x00007ffc86d42000 	C:\WINDOWS\System32\fwpuclnt.dll
0x00007ffc95b80000 - 0x00007ffc95ba5000 	C:\WINDOWS\SYSTEM32\bcrypt.dll
0x00000000731d0000 - 0x00000000731f4000 	C:\Program Files\Java\jdk1.8.0_181\jre\bin\sunec.dll
0x0000000074080000 - 0x00000000740c7000 	C:\Program Files\Java\jdk1.8.0_181\jre\bin\fontmanager.dll
0x00007ffc97830000 - 0x00007ffc978d0000 	C:\WINDOWS\System32\clbcatq.dll
0x00007ffc91c60000 - 0x00007ffc91e0e000 	C:\WINDOWS\SYSTEM32\WindowsCodecs.dll
0x00007ffc77710000 - 0x00007ffc77768000 	C:\WINDOWS\system32\dataexchange.dll
0x00007ffc92d00000 - 0x00007ffc9300b000 	C:\WINDOWS\system32\d3d11.dll
0x00007ffc93630000 - 0x00007ffc937cc000 	C:\WINDOWS\system32\dcomp.dll
0x00007ffc94de0000 - 0x00007ffc94e9b000 	C:\WINDOWS\system32\dxgi.dll
0x00007ffc94480000 - 0x00007ffc94638000 	C:\WINDOWS\system32\twinapi.appcore.dll
0x00007ffc943a0000 - 0x00007ffc943c1000 	C:\WINDOWS\system32\RMCLIENT.dll
0x00000000740d0000 - 0x00000000740e1000 	C:\Program Files\Java\jdk1.8.0_181\jre\bin\nio.dll
0x0000000074030000 - 0x0000000074072000 	C:\Program Files\Java\jdk1.8.0_181\jre\bin\t2k.dll
0x00007ffc95a50000 - 0x00007ffc95a67000 	C:\WINDOWS\SYSTEM32\CRYPTSP.dll
0x00007ffc95480000 - 0x00007ffc954b3000 	C:\WINDOWS\system32\rsaenh.dll
0x00007ffc95f20000 - 0x00007ffc95f48000 	C:\WINDOWS\SYSTEM32\USERENV.dll
0x00007ffc95a70000 - 0x00007ffc95a7b000 	C:\WINDOWS\SYSTEM32\CRYPTBASE.dll
0x0000000073190000 - 0x00000000731c1000 	C:\Program Files\Java\jdk1.8.0_181\jre\bin\jpeg.dll
0x00007ffc8b3e0000 - 0x00007ffc8b477000 	C:\WINDOWS\System32\TextInputFramework.dll
0x00007ffc91720000 - 0x00007ffc91a3e000 	C:\WINDOWS\System32\CoreUIComponents.dll
0x00007ffc93930000 - 0x00007ffc93a0a000 	C:\WINDOWS\System32\CoreMessaging.dll
0x00007ffc95110000 - 0x00007ffc95141000 	C:\WINDOWS\SYSTEM32\ntmarta.dll
0x00007ffc91e20000 - 0x00007ffc91f6d000 	C:\WINDOWS\SYSTEM32\wintypes.dll
0x0000000073180000 - 0x000000007318b000 	C:\Program Files\Java\jdk1.8.0_181\jre\bin\sunmscapi.dll
0x00007ffc96580000 - 0x00007ffc96762000 	C:\WINDOWS\System32\CRYPT32.dll
0x00007ffc96030000 - 0x00007ffc96042000 	C:\WINDOWS\System32\MSASN1.dll
0x0000000073170000 - 0x000000007317c000 	C:\Program Files\Java\jdk1.8.0_181\jre\bin\jsound.dll
0x0000000073160000 - 0x000000007316b000 	C:\Program Files\Java\jdk1.8.0_181\jre\bin\jsoundds.dll
0x00007ffc85a20000 - 0x00007ffc85aaf000 	C:\WINDOWS\SYSTEM32\DSOUND.dll
0x00007ffc88850000 - 0x00007ffc888c6000 	C:\WINDOWS\SYSTEM32\MMDevAPI.DLL
0x00007ffc95e30000 - 0x00007ffc95e57000 	C:\WINDOWS\SYSTEM32\DEVOBJ.dll
0x00007ffc926e0000 - 0x00007ffc92894000 	C:\WINDOWS\SYSTEM32\PROPSYS.dll
0x00007ffc88ea0000 - 0x00007ffc88ee4000 	C:\WINDOWS\SYSTEM32\wdmaud.drv
0x00007ffc92590000 - 0x00007ffc92599000 	C:\WINDOWS\SYSTEM32\ksuser.dll
0x00007ffc91b90000 - 0x00007ffc91b9a000 	C:\WINDOWS\SYSTEM32\AVRT.dll
0x00007ffc85d60000 - 0x00007ffc85e8c000 	C:\WINDOWS\SYSTEM32\AUDIOSES.DLL
0x00007ffc91aa0000 - 0x00007ffc91aad000 	C:\WINDOWS\SYSTEM32\msacm32.drv
0x00007ffc89f60000 - 0x00007ffc89f7c000 	C:\WINDOWS\SYSTEM32\MSACM32.dll
0x00007ffc8c240000 - 0x00007ffc8c24a000 	C:\WINDOWS\SYSTEM32\midimap.dll

VM Arguments:
java_command: jade.Boot -gui -agents GeradorVoz:Agentes.GeradorVoz;GeradorLN:Agentes.GeradorLN;Gerenciador:Agentes.Gerenciador;Semantizador:Agentes.Semantizador;ReconhecedorVoz:Agentes.ReconhecedorVoz;SimuladorCasa:Agentes.SimuladorCasa;
java_class_path (initial): C:\Users\Lidera Consultoria\Documents\NetBeansProjects\TCC\target\classes;C:\Users\Lidera Consultoria\.m2\repository\org\cogroo\lang\pt_br\cogroo-gc-pt_br\4.2.0\cogroo-gc-pt_br-4.2.0.jar;C:\Users\Lidera Consultoria\.m2\repository\org\cogroo\cogroo-gc\4.2.0\cogroo-gc-4.2.0.jar;C:\Users\Lidera Consultoria\.m2\repository\org\cogroo\lang\pt_br\cogroo-ann-pt_br\4.2.0\cogroo-ann-pt_br-4.2.0.jar;C:\Users\Lidera Consultoria\.m2\repository\org\cogroo\cogroo-ann\4.2.0\cogroo-ann-4.2.0.jar;C:\Users\Lidera Consultoria\.m2\repository\org\cogroo\cogroo-nlp\4.2.0\cogroo-nlp-4.2.0.jar;C:\Users\Lidera Consultoria\.m2\repository\org\apache\opennlp\opennlp-tools\1.7.2\opennlp-tools-1.7.2.jar;C:\Users\Lidera Consultoria\.m2\repository\javax\xml\bind\jaxb-api\2.2.5\jaxb-api-2.2.5.jar;C:\Users\Lidera Consultoria\.m2\repository\org\carrot2\morfologik-fsa\1.5.3\morfologik-fsa-1.5.3.jar;C:\Users\Lidera Consultoria\.m2\repository\com\carrotsearch\hppc\0.4.1\hppc-0.4.1.jar;C:\Users\Lidera Consultoria\.m2\repository\org\carrot2\morfologik-stemming\1.5.2\morfologik-stemming-1.5.2.jar;C:\Users\Lidera Consultoria\.m2\repository\org\carrot2\morfologik-tools\1.5.2\morfologik-tools-1.5.2.jar;C:\Users\Lidera Consultoria\.m2\repository\org\carrot2\morfologik-polish\1.5.2\morfologik-polish-1.5.2.jar;C:\Users\Lidera Consultoria\.m2\repository\commons-lang\commons-lang\2.6\commons-lang-2.6.jar;C:\Users\Lidera Consultoria\.m2\repository\log4j\log4j\1.2.17\log4j-1.2.17.jar;C:\Users\Lidera Consultoria\.m2\repository\org\cogroo\lang\pt_br\cogroo-res-pt_br\4.2.0\cogroo-res-pt_br-4.2.0.jar;C:\Users\Lidera Consultoria\.m2\repository\Ab\com.google\0.0.4.3\com.google-0.0.4.3.jar;C:\Users\Lidera Consultoria\.m2\repository\com\tilab\jade\jade\4.5.0\jade-4.5.0.jar;C:\Users\Lidera Consultoria\.m2\repository\commons-codec\commons-codec\1.3\commons-codec-1.3.jar;C:\Users\Lidera Consultoria\.m2\repository\net\sourceforge\owlapi\owlapi-api\5.1.7\owlapi-api-5.1.7.jar;C:\Users\Lidera Consultori
Launcher Type: SUN_STANDARD

Environment Variables:
JAVA_HOME=C:\Program Files\Java\jdk1.8.0_181
PATH=C:\SIMULIA\Commands;C:\Program Files (x86)\Intel\Intel(R) Management Engine Components\iCLS\;C:\Program Files\Intel\Intel(R) Management Engine Components\iCLS\;C:\Program Files (x86)\Common Files\Oracle\Java\javapath;C:\Program Files\Microsoft MPI\Bin\;C:\ProgramData\Oracle\Java\javapath;C:\WINDOWS\system32;C:\WINDOWS;C:\WINDOWS\System32\Wbem;C:\WINDOWS\System32\WindowsPowerShell\v1.0\;C:\Program Files\dotnet\;C:\Program Files\Microsoft SQL Server\130\Tools\Binn\;C:\WINDOWS\System32\OpenSSH\;C:\Program Files (x86)\Intel\Intel(R) Management Engine Components\DAL;C:\Program Files\Intel\Intel(R) Management Engine Components\DAL;C:\Program Files (x86)\Intel\Intel(R) Management Engine Components\IPT;C:\Program Files\Intel\Intel(R) Management Engine Components\IPT;C:\Program Files\Intel\WiFi\bin\;C:\Program Files\Common Files\Intel\WirelessCommon\;C:\Users\Lidera Consultoria\AppData\Local\Microsoft\WindowsApps;;C:\Program Files\Microsoft VS Code\bin;C:\Program Files\Intel\WiFi\bin\;C:\Program Files\Common Files\Intel\WirelessCommon\
USERNAME=Lidera Consultoria
OS=Windows_NT
PROCESSOR_IDENTIFIER=Intel64 Family 6 Model 78 Stepping 3, GenuineIntel



---------------  S Y S T E M  ---------------

OS: Windows 10.0 , 64 bit Build 17134 (10.0.17134.1)

CPU:total 4 (initial active 4) (2 cores per cpu, 2 threads per core) family 6 model 78 stepping 3, cmov, cx8, fxsr, mmx, sse, sse2, sse3, ssse3, sse4.1, sse4.2, popcnt, avx, avx2, aes, clmul, erms, 3dnowpref, lzcnt, ht, tsc, tscinvbit, bmi1, bmi2, adx

Memory: 4k page, physical 4066020k(310204k free), swap 4066020k(5144k free)

vm_info: Java HotSpot(TM) 64-Bit Server VM (25.181-b13) for windows-amd64 JRE (1.8.0_181-b13), built on Jul  7 2018 04:01:33 by "java_re" with MS VC++ 10.0 (VS2010)

time: Thu Oct 25 18:06:09 2018
elapsed time: 10 seconds (0d 0h 0m 10s)

