#
# There is insufficient memory for the Java Runtime Environment to continue.
# Native memory allocation (malloc) failed to allocate 32744 bytes for ChunkPool::allocate
# Possible reasons:
#   The system is out of physical RAM or swap space
#   In 32 bit mode, the process size limit was hit
# Possible solutions:
#   Reduce memory load on the system
#   Increase physical memory or swap space
#   Check if swap backing store is full
#   Use 64 bit Java on a 64 bit OS
#   Decrease Java heap size (-Xmx/-Xms)
#   Decrease number of Java threads
#   Decrease Java thread stack sizes (-Xss)
#   Set larger code cache with -XX:ReservedCodeCacheSize=
# This output file may be truncated or incomplete.
#
#  Out of Memory Error (allocation.cpp:273), pid=9456, tid=0x0000000000001188
#
# JRE version: Java(TM) SE Runtime Environment (8.0_181-b13) (build 1.8.0_181-b13)
# Java VM: Java HotSpot(TM) 64-Bit Server VM (25.181-b13 mixed mode windows-amd64 compressed oops)
# Failed to write core dump. Minidumps are not enabled by default on client versions of Windows
#

---------------  T H R E A D  ---------------

Current thread (0x0000000014e7b800):  JavaThread "C1 CompilerThread2" daemon [_thread_in_native, id=4488, stack(0x00000000166c0000,0x00000000167c0000)]

Stack: [0x00000000166c0000,0x00000000167c0000]
[error occurred during error reporting (printing stack bounds), id 0xc0000005]

Native frames: (J=compiled Java code, j=interpreted, Vv=VM code, C=native code)


Current CompileTask:
C1:  12396 3190       3       org.alicebot.ab.Nodemapper::<init> (42 bytes)


---------------  P R O C E S S  ---------------

Java Threads: ( => current thread )
  0x000000001c987800 JavaThread "Okio Watchdog" daemon [_thread_blocked, id=10984, stack(0x000000001e870000,0x000000001e970000)]
  0x000000001c98b000 JavaThread "OkHttp ConnectionPool" daemon [_thread_blocked, id=1964, stack(0x000000001e770000,0x000000001e870000)]
  0x000000001c986000 JavaThread "OkHttp Dispatcher" [_thread_blocked, id=1724, stack(0x000000001e370000,0x000000001e470000)]
  0x00000000175ec000 JavaThread "Java Sound Event Dispatcher" daemon [_thread_blocked, id=1252, stack(0x000000001df70000,0x000000001e070000)]
  0x00000000175ed000 JavaThread "AWT-EventQueue-0" [_thread_blocked, id=10424, stack(0x000000001a5e0000,0x000000001a6e0000)]
  0x00000000175f0000 JavaThread "DestroyJavaVM" [_thread_blocked, id=8832, stack(0x00000000026a0000,0x00000000027a0000)]
  0x00000000175ed800 JavaThread "monitor-Main-Container" [_thread_blocked, id=9776, stack(0x000000001a4e0000,0x000000001a5e0000)]
  0x00000000175f0800 JavaThread "ReconhecedorVoz" [_thread_blocked, id=8672, stack(0x000000001a3e0000,0x000000001a4e0000)]
  0x00000000175ee800 JavaThread "Semantizador" [_thread_in_vm, id=8800, stack(0x000000001a2e0000,0x000000001a3e0000)]
  0x00000000176e0800 JavaThread "rma" [_thread_blocked, id=7928, stack(0x000000001a1e0000,0x000000001a2e0000)]
  0x00000000176df000 JavaThread "GeradorLN" [_thread_blocked, id=10064, stack(0x0000000019fe0000,0x000000001a0e0000)]
  0x00000000176dc000 JavaThread "GeradorVoz" [_thread_blocked, id=6788, stack(0x0000000019ee0000,0x0000000019fe0000)]
  0x00000000176e3000 JavaThread "SimuladorCasa" [_thread_blocked, id=2792, stack(0x0000000019de0000,0x0000000019ee0000)]
  0x00000000176e2000 JavaThread "df" [_thread_blocked, id=3804, stack(0x0000000019ce0000,0x0000000019de0000)]
  0x00000000176dc800 JavaThread "ams" [_thread_blocked, id=6704, stack(0x0000000019be0000,0x0000000019ce0000)]
  0x00000000176e1800 JavaThread "Thread-11" [_thread_in_native, id=4944, stack(0x0000000019ae0000,0x0000000019be0000)]
  0x00000000176dd800 JavaThread "Deliverer-04" [_thread_blocked, id=3800, stack(0x00000000193a0000,0x00000000194a0000)]
  0x00000000176de800 JavaThread "Deliverer-03" [_thread_blocked, id=840, stack(0x00000000192a0000,0x00000000193a0000)]
  0x00000000174d7000 JavaThread "Deliverer-02" [_thread_blocked, id=2304, stack(0x00000000191a0000,0x00000000192a0000)]
  0x00000000174d6800 JavaThread "Deliverer-01" [_thread_blocked, id=2776, stack(0x00000000190a0000,0x00000000191a0000)]
  0x00000000174d5800 JavaThread "Deliverer-00" [_thread_blocked, id=1264, stack(0x0000000018fa0000,0x00000000190a0000)]
  0x00000000174c6000 JavaThread "AWT-Windows" daemon [_thread_in_native, id=8008, stack(0x0000000017e00000,0x0000000017f00000)]
  0x00000000175c4800 JavaThread "AWT-Shutdown" [_thread_blocked, id=8236, stack(0x0000000017d00000,0x0000000017e00000)]
  0x00000000175c1800 JavaThread "Java2D Disposer" daemon [_thread_blocked, id=11220, stack(0x0000000017c00000,0x0000000017d00000)]
  0x00000000172f5000 JavaThread "Thread-4" [_thread_in_native, id=300, stack(0x0000000017a10000,0x0000000017b10000)]
  0x0000000017306800 JavaThread "Thread-3" [_thread_blocked, id=10344, stack(0x0000000017910000,0x0000000017a10000)]
  0x0000000017305800 JavaThread "JICPServer-1099" daemon [_thread_in_native, id=10944, stack(0x0000000017810000,0x0000000017910000)]
  0x0000000016b0c800 JavaThread "JADE Timer dispatcher" [_thread_blocked, id=10564, stack(0x0000000016f10000,0x0000000017010000)]
  0x0000000014ebd000 JavaThread "Service Thread" daemon [_thread_blocked, id=9412, stack(0x0000000016bc0000,0x0000000016cc0000)]
=>0x0000000014e7b800 JavaThread "C1 CompilerThread2" daemon [_thread_in_native, id=4488, stack(0x00000000166c0000,0x00000000167c0000)]
  0x0000000014e6c800 JavaThread "C2 CompilerThread1" daemon [_thread_in_native, id=8028, stack(0x00000000165c0000,0x00000000166c0000)]
  0x0000000014e69800 JavaThread "C2 CompilerThread0" daemon [_thread_in_native, id=7360, stack(0x00000000164c0000,0x00000000165c0000)]
  0x0000000014e65800 JavaThread "Attach Listener" daemon [_thread_blocked, id=10636, stack(0x00000000163c0000,0x00000000164c0000)]
  0x0000000014e64800 JavaThread "Signal Dispatcher" daemon [_thread_blocked, id=7304, stack(0x00000000162c0000,0x00000000163c0000)]
  0x000000000289b000 JavaThread "Finalizer" daemon [_thread_blocked, id=2756, stack(0x00000000160b0000,0x00000000161b0000)]
  0x0000000002898000 JavaThread "Reference Handler" daemon [_thread_blocked, id=9524, stack(0x0000000015fb0000,0x00000000160b0000)]

Other Threads:
  0x0000000014e28000 VMThread [stack: 0x0000000015eb0000,0x0000000015fb0000] [id=7864]
  0x0000000014ebe800 WatcherThread [stack: 0x0000000016e10000,0x0000000016f10000] [id=5236]

VM state:not at safepoint (normal execution)

VM Mutex/Monitor currently owned by a thread: None

Heap:
 PSYoungGen      total 116736K, used 15319K [0x00000000eb500000, 0x00000000f3780000, 0x0000000100000000)
  eden space 107008K, 5% used [0x00000000eb500000,0x00000000eba78ba8,0x00000000f1d80000)
  from space 9728K, 99% used [0x00000000f2880000,0x00000000f31fd060,0x00000000f3200000)
  to   space 11264K, 0% used [0x00000000f1d80000,0x00000000f1d80000,0x00000000f2880000)
 ParOldGen       total 128000K, used 92932K [0x00000000c1e00000, 0x00000000c9b00000, 0x00000000eb500000)
  object space 128000K, 72% used [0x00000000c1e00000,0x00000000c78c1060,0x00000000c9b00000)
 Metaspace       used 37280K, capacity 37796K, committed 38104K, reserved 1083392K
  class space    used 4900K, capacity 5033K, committed 5120K, reserved 1048576K

Card table byte_map: [0x0000000011c60000,0x0000000011e60000] byte_map_base: 0x0000000011651000

Marking Bits: (ParMarkBitMap*) 0x0000000073bc2d00
 Begin Bits: [0x00000000123b0000, 0x0000000013338000)
 End Bits:   [0x0000000013338000, 0x00000000142c0000)

Polling page: 0x0000000000b50000

CodeCache: size=245760Kb used=9462Kb max_used=9694Kb free=236297Kb
 bounds [0x00000000028a0000, 0x0000000003230000, 0x00000000118a0000]
 total_blobs=3458 nmethods=2830 adapters=539
 compilation: enabled

Compilation events (10 events):
Event: 12.377 Thread 0x0000000014e6c800 nmethod 3181% 0x0000000003047050 code [0x00000000030471e0, 0x0000000003047998]
Event: 12.377 Thread 0x0000000014e6c800 3183       4       java.lang.String::split (326 bytes)
Event: 12.379 Thread 0x0000000014e7b800 nmethod 3184% 0x0000000002bb9950 code [0x0000000002bb9d20, 0x0000000002bbc2c8]
Event: 12.379 Thread 0x0000000014e7b800 3186   !   3       org.alicebot.ab.AIMLSet::readAIMLSetFromInputStream (206 bytes)
Event: 12.382 Thread 0x0000000014e7b800 nmethod 3186 0x0000000002bb5c50 code [0x0000000002bb6020, 0x0000000002bb8488]
Event: 12.389 Thread 0x0000000014e7b800 3188       3       java.io.FileInputStream::read (8 bytes)
Event: 12.389 Thread 0x0000000014e7b800 nmethod 3188 0x0000000002c0ff90 code [0x0000000002c10100, 0x0000000002c10288]
Event: 12.390 Thread 0x0000000014e7b800 3189       3       org.alicebot.ab.Path::<init> (20 bytes)
Event: 12.390 Thread 0x0000000014e7b800 nmethod 3189 0x00000000029d4e10 code [0x00000000029d4f80, 0x00000000029d52b0]
Event: 12.391 Thread 0x0000000014e7b800 3190       3       org.alicebot.ab.Nodemapper::<init> (42 bytes)

GC Heap History (10 events):
Event: 9.848 GC heap before
{Heap before GC invocations=9 (full 1):
 PSYoungGen      total 70656K, used 32612K [0x00000000eb500000, 0x00000000f3200000, 0x0000000100000000)
  eden space 63488K, 40% used [0x00000000eb500000,0x00000000ecdda198,0x00000000ef300000)
  from space 7168K, 99% used [0x00000000ef300000,0x00000000ef9fee88,0x00000000efa00000)
  to   space 9728K, 0% used [0x00000000f2880000,0x00000000f2880000,0x00000000f3200000)
 ParOldGen       total 27648K, used 8011K [0x00000000c1e00000, 0x00000000c3900000, 0x00000000eb500000)
  object space 27648K, 28% used [0x00000000c1e00000,0x00000000c25d2cd8,0x00000000c3900000)
 Metaspace       used 34623K, capacity 35096K, committed 35416K, reserved 1079296K
  class space    used 4524K, capacity 4647K, committed 4736K, reserved 1048576K
Event: 9.860 GC heap after
Heap after GC invocations=9 (full 1):
 PSYoungGen      total 116736K, used 9711K [0x00000000eb500000, 0x00000000f3780000, 0x0000000100000000)
  eden space 107008K, 0% used [0x00000000eb500000,0x00000000eb500000,0x00000000f1d80000)
  from space 9728K, 99% used [0x00000000f2880000,0x00000000f31fbf20,0x00000000f3200000)
  to   space 11264K, 0% used [0x00000000f1d80000,0x00000000f1d80000,0x00000000f2880000)
 ParOldGen       total 27648K, used 8248K [0x00000000c1e00000, 0x00000000c3900000, 0x00000000eb500000)
  object space 27648K, 29% used [0x00000000c1e00000,0x00000000c260e2a8,0x00000000c3900000)
 Metaspace       used 34623K, capacity 35096K, committed 35416K, reserved 1079296K
  class space    used 4524K, capacity 4647K, committed 4736K, reserved 1048576K
}
Event: 9.860 GC heap before
{Heap before GC invocations=10 (full 2):
 PSYoungGen      total 116736K, used 9711K [0x00000000eb500000, 0x00000000f3780000, 0x0000000100000000)
  eden space 107008K, 0% used [0x00000000eb500000,0x00000000eb500000,0x00000000f1d80000)
  from space 9728K, 99% used [0x00000000f2880000,0x00000000f31fbf20,0x00000000f3200000)
  to   space 11264K, 0% used [0x00000000f1d80000,0x00000000f1d80000,0x00000000f2880000)
 ParOldGen       total 27648K, used 8248K [0x00000000c1e00000, 0x00000000c3900000, 0x00000000eb500000)
  object space 27648K, 29% used [0x00000000c1e00000,0x00000000c260e2a8,0x00000000c3900000)
 Metaspace       used 34623K, capacity 35096K, committed 35416K, reserved 1079296K
  class space    used 4524K, capacity 4647K, committed 4736K, reserved 1048576K
Event: 9.915 GC heap after
Heap after GC invocations=10 (full 2):
 PSYoungGen      total 116736K, used 0K [0x00000000eb500000, 0x00000000f3780000, 0x0000000100000000)
  eden space 107008K, 0% used [0x00000000eb500000,0x00000000eb500000,0x00000000f1d80000)
  from space 9728K, 0% used [0x00000000f2880000,0x00000000f2880000,0x00000000f3200000)
  to   space 11264K, 0% used [0x00000000f1d80000,0x00000000f1d80000,0x00000000f2880000)
 ParOldGen       total 42496K, used 14471K [0x00000000c1e00000, 0x00000000c4780000, 0x00000000eb500000)
  object space 42496K, 34% used [0x00000000c1e00000,0x00000000c2c21c90,0x00000000c4780000)
 Metaspace       used 34623K, capacity 35096K, committed 35416K, reserved 1079296K
  class space    used 4524K, capacity 4647K, committed 4736K, reserved 1048576K
}
Event: 10.898 GC heap before
{Heap before GC invocations=11 (full 2):
 PSYoungGen      total 116736K, used 107008K [0x00000000eb500000, 0x00000000f3780000, 0x0000000100000000)
  eden space 107008K, 100% used [0x00000000eb500000,0x00000000f1d80000,0x00000000f1d80000)
  from space 9728K, 0% used [0x00000000f2880000,0x00000000f2880000,0x00000000f3200000)
  to   space 11264K, 0% used [0x00000000f1d80000,0x00000000f1d80000,0x00000000f2880000)
 ParOldGen       total 42496K, used 14471K [0x00000000c1e00000, 0x00000000c4780000, 0x00000000eb500000)
  object space 42496K, 34% used [0x00000000c1e00000,0x00000000c2c21ca8,0x00000000c4780000)
 Metaspace       used 36854K, capacity 37348K, committed 37848K, reserved 1081344K
  class space    used 4874K, capacity 5033K, committed 5120K, reserved 1048576K
Event: 10.990 GC heap after
Heap after GC invocations=11 (full 2):
 PSYoungGen      total 118272K, used 11253K [0x00000000eb500000, 0x00000000f3780000, 0x0000000100000000)
  eden space 107008K, 0% used [0x00000000eb500000,0x00000000eb500000,0x00000000f1d80000)
  from space 11264K, 99% used [0x00000000f1d80000,0x00000000f287d690,0x00000000f2880000)
  to   space 9728K, 0% used [0x00000000f2880000,0x00000000f2880000,0x00000000f3200000)
 ParOldGen       total 69632K, used 69572K [0x00000000c1e00000, 0x00000000c6200000, 0x00000000eb500000)
  object space 69632K, 99% used [0x00000000c1e00000,0x00000000c61f1210,0x00000000c6200000)
 Metaspace       used 36854K, capacity 37348K, committed 37848K, reserved 1081344K
  class space    used 4874K, capacity 5033K, committed 5120K, reserved 1048576K
}
Event: 10.990 GC heap before
{Heap before GC invocations=12 (full 3):
 PSYoungGen      total 118272K, used 11253K [0x00000000eb500000, 0x00000000f3780000, 0x0000000100000000)
  eden space 107008K, 0% used [0x00000000eb500000,0x00000000eb500000,0x00000000f1d80000)
  from space 11264K, 99% used [0x00000000f1d80000,0x00000000f287d690,0x00000000f2880000)
  to   space 9728K, 0% used [0x00000000f2880000,0x00000000f2880000,0x00000000f3200000)
 ParOldGen       total 69632K, used 69572K [0x00000000c1e00000, 0x00000000c6200000, 0x00000000eb500000)
  object space 69632K, 99% used [0x00000000c1e00000,0x00000000c61f1210,0x00000000c6200000)
 Metaspace       used 36854K, capacity 37348K, committed 37848K, reserved 1081344K
  class space    used 4874K, capacity 5033K, committed 5120K, reserved 1048576K
Event: 11.507 GC heap after
Heap after GC invocations=12 (full 3):
 PSYoungGen      total 118272K, used 8688K [0x00000000eb500000, 0x00000000f3780000, 0x0000000100000000)
  eden space 107008K, 0% used [0x00000000eb500000,0x00000000eb500000,0x00000000f1d80000)
  from space 11264K, 77% used [0x00000000f1d80000,0x00000000f25fc100,0x00000000f2880000)
  to   space 9728K, 0% used [0x00000000f2880000,0x00000000f2880000,0x00000000f3200000)
 ParOldGen       total 128000K, used 69254K [0x00000000c1e00000, 0x00000000c9b00000, 0x00000000eb500000)
  object space 128000K, 54% used [0x00000000c1e00000,0x00000000c61a1918,0x00000000c9b00000)
 Metaspace       used 36854K, capacity 37348K, committed 37848K, reserved 1081344K
  class space    used 4874K, capacity 5033K, committed 5120K, reserved 1048576K
}
Event: 12.286 GC heap before
{Heap before GC invocations=13 (full 3):
 PSYoungGen      total 118272K, used 115696K [0x00000000eb500000, 0x00000000f3780000, 0x0000000100000000)
  eden space 107008K, 100% used [0x00000000eb500000,0x00000000f1d80000,0x00000000f1d80000)
  from space 11264K, 77% used [0x00000000f1d80000,0x00000000f25fc100,0x00000000f2880000)
  to   space 9728K, 0% used [0x00000000f2880000,0x00000000f2880000,0x00000000f3200000)
 ParOldGen       total 128000K, used 69255K [0x00000000c1e00000, 0x00000000c9b00000, 0x00000000eb500000)
  object space 128000K, 54% used [0x00000000c1e00000,0x00000000c61a1fe8,0x00000000c9b00000)
 Metaspace       used 37209K, capacity 37668K, committed 38104K, reserved 1083392K
  class space    used 4896K, capacity 5033K, committed 5120K, reserved 1048576K
Event: 12.364 GC heap after
Heap after GC invocations=13 (full 3):
 PSYoungGen      total 116736K, used 9716K [0x00000000eb500000, 0x00000000f3780000, 0x0000000100000000)
  eden space 107008K, 0% used [0x00000000eb500000,0x00000000eb500000,0x00000000f1d80000)
  from space 9728K, 99% used [0x00000000f2880000,0x00000000f31fd060,0x00000000f3200000)
  to   space 11264K, 0% used [0x00000000f1d80000,0x00000000f1d80000,0x00000000f2880000)
 ParOldGen       total 128000K, used 92932K [0x00000000c1e00000, 0x00000000c9b00000, 0x00000000eb500000)
  object space 128000K, 72% used [0x00000000c1e00000,0x00000000c78c1060,0x00000000c9b00000)
 Metaspace       used 37209K, capacity 37668K, committed 38104K, reserved 1083392K
  class space    used 4896K, capacity 5033K, committed 5120K, reserved 1048576K
}

Deoptimization events (10 events):
Event: 12.178 Thread 0x000000001c98c800 Uncommon trap: reason=unstable_if action=reinterpret pc=0x0000000002c9ace4 method=morfologik.fsa.FSAFinalStatesIterator.hasNext()Z @ 19
Event: 12.192 Thread 0x00000000175ee800 Uncommon trap: reason=bimorphic action=maybe_recompile pc=0x0000000002f65b60 method=java.util.regex.Pattern$Curly.match(Ljava/util/regex/Matcher;ILjava/lang/CharSequence;)Z @ 19
Event: 12.192 Thread 0x00000000175ee800 Uncommon trap: reason=bimorphic action=maybe_recompile pc=0x0000000002f65b60 method=java.util.regex.Pattern$Curly.match(Ljava/util/regex/Matcher;ILjava/lang/CharSequence;)Z @ 19
Event: 12.192 Thread 0x00000000175ee800 Uncommon trap: reason=bimorphic action=maybe_recompile pc=0x0000000002f65b60 method=java.util.regex.Pattern$Curly.match(Ljava/util/regex/Matcher;ILjava/lang/CharSequence;)Z @ 19
Event: 12.192 Thread 0x00000000175ee800 Uncommon trap: reason=bimorphic action=maybe_recompile pc=0x0000000002f65b60 method=java.util.regex.Pattern$Curly.match(Ljava/util/regex/Matcher;ILjava/lang/CharSequence;)Z @ 19
Event: 12.198 Thread 0x00000000175ee800 Uncommon trap: reason=unstable_if action=reinterpret pc=0x0000000002d72c2c method=morfologik.fsa.FSAFinalStatesIterator.hasNext()Z @ 19
Event: 12.200 Thread 0x00000000175ee800 Uncommon trap: reason=bimorphic action=maybe_recompile pc=0x00000000032175c4 method=java.util.HashMap.putVal(ILjava/lang/Object;Ljava/lang/Object;ZZ)Ljava/lang/Object; @ 253
Event: 12.200 Thread 0x00000000175ee800 Uncommon trap: reason=bimorphic action=maybe_recompile pc=0x00000000032175c4 method=java.util.HashMap.putVal(ILjava/lang/Object;Ljava/lang/Object;ZZ)Ljava/lang/Object; @ 253
Event: 12.200 Thread 0x00000000175ee800 Uncommon trap: reason=bimorphic action=maybe_recompile pc=0x00000000032175c4 method=java.util.HashMap.putVal(ILjava/lang/Object;Ljava/lang/Object;ZZ)Ljava/lang/Object; @ 253
Event: 12.201 Thread 0x00000000175ee800 Uncommon trap: reason=bimorphic action=maybe_recompile pc=0x00000000032175c4 method=java.util.HashMap.putVal(ILjava/lang/Object;Ljava/lang/Object;ZZ)Ljava/lang/Object; @ 253

Classes redefined (0 events):
No events

Internal exceptions (10 events):
Event: 9.821 Thread 0x00000000175ee800 Exception <a 'java/lang/ClassNotFoundException': org/apache/log4j/WriterAppenderCustomizer> (0x00000000ecc8e838) thrown at [C:\re\workspace\8-2-build-windows-amd64-cygwin\jdk8u181\11358\hotspot\src\share\vm\classfile\systemDictionary.cpp, line 210]
Event: 9.822 Thread 0x00000000175ee800 Exception <a 'java/lang/ClassNotFoundException': org/apache/log4j/FileAppenderCustomizer> (0x00000000eccabce8) thrown at [C:\re\workspace\8-2-build-windows-amd64-cygwin\jdk8u181\11358\hotspot\src\share\vm\classfile\systemDictionary.cpp, line 210]
Event: 9.834 Thread 0x00000000175ee800 Exception <a 'java/lang/ClassNotFoundException': org/apache/log4j/PatternLayoutBeanInfo> (0x00000000ecd3d730) thrown at [C:\re\workspace\8-2-build-windows-amd64-cygwin\jdk8u181\11358\hotspot\src\share\vm\classfile\systemDictionary.cpp, line 210]
Event: 9.834 Thread 0x00000000175ee800 Exception <a 'java/lang/ClassNotFoundException': org/apache/log4j/LayoutBeanInfo> (0x00000000ecd4c930) thrown at [C:\re\workspace\8-2-build-windows-amd64-cygwin\jdk8u181\11358\hotspot\src\share\vm\classfile\systemDictionary.cpp, line 210]
Event: 9.835 Thread 0x00000000175ee800 Exception <a 'java/lang/ClassNotFoundException': org/apache/log4j/LayoutCustomizer> (0x00000000ecd5bf10) thrown at [C:\re\workspace\8-2-build-windows-amd64-cygwin\jdk8u181\11358\hotspot\src\share\vm\classfile\systemDictionary.cpp, line 210]
Event: 9.835 Thread 0x00000000175ee800 Exception <a 'java/lang/ClassNotFoundException': org/apache/log4j/PatternLayoutCustomizer> (0x00000000ecd71888) thrown at [C:\re\workspace\8-2-build-windows-amd64-cygwin\jdk8u181\11358\hotspot\src\share\vm\classfile\systemDictionary.cpp, line 210]
Event: 9.837 Thread 0x00000000175ee800 Exception <a 'java/lang/ClassNotFoundException': org/apache/log4j/ConsoleAppenderBeanInfo> (0x00000000ecd89b50) thrown at [C:\re\workspace\8-2-build-windows-amd64-cygwin\jdk8u181\11358\hotspot\src\share\vm\classfile\systemDictionary.cpp, line 210]
Event: 9.838 Thread 0x00000000175ee800 Exception <a 'java/lang/ClassNotFoundException': org/apache/log4j/ConsoleAppenderCustomizer> (0x00000000ecd9af00) thrown at [C:\re\workspace\8-2-build-windows-amd64-cygwin\jdk8u181\11358\hotspot\src\share\vm\classfile\systemDictionary.cpp, line 210]
Event: 9.843 Thread 0x00000000175ee800 Exception <a 'java/lang/ClassNotFoundException': com/sun/org/glassfish/hk2/osgiresourcelocator/ServiceLoader> (0x00000000ecdc7ae0) thrown at [C:\re\workspace\8-2-build-windows-amd64-cygwin\jdk8u181\11358\hotspot\src\share\vm\classfile\systemDictionary.cpp
Event: 9.919 Thread 0x00000000175ee800 Exception <a 'java/lang/NullPointerException'> (0x00000000eb500f58) thrown at [C:\re\workspace\8-2-build-windows-amd64-cygwin\jdk8u181\11358\hotspot\src\share\vm\interpreter\linkResolver.cpp, line 1287]

Events (10 events):
Event: 12.246 loading class org/cogroo/text/Chunk
Event: 12.246 loading class org/cogroo/text/Chunk done
Event: 12.269 loading class org/cogroo/text/impl/SyntacticChunkImpl
Event: 12.269 loading class org/cogroo/text/impl/SyntacticChunkImpl done
Event: 12.270 loading class org/cogroo/text/SyntacticChunk
Event: 12.270 loading class org/cogroo/text/SyntacticChunk done
Event: 12.271 loading class org/apache/commons/lang3/StringUtils
Event: 12.271 loading class org/apache/commons/lang3/StringUtils done
Event: 12.286 Executing VM operation: ParallelGCFailedAllocation
Event: 12.364 Executing VM operation: ParallelGCFailedAllocation done


Dynamic libraries:
0x00007ff66e0e0000 - 0x00007ff66e117000 	C:\Program Files\Java\jdk1.8.0_181\bin\java.exe
0x00007ffc99d10000 - 0x00007ffc99ef1000 	C:\WINDOWS\SYSTEM32\ntdll.dll
0x00007ffc7b590000 - 0x00007ffc7b5a4000 	C:\Program Files\AVAST Software\Avast\x64\aswhooka.dll
0x00007ffc97b00000 - 0x00007ffc97bb2000 	C:\WINDOWS\System32\KERNEL32.DLL
0x00007ffc96130000 - 0x00007ffc963a3000 	C:\WINDOWS\System32\KERNELBASE.dll
0x00007ffc97650000 - 0x00007ffc976f1000 	C:\WINDOWS\System32\ADVAPI32.dll
0x00007ffc98310000 - 0x00007ffc983ae000 	C:\WINDOWS\System32\msvcrt.dll
0x00007ffc971a0000 - 0x00007ffc971fb000 	C:\WINDOWS\System32\sechost.dll
0x00007ffc97700000 - 0x00007ffc97824000 	C:\WINDOWS\System32\RPCRT4.dll
0x00007ffc99880000 - 0x00007ffc99a10000 	C:\WINDOWS\System32\USER32.dll
0x00007ffc964b0000 - 0x00007ffc964d0000 	C:\WINDOWS\System32\win32u.dll
0x00007ffc98070000 - 0x00007ffc98098000 	C:\WINDOWS\System32\GDI32.dll
0x00007ffc96f00000 - 0x00007ffc97092000 	C:\WINDOWS\System32\gdi32full.dll
0x00007ffc97100000 - 0x00007ffc9719f000 	C:\WINDOWS\System32\msvcp_win.dll
0x00007ffc963b0000 - 0x00007ffc964aa000 	C:\WINDOWS\System32\ucrtbase.dll
0x00007ffc7db60000 - 0x00007ffc7ddc9000 	C:\WINDOWS\WinSxS\amd64_microsoft.windows.common-controls_6595b64144ccf1df_6.0.17134.345_none_fb429a5930656358\COMCTL32.dll
0x00007ffc97d40000 - 0x00007ffc98063000 	C:\WINDOWS\System32\combase.dll
0x00007ffc96770000 - 0x00007ffc967ea000 	C:\WINDOWS\System32\bcryptPrimitives.dll
0x00007ffc98410000 - 0x00007ffc9843d000 	C:\WINDOWS\System32\IMM32.DLL
0x00000000741b0000 - 0x0000000074282000 	C:\Program Files\Java\jdk1.8.0_181\jre\bin\msvcr100.dll
0x00000000733a0000 - 0x0000000073c42000 	C:\Program Files\Java\jdk1.8.0_181\jre\bin\server\jvm.dll
0x00007ffc99b00000 - 0x00007ffc99b08000 	C:\WINDOWS\System32\PSAPI.DLL
0x00007ffc82760000 - 0x00007ffc82769000 	C:\WINDOWS\SYSTEM32\WSOCK32.dll
0x00007ffc99c70000 - 0x00007ffc99cdc000 	C:\WINDOWS\System32\WS2_32.dll
0x00007ffc93ea0000 - 0x00007ffc93ec3000 	C:\WINDOWS\SYSTEM32\WINMM.dll
0x00007ffc82af0000 - 0x00007ffc82afa000 	C:\WINDOWS\SYSTEM32\VERSION.dll
0x00007ffc93e40000 - 0x00007ffc93e6a000 	C:\WINDOWS\SYSTEM32\WINMMBASE.dll
0x00007ffc960e0000 - 0x00007ffc96129000 	C:\WINDOWS\System32\cfgmgr32.dll
0x0000000074160000 - 0x000000007416f000 	C:\Program Files\Java\jdk1.8.0_181\jre\bin\verify.dll
0x0000000074130000 - 0x0000000074159000 	C:\Program Files\Java\jdk1.8.0_181\jre\bin\java.dll
0x0000000074110000 - 0x0000000074126000 	C:\Program Files\Java\jdk1.8.0_181\jre\bin\zip.dll
0x00007ffc98440000 - 0x00007ffc9987f000 	C:\WINDOWS\System32\SHELL32.dll
0x00007ffc97bc0000 - 0x00007ffc97c69000 	C:\WINDOWS\System32\shcore.dll
0x00007ffc967f0000 - 0x00007ffc96efd000 	C:\WINDOWS\System32\windows.storage.dll
0x00007ffc982b0000 - 0x00007ffc98301000 	C:\WINDOWS\System32\shlwapi.dll
0x00007ffc960a0000 - 0x00007ffc960b1000 	C:\WINDOWS\System32\kernel.appcore.dll
0x00007ffc960c0000 - 0x00007ffc960df000 	C:\WINDOWS\System32\profapi.dll
0x00007ffc96050000 - 0x00007ffc9609c000 	C:\WINDOWS\System32\powrprof.dll
0x00007ffc96020000 - 0x00007ffc9602a000 	C:\WINDOWS\System32\FLTLIB.DLL
0x00000000740f0000 - 0x000000007410a000 	C:\Program Files\Java\jdk1.8.0_181\jre\bin\net.dll
0x00007ffc958a0000 - 0x00007ffc95906000 	C:\WINDOWS\system32\mswsock.dll
0x00007ffc95620000 - 0x00007ffc95658000 	C:\WINDOWS\SYSTEM32\IPHLPAPI.DLL
0x00007ffc98240000 - 0x00007ffc98248000 	C:\WINDOWS\System32\NSI.dll
0x00007ffc8bda0000 - 0x00007ffc8bdb6000 	C:\WINDOWS\SYSTEM32\dhcpcsvc6.DLL
0x00007ffc8c300000 - 0x00007ffc8c31a000 	C:\WINDOWS\SYSTEM32\dhcpcsvc.DLL
0x0000000073200000 - 0x0000000073399000 	C:\Program Files\Java\jdk1.8.0_181\jre\bin\awt.dll
0x00007ffc97c70000 - 0x00007ffc97d32000 	C:\WINDOWS\System32\OLEAUT32.dll
0x00007ffc93f90000 - 0x00007ffc9401b000 	C:\WINDOWS\SYSTEM32\apphelp.dll
0x00007ffc94450000 - 0x00007ffc94479000 	C:\WINDOWS\system32\DWMAPI.DLL
0x00007ffc94140000 - 0x00007ffc941d8000 	C:\WINDOWS\system32\uxtheme.dll
0x00007ffc711f0000 - 0x00007ffc71310000 	C:\WINDOWS\system32\opengl32.dll
0x00007ffc88e70000 - 0x00007ffc88e9c000 	C:\WINDOWS\SYSTEM32\GLU32.dll
0x00007ffc97980000 - 0x00007ffc97af4000 	C:\WINDOWS\System32\MSCTF.dll
0x00007ffc99b10000 - 0x00007ffc99c61000 	C:\WINDOWS\System32\ole32.dll
0x00007ffc669f0000 - 0x00007ffc66a06000 	C:\WINDOWS\system32\napinsp.dll
0x00007ffc669d0000 - 0x00007ffc669ea000 	C:\WINDOWS\system32\pnrpnsp.dll
0x00007ffc92520000 - 0x00007ffc92539000 	C:\WINDOWS\system32\NLAapi.dll
0x00007ffc95670000 - 0x00007ffc9572e000 	C:\WINDOWS\SYSTEM32\DNSAPI.dll
0x00007ffc7ab80000 - 0x00007ffc7ab8e000 	C:\WINDOWS\System32\winrnr.dll
0x00007ffc8c540000 - 0x00007ffc8c555000 	C:\WINDOWS\System32\wshbth.dll
0x00007ffc86370000 - 0x00007ffc8637a000 	C:\Windows\System32\rasadhlp.dll
0x00007ffc86cd0000 - 0x00007ffc86d42000 	C:\WINDOWS\System32\fwpuclnt.dll
0x00007ffc95b80000 - 0x00007ffc95ba5000 	C:\WINDOWS\SYSTEM32\bcrypt.dll
0x00000000731d0000 - 0x00000000731f4000 	C:\Program Files\Java\jdk1.8.0_181\jre\bin\sunec.dll
0x0000000074080000 - 0x00000000740c7000 	C:\Program Files\Java\jdk1.8.0_181\jre\bin\fontmanager.dll
0x00007ffc97830000 - 0x00007ffc978d0000 	C:\WINDOWS\System32\clbcatq.dll
0x00007ffc91c60000 - 0x00007ffc91e0e000 	C:\WINDOWS\SYSTEM32\WindowsCodecs.dll
0x00007ffc77710000 - 0x00007ffc77768000 	C:\WINDOWS\system32\dataexchange.dll
0x00007ffc92d00000 - 0x00007ffc9300b000 	C:\WINDOWS\system32\d3d11.dll
0x00007ffc93630000 - 0x00007ffc937cc000 	C:\WINDOWS\system32\dcomp.dll
0x00007ffc94de0000 - 0x00007ffc94e9b000 	C:\WINDOWS\system32\dxgi.dll
0x00007ffc94480000 - 0x00007ffc94638000 	C:\WINDOWS\system32\twinapi.appcore.dll
0x00007ffc943a0000 - 0x00007ffc943c1000 	C:\WINDOWS\system32\RMCLIENT.dll
0x00000000740d0000 - 0x00000000740e1000 	C:\Program Files\Java\jdk1.8.0_181\jre\bin\nio.dll
0x0000000074030000 - 0x0000000074072000 	C:\Program Files\Java\jdk1.8.0_181\jre\bin\t2k.dll
0x00007ffc95a50000 - 0x00007ffc95a67000 	C:\WINDOWS\SYSTEM32\CRYPTSP.dll
0x00007ffc95480000 - 0x00007ffc954b3000 	C:\WINDOWS\system32\rsaenh.dll
0x00007ffc95f20000 - 0x00007ffc95f48000 	C:\WINDOWS\SYSTEM32\USERENV.dll
0x00007ffc95a70000 - 0x00007ffc95a7b000 	C:\WINDOWS\SYSTEM32\CRYPTBASE.dll
0x0000000073190000 - 0x00000000731c1000 	C:\Program Files\Java\jdk1.8.0_181\jre\bin\jpeg.dll
0x00007ffc8b3e0000 - 0x00007ffc8b477000 	C:\WINDOWS\System32\TextInputFramework.dll
0x00007ffc91720000 - 0x00007ffc91a3e000 	C:\WINDOWS\System32\CoreUIComponents.dll
0x00007ffc93930000 - 0x00007ffc93a0a000 	C:\WINDOWS\System32\CoreMessaging.dll
0x00007ffc95110000 - 0x00007ffc95141000 	C:\WINDOWS\SYSTEM32\ntmarta.dll
0x00007ffc91e20000 - 0x00007ffc91f6d000 	C:\WINDOWS\SYSTEM32\wintypes.dll
0x0000000073180000 - 0x000000007318b000 	C:\Program Files\Java\jdk1.8.0_181\jre\bin\sunmscapi.dll
0x00007ffc96580000 - 0x00007ffc96762000 	C:\WINDOWS\System32\CRYPT32.dll
0x00007ffc96030000 - 0x00007ffc96042000 	C:\WINDOWS\System32\MSASN1.dll
0x0000000073170000 - 0x000000007317c000 	C:\Program Files\Java\jdk1.8.0_181\jre\bin\jsound.dll
0x0000000073160000 - 0x000000007316b000 	C:\Program Files\Java\jdk1.8.0_181\jre\bin\jsoundds.dll
0x00007ffc820e0000 - 0x00007ffc8216f000 	C:\WINDOWS\SYSTEM32\DSOUND.dll
0x00007ffc88850000 - 0x00007ffc888c6000 	C:\WINDOWS\SYSTEM32\MMDevAPI.DLL
0x00007ffc95e30000 - 0x00007ffc95e57000 	C:\WINDOWS\SYSTEM32\DEVOBJ.dll
0x00007ffc926e0000 - 0x00007ffc92894000 	C:\WINDOWS\SYSTEM32\PROPSYS.dll
0x00007ffc88ea0000 - 0x00007ffc88ee4000 	C:\WINDOWS\SYSTEM32\wdmaud.drv
0x00007ffc92590000 - 0x00007ffc92599000 	C:\WINDOWS\SYSTEM32\ksuser.dll
0x00007ffc91b90000 - 0x00007ffc91b9a000 	C:\WINDOWS\SYSTEM32\AVRT.dll
0x00007ffc85d60000 - 0x00007ffc85e8c000 	C:\WINDOWS\SYSTEM32\AUDIOSES.DLL
0x00007ffc91aa0000 - 0x00007ffc91aad000 	C:\WINDOWS\SYSTEM32\msacm32.drv
0x00007ffc89f60000 - 0x00007ffc89f7c000 	C:\WINDOWS\SYSTEM32\MSACM32.dll
0x00007ffc8c240000 - 0x00007ffc8c24a000 	C:\WINDOWS\SYSTEM32\midimap.dll

VM Arguments:
java_command: jade.Boot -gui -agents GeradorVoz:Agentes.GeradorVoz;GeradorLN:Agentes.GeradorLN;Gerenciador:Agentes.Gerenciador;Semantizador:Agentes.Semantizador;ReconhecedorVoz:Agentes.ReconhecedorVoz;SimuladorCasa:Agentes.SimuladorCasa;
java_class_path (initial): C:\Users\Lidera Consultoria\Documents\NetBeansProjects\TCC\target\classes;C:\Users\Lidera Consultoria\.m2\repository\org\cogroo\lang\pt_br\cogroo-gc-pt_br\4.2.0\cogroo-gc-pt_br-4.2.0.jar;C:\Users\Lidera Consultoria\.m2\repository\org\cogroo\cogroo-gc\4.2.0\cogroo-gc-4.2.0.jar;C:\Users\Lidera Consultoria\.m2\repository\org\cogroo\lang\pt_br\cogroo-ann-pt_br\4.2.0\cogroo-ann-pt_br-4.2.0.jar;C:\Users\Lidera Consultoria\.m2\repository\org\cogroo\cogroo-ann\4.2.0\cogroo-ann-4.2.0.jar;C:\Users\Lidera Consultoria\.m2\repository\org\cogroo\cogroo-nlp\4.2.0\cogroo-nlp-4.2.0.jar;C:\Users\Lidera Consultoria\.m2\repository\org\apache\opennlp\opennlp-tools\1.7.2\opennlp-tools-1.7.2.jar;C:\Users\Lidera Consultoria\.m2\repository\javax\xml\bind\jaxb-api\2.2.5\jaxb-api-2.2.5.jar;C:\Users\Lidera Consultoria\.m2\repository\org\carrot2\morfologik-fsa\1.5.3\morfologik-fsa-1.5.3.jar;C:\Users\Lidera Consultoria\.m2\repository\com\carrotsearch\hppc\0.4.1\hppc-0.4.1.jar;C:\Users\Lidera Consultoria\.m2\repository\org\carrot2\morfologik-stemming\1.5.2\morfologik-stemming-1.5.2.jar;C:\Users\Lidera Consultoria\.m2\repository\org\carrot2\morfologik-tools\1.5.2\morfologik-tools-1.5.2.jar;C:\Users\Lidera Consultoria\.m2\repository\org\carrot2\morfologik-polish\1.5.2\morfologik-polish-1.5.2.jar;C:\Users\Lidera Consultoria\.m2\repository\commons-lang\commons-lang\2.6\commons-lang-2.6.jar;C:\Users\Lidera Consultoria\.m2\repository\log4j\log4j\1.2.17\log4j-1.2.17.jar;C:\Users\Lidera Consultoria\.m2\repository\org\cogroo\lang\pt_br\cogroo-res-pt_br\4.2.0\cogroo-res-pt_br-4.2.0.jar;C:\Users\Lidera Consultoria\.m2\repository\Ab\com.google\0.0.4.3\com.google-0.0.4.3.jar;C:\Users\Lidera Consultoria\.m2\repository\com\tilab\jade\jade\4.5.0\jade-4.5.0.jar;C:\Users\Lidera Consultoria\.m2\repository\commons-codec\commons-codec\1.3\commons-codec-1.3.jar;C:\Users\Lidera Consultoria\.m2\repository\net\sourceforge\owlapi\owlapi-api\5.1.7\owlapi-api-5.1.7.jar;C:\Users\Lidera Consultori
Launcher Type: SUN_STANDARD

Environment Variables:
JAVA_HOME=C:\Program Files\Java\jdk1.8.0_181
PATH=C:\SIMULIA\Commands;C:\Program Files (x86)\Intel\Intel(R) Management Engine Components\iCLS\;C:\Program Files\Intel\Intel(R) Management Engine Components\iCLS\;C:\Program Files (x86)\Common Files\Oracle\Java\javapath;C:\Program Files\Microsoft MPI\Bin\;C:\ProgramData\Oracle\Java\javapath;C:\WINDOWS\system32;C:\WINDOWS;C:\WINDOWS\System32\Wbem;C:\WINDOWS\System32\WindowsPowerShell\v1.0\;C:\Program Files\dotnet\;C:\Program Files\Microsoft SQL Server\130\Tools\Binn\;C:\WINDOWS\System32\OpenSSH\;C:\Program Files (x86)\Intel\Intel(R) Management Engine Components\DAL;C:\Program Files\Intel\Intel(R) Management Engine Components\DAL;C:\Program Files (x86)\Intel\Intel(R) Management Engine Components\IPT;C:\Program Files\Intel\Intel(R) Management Engine Components\IPT;C:\Program Files\Intel\WiFi\bin\;C:\Program Files\Common Files\Intel\WirelessCommon\;C:\Users\Lidera Consultoria\AppData\Local\Microsoft\WindowsApps;;C:\Program Files\Microsoft VS Code\bin;C:\Program Files\Intel\WiFi\bin\;C:\Program Files\Common Files\Intel\WirelessCommon\
USERNAME=Lidera Consultoria
OS=Windows_NT
PROCESSOR_IDENTIFIER=Intel64 Family 6 Model 78 Stepping 3, GenuineIntel



---------------  S Y S T E M  ---------------

OS: Windows 10.0 , 64 bit Build 17134 (10.0.17134.1)

CPU:total 4 (initial active 4) (2 cores per cpu, 2 threads per core) family 6 model 78 stepping 3, cmov, cx8, fxsr, mmx, sse, sse2, sse3, ssse3, sse4.1, sse4.2, popcnt, avx, avx2, aes, clmul, erms, 3dnowpref, lzcnt, ht, tsc, tscinvbit, bmi1, bmi2, adx

Memory: 4k page, physical 4066020k(233908k free), swap 4066020k(9712k free)

vm_info: Java HotSpot(TM) 64-Bit Server VM (25.181-b13) for windows-amd64 JRE (1.8.0_181-b13), built on Jul  7 2018 04:01:33 by "java_re" with MS VC++ 10.0 (VS2010)

time: Thu Oct 25 17:24:24 2018
elapsed time: 12 seconds (0d 0h 0m 12s)

