#
# There is insufficient memory for the Java Runtime Environment to continue.
# Native memory allocation (malloc) failed to allocate 391216 bytes for Chunk::new
# Possible reasons:
#   The system is out of physical RAM or swap space
#   In 32 bit mode, the process size limit was hit
# Possible solutions:
#   Reduce memory load on the system
#   Increase physical memory or swap space
#   Check if swap backing store is full
#   Use 64 bit Java on a 64 bit OS
#   Decrease Java heap size (-Xmx/-Xms)
#   Decrease number of Java threads
#   Decrease Java thread stack sizes (-Xss)
#   Set larger code cache with -XX:ReservedCodeCacheSize=
# This output file may be truncated or incomplete.
#
#  Out of Memory Error (allocation.cpp:390), pid=11092, tid=0x00000000000015d0
#
# JRE version: Java(TM) SE Runtime Environment (8.0_181-b13) (build 1.8.0_181-b13)
# Java VM: Java HotSpot(TM) 64-Bit Server VM (25.181-b13 mixed mode windows-amd64 compressed oops)
# Failed to write core dump. Minidumps are not enabled by default on client versions of Windows
#

---------------  T H R E A D  ---------------

Current thread (0x0000000014b3b000):  JavaThread "C2 CompilerThread1" daemon [_thread_in_native, id=5584, stack(0x00000000162a0000,0x00000000163a0000)]

Stack: [0x00000000162a0000,0x00000000163a0000]
[error occurred during error reporting (printing stack bounds), id 0xc0000005]

Native frames: (J=compiled Java code, j=interpreted, Vv=VM code, C=native code)


Current CompileTask:
C2:  13148 3269       4       java.io.WinNTFileSystem::normalize (143 bytes)


---------------  P R O C E S S  ---------------

Java Threads: ( => current thread )
  0x00000000185c3800 JavaThread "Okio Watchdog" daemon [_thread_blocked, id=4756, stack(0x000000001e700000,0x000000001e800000)]
  0x00000000185c4800 JavaThread "OkHttp ConnectionPool" daemon [_thread_blocked, id=8928, stack(0x000000001e600000,0x000000001e700000)]
  0x00000000185b8800 JavaThread "OkHttp Dispatcher" [_thread_blocked, id=8900, stack(0x000000001e200000,0x000000001e300000)]
  0x00000000185bf000 JavaThread "Java Sound Event Dispatcher" daemon [_thread_blocked, id=7072, stack(0x000000001de00000,0x000000001df00000)]
  0x00000000185bd000 JavaThread "AWT-EventQueue-0" [_thread_blocked, id=2744, stack(0x000000001a2e0000,0x000000001a3e0000)]
  0x00000000185bc000 JavaThread "DestroyJavaVM" [_thread_blocked, id=6812, stack(0x0000000002370000,0x0000000002470000)]
  0x00000000185b7000 JavaThread "monitor-Main-Container" [_thread_blocked, id=3328, stack(0x000000001a1e0000,0x000000001a2e0000)]
  0x00000000185bd800 JavaThread "ReconhecedorVoz" [_thread_blocked, id=10320, stack(0x0000000019fd0000,0x000000001a0d0000)]
  0x00000000185bb800 JavaThread "Semantizador" [_thread_in_Java, id=10292, stack(0x0000000019ed0000,0x0000000019fd0000)]
  0x00000000173bd000 JavaThread "rma" [_thread_blocked, id=1104, stack(0x0000000019dd0000,0x0000000019ed0000)]
  0x00000000173c3800 JavaThread "Gerenciador" [_thread_in_vm, id=7676, stack(0x0000000019cd0000,0x0000000019dd0000)]
  0x00000000173c2000 JavaThread "GeradorLN" [_thread_blocked, id=836, stack(0x0000000019bd0000,0x0000000019cd0000)]
  0x00000000173be800 JavaThread "GeradorVoz" [_thread_blocked, id=11024, stack(0x0000000019ad0000,0x0000000019bd0000)]
  0x00000000173bd800 JavaThread "SimuladorCasa" [_thread_blocked, id=10480, stack(0x00000000199d0000,0x0000000019ad0000)]
  0x00000000173c1800 JavaThread "df" [_thread_blocked, id=9924, stack(0x00000000198d0000,0x00000000199d0000)]
  0x00000000173c3000 JavaThread "ams" [_thread_blocked, id=4744, stack(0x00000000197d0000,0x00000000198d0000)]
  0x00000000173bf000 JavaThread "Thread-11" [_thread_in_native, id=1632, stack(0x00000000196d0000,0x00000000197d0000)]
  0x00000000173c0800 JavaThread "Deliverer-04" [_thread_blocked, id=2268, stack(0x0000000018f90000,0x0000000019090000)]
  0x00000000173c0000 JavaThread "Deliverer-03" [_thread_blocked, id=8224, stack(0x0000000018e90000,0x0000000018f90000)]
  0x0000000017221800 JavaThread "Deliverer-02" [_thread_blocked, id=4804, stack(0x0000000018d90000,0x0000000018e90000)]
  0x0000000017be0800 JavaThread "Deliverer-01" [_thread_blocked, id=4148, stack(0x0000000018c90000,0x0000000018d90000)]
  0x00000000174d8800 JavaThread "Deliverer-00" [_thread_blocked, id=7296, stack(0x0000000018b90000,0x0000000018c90000)]
  0x000000001721e800 JavaThread "AWT-Windows" daemon [_thread_in_native, id=9264, stack(0x00000000179f0000,0x0000000017af0000)]
  0x0000000017233000 JavaThread "AWT-Shutdown" [_thread_blocked, id=10844, stack(0x00000000178f0000,0x00000000179f0000)]
  0x0000000017232000 JavaThread "Java2D Disposer" daemon [_thread_blocked, id=2464, stack(0x00000000177f0000,0x00000000178f0000)]
  0x0000000016ff5800 JavaThread "Thread-4" [_thread_in_native, id=10144, stack(0x00000000176f0000,0x00000000177f0000)]
  0x0000000016ff2800 JavaThread "Thread-3" [_thread_blocked, id=7784, stack(0x00000000175f0000,0x00000000176f0000)]
  0x000000001700b000 JavaThread "JICPServer-1099" daemon [_thread_in_native, id=9552, stack(0x00000000174f0000,0x00000000175f0000)]
  0x00000000167eb000 JavaThread "JADE Timer dispatcher" [_thread_blocked, id=10496, stack(0x0000000016bf0000,0x0000000016cf0000)]
  0x00000000164e3000 JavaThread "Service Thread" daemon [_thread_blocked, id=7464, stack(0x00000000168a0000,0x00000000169a0000)]
  0x0000000014b45000 JavaThread "C1 CompilerThread2" daemon [_thread_blocked, id=2680, stack(0x00000000163a0000,0x00000000164a0000)]
=>0x0000000014b3b000 JavaThread "C2 CompilerThread1" daemon [_thread_in_native, id=5584, stack(0x00000000162a0000,0x00000000163a0000)]
  0x0000000014b38000 JavaThread "C2 CompilerThread0" daemon [_thread_in_native, id=5916, stack(0x00000000161a0000,0x00000000162a0000)]
  0x0000000014b34000 JavaThread "Attach Listener" daemon [_thread_blocked, id=4668, stack(0x00000000160a0000,0x00000000161a0000)]
  0x0000000014b32800 JavaThread "Signal Dispatcher" daemon [_thread_blocked, id=4508, stack(0x0000000015fa0000,0x00000000160a0000)]
  0x000000000256a800 JavaThread "Finalizer" daemon [_thread_blocked, id=6736, stack(0x0000000015d90000,0x0000000015e90000)]
  0x0000000002565800 JavaThread "Reference Handler" daemon [_thread_blocked, id=10404, stack(0x0000000015c90000,0x0000000015d90000)]

Other Threads:
  0x0000000014af8000 VMThread [stack: 0x0000000015b90000,0x0000000015c90000] [id=3840]
  0x0000000014b8e800 WatcherThread [stack: 0x0000000016af0000,0x0000000016bf0000] [id=6524]

VM state:not at safepoint (normal execution)

VM Mutex/Monitor currently owned by a thread: None

Heap:
 PSYoungGen      total 109568K, used 91535K [0x00000000eb500000, 0x00000000f4e00000, 0x0000000100000000)
  eden space 98816K, 92% used [0x00000000eb500000,0x00000000f0e63e60,0x00000000f1580000)
  from space 10752K, 0% used [0x00000000f4380000,0x00000000f4380000,0x00000000f4e00000)
  to   space 10752K, 0% used [0x00000000f1580000,0x00000000f1580000,0x00000000f2000000)
 ParOldGen       total 58880K, used 58735K [0x00000000c1e00000, 0x00000000c5780000, 0x00000000eb500000)
  object space 58880K, 99% used [0x00000000c1e00000,0x00000000c575be08,0x00000000c5780000)
 Metaspace       used 37598K, capacity 38102K, committed 38616K, reserved 1083392K
  class space    used 4931K, capacity 5068K, committed 5120K, reserved 1048576K

Card table byte_map: [0x0000000011930000,0x0000000011b30000] byte_map_base: 0x0000000011321000

Marking Bits: (ParMarkBitMap*) 0x0000000073bc2d00
 Begin Bits: [0x0000000012080000, 0x0000000013008000)
 End Bits:   [0x0000000013008000, 0x0000000013f90000)

Polling page: 0x0000000000690000

CodeCache: size=245760Kb used=9326Kb max_used=9333Kb free=236433Kb
 bounds [0x0000000002570000, 0x0000000002ea0000, 0x0000000011570000]
 total_blobs=3479 nmethods=2852 adapters=538
 compilation: enabled

Compilation events (10 events):
Event: 13.118 Thread 0x0000000014b45000 3290       3       sun.nio.cs.StreamDecoder::ensureOpen (18 bytes)
Event: 13.119 Thread 0x0000000014b45000 nmethod 3290 0x0000000002c908d0 code [0x0000000002c90a40, 0x0000000002c90c88]
Event: 13.120 Thread 0x0000000014b45000 3291       3       java.io.InputStreamReader::read (11 bytes)
Event: 13.121 Thread 0x0000000014b45000 nmethod 3291 0x0000000002dbeed0 code [0x0000000002dbf040, 0x0000000002dbf1e8]
Event: 13.121 Thread 0x0000000014b45000 3292   !   3       sun.nio.cs.StreamDecoder::read (196 bytes)
Event: 13.122 Thread 0x0000000014b45000 nmethod 3292 0x000000000292a790 code [0x000000000292a9c0, 0x000000000292b6e8]
Event: 13.122 Thread 0x0000000014b45000 3293       3       java.nio.Buffer::discardMark (6 bytes)
Event: 13.122 Thread 0x0000000014b45000 nmethod 3293 0x0000000002dbebd0 code [0x0000000002dbed20, 0x0000000002dbee70]
Event: 13.125 Thread 0x0000000014b45000 3295       3       java.io.BufferedReader::fill (170 bytes)
Event: 13.125 Thread 0x0000000014b45000 nmethod 3295 0x0000000002b00c90 code [0x0000000002b00e40, 0x0000000002b014c8]

GC Heap History (10 events):
Event: 9.895 GC heap before
{Heap before GC invocations=10 (full 1):
 PSYoungGen      total 108544K, used 31827K [0x00000000eb500000, 0x00000000f3300000, 0x0000000100000000)
  eden space 98816K, 22% used [0x00000000eb500000,0x00000000ecafdbb8,0x00000000f1580000)
  from space 9728K, 95% used [0x00000000f2000000,0x00000000f2917288,0x00000000f2980000)
  to   space 10752K, 0% used [0x00000000f1580000,0x00000000f1580000,0x00000000f2000000)
 ParOldGen       total 29696K, used 7620K [0x00000000c1e00000, 0x00000000c3b00000, 0x00000000eb500000)
  object space 29696K, 25% used [0x00000000c1e00000,0x00000000c2571268,0x00000000c3b00000)
 Metaspace       used 34671K, capacity 35110K, committed 35416K, reserved 1079296K
  class space    used 4522K, capacity 4650K, committed 4736K, reserved 1048576K
Event: 9.903 GC heap after
Heap after GC invocations=10 (full 1):
 PSYoungGen      total 109568K, used 4661K [0x00000000eb500000, 0x00000000f4e00000, 0x0000000100000000)
  eden space 98816K, 0% used [0x00000000eb500000,0x00000000eb500000,0x00000000f1580000)
  from space 10752K, 43% used [0x00000000f1580000,0x00000000f1a0d568,0x00000000f2000000)
  to   space 10752K, 0% used [0x00000000f4380000,0x00000000f4380000,0x00000000f4e00000)
 ParOldGen       total 29696K, used 10118K [0x00000000c1e00000, 0x00000000c3b00000, 0x00000000eb500000)
  object space 29696K, 34% used [0x00000000c1e00000,0x00000000c27e1a70,0x00000000c3b00000)
 Metaspace       used 34671K, capacity 35110K, committed 35416K, reserved 1079296K
  class space    used 4522K, capacity 4650K, committed 4736K, reserved 1048576K
}
Event: 9.903 GC heap before
{Heap before GC invocations=11 (full 2):
 PSYoungGen      total 109568K, used 4661K [0x00000000eb500000, 0x00000000f4e00000, 0x0000000100000000)
  eden space 98816K, 0% used [0x00000000eb500000,0x00000000eb500000,0x00000000f1580000)
  from space 10752K, 43% used [0x00000000f1580000,0x00000000f1a0d568,0x00000000f2000000)
  to   space 10752K, 0% used [0x00000000f4380000,0x00000000f4380000,0x00000000f4e00000)
 ParOldGen       total 29696K, used 10118K [0x00000000c1e00000, 0x00000000c3b00000, 0x00000000eb500000)
  object space 29696K, 34% used [0x00000000c1e00000,0x00000000c27e1a70,0x00000000c3b00000)
 Metaspace       used 34671K, capacity 35110K, committed 35416K, reserved 1079296K
  class space    used 4522K, capacity 4650K, committed 4736K, reserved 1048576K
Event: 9.954 GC heap after
Heap after GC invocations=11 (full 2):
 PSYoungGen      total 109568K, used 0K [0x00000000eb500000, 0x00000000f4e00000, 0x0000000100000000)
  eden space 98816K, 0% used [0x00000000eb500000,0x00000000eb500000,0x00000000f1580000)
  from space 10752K, 0% used [0x00000000f1580000,0x00000000f1580000,0x00000000f2000000)
  to   space 10752K, 0% used [0x00000000f4380000,0x00000000f4380000,0x00000000f4e00000)
 ParOldGen       total 44032K, used 12363K [0x00000000c1e00000, 0x00000000c4900000, 0x00000000eb500000)
  object space 44032K, 28% used [0x00000000c1e00000,0x00000000c2a12f40,0x00000000c4900000)
 Metaspace       used 34671K, capacity 35110K, committed 35416K, reserved 1079296K
  class space    used 4522K, capacity 4650K, committed 4736K, reserved 1048576K
}
Event: 10.908 GC heap before
{Heap before GC invocations=12 (full 2):
 PSYoungGen      total 109568K, used 98816K [0x00000000eb500000, 0x00000000f4e00000, 0x0000000100000000)
  eden space 98816K, 100% used [0x00000000eb500000,0x00000000f1580000,0x00000000f1580000)
  from space 10752K, 0% used [0x00000000f1580000,0x00000000f1580000,0x00000000f2000000)
  to   space 10752K, 0% used [0x00000000f4380000,0x00000000f4380000,0x00000000f4e00000)
 ParOldGen       total 44032K, used 12363K [0x00000000c1e00000, 0x00000000c4900000, 0x00000000eb500000)
  object space 44032K, 28% used [0x00000000c1e00000,0x00000000c2a12f40,0x00000000c4900000)
 Metaspace       used 37082K, capacity 37622K, committed 38104K, reserved 1083392K
  class space    used 4897K, capacity 5036K, committed 5120K, reserved 1048576K
Event: 10.979 GC heap after
Heap after GC invocations=12 (full 2):
 PSYoungGen      total 109568K, used 10722K [0x00000000eb500000, 0x00000000f4e00000, 0x0000000100000000)
  eden space 98816K, 0% used [0x00000000eb500000,0x00000000eb500000,0x00000000f1580000)
  from space 10752K, 99% used [0x00000000f4380000,0x00000000f4df89c8,0x00000000f4e00000)
  to   space 10752K, 0% used [0x00000000f1580000,0x00000000f1580000,0x00000000f2000000)
 ParOldGen       total 58880K, used 58603K [0x00000000c1e00000, 0x00000000c5780000, 0x00000000eb500000)
  object space 58880K, 99% used [0x00000000c1e00000,0x00000000c573ae90,0x00000000c5780000)
 Metaspace       used 37082K, capacity 37622K, committed 38104K, reserved 1083392K
  class space    used 4897K, capacity 5036K, committed 5120K, reserved 1048576K
}
Event: 10.979 GC heap before
{Heap before GC invocations=13 (full 3):
 PSYoungGen      total 109568K, used 10722K [0x00000000eb500000, 0x00000000f4e00000, 0x0000000100000000)
  eden space 98816K, 0% used [0x00000000eb500000,0x00000000eb500000,0x00000000f1580000)
  from space 10752K, 99% used [0x00000000f4380000,0x00000000f4df89c8,0x00000000f4e00000)
  to   space 10752K, 0% used [0x00000000f1580000,0x00000000f1580000,0x00000000f2000000)
 ParOldGen       total 58880K, used 58603K [0x00000000c1e00000, 0x00000000c5780000, 0x00000000eb500000)
  object space 58880K, 99% used [0x00000000c1e00000,0x00000000c573ae90,0x00000000c5780000)
 Metaspace       used 37082K, capacity 37622K, committed 38104K, reserved 1083392K
  class space    used 4897K, capacity 5036K, committed 5120K, reserved 1048576K
Event: 11.707 GC heap after
Heap after GC invocations=13 (full 3):
 PSYoungGen      total 109568K, used 9977K [0x00000000eb500000, 0x00000000f4e00000, 0x0000000100000000)
  eden space 98816K, 0% used [0x00000000eb500000,0x00000000eb500000,0x00000000f1580000)
  from space 10752K, 92% used [0x00000000f4380000,0x00000000f4d3e678,0x00000000f4e00000)
  to   space 10752K, 0% used [0x00000000f1580000,0x00000000f1580000,0x00000000f2000000)
 ParOldGen       total 58880K, used 58595K [0x00000000c1e00000, 0x00000000c5780000, 0x00000000eb500000)
  object space 58880K, 99% used [0x00000000c1e00000,0x00000000c5738d98,0x00000000c5780000)
 Metaspace       used 37082K, capacity 37622K, committed 38104K, reserved 1083392K
  class space    used 4897K, capacity 5036K, committed 5120K, reserved 1048576K
}
Event: 12.328 GC heap before
{Heap before GC invocations=14 (full 4):
 PSYoungGen      total 109568K, used 108793K [0x00000000eb500000, 0x00000000f4e00000, 0x0000000100000000)
  eden space 98816K, 100% used [0x00000000eb500000,0x00000000f1580000,0x00000000f1580000)
  from space 10752K, 92% used [0x00000000f4380000,0x00000000f4d3e678,0x00000000f4e00000)
  to   space 10752K, 0% used [0x00000000f1580000,0x00000000f1580000,0x00000000f2000000)
 ParOldGen       total 58880K, used 58595K [0x00000000c1e00000, 0x00000000c5780000, 0x00000000eb500000)
  object space 58880K, 99% used [0x00000000c1e00000,0x00000000c5738d98,0x00000000c5780000)
 Metaspace       used 37145K, capacity 37686K, committed 38104K, reserved 1083392K
  class space    used 4902K, capacity 5036K, committed 5120K, reserved 1048576K
Event: 12.775 GC heap after
Heap after GC invocations=14 (full 4):
 PSYoungGen      total 109568K, used 37770K [0x00000000eb500000, 0x00000000f4e00000, 0x0000000100000000)
  eden space 98816K, 38% used [0x00000000eb500000,0x00000000ed9e2a10,0x00000000f1580000)
  from space 10752K, 0% used [0x00000000f4380000,0x00000000f4380000,0x00000000f4e00000)
  to   space 10752K, 0% used [0x00000000f1580000,0x00000000f1580000,0x00000000f2000000)
 ParOldGen       total 58880K, used 58735K [0x00000000c1e00000, 0x00000000c5780000, 0x00000000eb500000)
  object space 58880K, 99% used [0x00000000c1e00000,0x00000000c575be08,0x00000000c5780000)
 Metaspace       used 37145K, capacity 37686K, committed 38104K, reserved 1083392K
  class space    used 4902K, capacity 5036K, committed 5120K, reserved 1048576K
}

Deoptimization events (10 events):
Event: 12.888 Thread 0x00000000185bb800 Uncommon trap: reason=bimorphic action=maybe_recompile pc=0x00000000027785f8 method=java.util.HashMap.putVal(ILjava/lang/Object;Ljava/lang/Object;ZZ)Ljava/lang/Object; @ 253
Event: 12.888 Thread 0x00000000185bb800 Uncommon trap: reason=bimorphic action=maybe_recompile pc=0x00000000027785f8 method=java.util.HashMap.putVal(ILjava/lang/Object;Ljava/lang/Object;ZZ)Ljava/lang/Object; @ 253
Event: 12.889 Thread 0x00000000185bb800 Uncommon trap: reason=bimorphic action=maybe_recompile pc=0x00000000027785f8 method=java.util.HashMap.putVal(ILjava/lang/Object;Ljava/lang/Object;ZZ)Ljava/lang/Object; @ 253
Event: 13.080 Thread 0x00000000185bb800 Uncommon trap: reason=unstable_if action=reinterpret pc=0x0000000002b3d02c method=sun.nio.cs.UnicodeDecoder.decodeLoop(Ljava/nio/ByteBuffer;Ljava/nio/CharBuffer;)Ljava/nio/charset/CoderResult; @ 55
Event: 13.080 Thread 0x00000000185bb800 Uncommon trap: reason=class_check action=maybe_recompile pc=0x0000000002c0c16c method=com.sun.org.apache.xerces.internal.impl.XMLDocumentFragmentScannerImpl$FragmentContentDriver.next()I @ 1410
Event: 13.083 Thread 0x00000000185bb800 Uncommon trap: reason=class_check action=maybe_recompile pc=0x0000000002762a0c method=java.lang.Character.codePointAt(Ljava/lang/CharSequence;I)I @ 2
Event: 13.083 Thread 0x00000000185bb800 Uncommon trap: reason=class_check action=maybe_recompile pc=0x0000000002762a0c method=java.lang.Character.codePointAt(Ljava/lang/CharSequence;I)I @ 2
Event: 13.083 Thread 0x00000000185bb800 Uncommon trap: reason=class_check action=maybe_recompile pc=0x0000000002762a0c method=java.lang.Character.codePointAt(Ljava/lang/CharSequence;I)I @ 2
Event: 13.083 Thread 0x00000000185bb800 Uncommon trap: reason=class_check action=maybe_recompile pc=0x0000000002762a0c method=java.lang.Character.codePointAt(Ljava/lang/CharSequence;I)I @ 2
Event: 13.083 Thread 0x00000000185bb800 Uncommon trap: reason=class_check action=maybe_recompile pc=0x0000000002c89f9c method=java.lang.Character.codePointAt(Ljava/lang/CharSequence;I)I @ 2

Classes redefined (0 events):
No events

Internal exceptions (10 events):
Event: 9.891 Thread 0x00000000185bb800 Exception <a 'java/lang/ClassNotFoundException': org/apache/log4j/WriterAppenderCustomizer> (0x00000000ecaae9c0) thrown at [C:\re\workspace\8-2-build-windows-amd64-cygwin\jdk8u181\11358\hotspot\src\share\vm\classfile\systemDictionary.cpp, line 210]
Event: 9.893 Thread 0x00000000185bb800 Exception <a 'java/lang/ClassNotFoundException': org/apache/log4j/FileAppenderCustomizer> (0x00000000ecacbe70) thrown at [C:\re\workspace\8-2-build-windows-amd64-cygwin\jdk8u181\11358\hotspot\src\share\vm\classfile\systemDictionary.cpp, line 210]
Event: 9.971 Thread 0x00000000185bb800 Exception <a 'java/lang/ClassNotFoundException': org/apache/log4j/PatternLayoutBeanInfo> (0x00000000eb6b9eb8) thrown at [C:\re\workspace\8-2-build-windows-amd64-cygwin\jdk8u181\11358\hotspot\src\share\vm\classfile\systemDictionary.cpp, line 210]
Event: 9.971 Thread 0x00000000185bb800 Exception <a 'java/lang/ClassNotFoundException': org/apache/log4j/LayoutBeanInfo> (0x00000000eb6c90b8) thrown at [C:\re\workspace\8-2-build-windows-amd64-cygwin\jdk8u181\11358\hotspot\src\share\vm\classfile\systemDictionary.cpp, line 210]
Event: 9.972 Thread 0x00000000185bb800 Exception <a 'java/lang/ClassNotFoundException': org/apache/log4j/LayoutCustomizer> (0x00000000eb6d8698) thrown at [C:\re\workspace\8-2-build-windows-amd64-cygwin\jdk8u181\11358\hotspot\src\share\vm\classfile\systemDictionary.cpp, line 210]
Event: 9.973 Thread 0x00000000185bb800 Exception <a 'java/lang/ClassNotFoundException': org/apache/log4j/PatternLayoutCustomizer> (0x00000000eb6ee010) thrown at [C:\re\workspace\8-2-build-windows-amd64-cygwin\jdk8u181\11358\hotspot\src\share\vm\classfile\systemDictionary.cpp, line 210]
Event: 9.976 Thread 0x00000000185bb800 Exception <a 'java/lang/ClassNotFoundException': org/apache/log4j/ConsoleAppenderBeanInfo> (0x00000000eb7062a0) thrown at [C:\re\workspace\8-2-build-windows-amd64-cygwin\jdk8u181\11358\hotspot\src\share\vm\classfile\systemDictionary.cpp, line 210]
Event: 9.977 Thread 0x00000000185bb800 Exception <a 'java/lang/ClassNotFoundException': org/apache/log4j/ConsoleAppenderCustomizer> (0x00000000eb717650) thrown at [C:\re\workspace\8-2-build-windows-amd64-cygwin\jdk8u181\11358\hotspot\src\share\vm\classfile\systemDictionary.cpp, line 210]
Event: 9.985 Thread 0x00000000185bb800 Exception <a 'java/lang/ClassNotFoundException': com/sun/org/glassfish/hk2/osgiresourcelocator/ServiceLoader> (0x00000000eb749588) thrown at [C:\re\workspace\8-2-build-windows-amd64-cygwin\jdk8u181\11358\hotspot\src\share\vm\classfile\systemDictionary.cpp
Event: 9.990 Thread 0x00000000185bb800 Exception <a 'java/lang/NullPointerException'> (0x00000000eb75c490) thrown at [C:\re\workspace\8-2-build-windows-amd64-cygwin\jdk8u181\11358\hotspot\src\share\vm\interpreter\linkResolver.cpp, line 1287]

Events (10 events):
Event: 13.083 Thread 0x00000000185bb800 DEOPT UNPACKING pc=0x00000000025b583b sp=0x0000000019fce998 mode 2
Event: 13.083 Thread 0x00000000185bb800 Uncommon trap: trap_request=0xffffffde fr.pc=0x0000000002762a0c
Event: 13.083 Thread 0x00000000185bb800 DEOPT PACKING pc=0x0000000002762a0c sp=0x0000000019fcea40
Event: 13.083 Thread 0x00000000185bb800 DEOPT UNPACKING pc=0x00000000025b583b sp=0x0000000019fce998 mode 2
Event: 13.083 Thread 0x00000000185bb800 Uncommon trap: trap_request=0xffffffde fr.pc=0x0000000002762a0c
Event: 13.083 Thread 0x00000000185bb800 DEOPT PACKING pc=0x0000000002762a0c sp=0x0000000019fcea40
Event: 13.083 Thread 0x00000000185bb800 DEOPT UNPACKING pc=0x00000000025b583b sp=0x0000000019fce998 mode 2
Event: 13.083 Thread 0x00000000185bb800 Uncommon trap: trap_request=0xffffffde fr.pc=0x0000000002c89f9c
Event: 13.083 Thread 0x00000000185bb800 DEOPT PACKING pc=0x0000000002c89f9c sp=0x0000000019fcea00
Event: 13.083 Thread 0x00000000185bb800 DEOPT UNPACKING pc=0x00000000025b583b sp=0x0000000019fce9a0 mode 2


Dynamic libraries:
0x00007ff66e0e0000 - 0x00007ff66e117000 	C:\Program Files\Java\jdk1.8.0_181\bin\java.exe
0x00007ffc99d10000 - 0x00007ffc99ef1000 	C:\WINDOWS\SYSTEM32\ntdll.dll
0x00007ffc7b590000 - 0x00007ffc7b5a4000 	C:\Program Files\AVAST Software\Avast\x64\aswhooka.dll
0x00007ffc97b00000 - 0x00007ffc97bb2000 	C:\WINDOWS\System32\KERNEL32.DLL
0x00007ffc96130000 - 0x00007ffc963a3000 	C:\WINDOWS\System32\KERNELBASE.dll
0x00007ffc97650000 - 0x00007ffc976f1000 	C:\WINDOWS\System32\ADVAPI32.dll
0x00007ffc98310000 - 0x00007ffc983ae000 	C:\WINDOWS\System32\msvcrt.dll
0x00007ffc971a0000 - 0x00007ffc971fb000 	C:\WINDOWS\System32\sechost.dll
0x00007ffc97700000 - 0x00007ffc97824000 	C:\WINDOWS\System32\RPCRT4.dll
0x00007ffc99880000 - 0x00007ffc99a10000 	C:\WINDOWS\System32\USER32.dll
0x00007ffc964b0000 - 0x00007ffc964d0000 	C:\WINDOWS\System32\win32u.dll
0x00007ffc98070000 - 0x00007ffc98098000 	C:\WINDOWS\System32\GDI32.dll
0x00007ffc96f00000 - 0x00007ffc97092000 	C:\WINDOWS\System32\gdi32full.dll
0x00007ffc97100000 - 0x00007ffc9719f000 	C:\WINDOWS\System32\msvcp_win.dll
0x00007ffc963b0000 - 0x00007ffc964aa000 	C:\WINDOWS\System32\ucrtbase.dll
0x00007ffc7db60000 - 0x00007ffc7ddc9000 	C:\WINDOWS\WinSxS\amd64_microsoft.windows.common-controls_6595b64144ccf1df_6.0.17134.345_none_fb429a5930656358\COMCTL32.dll
0x00007ffc97d40000 - 0x00007ffc98063000 	C:\WINDOWS\System32\combase.dll
0x00007ffc96770000 - 0x00007ffc967ea000 	C:\WINDOWS\System32\bcryptPrimitives.dll
0x00007ffc98410000 - 0x00007ffc9843d000 	C:\WINDOWS\System32\IMM32.DLL
0x00000000741b0000 - 0x0000000074282000 	C:\Program Files\Java\jdk1.8.0_181\jre\bin\msvcr100.dll
0x00000000733a0000 - 0x0000000073c42000 	C:\Program Files\Java\jdk1.8.0_181\jre\bin\server\jvm.dll
0x00007ffc99b00000 - 0x00007ffc99b08000 	C:\WINDOWS\System32\PSAPI.DLL
0x00007ffc82760000 - 0x00007ffc82769000 	C:\WINDOWS\SYSTEM32\WSOCK32.dll
0x00007ffc99c70000 - 0x00007ffc99cdc000 	C:\WINDOWS\System32\WS2_32.dll
0x00007ffc93ea0000 - 0x00007ffc93ec3000 	C:\WINDOWS\SYSTEM32\WINMM.dll
0x00007ffc82af0000 - 0x00007ffc82afa000 	C:\WINDOWS\SYSTEM32\VERSION.dll
0x00007ffc93e40000 - 0x00007ffc93e6a000 	C:\WINDOWS\SYSTEM32\WINMMBASE.dll
0x00007ffc960e0000 - 0x00007ffc96129000 	C:\WINDOWS\System32\cfgmgr32.dll
0x0000000074160000 - 0x000000007416f000 	C:\Program Files\Java\jdk1.8.0_181\jre\bin\verify.dll
0x0000000074130000 - 0x0000000074159000 	C:\Program Files\Java\jdk1.8.0_181\jre\bin\java.dll
0x0000000074110000 - 0x0000000074126000 	C:\Program Files\Java\jdk1.8.0_181\jre\bin\zip.dll
0x00007ffc98440000 - 0x00007ffc9987f000 	C:\WINDOWS\System32\SHELL32.dll
0x00007ffc97bc0000 - 0x00007ffc97c69000 	C:\WINDOWS\System32\shcore.dll
0x00007ffc967f0000 - 0x00007ffc96efd000 	C:\WINDOWS\System32\windows.storage.dll
0x00007ffc982b0000 - 0x00007ffc98301000 	C:\WINDOWS\System32\shlwapi.dll
0x00007ffc960a0000 - 0x00007ffc960b1000 	C:\WINDOWS\System32\kernel.appcore.dll
0x00007ffc960c0000 - 0x00007ffc960df000 	C:\WINDOWS\System32\profapi.dll
0x00007ffc96050000 - 0x00007ffc9609c000 	C:\WINDOWS\System32\powrprof.dll
0x00007ffc96020000 - 0x00007ffc9602a000 	C:\WINDOWS\System32\FLTLIB.DLL
0x00000000740f0000 - 0x000000007410a000 	C:\Program Files\Java\jdk1.8.0_181\jre\bin\net.dll
0x00007ffc958a0000 - 0x00007ffc95906000 	C:\WINDOWS\system32\mswsock.dll
0x00007ffc95620000 - 0x00007ffc95658000 	C:\WINDOWS\SYSTEM32\IPHLPAPI.DLL
0x00007ffc98240000 - 0x00007ffc98248000 	C:\WINDOWS\System32\NSI.dll
0x00007ffc8bda0000 - 0x00007ffc8bdb6000 	C:\WINDOWS\SYSTEM32\dhcpcsvc6.DLL
0x00007ffc8c300000 - 0x00007ffc8c31a000 	C:\WINDOWS\SYSTEM32\dhcpcsvc.DLL
0x0000000073200000 - 0x0000000073399000 	C:\Program Files\Java\jdk1.8.0_181\jre\bin\awt.dll
0x00007ffc97c70000 - 0x00007ffc97d32000 	C:\WINDOWS\System32\OLEAUT32.dll
0x00007ffc93f90000 - 0x00007ffc9401b000 	C:\WINDOWS\SYSTEM32\apphelp.dll
0x00007ffc94450000 - 0x00007ffc94479000 	C:\WINDOWS\system32\DWMAPI.DLL
0x00007ffc94140000 - 0x00007ffc941d8000 	C:\WINDOWS\system32\uxtheme.dll
0x00007ffc711f0000 - 0x00007ffc71310000 	C:\WINDOWS\system32\opengl32.dll
0x00007ffc88e70000 - 0x00007ffc88e9c000 	C:\WINDOWS\SYSTEM32\GLU32.dll
0x00007ffc97980000 - 0x00007ffc97af4000 	C:\WINDOWS\System32\MSCTF.dll
0x00007ffc99b10000 - 0x00007ffc99c61000 	C:\WINDOWS\System32\ole32.dll
0x00007ffc669f0000 - 0x00007ffc66a06000 	C:\WINDOWS\system32\napinsp.dll
0x00007ffc669d0000 - 0x00007ffc669ea000 	C:\WINDOWS\system32\pnrpnsp.dll
0x00007ffc92520000 - 0x00007ffc92539000 	C:\WINDOWS\system32\NLAapi.dll
0x00007ffc95670000 - 0x00007ffc9572e000 	C:\WINDOWS\SYSTEM32\DNSAPI.dll
0x00007ffc7ab80000 - 0x00007ffc7ab8e000 	C:\WINDOWS\System32\winrnr.dll
0x00007ffc8c540000 - 0x00007ffc8c555000 	C:\WINDOWS\System32\wshbth.dll
0x00007ffc86370000 - 0x00007ffc8637a000 	C:\Windows\System32\rasadhlp.dll
0x00007ffc86cd0000 - 0x00007ffc86d42000 	C:\WINDOWS\System32\fwpuclnt.dll
0x00007ffc95b80000 - 0x00007ffc95ba5000 	C:\WINDOWS\SYSTEM32\bcrypt.dll
0x00000000731d0000 - 0x00000000731f4000 	C:\Program Files\Java\jdk1.8.0_181\jre\bin\sunec.dll
0x0000000074080000 - 0x00000000740c7000 	C:\Program Files\Java\jdk1.8.0_181\jre\bin\fontmanager.dll
0x00007ffc97830000 - 0x00007ffc978d0000 	C:\WINDOWS\System32\clbcatq.dll
0x00007ffc91c60000 - 0x00007ffc91e0e000 	C:\WINDOWS\SYSTEM32\WindowsCodecs.dll
0x00007ffc77710000 - 0x00007ffc77768000 	C:\WINDOWS\system32\dataexchange.dll
0x00007ffc92d00000 - 0x00007ffc9300b000 	C:\WINDOWS\system32\d3d11.dll
0x00007ffc93630000 - 0x00007ffc937cc000 	C:\WINDOWS\system32\dcomp.dll
0x00007ffc94de0000 - 0x00007ffc94e9b000 	C:\WINDOWS\system32\dxgi.dll
0x00007ffc94480000 - 0x00007ffc94638000 	C:\WINDOWS\system32\twinapi.appcore.dll
0x00007ffc943a0000 - 0x00007ffc943c1000 	C:\WINDOWS\system32\RMCLIENT.dll
0x00000000740d0000 - 0x00000000740e1000 	C:\Program Files\Java\jdk1.8.0_181\jre\bin\nio.dll
0x0000000074030000 - 0x0000000074072000 	C:\Program Files\Java\jdk1.8.0_181\jre\bin\t2k.dll
0x00007ffc95a50000 - 0x00007ffc95a67000 	C:\WINDOWS\SYSTEM32\CRYPTSP.dll
0x00007ffc95480000 - 0x00007ffc954b3000 	C:\WINDOWS\system32\rsaenh.dll
0x00007ffc95f20000 - 0x00007ffc95f48000 	C:\WINDOWS\SYSTEM32\USERENV.dll
0x00007ffc95a70000 - 0x00007ffc95a7b000 	C:\WINDOWS\SYSTEM32\CRYPTBASE.dll
0x0000000073190000 - 0x00000000731c1000 	C:\Program Files\Java\jdk1.8.0_181\jre\bin\jpeg.dll
0x00007ffc8b3e0000 - 0x00007ffc8b477000 	C:\WINDOWS\System32\TextInputFramework.dll
0x00007ffc91720000 - 0x00007ffc91a3e000 	C:\WINDOWS\System32\CoreUIComponents.dll
0x00007ffc93930000 - 0x00007ffc93a0a000 	C:\WINDOWS\System32\CoreMessaging.dll
0x00007ffc95110000 - 0x00007ffc95141000 	C:\WINDOWS\SYSTEM32\ntmarta.dll
0x00007ffc91e20000 - 0x00007ffc91f6d000 	C:\WINDOWS\SYSTEM32\wintypes.dll
0x0000000073180000 - 0x000000007318b000 	C:\Program Files\Java\jdk1.8.0_181\jre\bin\sunmscapi.dll
0x00007ffc96580000 - 0x00007ffc96762000 	C:\WINDOWS\System32\CRYPT32.dll
0x00007ffc96030000 - 0x00007ffc96042000 	C:\WINDOWS\System32\MSASN1.dll
0x0000000073170000 - 0x000000007317c000 	C:\Program Files\Java\jdk1.8.0_181\jre\bin\jsound.dll
0x0000000073160000 - 0x000000007316b000 	C:\Program Files\Java\jdk1.8.0_181\jre\bin\jsoundds.dll
0x00007ffc820e0000 - 0x00007ffc8216f000 	C:\WINDOWS\SYSTEM32\DSOUND.dll
0x00007ffc88850000 - 0x00007ffc888c6000 	C:\WINDOWS\SYSTEM32\MMDevAPI.DLL
0x00007ffc95e30000 - 0x00007ffc95e57000 	C:\WINDOWS\SYSTEM32\DEVOBJ.dll
0x00007ffc926e0000 - 0x00007ffc92894000 	C:\WINDOWS\SYSTEM32\PROPSYS.dll
0x00007ffc88ea0000 - 0x00007ffc88ee4000 	C:\WINDOWS\SYSTEM32\wdmaud.drv
0x00007ffc92590000 - 0x00007ffc92599000 	C:\WINDOWS\SYSTEM32\ksuser.dll
0x00007ffc91b90000 - 0x00007ffc91b9a000 	C:\WINDOWS\SYSTEM32\AVRT.dll
0x00007ffc85d60000 - 0x00007ffc85e8c000 	C:\WINDOWS\SYSTEM32\AUDIOSES.DLL
0x00007ffc91aa0000 - 0x00007ffc91aad000 	C:\WINDOWS\SYSTEM32\msacm32.drv
0x00007ffc89f60000 - 0x00007ffc89f7c000 	C:\WINDOWS\SYSTEM32\MSACM32.dll
0x00007ffc8c240000 - 0x00007ffc8c24a000 	C:\WINDOWS\SYSTEM32\midimap.dll

VM Arguments:
java_command: jade.Boot -gui -agents GeradorVoz:Agentes.GeradorVoz;GeradorLN:Agentes.GeradorLN;Gerenciador:Agentes.Gerenciador;Semantizador:Agentes.Semantizador;ReconhecedorVoz:Agentes.ReconhecedorVoz;SimuladorCasa:Agentes.SimuladorCasa;
java_class_path (initial): C:\Users\Lidera Consultoria\Documents\NetBeansProjects\TCC\target\classes;C:\Users\Lidera Consultoria\.m2\repository\org\cogroo\lang\pt_br\cogroo-gc-pt_br\4.2.0\cogroo-gc-pt_br-4.2.0.jar;C:\Users\Lidera Consultoria\.m2\repository\org\cogroo\cogroo-gc\4.2.0\cogroo-gc-4.2.0.jar;C:\Users\Lidera Consultoria\.m2\repository\org\cogroo\lang\pt_br\cogroo-ann-pt_br\4.2.0\cogroo-ann-pt_br-4.2.0.jar;C:\Users\Lidera Consultoria\.m2\repository\org\cogroo\cogroo-ann\4.2.0\cogroo-ann-4.2.0.jar;C:\Users\Lidera Consultoria\.m2\repository\org\cogroo\cogroo-nlp\4.2.0\cogroo-nlp-4.2.0.jar;C:\Users\Lidera Consultoria\.m2\repository\org\apache\opennlp\opennlp-tools\1.7.2\opennlp-tools-1.7.2.jar;C:\Users\Lidera Consultoria\.m2\repository\javax\xml\bind\jaxb-api\2.2.5\jaxb-api-2.2.5.jar;C:\Users\Lidera Consultoria\.m2\repository\org\carrot2\morfologik-fsa\1.5.3\morfologik-fsa-1.5.3.jar;C:\Users\Lidera Consultoria\.m2\repository\com\carrotsearch\hppc\0.4.1\hppc-0.4.1.jar;C:\Users\Lidera Consultoria\.m2\repository\org\carrot2\morfologik-stemming\1.5.2\morfologik-stemming-1.5.2.jar;C:\Users\Lidera Consultoria\.m2\repository\org\carrot2\morfologik-tools\1.5.2\morfologik-tools-1.5.2.jar;C:\Users\Lidera Consultoria\.m2\repository\org\carrot2\morfologik-polish\1.5.2\morfologik-polish-1.5.2.jar;C:\Users\Lidera Consultoria\.m2\repository\commons-lang\commons-lang\2.6\commons-lang-2.6.jar;C:\Users\Lidera Consultoria\.m2\repository\log4j\log4j\1.2.17\log4j-1.2.17.jar;C:\Users\Lidera Consultoria\.m2\repository\org\cogroo\lang\pt_br\cogroo-res-pt_br\4.2.0\cogroo-res-pt_br-4.2.0.jar;C:\Users\Lidera Consultoria\.m2\repository\Ab\com.google\0.0.4.3\com.google-0.0.4.3.jar;C:\Users\Lidera Consultoria\.m2\repository\com\tilab\jade\jade\4.5.0\jade-4.5.0.jar;C:\Users\Lidera Consultoria\.m2\repository\commons-codec\commons-codec\1.3\commons-codec-1.3.jar;C:\Users\Lidera Consultoria\.m2\repository\net\sourceforge\owlapi\owlapi-api\5.1.7\owlapi-api-5.1.7.jar;C:\Users\Lidera Consultori
Launcher Type: SUN_STANDARD

Environment Variables:
JAVA_HOME=C:\Program Files\Java\jdk1.8.0_181
PATH=C:\SIMULIA\Commands;C:\Program Files (x86)\Intel\Intel(R) Management Engine Components\iCLS\;C:\Program Files\Intel\Intel(R) Management Engine Components\iCLS\;C:\Program Files (x86)\Common Files\Oracle\Java\javapath;C:\Program Files\Microsoft MPI\Bin\;C:\ProgramData\Oracle\Java\javapath;C:\WINDOWS\system32;C:\WINDOWS;C:\WINDOWS\System32\Wbem;C:\WINDOWS\System32\WindowsPowerShell\v1.0\;C:\Program Files\dotnet\;C:\Program Files\Microsoft SQL Server\130\Tools\Binn\;C:\WINDOWS\System32\OpenSSH\;C:\Program Files (x86)\Intel\Intel(R) Management Engine Components\DAL;C:\Program Files\Intel\Intel(R) Management Engine Components\DAL;C:\Program Files (x86)\Intel\Intel(R) Management Engine Components\IPT;C:\Program Files\Intel\Intel(R) Management Engine Components\IPT;C:\Program Files\Intel\WiFi\bin\;C:\Program Files\Common Files\Intel\WirelessCommon\;C:\Users\Lidera Consultoria\AppData\Local\Microsoft\WindowsApps;;C:\Program Files\Microsoft VS Code\bin;C:\Program Files\Intel\WiFi\bin\;C:\Program Files\Common Files\Intel\WirelessCommon\
USERNAME=Lidera Consultoria
OS=Windows_NT
PROCESSOR_IDENTIFIER=Intel64 Family 6 Model 78 Stepping 3, GenuineIntel



---------------  S Y S T E M  ---------------

OS: Windows 10.0 , 64 bit Build 17134 (10.0.17134.1)

CPU:total 4 (initial active 4) (2 cores per cpu, 2 threads per core) family 6 model 78 stepping 3, cmov, cx8, fxsr, mmx, sse, sse2, sse3, ssse3, sse4.1, sse4.2, popcnt, avx, avx2, aes, clmul, erms, 3dnowpref, lzcnt, ht, tsc, tscinvbit, bmi1, bmi2, adx

Memory: 4k page, physical 4066020k(263264k free), swap 4066020k(5192k free)

vm_info: Java HotSpot(TM) 64-Bit Server VM (25.181-b13) for windows-amd64 JRE (1.8.0_181-b13), built on Jul  7 2018 04:01:33 by "java_re" with MS VC++ 10.0 (VS2010)

time: Thu Oct 25 17:36:57 2018
elapsed time: 13 seconds (0d 0h 0m 13s)

